{"op_code":0,"worker_id":"9db0656b-acfc-4c91-969b-b2a70af2d5cb-140322209699648","study_name":"maml_CNNLSTMMLP_2fcv_hpo","directions":[2]}
{"op_code":4,"worker_id":"9db0656b-acfc-4c91-969b-b2a70af2d5cb-140322209699648","study_id":0,"datetime_start":"2026-02-18T15:02:51.520140"}
{"op_code":5,"worker_id":"9db0656b-acfc-4c91-969b-b2a70af2d5cb-140322209699648","trial_id":0,"param_name":"dropout","param_value_internal":1,"distribution":"{\"name\": \"CategoricalDistribution\", \"attributes\": {\"choices\": [0.0, 0.1, 0.25]}}"}
{"op_code":5,"worker_id":"9db0656b-acfc-4c91-969b-b2a70af2d5cb-140322209699648","trial_id":0,"param_name":"num_experts","param_value_internal":10.0,"distribution":"{\"name\": \"IntDistribution\", \"attributes\": {\"log\": false, \"step\": 1, \"low\": 2, \"high\": 10}}"}
{"op_code":5,"worker_id":"9db0656b-acfc-4c91-969b-b2a70af2d5cb-140322209699648","trial_id":0,"param_name":"use_shared_expert","param_value_internal":1,"distribution":"{\"name\": \"CategoricalDistribution\", \"attributes\": {\"choices\": [true, false]}}"}
{"op_code":5,"worker_id":"9db0656b-acfc-4c91-969b-b2a70af2d5cb-140322209699648","trial_id":0,"param_name":"expert_architecture","param_value_internal":0,"distribution":"{\"name\": \"CategoricalDistribution\", \"attributes\": {\"choices\": [\"MLP\", \"linear\", \"cosine\"]}}"}
{"op_code":5,"worker_id":"9db0656b-acfc-4c91-969b-b2a70af2d5cb-140322209699648","trial_id":0,"param_name":"top_k","param_value_internal":1,"distribution":"{\"name\": \"CategoricalDistribution\", \"attributes\": {\"choices\": [null, 1, 2, 3]}}"}
{"op_code":5,"worker_id":"9db0656b-acfc-4c91-969b-b2a70af2d5cb-140322209699648","trial_id":0,"param_name":"gate_type","param_value_internal":4,"distribution":"{\"name\": \"CategoricalDistribution\", \"attributes\": {\"choices\": [\"context_only\", \"feature_only\", \"demographic_only\", \"context_feature\", \"context_feature_demo\"]}}"}
{"op_code":5,"worker_id":"9db0656b-acfc-4c91-969b-b2a70af2d5cb-140322209699648","trial_id":0,"param_name":"groupnorm_num_groups","param_value_internal":0,"distribution":"{\"name\": \"CategoricalDistribution\", \"attributes\": {\"choices\": [4, 8]}}"}
{"op_code":5,"worker_id":"9db0656b-acfc-4c91-969b-b2a70af2d5cb-140322209699648","trial_id":0,"param_name":"emg_emb_dim","param_value_internal":4,"distribution":"{\"name\": \"CategoricalDistribution\", \"attributes\": {\"choices\": [16, 32, 64, 96, 128, 256]}}"}
{"op_code":5,"worker_id":"9db0656b-acfc-4c91-969b-b2a70af2d5cb-140322209699648","trial_id":0,"param_name":"imu_emb_dim","param_value_internal":2,"distribution":"{\"name\": \"CategoricalDistribution\", \"attributes\": {\"choices\": [16, 32, 64, 96, 128, 256]}}"}
{"op_code":5,"worker_id":"9db0656b-acfc-4c91-969b-b2a70af2d5cb-140322209699648","trial_id":0,"param_name":"cnn_kernel_size","param_value_internal":2,"distribution":"{\"name\": \"CategoricalDistribution\", \"attributes\": {\"choices\": [3, 5, 7]}}"}
{"op_code":5,"worker_id":"9db0656b-acfc-4c91-969b-b2a70af2d5cb-140322209699648","trial_id":0,"param_name":"imu_cnn_layers","param_value_internal":2,"distribution":"{\"name\": \"CategoricalDistribution\", \"attributes\": {\"choices\": [1, 2, 3]}}"}
{"op_code":5,"worker_id":"9db0656b-acfc-4c91-969b-b2a70af2d5cb-140322209699648","trial_id":0,"param_name":"emg_cnn_layers","param_value_internal":2,"distribution":"{\"name\": \"CategoricalDistribution\", \"attributes\": {\"choices\": [1, 2, 3]}}"}
{"op_code":5,"worker_id":"9db0656b-acfc-4c91-969b-b2a70af2d5cb-140322209699648","trial_id":0,"param_name":"use_film_x_demo","param_value_internal":1,"distribution":"{\"name\": \"CategoricalDistribution\", \"attributes\": {\"choices\": [true, false]}}"}
{"op_code":5,"worker_id":"9db0656b-acfc-4c91-969b-b2a70af2d5cb-140322209699648","trial_id":0,"param_name":"context_emb_dim","param_value_internal":2,"distribution":"{\"name\": \"CategoricalDistribution\", \"attributes\": {\"choices\": [4, 8, 12, 16]}}"}
{"op_code":5,"worker_id":"9db0656b-acfc-4c91-969b-b2a70af2d5cb-140322209699648","trial_id":0,"param_name":"context_pool_type","param_value_internal":0,"distribution":"{\"name\": \"CategoricalDistribution\", \"attributes\": {\"choices\": [\"mean\", \"attn\"]}}"}
{"op_code":5,"worker_id":"9db0656b-acfc-4c91-969b-b2a70af2d5cb-140322209699648","trial_id":0,"param_name":"demo_emb_dim","param_value_internal":0,"distribution":"{\"name\": \"CategoricalDistribution\", \"attributes\": {\"choices\": [4, 8, 16]}}"}
{"op_code":5,"worker_id":"9db0656b-acfc-4c91-969b-b2a70af2d5cb-140322209699648","trial_id":0,"param_name":"use_lstm","param_value_internal":0,"distribution":"{\"name\": \"CategoricalDistribution\", \"attributes\": {\"choices\": [true, false]}}"}
{"op_code":5,"worker_id":"9db0656b-acfc-4c91-969b-b2a70af2d5cb-140322209699648","trial_id":0,"param_name":"lstm_hidden","param_value_internal":1,"distribution":"{\"name\": \"CategoricalDistribution\", \"attributes\": {\"choices\": [32, 64, 128]}}"}
{"op_code":5,"worker_id":"9db0656b-acfc-4c91-969b-b2a70af2d5cb-140322209699648","trial_id":0,"param_name":"lstm_layers","param_value_internal":0,"distribution":"{\"name\": \"CategoricalDistribution\", \"attributes\": {\"choices\": [1, 2, 3]}}"}
{"op_code":5,"worker_id":"9db0656b-acfc-4c91-969b-b2a70af2d5cb-140322209699648","trial_id":0,"param_name":"use_GlobalAvgPooling","param_value_internal":0,"distribution":"{\"name\": \"CategoricalDistribution\", \"attributes\": {\"choices\": [true, false]}}"}
{"op_code":5,"worker_id":"9db0656b-acfc-4c91-969b-b2a70af2d5cb-140322209699648","trial_id":0,"param_name":"pre_wd","param_value_internal":4.882605016302258e-05,"distribution":"{\"name\": \"FloatDistribution\", \"attributes\": {\"step\": null, \"low\": 1e-06, \"high\": 0.001, \"log\": true}}"}
{"op_code":5,"worker_id":"9db0656b-acfc-4c91-969b-b2a70af2d5cb-140322209699648","trial_id":0,"param_name":"optimizer","param_value_internal":1,"distribution":"{\"name\": \"CategoricalDistribution\", \"attributes\": {\"choices\": [\"adamw\", \"adam\", \"sgd\"]}}"}
{"op_code":5,"worker_id":"9db0656b-acfc-4c91-969b-b2a70af2d5cb-140322209699648","trial_id":0,"param_name":"meta_batchsize","param_value_internal":2,"distribution":"{\"name\": \"CategoricalDistribution\", \"attributes\": {\"choices\": [4, 8, 16, 32, 64]}}"}
{"op_code":5,"worker_id":"9db0656b-acfc-4c91-969b-b2a70af2d5cb-140322209699648","trial_id":0,"param_name":"episodes_per_epoch_train","param_value_internal":1,"distribution":"{\"name\": \"CategoricalDistribution\", \"attributes\": {\"choices\": [250, 500, 1000]}}"}
{"op_code":5,"worker_id":"9db0656b-acfc-4c91-969b-b2a70af2d5cb-140322209699648","trial_id":0,"param_name":"maml_inner_steps","param_value_internal":3.0,"distribution":"{\"name\": \"IntDistribution\", \"attributes\": {\"log\": false, \"step\": 1, \"low\": 1, \"high\": 3}}"}
{"op_code":5,"worker_id":"9db0656b-acfc-4c91-969b-b2a70af2d5cb-140322209699648","trial_id":0,"param_name":"maml_opt_order","param_value_internal":0,"distribution":"{\"name\": \"CategoricalDistribution\", \"attributes\": {\"choices\": [\"first\", \"second\", \"hybrid\"]}}"}
{"op_code":5,"worker_id":"9db0656b-acfc-4c91-969b-b2a70af2d5cb-140322209699648","trial_id":0,"param_name":"pre_lr","param_value_internal":0.01961031837009436,"distribution":"{\"name\": \"FloatDistribution\", \"attributes\": {\"step\": null, \"low\": 1e-05, \"high\": 0.05, \"log\": false}}"}
{"op_code":5,"worker_id":"9db0656b-acfc-4c91-969b-b2a70af2d5cb-140322209699648","trial_id":0,"param_name":"maml_alpha_init","param_value_internal":0.009938425056245067,"distribution":"{\"name\": \"FloatDistribution\", \"attributes\": {\"step\": null, \"low\": 1e-05, \"high\": 0.05, \"log\": false}}"}
{"op_code":5,"worker_id":"9db0656b-acfc-4c91-969b-b2a70af2d5cb-140322209699648","trial_id":0,"param_name":"maml_alpha_init_eval","param_value_internal":0.04863652023653716,"distribution":"{\"name\": \"FloatDistribution\", \"attributes\": {\"step\": null, \"low\": 1e-05, \"high\": 0.05, \"log\": false}}"}
{"op_code":5,"worker_id":"9db0656b-acfc-4c91-969b-b2a70af2d5cb-140322209699648","trial_id":0,"param_name":"maml_inner_steps_eval","param_value_internal":0,"distribution":"{\"name\": \"CategoricalDistribution\", \"attributes\": {\"choices\": [3, 5, 10, 15, 20, 30]}}"}
{"op_code":6,"worker_id":"9db0656b-acfc-4c91-969b-b2a70af2d5cb-140322209699648","trial_id":0,"state":3,"values":null,"datetime_complete":"2026-02-18T15:05:53.224331"}
{"op_code":0,"worker_id":"8dcaa295-8683-408e-8593-3cafa514697a-139976976828224","study_name":"maml_CNNLSTMMLP_2fcv_hpo","directions":[2]}
{"op_code":4,"worker_id":"8dcaa295-8683-408e-8593-3cafa514697a-139976976828224","study_id":0,"datetime_start":"2026-02-18T15:12:49.924836"}
{"op_code":5,"worker_id":"8dcaa295-8683-408e-8593-3cafa514697a-139976976828224","trial_id":1,"param_name":"dropout","param_value_internal":1,"distribution":"{\"name\": \"CategoricalDistribution\", \"attributes\": {\"choices\": [0.0, 0.1, 0.25]}}"}
{"op_code":5,"worker_id":"8dcaa295-8683-408e-8593-3cafa514697a-139976976828224","trial_id":1,"param_name":"num_experts","param_value_internal":3.0,"distribution":"{\"name\": \"IntDistribution\", \"attributes\": {\"log\": false, \"step\": 1, \"low\": 2, \"high\": 10}}"}
{"op_code":5,"worker_id":"8dcaa295-8683-408e-8593-3cafa514697a-139976976828224","trial_id":1,"param_name":"use_shared_expert","param_value_internal":1,"distribution":"{\"name\": \"CategoricalDistribution\", \"attributes\": {\"choices\": [true, false]}}"}
{"op_code":5,"worker_id":"8dcaa295-8683-408e-8593-3cafa514697a-139976976828224","trial_id":1,"param_name":"expert_architecture","param_value_internal":1,"distribution":"{\"name\": \"CategoricalDistribution\", \"attributes\": {\"choices\": [\"MLP\", \"linear\", \"cosine\"]}}"}
{"op_code":5,"worker_id":"8dcaa295-8683-408e-8593-3cafa514697a-139976976828224","trial_id":1,"param_name":"top_k","param_value_internal":1,"distribution":"{\"name\": \"CategoricalDistribution\", \"attributes\": {\"choices\": [null, 1, 2, 3]}}"}
{"op_code":5,"worker_id":"8dcaa295-8683-408e-8593-3cafa514697a-139976976828224","trial_id":1,"param_name":"gate_type","param_value_internal":4,"distribution":"{\"name\": \"CategoricalDistribution\", \"attributes\": {\"choices\": [\"context_only\", \"feature_only\", \"demographic_only\", \"context_feature\", \"context_feature_demo\"]}}"}
{"op_code":5,"worker_id":"8dcaa295-8683-408e-8593-3cafa514697a-139976976828224","trial_id":1,"param_name":"groupnorm_num_groups","param_value_internal":0,"distribution":"{\"name\": \"CategoricalDistribution\", \"attributes\": {\"choices\": [4, 8]}}"}
{"op_code":5,"worker_id":"8dcaa295-8683-408e-8593-3cafa514697a-139976976828224","trial_id":1,"param_name":"emg_emb_dim","param_value_internal":0,"distribution":"{\"name\": \"CategoricalDistribution\", \"attributes\": {\"choices\": [16, 32, 64, 96, 128, 256]}}"}
{"op_code":5,"worker_id":"8dcaa295-8683-408e-8593-3cafa514697a-139976976828224","trial_id":1,"param_name":"imu_emb_dim","param_value_internal":4,"distribution":"{\"name\": \"CategoricalDistribution\", \"attributes\": {\"choices\": [16, 32, 64, 96, 128, 256]}}"}
{"op_code":5,"worker_id":"8dcaa295-8683-408e-8593-3cafa514697a-139976976828224","trial_id":1,"param_name":"cnn_kernel_size","param_value_internal":2,"distribution":"{\"name\": \"CategoricalDistribution\", \"attributes\": {\"choices\": [3, 5, 7]}}"}
{"op_code":5,"worker_id":"8dcaa295-8683-408e-8593-3cafa514697a-139976976828224","trial_id":1,"param_name":"imu_cnn_layers","param_value_internal":1,"distribution":"{\"name\": \"CategoricalDistribution\", \"attributes\": {\"choices\": [1, 2, 3]}}"}
{"op_code":5,"worker_id":"8dcaa295-8683-408e-8593-3cafa514697a-139976976828224","trial_id":1,"param_name":"emg_cnn_layers","param_value_internal":2,"distribution":"{\"name\": \"CategoricalDistribution\", \"attributes\": {\"choices\": [1, 2, 3]}}"}
{"op_code":5,"worker_id":"8dcaa295-8683-408e-8593-3cafa514697a-139976976828224","trial_id":1,"param_name":"use_film_x_demo","param_value_internal":1,"distribution":"{\"name\": \"CategoricalDistribution\", \"attributes\": {\"choices\": [true, false]}}"}
{"op_code":5,"worker_id":"8dcaa295-8683-408e-8593-3cafa514697a-139976976828224","trial_id":1,"param_name":"context_emb_dim","param_value_internal":0,"distribution":"{\"name\": \"CategoricalDistribution\", \"attributes\": {\"choices\": [4, 8, 12, 16]}}"}
{"op_code":5,"worker_id":"8dcaa295-8683-408e-8593-3cafa514697a-139976976828224","trial_id":1,"param_name":"context_pool_type","param_value_internal":1,"distribution":"{\"name\": \"CategoricalDistribution\", \"attributes\": {\"choices\": [\"mean\", \"attn\"]}}"}
{"op_code":5,"worker_id":"8dcaa295-8683-408e-8593-3cafa514697a-139976976828224","trial_id":1,"param_name":"demo_emb_dim","param_value_internal":1,"distribution":"{\"name\": \"CategoricalDistribution\", \"attributes\": {\"choices\": [4, 8, 16]}}"}
{"op_code":5,"worker_id":"8dcaa295-8683-408e-8593-3cafa514697a-139976976828224","trial_id":1,"param_name":"use_lstm","param_value_internal":0,"distribution":"{\"name\": \"CategoricalDistribution\", \"attributes\": {\"choices\": [true, false]}}"}
{"op_code":5,"worker_id":"8dcaa295-8683-408e-8593-3cafa514697a-139976976828224","trial_id":1,"param_name":"lstm_hidden","param_value_internal":1,"distribution":"{\"name\": \"CategoricalDistribution\", \"attributes\": {\"choices\": [32, 64, 128]}}"}
{"op_code":5,"worker_id":"8dcaa295-8683-408e-8593-3cafa514697a-139976976828224","trial_id":1,"param_name":"lstm_layers","param_value_internal":1,"distribution":"{\"name\": \"CategoricalDistribution\", \"attributes\": {\"choices\": [1, 2, 3]}}"}
{"op_code":5,"worker_id":"8dcaa295-8683-408e-8593-3cafa514697a-139976976828224","trial_id":1,"param_name":"use_GlobalAvgPooling","param_value_internal":0,"distribution":"{\"name\": \"CategoricalDistribution\", \"attributes\": {\"choices\": [true, false]}}"}
{"op_code":5,"worker_id":"8dcaa295-8683-408e-8593-3cafa514697a-139976976828224","trial_id":1,"param_name":"pre_wd","param_value_internal":0.0004179596135279562,"distribution":"{\"name\": \"FloatDistribution\", \"attributes\": {\"step\": null, \"low\": 1e-06, \"high\": 0.001, \"log\": true}}"}
{"op_code":5,"worker_id":"8dcaa295-8683-408e-8593-3cafa514697a-139976976828224","trial_id":1,"param_name":"optimizer","param_value_internal":1,"distribution":"{\"name\": \"CategoricalDistribution\", \"attributes\": {\"choices\": [\"adamw\", \"adam\", \"sgd\"]}}"}
{"op_code":5,"worker_id":"8dcaa295-8683-408e-8593-3cafa514697a-139976976828224","trial_id":1,"param_name":"meta_batchsize","param_value_internal":1,"distribution":"{\"name\": \"CategoricalDistribution\", \"attributes\": {\"choices\": [4, 8, 16, 32, 64]}}"}
{"op_code":5,"worker_id":"8dcaa295-8683-408e-8593-3cafa514697a-139976976828224","trial_id":1,"param_name":"episodes_per_epoch_train","param_value_internal":2,"distribution":"{\"name\": \"CategoricalDistribution\", \"attributes\": {\"choices\": [250, 500, 1000]}}"}
{"op_code":5,"worker_id":"8dcaa295-8683-408e-8593-3cafa514697a-139976976828224","trial_id":1,"param_name":"maml_inner_steps","param_value_internal":2.0,"distribution":"{\"name\": \"IntDistribution\", \"attributes\": {\"log\": false, \"step\": 1, \"low\": 1, \"high\": 3}}"}
{"op_code":5,"worker_id":"8dcaa295-8683-408e-8593-3cafa514697a-139976976828224","trial_id":1,"param_name":"maml_opt_order","param_value_internal":2,"distribution":"{\"name\": \"CategoricalDistribution\", \"attributes\": {\"choices\": [\"first\", \"second\", \"hybrid\"]}}"}
{"op_code":5,"worker_id":"8dcaa295-8683-408e-8593-3cafa514697a-139976976828224","trial_id":1,"param_name":"maml_first_order_to_second_order_epoch","param_value_internal":19.0,"distribution":"{\"name\": \"IntDistribution\", \"attributes\": {\"log\": false, \"step\": 1, \"low\": 1, \"high\": 40}}"}
{"op_code":5,"worker_id":"8dcaa295-8683-408e-8593-3cafa514697a-139976976828224","trial_id":1,"param_name":"pre_lr","param_value_internal":0.0280924137816335,"distribution":"{\"name\": \"FloatDistribution\", \"attributes\": {\"step\": null, \"low\": 1e-05, \"high\": 0.05, \"log\": false}}"}
{"op_code":5,"worker_id":"8dcaa295-8683-408e-8593-3cafa514697a-139976976828224","trial_id":1,"param_name":"maml_alpha_init","param_value_internal":0.02735726593203358,"distribution":"{\"name\": \"FloatDistribution\", \"attributes\": {\"step\": null, \"low\": 1e-05, \"high\": 0.05, \"log\": false}}"}
{"op_code":5,"worker_id":"8dcaa295-8683-408e-8593-3cafa514697a-139976976828224","trial_id":1,"param_name":"maml_alpha_init_eval","param_value_internal":0.027160823107872135,"distribution":"{\"name\": \"FloatDistribution\", \"attributes\": {\"step\": null, \"low\": 1e-05, \"high\": 0.05, \"log\": false}}"}
{"op_code":5,"worker_id":"8dcaa295-8683-408e-8593-3cafa514697a-139976976828224","trial_id":1,"param_name":"maml_inner_steps_eval","param_value_internal":3,"distribution":"{\"name\": \"CategoricalDistribution\", \"attributes\": {\"choices\": [3, 5, 10, 15, 20, 30]}}"}
{"op_code":0,"worker_id":"d5ab882a-0454-48c2-bbff-5d91a6b7fce8-140317610846016","study_name":"maml_CNNLSTMMLP_2fcv_hpo","directions":[2]}
{"op_code":4,"worker_id":"d5ab882a-0454-48c2-bbff-5d91a6b7fce8-140317610846016","study_id":0,"datetime_start":"2026-02-18T17:23:50.722043"}
{"op_code":5,"worker_id":"d5ab882a-0454-48c2-bbff-5d91a6b7fce8-140317610846016","trial_id":2,"param_name":"dropout","param_value_internal":1,"distribution":"{\"name\": \"CategoricalDistribution\", \"attributes\": {\"choices\": [0.0, 0.1, 0.25]}}"}
{"op_code":5,"worker_id":"d5ab882a-0454-48c2-bbff-5d91a6b7fce8-140317610846016","trial_id":2,"param_name":"num_experts","param_value_internal":4.0,"distribution":"{\"name\": \"IntDistribution\", \"attributes\": {\"log\": false, \"step\": 1, \"low\": 2, \"high\": 10}}"}
{"op_code":5,"worker_id":"d5ab882a-0454-48c2-bbff-5d91a6b7fce8-140317610846016","trial_id":2,"param_name":"use_shared_expert","param_value_internal":0,"distribution":"{\"name\": \"CategoricalDistribution\", \"attributes\": {\"choices\": [true, false]}}"}
{"op_code":5,"worker_id":"d5ab882a-0454-48c2-bbff-5d91a6b7fce8-140317610846016","trial_id":2,"param_name":"expert_architecture","param_value_internal":1,"distribution":"{\"name\": \"CategoricalDistribution\", \"attributes\": {\"choices\": [\"MLP\", \"linear\", \"cosine\"]}}"}
{"op_code":5,"worker_id":"d5ab882a-0454-48c2-bbff-5d91a6b7fce8-140317610846016","trial_id":2,"param_name":"top_k","param_value_internal":3,"distribution":"{\"name\": \"CategoricalDistribution\", \"attributes\": {\"choices\": [null, 1, 2, 3]}}"}
{"op_code":5,"worker_id":"d5ab882a-0454-48c2-bbff-5d91a6b7fce8-140317610846016","trial_id":2,"param_name":"gate_type","param_value_internal":0,"distribution":"{\"name\": \"CategoricalDistribution\", \"attributes\": {\"choices\": [\"context_only\", \"feature_only\", \"demographic_only\", \"context_feature\", \"context_feature_demo\"]}}"}
{"op_code":5,"worker_id":"d5ab882a-0454-48c2-bbff-5d91a6b7fce8-140317610846016","trial_id":2,"param_name":"groupnorm_num_groups","param_value_internal":0,"distribution":"{\"name\": \"CategoricalDistribution\", \"attributes\": {\"choices\": [4, 8]}}"}
{"op_code":5,"worker_id":"d5ab882a-0454-48c2-bbff-5d91a6b7fce8-140317610846016","trial_id":2,"param_name":"emg_emb_dim","param_value_internal":4,"distribution":"{\"name\": \"CategoricalDistribution\", \"attributes\": {\"choices\": [16, 32, 64, 96, 128, 256]}}"}
{"op_code":5,"worker_id":"d5ab882a-0454-48c2-bbff-5d91a6b7fce8-140317610846016","trial_id":2,"param_name":"imu_emb_dim","param_value_internal":5,"distribution":"{\"name\": \"CategoricalDistribution\", \"attributes\": {\"choices\": [16, 32, 64, 96, 128, 256]}}"}
{"op_code":5,"worker_id":"d5ab882a-0454-48c2-bbff-5d91a6b7fce8-140317610846016","trial_id":2,"param_name":"cnn_kernel_size","param_value_internal":0,"distribution":"{\"name\": \"CategoricalDistribution\", \"attributes\": {\"choices\": [3, 5, 7]}}"}
{"op_code":5,"worker_id":"d5ab882a-0454-48c2-bbff-5d91a6b7fce8-140317610846016","trial_id":2,"param_name":"imu_cnn_layers","param_value_internal":1,"distribution":"{\"name\": \"CategoricalDistribution\", \"attributes\": {\"choices\": [1, 2, 3]}}"}
{"op_code":5,"worker_id":"d5ab882a-0454-48c2-bbff-5d91a6b7fce8-140317610846016","trial_id":2,"param_name":"emg_cnn_layers","param_value_internal":2,"distribution":"{\"name\": \"CategoricalDistribution\", \"attributes\": {\"choices\": [1, 2, 3]}}"}
{"op_code":5,"worker_id":"d5ab882a-0454-48c2-bbff-5d91a6b7fce8-140317610846016","trial_id":2,"param_name":"use_film_x_demo","param_value_internal":0,"distribution":"{\"name\": \"CategoricalDistribution\", \"attributes\": {\"choices\": [true, false]}}"}
{"op_code":5,"worker_id":"d5ab882a-0454-48c2-bbff-5d91a6b7fce8-140317610846016","trial_id":2,"param_name":"context_emb_dim","param_value_internal":2,"distribution":"{\"name\": \"CategoricalDistribution\", \"attributes\": {\"choices\": [4, 8, 12, 16]}}"}
{"op_code":5,"worker_id":"d5ab882a-0454-48c2-bbff-5d91a6b7fce8-140317610846016","trial_id":2,"param_name":"context_pool_type","param_value_internal":0,"distribution":"{\"name\": \"CategoricalDistribution\", \"attributes\": {\"choices\": [\"mean\", \"attn\"]}}"}
{"op_code":5,"worker_id":"d5ab882a-0454-48c2-bbff-5d91a6b7fce8-140317610846016","trial_id":2,"param_name":"demo_emb_dim","param_value_internal":1,"distribution":"{\"name\": \"CategoricalDistribution\", \"attributes\": {\"choices\": [4, 8, 16]}}"}
{"op_code":5,"worker_id":"d5ab882a-0454-48c2-bbff-5d91a6b7fce8-140317610846016","trial_id":2,"param_name":"use_lstm","param_value_internal":0,"distribution":"{\"name\": \"CategoricalDistribution\", \"attributes\": {\"choices\": [true, false]}}"}
{"op_code":5,"worker_id":"d5ab882a-0454-48c2-bbff-5d91a6b7fce8-140317610846016","trial_id":2,"param_name":"lstm_hidden","param_value_internal":2,"distribution":"{\"name\": \"CategoricalDistribution\", \"attributes\": {\"choices\": [32, 64, 128]}}"}
{"op_code":5,"worker_id":"d5ab882a-0454-48c2-bbff-5d91a6b7fce8-140317610846016","trial_id":2,"param_name":"lstm_layers","param_value_internal":0,"distribution":"{\"name\": \"CategoricalDistribution\", \"attributes\": {\"choices\": [1, 2, 3]}}"}
{"op_code":5,"worker_id":"d5ab882a-0454-48c2-bbff-5d91a6b7fce8-140317610846016","trial_id":2,"param_name":"use_GlobalAvgPooling","param_value_internal":0,"distribution":"{\"name\": \"CategoricalDistribution\", \"attributes\": {\"choices\": [true, false]}}"}
{"op_code":5,"worker_id":"d5ab882a-0454-48c2-bbff-5d91a6b7fce8-140317610846016","trial_id":2,"param_name":"pre_wd","param_value_internal":3.1367989131269562e-06,"distribution":"{\"name\": \"FloatDistribution\", \"attributes\": {\"step\": null, \"low\": 1e-06, \"high\": 0.001, \"log\": true}}"}
{"op_code":5,"worker_id":"d5ab882a-0454-48c2-bbff-5d91a6b7fce8-140317610846016","trial_id":2,"param_name":"optimizer","param_value_internal":0,"distribution":"{\"name\": \"CategoricalDistribution\", \"attributes\": {\"choices\": [\"adamw\", \"adam\", \"sgd\"]}}"}
{"op_code":5,"worker_id":"d5ab882a-0454-48c2-bbff-5d91a6b7fce8-140317610846016","trial_id":2,"param_name":"meta_batchsize","param_value_internal":4,"distribution":"{\"name\": \"CategoricalDistribution\", \"attributes\": {\"choices\": [4, 8, 16, 32, 64]}}"}
{"op_code":5,"worker_id":"d5ab882a-0454-48c2-bbff-5d91a6b7fce8-140317610846016","trial_id":2,"param_name":"episodes_per_epoch_train","param_value_internal":0,"distribution":"{\"name\": \"CategoricalDistribution\", \"attributes\": {\"choices\": [250, 500, 1000]}}"}
{"op_code":5,"worker_id":"d5ab882a-0454-48c2-bbff-5d91a6b7fce8-140317610846016","trial_id":2,"param_name":"maml_inner_steps","param_value_internal":1.0,"distribution":"{\"name\": \"IntDistribution\", \"attributes\": {\"log\": false, \"step\": 1, \"low\": 1, \"high\": 3}}"}
{"op_code":5,"worker_id":"d5ab882a-0454-48c2-bbff-5d91a6b7fce8-140317610846016","trial_id":2,"param_name":"maml_opt_order","param_value_internal":2,"distribution":"{\"name\": \"CategoricalDistribution\", \"attributes\": {\"choices\": [\"first\", \"second\", \"hybrid\"]}}"}
{"op_code":5,"worker_id":"d5ab882a-0454-48c2-bbff-5d91a6b7fce8-140317610846016","trial_id":2,"param_name":"maml_first_order_to_second_order_epoch","param_value_internal":13.0,"distribution":"{\"name\": \"IntDistribution\", \"attributes\": {\"log\": false, \"step\": 1, \"low\": 1, \"high\": 40}}"}
{"op_code":5,"worker_id":"d5ab882a-0454-48c2-bbff-5d91a6b7fce8-140317610846016","trial_id":2,"param_name":"pre_lr","param_value_internal":0.034462586898973385,"distribution":"{\"name\": \"FloatDistribution\", \"attributes\": {\"step\": null, \"low\": 1e-05, \"high\": 0.05, \"log\": false}}"}
{"op_code":5,"worker_id":"d5ab882a-0454-48c2-bbff-5d91a6b7fce8-140317610846016","trial_id":2,"param_name":"maml_alpha_init","param_value_internal":0.044409957886218286,"distribution":"{\"name\": \"FloatDistribution\", \"attributes\": {\"step\": null, \"low\": 1e-05, \"high\": 0.05, \"log\": false}}"}
{"op_code":5,"worker_id":"d5ab882a-0454-48c2-bbff-5d91a6b7fce8-140317610846016","trial_id":2,"param_name":"maml_alpha_init_eval","param_value_internal":0.027313007792783638,"distribution":"{\"name\": \"FloatDistribution\", \"attributes\": {\"step\": null, \"low\": 1e-05, \"high\": 0.05, \"log\": false}}"}
{"op_code":5,"worker_id":"d5ab882a-0454-48c2-bbff-5d91a6b7fce8-140317610846016","trial_id":2,"param_name":"maml_inner_steps_eval","param_value_internal":3,"distribution":"{\"name\": \"CategoricalDistribution\", \"attributes\": {\"choices\": [3, 5, 10, 15, 20, 30]}}"}
{"op_code":0,"worker_id":"a6cdba35-e044-4aa8-982f-cc55a9ee6dff-140607179802432","study_name":"maml_CNNLSTMMLP_2fcv_hpo","directions":[2]}
{"op_code":0,"worker_id":"37795d36-5f5a-49d2-ad65-734ba866c68d-140021188777792","study_name":"maml_CNNLSTMMLP_2fcv_hpo","directions":[2]}
{"op_code":0,"worker_id":"df6b011b-cb4b-4667-b6d4-8958417b8b1e-139873033144128","study_name":"maml_CNNLSTMMLP_2fcv_hpo","directions":[2]}
{"op_code":4,"worker_id":"a6cdba35-e044-4aa8-982f-cc55a9ee6dff-140607179802432","study_id":0,"datetime_start":"2026-02-19T12:48:08.457097"}
{"op_code":4,"worker_id":"37795d36-5f5a-49d2-ad65-734ba866c68d-140021188777792","study_id":0,"datetime_start":"2026-02-19T12:48:08.473114"}
{"op_code":5,"worker_id":"a6cdba35-e044-4aa8-982f-cc55a9ee6dff-140607179802432","trial_id":3,"param_name":"dropout","param_value_internal":2,"distribution":"{\"name\": \"CategoricalDistribution\", \"attributes\": {\"choices\": [0.0, 0.1, 0.25]}}"}
{"op_code":4,"worker_id":"df6b011b-cb4b-4667-b6d4-8958417b8b1e-139873033144128","study_id":0,"datetime_start":"2026-02-19T12:48:08.495347"}
{"op_code":5,"worker_id":"37795d36-5f5a-49d2-ad65-734ba866c68d-140021188777792","trial_id":4,"param_name":"dropout","param_value_internal":1,"distribution":"{\"name\": \"CategoricalDistribution\", \"attributes\": {\"choices\": [0.0, 0.1, 0.25]}}"}
{"op_code":5,"worker_id":"a6cdba35-e044-4aa8-982f-cc55a9ee6dff-140607179802432","trial_id":3,"param_name":"num_experts","param_value_internal":9.0,"distribution":"{\"name\": \"IntDistribution\", \"attributes\": {\"log\": false, \"step\": 1, \"low\": 2, \"high\": 10}}"}
{"op_code":5,"worker_id":"df6b011b-cb4b-4667-b6d4-8958417b8b1e-139873033144128","trial_id":5,"param_name":"dropout","param_value_internal":1,"distribution":"{\"name\": \"CategoricalDistribution\", \"attributes\": {\"choices\": [0.0, 0.1, 0.25]}}"}
{"op_code":5,"worker_id":"a6cdba35-e044-4aa8-982f-cc55a9ee6dff-140607179802432","trial_id":3,"param_name":"use_shared_expert","param_value_internal":0,"distribution":"{\"name\": \"CategoricalDistribution\", \"attributes\": {\"choices\": [true, false]}}"}
{"op_code":5,"worker_id":"df6b011b-cb4b-4667-b6d4-8958417b8b1e-139873033144128","trial_id":5,"param_name":"num_experts","param_value_internal":3.0,"distribution":"{\"name\": \"IntDistribution\", \"attributes\": {\"log\": false, \"step\": 1, \"low\": 2, \"high\": 10}}"}
{"op_code":5,"worker_id":"a6cdba35-e044-4aa8-982f-cc55a9ee6dff-140607179802432","trial_id":3,"param_name":"expert_architecture","param_value_internal":2,"distribution":"{\"name\": \"CategoricalDistribution\", \"attributes\": {\"choices\": [\"MLP\", \"linear\", \"cosine\"]}}"}
{"op_code":5,"worker_id":"df6b011b-cb4b-4667-b6d4-8958417b8b1e-139873033144128","trial_id":5,"param_name":"use_shared_expert","param_value_internal":0,"distribution":"{\"name\": \"CategoricalDistribution\", \"attributes\": {\"choices\": [true, false]}}"}
{"op_code":5,"worker_id":"a6cdba35-e044-4aa8-982f-cc55a9ee6dff-140607179802432","trial_id":3,"param_name":"top_k","param_value_internal":2,"distribution":"{\"name\": \"CategoricalDistribution\", \"attributes\": {\"choices\": [null, 1, 2, 3]}}"}
{"op_code":5,"worker_id":"df6b011b-cb4b-4667-b6d4-8958417b8b1e-139873033144128","trial_id":5,"param_name":"expert_architecture","param_value_internal":1,"distribution":"{\"name\": \"CategoricalDistribution\", \"attributes\": {\"choices\": [\"MLP\", \"linear\", \"cosine\"]}}"}
{"op_code":5,"worker_id":"a6cdba35-e044-4aa8-982f-cc55a9ee6dff-140607179802432","trial_id":3,"param_name":"gate_type","param_value_internal":3,"distribution":"{\"name\": \"CategoricalDistribution\", \"attributes\": {\"choices\": [\"context_only\", \"feature_only\", \"demographic_only\", \"context_feature\", \"context_feature_demo\"]}}"}
{"op_code":5,"worker_id":"df6b011b-cb4b-4667-b6d4-8958417b8b1e-139873033144128","trial_id":5,"param_name":"top_k","param_value_internal":3,"distribution":"{\"name\": \"CategoricalDistribution\", \"attributes\": {\"choices\": [null, 1, 2, 3]}}"}
{"op_code":5,"worker_id":"37795d36-5f5a-49d2-ad65-734ba866c68d-140021188777792","trial_id":4,"param_name":"num_experts","param_value_internal":3.0,"distribution":"{\"name\": \"IntDistribution\", \"attributes\": {\"log\": false, \"step\": 1, \"low\": 2, \"high\": 10}}"}
{"op_code":5,"worker_id":"df6b011b-cb4b-4667-b6d4-8958417b8b1e-139873033144128","trial_id":5,"param_name":"gate_type","param_value_internal":1,"distribution":"{\"name\": \"CategoricalDistribution\", \"attributes\": {\"choices\": [\"context_only\", \"feature_only\", \"demographic_only\", \"context_feature\", \"context_feature_demo\"]}}"}
{"op_code":5,"worker_id":"37795d36-5f5a-49d2-ad65-734ba866c68d-140021188777792","trial_id":4,"param_name":"use_shared_expert","param_value_internal":1,"distribution":"{\"name\": \"CategoricalDistribution\", \"attributes\": {\"choices\": [true, false]}}"}
{"op_code":5,"worker_id":"df6b011b-cb4b-4667-b6d4-8958417b8b1e-139873033144128","trial_id":5,"param_name":"groupnorm_num_groups","param_value_internal":1,"distribution":"{\"name\": \"CategoricalDistribution\", \"attributes\": {\"choices\": [4, 8]}}"}
{"op_code":5,"worker_id":"37795d36-5f5a-49d2-ad65-734ba866c68d-140021188777792","trial_id":4,"param_name":"expert_architecture","param_value_internal":0,"distribution":"{\"name\": \"CategoricalDistribution\", \"attributes\": {\"choices\": [\"MLP\", \"linear\", \"cosine\"]}}"}
{"op_code":5,"worker_id":"df6b011b-cb4b-4667-b6d4-8958417b8b1e-139873033144128","trial_id":5,"param_name":"emg_emb_dim","param_value_internal":4,"distribution":"{\"name\": \"CategoricalDistribution\", \"attributes\": {\"choices\": [16, 32, 64, 96, 128, 256]}}"}
{"op_code":5,"worker_id":"37795d36-5f5a-49d2-ad65-734ba866c68d-140021188777792","trial_id":4,"param_name":"top_k","param_value_internal":0,"distribution":"{\"name\": \"CategoricalDistribution\", \"attributes\": {\"choices\": [null, 1, 2, 3]}}"}
{"op_code":5,"worker_id":"df6b011b-cb4b-4667-b6d4-8958417b8b1e-139873033144128","trial_id":5,"param_name":"imu_emb_dim","param_value_internal":5,"distribution":"{\"name\": \"CategoricalDistribution\", \"attributes\": {\"choices\": [16, 32, 64, 96, 128, 256]}}"}
{"op_code":5,"worker_id":"37795d36-5f5a-49d2-ad65-734ba866c68d-140021188777792","trial_id":4,"param_name":"gate_type","param_value_internal":1,"distribution":"{\"name\": \"CategoricalDistribution\", \"attributes\": {\"choices\": [\"context_only\", \"feature_only\", \"demographic_only\", \"context_feature\", \"context_feature_demo\"]}}"}
{"op_code":5,"worker_id":"df6b011b-cb4b-4667-b6d4-8958417b8b1e-139873033144128","trial_id":5,"param_name":"cnn_kernel_size","param_value_internal":2,"distribution":"{\"name\": \"CategoricalDistribution\", \"attributes\": {\"choices\": [3, 5, 7]}}"}
{"op_code":0,"worker_id":"8282a6a1-b33b-4917-8e86-e757e811ab1a-139755133081408","study_name":"maml_CNNLSTMMLP_2fcv_hpo","directions":[2]}
{"op_code":5,"worker_id":"df6b011b-cb4b-4667-b6d4-8958417b8b1e-139873033144128","trial_id":5,"param_name":"imu_cnn_layers","param_value_internal":0,"distribution":"{\"name\": \"CategoricalDistribution\", \"attributes\": {\"choices\": [1, 2, 3]}}"}
{"op_code":5,"worker_id":"37795d36-5f5a-49d2-ad65-734ba866c68d-140021188777792","trial_id":4,"param_name":"groupnorm_num_groups","param_value_internal":1,"distribution":"{\"name\": \"CategoricalDistribution\", \"attributes\": {\"choices\": [4, 8]}}"}
{"op_code":5,"worker_id":"37795d36-5f5a-49d2-ad65-734ba866c68d-140021188777792","trial_id":4,"param_name":"emg_emb_dim","param_value_internal":1,"distribution":"{\"name\": \"CategoricalDistribution\", \"attributes\": {\"choices\": [16, 32, 64, 96, 128, 256]}}"}
{"op_code":5,"worker_id":"df6b011b-cb4b-4667-b6d4-8958417b8b1e-139873033144128","trial_id":5,"param_name":"emg_cnn_layers","param_value_internal":2,"distribution":"{\"name\": \"CategoricalDistribution\", \"attributes\": {\"choices\": [1, 2, 3]}}"}
{"op_code":5,"worker_id":"37795d36-5f5a-49d2-ad65-734ba866c68d-140021188777792","trial_id":4,"param_name":"imu_emb_dim","param_value_internal":4,"distribution":"{\"name\": \"CategoricalDistribution\", \"attributes\": {\"choices\": [16, 32, 64, 96, 128, 256]}}"}
{"op_code":5,"worker_id":"df6b011b-cb4b-4667-b6d4-8958417b8b1e-139873033144128","trial_id":5,"param_name":"use_film_x_demo","param_value_internal":0,"distribution":"{\"name\": \"CategoricalDistribution\", \"attributes\": {\"choices\": [true, false]}}"}
{"op_code":5,"worker_id":"37795d36-5f5a-49d2-ad65-734ba866c68d-140021188777792","trial_id":4,"param_name":"cnn_kernel_size","param_value_internal":0,"distribution":"{\"name\": \"CategoricalDistribution\", \"attributes\": {\"choices\": [3, 5, 7]}}"}
{"op_code":5,"worker_id":"df6b011b-cb4b-4667-b6d4-8958417b8b1e-139873033144128","trial_id":5,"param_name":"context_emb_dim","param_value_internal":2,"distribution":"{\"name\": \"CategoricalDistribution\", \"attributes\": {\"choices\": [4, 8, 12, 16]}}"}
{"op_code":5,"worker_id":"37795d36-5f5a-49d2-ad65-734ba866c68d-140021188777792","trial_id":4,"param_name":"imu_cnn_layers","param_value_internal":2,"distribution":"{\"name\": \"CategoricalDistribution\", \"attributes\": {\"choices\": [1, 2, 3]}}"}
{"op_code":5,"worker_id":"df6b011b-cb4b-4667-b6d4-8958417b8b1e-139873033144128","trial_id":5,"param_name":"context_pool_type","param_value_internal":1,"distribution":"{\"name\": \"CategoricalDistribution\", \"attributes\": {\"choices\": [\"mean\", \"attn\"]}}"}
{"op_code":5,"worker_id":"37795d36-5f5a-49d2-ad65-734ba866c68d-140021188777792","trial_id":4,"param_name":"emg_cnn_layers","param_value_internal":0,"distribution":"{\"name\": \"CategoricalDistribution\", \"attributes\": {\"choices\": [1, 2, 3]}}"}
{"op_code":5,"worker_id":"df6b011b-cb4b-4667-b6d4-8958417b8b1e-139873033144128","trial_id":5,"param_name":"demo_emb_dim","param_value_internal":2,"distribution":"{\"name\": \"CategoricalDistribution\", \"attributes\": {\"choices\": [4, 8, 16]}}"}
{"op_code":5,"worker_id":"37795d36-5f5a-49d2-ad65-734ba866c68d-140021188777792","trial_id":4,"param_name":"use_film_x_demo","param_value_internal":0,"distribution":"{\"name\": \"CategoricalDistribution\", \"attributes\": {\"choices\": [true, false]}}"}
{"op_code":5,"worker_id":"df6b011b-cb4b-4667-b6d4-8958417b8b1e-139873033144128","trial_id":5,"param_name":"use_lstm","param_value_internal":1,"distribution":"{\"name\": \"CategoricalDistribution\", \"attributes\": {\"choices\": [true, false]}}"}
{"op_code":5,"worker_id":"37795d36-5f5a-49d2-ad65-734ba866c68d-140021188777792","trial_id":4,"param_name":"context_emb_dim","param_value_internal":3,"distribution":"{\"name\": \"CategoricalDistribution\", \"attributes\": {\"choices\": [4, 8, 12, 16]}}"}
{"op_code":5,"worker_id":"df6b011b-cb4b-4667-b6d4-8958417b8b1e-139873033144128","trial_id":5,"param_name":"pre_wd","param_value_internal":4.31936296182355e-06,"distribution":"{\"name\": \"FloatDistribution\", \"attributes\": {\"step\": null, \"low\": 1e-06, \"high\": 0.001, \"log\": true}}"}
{"op_code":5,"worker_id":"37795d36-5f5a-49d2-ad65-734ba866c68d-140021188777792","trial_id":4,"param_name":"context_pool_type","param_value_internal":0,"distribution":"{\"name\": \"CategoricalDistribution\", \"attributes\": {\"choices\": [\"mean\", \"attn\"]}}"}
{"op_code":5,"worker_id":"df6b011b-cb4b-4667-b6d4-8958417b8b1e-139873033144128","trial_id":5,"param_name":"optimizer","param_value_internal":1,"distribution":"{\"name\": \"CategoricalDistribution\", \"attributes\": {\"choices\": [\"adamw\", \"adam\", \"sgd\"]}}"}
{"op_code":5,"worker_id":"37795d36-5f5a-49d2-ad65-734ba866c68d-140021188777792","trial_id":4,"param_name":"demo_emb_dim","param_value_internal":1,"distribution":"{\"name\": \"CategoricalDistribution\", \"attributes\": {\"choices\": [4, 8, 16]}}"}
{"op_code":5,"worker_id":"df6b011b-cb4b-4667-b6d4-8958417b8b1e-139873033144128","trial_id":5,"param_name":"meta_batchsize","param_value_internal":1,"distribution":"{\"name\": \"CategoricalDistribution\", \"attributes\": {\"choices\": [4, 8, 16, 32, 64]}}"}
{"op_code":5,"worker_id":"37795d36-5f5a-49d2-ad65-734ba866c68d-140021188777792","trial_id":4,"param_name":"use_lstm","param_value_internal":0,"distribution":"{\"name\": \"CategoricalDistribution\", \"attributes\": {\"choices\": [true, false]}}"}
{"op_code":5,"worker_id":"df6b011b-cb4b-4667-b6d4-8958417b8b1e-139873033144128","trial_id":5,"param_name":"episodes_per_epoch_train","param_value_internal":2,"distribution":"{\"name\": \"CategoricalDistribution\", \"attributes\": {\"choices\": [250, 500, 1000]}}"}
{"op_code":5,"worker_id":"37795d36-5f5a-49d2-ad65-734ba866c68d-140021188777792","trial_id":4,"param_name":"lstm_hidden","param_value_internal":2,"distribution":"{\"name\": \"CategoricalDistribution\", \"attributes\": {\"choices\": [32, 64, 128]}}"}
{"op_code":5,"worker_id":"df6b011b-cb4b-4667-b6d4-8958417b8b1e-139873033144128","trial_id":5,"param_name":"maml_inner_steps","param_value_internal":2.0,"distribution":"{\"name\": \"IntDistribution\", \"attributes\": {\"log\": false, \"step\": 1, \"low\": 1, \"high\": 3}}"}
{"op_code":5,"worker_id":"37795d36-5f5a-49d2-ad65-734ba866c68d-140021188777792","trial_id":4,"param_name":"lstm_layers","param_value_internal":1,"distribution":"{\"name\": \"CategoricalDistribution\", \"attributes\": {\"choices\": [1, 2, 3]}}"}
{"op_code":5,"worker_id":"df6b011b-cb4b-4667-b6d4-8958417b8b1e-139873033144128","trial_id":5,"param_name":"maml_opt_order","param_value_internal":1,"distribution":"{\"name\": \"CategoricalDistribution\", \"attributes\": {\"choices\": [\"first\", \"second\", \"hybrid\"]}}"}
{"op_code":5,"worker_id":"37795d36-5f5a-49d2-ad65-734ba866c68d-140021188777792","trial_id":4,"param_name":"use_GlobalAvgPooling","param_value_internal":0,"distribution":"{\"name\": \"CategoricalDistribution\", \"attributes\": {\"choices\": [true, false]}}"}
{"op_code":5,"worker_id":"df6b011b-cb4b-4667-b6d4-8958417b8b1e-139873033144128","trial_id":5,"param_name":"pre_lr","param_value_internal":0.04527575459430009,"distribution":"{\"name\": \"FloatDistribution\", \"attributes\": {\"step\": null, \"low\": 1e-05, \"high\": 0.05, \"log\": false}}"}
{"op_code":5,"worker_id":"37795d36-5f5a-49d2-ad65-734ba866c68d-140021188777792","trial_id":4,"param_name":"pre_wd","param_value_internal":0.0005046372065219616,"distribution":"{\"name\": \"FloatDistribution\", \"attributes\": {\"step\": null, \"low\": 1e-06, \"high\": 0.001, \"log\": true}}"}
{"op_code":5,"worker_id":"df6b011b-cb4b-4667-b6d4-8958417b8b1e-139873033144128","trial_id":5,"param_name":"maml_alpha_init","param_value_internal":0.014542605389881206,"distribution":"{\"name\": \"FloatDistribution\", \"attributes\": {\"step\": null, \"low\": 1e-05, \"high\": 0.05, \"log\": false}}"}
{"op_code":5,"worker_id":"37795d36-5f5a-49d2-ad65-734ba866c68d-140021188777792","trial_id":4,"param_name":"optimizer","param_value_internal":2,"distribution":"{\"name\": \"CategoricalDistribution\", \"attributes\": {\"choices\": [\"adamw\", \"adam\", \"sgd\"]}}"}
{"op_code":4,"worker_id":"8282a6a1-b33b-4917-8e86-e757e811ab1a-139755133081408","study_id":0,"datetime_start":"2026-02-19T12:48:09.014147"}
{"op_code":5,"worker_id":"37795d36-5f5a-49d2-ad65-734ba866c68d-140021188777792","trial_id":4,"param_name":"meta_batchsize","param_value_internal":2,"distribution":"{\"name\": \"CategoricalDistribution\", \"attributes\": {\"choices\": [4, 8, 16, 32, 64]}}"}
{"op_code":5,"worker_id":"37795d36-5f5a-49d2-ad65-734ba866c68d-140021188777792","trial_id":4,"param_name":"episodes_per_epoch_train","param_value_internal":1,"distribution":"{\"name\": \"CategoricalDistribution\", \"attributes\": {\"choices\": [250, 500, 1000]}}"}
{"op_code":5,"worker_id":"37795d36-5f5a-49d2-ad65-734ba866c68d-140021188777792","trial_id":4,"param_name":"maml_inner_steps","param_value_internal":1.0,"distribution":"{\"name\": \"IntDistribution\", \"attributes\": {\"log\": false, \"step\": 1, \"low\": 1, \"high\": 3}}"}
{"op_code":5,"worker_id":"37795d36-5f5a-49d2-ad65-734ba866c68d-140021188777792","trial_id":4,"param_name":"maml_opt_order","param_value_internal":0,"distribution":"{\"name\": \"CategoricalDistribution\", \"attributes\": {\"choices\": [\"first\", \"second\", \"hybrid\"]}}"}
{"op_code":5,"worker_id":"8282a6a1-b33b-4917-8e86-e757e811ab1a-139755133081408","trial_id":6,"param_name":"dropout","param_value_internal":1,"distribution":"{\"name\": \"CategoricalDistribution\", \"attributes\": {\"choices\": [0.0, 0.1, 0.25]}}"}
{"op_code":5,"worker_id":"8282a6a1-b33b-4917-8e86-e757e811ab1a-139755133081408","trial_id":6,"param_name":"num_experts","param_value_internal":5.0,"distribution":"{\"name\": \"IntDistribution\", \"attributes\": {\"log\": false, \"step\": 1, \"low\": 2, \"high\": 10}}"}
{"op_code":5,"worker_id":"37795d36-5f5a-49d2-ad65-734ba866c68d-140021188777792","trial_id":4,"param_name":"pre_lr","param_value_internal":0.025516356030378724,"distribution":"{\"name\": \"FloatDistribution\", \"attributes\": {\"step\": null, \"low\": 1e-05, \"high\": 0.05, \"log\": false}}"}
{"op_code":5,"worker_id":"8282a6a1-b33b-4917-8e86-e757e811ab1a-139755133081408","trial_id":6,"param_name":"use_shared_expert","param_value_internal":1,"distribution":"{\"name\": \"CategoricalDistribution\", \"attributes\": {\"choices\": [true, false]}}"}
{"op_code":5,"worker_id":"8282a6a1-b33b-4917-8e86-e757e811ab1a-139755133081408","trial_id":6,"param_name":"expert_architecture","param_value_internal":1,"distribution":"{\"name\": \"CategoricalDistribution\", \"attributes\": {\"choices\": [\"MLP\", \"linear\", \"cosine\"]}}"}
{"op_code":5,"worker_id":"37795d36-5f5a-49d2-ad65-734ba866c68d-140021188777792","trial_id":4,"param_name":"maml_alpha_init","param_value_internal":0.04083899311196553,"distribution":"{\"name\": \"FloatDistribution\", \"attributes\": {\"step\": null, \"low\": 1e-05, \"high\": 0.05, \"log\": false}}"}
{"op_code":5,"worker_id":"37795d36-5f5a-49d2-ad65-734ba866c68d-140021188777792","trial_id":4,"param_name":"maml_alpha_init_eval","param_value_internal":0.032190754306986105,"distribution":"{\"name\": \"FloatDistribution\", \"attributes\": {\"step\": null, \"low\": 1e-05, \"high\": 0.05, \"log\": false}}"}
{"op_code":5,"worker_id":"37795d36-5f5a-49d2-ad65-734ba866c68d-140021188777792","trial_id":4,"param_name":"maml_inner_steps_eval","param_value_internal":4,"distribution":"{\"name\": \"CategoricalDistribution\", \"attributes\": {\"choices\": [3, 5, 10, 15, 20, 30]}}"}
{"op_code":5,"worker_id":"8282a6a1-b33b-4917-8e86-e757e811ab1a-139755133081408","trial_id":6,"param_name":"top_k","param_value_internal":3,"distribution":"{\"name\": \"CategoricalDistribution\", \"attributes\": {\"choices\": [null, 1, 2, 3]}}"}
{"op_code":5,"worker_id":"8282a6a1-b33b-4917-8e86-e757e811ab1a-139755133081408","trial_id":6,"param_name":"gate_type","param_value_internal":2,"distribution":"{\"name\": \"CategoricalDistribution\", \"attributes\": {\"choices\": [\"context_only\", \"feature_only\", \"demographic_only\", \"context_feature\", \"context_feature_demo\"]}}"}
{"op_code":5,"worker_id":"8282a6a1-b33b-4917-8e86-e757e811ab1a-139755133081408","trial_id":6,"param_name":"groupnorm_num_groups","param_value_internal":1,"distribution":"{\"name\": \"CategoricalDistribution\", \"attributes\": {\"choices\": [4, 8]}}"}
{"op_code":5,"worker_id":"8282a6a1-b33b-4917-8e86-e757e811ab1a-139755133081408","trial_id":6,"param_name":"emg_emb_dim","param_value_internal":2,"distribution":"{\"name\": \"CategoricalDistribution\", \"attributes\": {\"choices\": [16, 32, 64, 96, 128, 256]}}"}
{"op_code":5,"worker_id":"8282a6a1-b33b-4917-8e86-e757e811ab1a-139755133081408","trial_id":6,"param_name":"imu_emb_dim","param_value_internal":3,"distribution":"{\"name\": \"CategoricalDistribution\", \"attributes\": {\"choices\": [16, 32, 64, 96, 128, 256]}}"}
{"op_code":5,"worker_id":"8282a6a1-b33b-4917-8e86-e757e811ab1a-139755133081408","trial_id":6,"param_name":"cnn_kernel_size","param_value_internal":1,"distribution":"{\"name\": \"CategoricalDistribution\", \"attributes\": {\"choices\": [3, 5, 7]}}"}
{"op_code":5,"worker_id":"8282a6a1-b33b-4917-8e86-e757e811ab1a-139755133081408","trial_id":6,"param_name":"imu_cnn_layers","param_value_internal":1,"distribution":"{\"name\": \"CategoricalDistribution\", \"attributes\": {\"choices\": [1, 2, 3]}}"}
{"op_code":5,"worker_id":"8282a6a1-b33b-4917-8e86-e757e811ab1a-139755133081408","trial_id":6,"param_name":"emg_cnn_layers","param_value_internal":2,"distribution":"{\"name\": \"CategoricalDistribution\", \"attributes\": {\"choices\": [1, 2, 3]}}"}
{"op_code":5,"worker_id":"8282a6a1-b33b-4917-8e86-e757e811ab1a-139755133081408","trial_id":6,"param_name":"use_film_x_demo","param_value_internal":0,"distribution":"{\"name\": \"CategoricalDistribution\", \"attributes\": {\"choices\": [true, false]}}"}
{"op_code":5,"worker_id":"8282a6a1-b33b-4917-8e86-e757e811ab1a-139755133081408","trial_id":6,"param_name":"context_emb_dim","param_value_internal":0,"distribution":"{\"name\": \"CategoricalDistribution\", \"attributes\": {\"choices\": [4, 8, 12, 16]}}"}
{"op_code":5,"worker_id":"8282a6a1-b33b-4917-8e86-e757e811ab1a-139755133081408","trial_id":6,"param_name":"context_pool_type","param_value_internal":1,"distribution":"{\"name\": \"CategoricalDistribution\", \"attributes\": {\"choices\": [\"mean\", \"attn\"]}}"}
{"op_code":5,"worker_id":"8282a6a1-b33b-4917-8e86-e757e811ab1a-139755133081408","trial_id":6,"param_name":"demo_emb_dim","param_value_internal":2,"distribution":"{\"name\": \"CategoricalDistribution\", \"attributes\": {\"choices\": [4, 8, 16]}}"}
{"op_code":5,"worker_id":"8282a6a1-b33b-4917-8e86-e757e811ab1a-139755133081408","trial_id":6,"param_name":"use_lstm","param_value_internal":0,"distribution":"{\"name\": \"CategoricalDistribution\", \"attributes\": {\"choices\": [true, false]}}"}
{"op_code":5,"worker_id":"8282a6a1-b33b-4917-8e86-e757e811ab1a-139755133081408","trial_id":6,"param_name":"lstm_hidden","param_value_internal":0,"distribution":"{\"name\": \"CategoricalDistribution\", \"attributes\": {\"choices\": [32, 64, 128]}}"}
{"op_code":5,"worker_id":"8282a6a1-b33b-4917-8e86-e757e811ab1a-139755133081408","trial_id":6,"param_name":"lstm_layers","param_value_internal":0,"distribution":"{\"name\": \"CategoricalDistribution\", \"attributes\": {\"choices\": [1, 2, 3]}}"}
{"op_code":5,"worker_id":"8282a6a1-b33b-4917-8e86-e757e811ab1a-139755133081408","trial_id":6,"param_name":"use_GlobalAvgPooling","param_value_internal":1,"distribution":"{\"name\": \"CategoricalDistribution\", \"attributes\": {\"choices\": [true, false]}}"}
{"op_code":5,"worker_id":"8282a6a1-b33b-4917-8e86-e757e811ab1a-139755133081408","trial_id":6,"param_name":"pre_wd","param_value_internal":5.025531740949633e-06,"distribution":"{\"name\": \"FloatDistribution\", \"attributes\": {\"step\": null, \"low\": 1e-06, \"high\": 0.001, \"log\": true}}"}
{"op_code":5,"worker_id":"8282a6a1-b33b-4917-8e86-e757e811ab1a-139755133081408","trial_id":6,"param_name":"optimizer","param_value_internal":0,"distribution":"{\"name\": \"CategoricalDistribution\", \"attributes\": {\"choices\": [\"adamw\", \"adam\", \"sgd\"]}}"}
{"op_code":5,"worker_id":"8282a6a1-b33b-4917-8e86-e757e811ab1a-139755133081408","trial_id":6,"param_name":"meta_batchsize","param_value_internal":1,"distribution":"{\"name\": \"CategoricalDistribution\", \"attributes\": {\"choices\": [4, 8, 16, 32, 64]}}"}
{"op_code":5,"worker_id":"8282a6a1-b33b-4917-8e86-e757e811ab1a-139755133081408","trial_id":6,"param_name":"episodes_per_epoch_train","param_value_internal":1,"distribution":"{\"name\": \"CategoricalDistribution\", \"attributes\": {\"choices\": [250, 500, 1000]}}"}
{"op_code":5,"worker_id":"8282a6a1-b33b-4917-8e86-e757e811ab1a-139755133081408","trial_id":6,"param_name":"maml_inner_steps","param_value_internal":1.0,"distribution":"{\"name\": \"IntDistribution\", \"attributes\": {\"log\": false, \"step\": 1, \"low\": 1, \"high\": 3}}"}
{"op_code":5,"worker_id":"8282a6a1-b33b-4917-8e86-e757e811ab1a-139755133081408","trial_id":6,"param_name":"maml_opt_order","param_value_internal":2,"distribution":"{\"name\": \"CategoricalDistribution\", \"attributes\": {\"choices\": [\"first\", \"second\", \"hybrid\"]}}"}
{"op_code":5,"worker_id":"8282a6a1-b33b-4917-8e86-e757e811ab1a-139755133081408","trial_id":6,"param_name":"maml_first_order_to_second_order_epoch","param_value_internal":36.0,"distribution":"{\"name\": \"IntDistribution\", \"attributes\": {\"log\": false, \"step\": 1, \"low\": 1, \"high\": 40}}"}
{"op_code":5,"worker_id":"8282a6a1-b33b-4917-8e86-e757e811ab1a-139755133081408","trial_id":6,"param_name":"pre_lr","param_value_internal":0.006222338221487309,"distribution":"{\"name\": \"FloatDistribution\", \"attributes\": {\"step\": null, \"low\": 1e-05, \"high\": 0.05, \"log\": false}}"}
{"op_code":5,"worker_id":"8282a6a1-b33b-4917-8e86-e757e811ab1a-139755133081408","trial_id":6,"param_name":"maml_alpha_init","param_value_internal":0.039159512631396644,"distribution":"{\"name\": \"FloatDistribution\", \"attributes\": {\"step\": null, \"low\": 1e-05, \"high\": 0.05, \"log\": false}}"}
{"op_code":5,"worker_id":"8282a6a1-b33b-4917-8e86-e757e811ab1a-139755133081408","trial_id":6,"param_name":"maml_alpha_init_eval","param_value_internal":0.01366576666354528,"distribution":"{\"name\": \"FloatDistribution\", \"attributes\": {\"step\": null, \"low\": 1e-05, \"high\": 0.05, \"log\": false}}"}
{"op_code":5,"worker_id":"8282a6a1-b33b-4917-8e86-e757e811ab1a-139755133081408","trial_id":6,"param_name":"maml_inner_steps_eval","param_value_internal":2,"distribution":"{\"name\": \"CategoricalDistribution\", \"attributes\": {\"choices\": [3, 5, 10, 15, 20, 30]}}"}
{"op_code":5,"worker_id":"df6b011b-cb4b-4667-b6d4-8958417b8b1e-139873033144128","trial_id":5,"param_name":"maml_alpha_init_eval","param_value_internal":0.03503718765242849,"distribution":"{\"name\": \"FloatDistribution\", \"attributes\": {\"step\": null, \"low\": 1e-05, \"high\": 0.05, \"log\": false}}"}
{"op_code":5,"worker_id":"df6b011b-cb4b-4667-b6d4-8958417b8b1e-139873033144128","trial_id":5,"param_name":"maml_inner_steps_eval","param_value_internal":2,"distribution":"{\"name\": \"CategoricalDistribution\", \"attributes\": {\"choices\": [3, 5, 10, 15, 20, 30]}}"}
{"op_code":5,"worker_id":"a6cdba35-e044-4aa8-982f-cc55a9ee6dff-140607179802432","trial_id":3,"param_name":"groupnorm_num_groups","param_value_internal":0,"distribution":"{\"name\": \"CategoricalDistribution\", \"attributes\": {\"choices\": [4, 8]}}"}
{"op_code":5,"worker_id":"a6cdba35-e044-4aa8-982f-cc55a9ee6dff-140607179802432","trial_id":3,"param_name":"emg_emb_dim","param_value_internal":1,"distribution":"{\"name\": \"CategoricalDistribution\", \"attributes\": {\"choices\": [16, 32, 64, 96, 128, 256]}}"}
{"op_code":5,"worker_id":"a6cdba35-e044-4aa8-982f-cc55a9ee6dff-140607179802432","trial_id":3,"param_name":"imu_emb_dim","param_value_internal":0,"distribution":"{\"name\": \"CategoricalDistribution\", \"attributes\": {\"choices\": [16, 32, 64, 96, 128, 256]}}"}
{"op_code":5,"worker_id":"a6cdba35-e044-4aa8-982f-cc55a9ee6dff-140607179802432","trial_id":3,"param_name":"cnn_kernel_size","param_value_internal":2,"distribution":"{\"name\": \"CategoricalDistribution\", \"attributes\": {\"choices\": [3, 5, 7]}}"}
{"op_code":5,"worker_id":"a6cdba35-e044-4aa8-982f-cc55a9ee6dff-140607179802432","trial_id":3,"param_name":"imu_cnn_layers","param_value_internal":2,"distribution":"{\"name\": \"CategoricalDistribution\", \"attributes\": {\"choices\": [1, 2, 3]}}"}
{"op_code":5,"worker_id":"a6cdba35-e044-4aa8-982f-cc55a9ee6dff-140607179802432","trial_id":3,"param_name":"emg_cnn_layers","param_value_internal":0,"distribution":"{\"name\": \"CategoricalDistribution\", \"attributes\": {\"choices\": [1, 2, 3]}}"}
{"op_code":5,"worker_id":"a6cdba35-e044-4aa8-982f-cc55a9ee6dff-140607179802432","trial_id":3,"param_name":"use_film_x_demo","param_value_internal":1,"distribution":"{\"name\": \"CategoricalDistribution\", \"attributes\": {\"choices\": [true, false]}}"}
{"op_code":5,"worker_id":"a6cdba35-e044-4aa8-982f-cc55a9ee6dff-140607179802432","trial_id":3,"param_name":"context_emb_dim","param_value_internal":0,"distribution":"{\"name\": \"CategoricalDistribution\", \"attributes\": {\"choices\": [4, 8, 12, 16]}}"}
{"op_code":5,"worker_id":"a6cdba35-e044-4aa8-982f-cc55a9ee6dff-140607179802432","trial_id":3,"param_name":"context_pool_type","param_value_internal":0,"distribution":"{\"name\": \"CategoricalDistribution\", \"attributes\": {\"choices\": [\"mean\", \"attn\"]}}"}
{"op_code":5,"worker_id":"a6cdba35-e044-4aa8-982f-cc55a9ee6dff-140607179802432","trial_id":3,"param_name":"demo_emb_dim","param_value_internal":0,"distribution":"{\"name\": \"CategoricalDistribution\", \"attributes\": {\"choices\": [4, 8, 16]}}"}
{"op_code":5,"worker_id":"a6cdba35-e044-4aa8-982f-cc55a9ee6dff-140607179802432","trial_id":3,"param_name":"use_lstm","param_value_internal":1,"distribution":"{\"name\": \"CategoricalDistribution\", \"attributes\": {\"choices\": [true, false]}}"}
{"op_code":5,"worker_id":"a6cdba35-e044-4aa8-982f-cc55a9ee6dff-140607179802432","trial_id":3,"param_name":"pre_wd","param_value_internal":2.2812529619809795e-05,"distribution":"{\"name\": \"FloatDistribution\", \"attributes\": {\"step\": null, \"low\": 1e-06, \"high\": 0.001, \"log\": true}}"}
{"op_code":5,"worker_id":"a6cdba35-e044-4aa8-982f-cc55a9ee6dff-140607179802432","trial_id":3,"param_name":"optimizer","param_value_internal":0,"distribution":"{\"name\": \"CategoricalDistribution\", \"attributes\": {\"choices\": [\"adamw\", \"adam\", \"sgd\"]}}"}
{"op_code":5,"worker_id":"a6cdba35-e044-4aa8-982f-cc55a9ee6dff-140607179802432","trial_id":3,"param_name":"meta_batchsize","param_value_internal":2,"distribution":"{\"name\": \"CategoricalDistribution\", \"attributes\": {\"choices\": [4, 8, 16, 32, 64]}}"}
{"op_code":5,"worker_id":"a6cdba35-e044-4aa8-982f-cc55a9ee6dff-140607179802432","trial_id":3,"param_name":"episodes_per_epoch_train","param_value_internal":1,"distribution":"{\"name\": \"CategoricalDistribution\", \"attributes\": {\"choices\": [250, 500, 1000]}}"}
{"op_code":5,"worker_id":"a6cdba35-e044-4aa8-982f-cc55a9ee6dff-140607179802432","trial_id":3,"param_name":"maml_inner_steps","param_value_internal":1.0,"distribution":"{\"name\": \"IntDistribution\", \"attributes\": {\"log\": false, \"step\": 1, \"low\": 1, \"high\": 3}}"}
{"op_code":5,"worker_id":"a6cdba35-e044-4aa8-982f-cc55a9ee6dff-140607179802432","trial_id":3,"param_name":"maml_opt_order","param_value_internal":1,"distribution":"{\"name\": \"CategoricalDistribution\", \"attributes\": {\"choices\": [\"first\", \"second\", \"hybrid\"]}}"}
{"op_code":5,"worker_id":"a6cdba35-e044-4aa8-982f-cc55a9ee6dff-140607179802432","trial_id":3,"param_name":"pre_lr","param_value_internal":0.006389194416762332,"distribution":"{\"name\": \"FloatDistribution\", \"attributes\": {\"step\": null, \"low\": 1e-05, \"high\": 0.05, \"log\": false}}"}
{"op_code":5,"worker_id":"a6cdba35-e044-4aa8-982f-cc55a9ee6dff-140607179802432","trial_id":3,"param_name":"maml_alpha_init","param_value_internal":0.004248683390209596,"distribution":"{\"name\": \"FloatDistribution\", \"attributes\": {\"step\": null, \"low\": 1e-05, \"high\": 0.05, \"log\": false}}"}
{"op_code":5,"worker_id":"a6cdba35-e044-4aa8-982f-cc55a9ee6dff-140607179802432","trial_id":3,"param_name":"maml_alpha_init_eval","param_value_internal":0.03101026194845397,"distribution":"{\"name\": \"FloatDistribution\", \"attributes\": {\"step\": null, \"low\": 1e-05, \"high\": 0.05, \"log\": false}}"}
{"op_code":5,"worker_id":"a6cdba35-e044-4aa8-982f-cc55a9ee6dff-140607179802432","trial_id":3,"param_name":"maml_inner_steps_eval","param_value_internal":1,"distribution":"{\"name\": \"CategoricalDistribution\", \"attributes\": {\"choices\": [3, 5, 10, 15, 20, 30]}}"}
{"op_code":6,"worker_id":"a6cdba35-e044-4aa8-982f-cc55a9ee6dff-140607179802432","trial_id":3,"state":3,"values":null,"datetime_complete":"2026-02-19T13:01:13.252275"}
{"op_code":0,"worker_id":"b482cca4-9a51-4f08-9c1d-915bda2c66fa-140415593576256","study_name":"maml_CNNLSTMMLP_2fcv_hpo","directions":[2]}
{"op_code":4,"worker_id":"b482cca4-9a51-4f08-9c1d-915bda2c66fa-140415593576256","study_id":0,"datetime_start":"2026-02-19T13:02:02.474838"}
{"op_code":5,"worker_id":"b482cca4-9a51-4f08-9c1d-915bda2c66fa-140415593576256","trial_id":7,"param_name":"dropout","param_value_internal":0,"distribution":"{\"name\": \"CategoricalDistribution\", \"attributes\": {\"choices\": [0.0, 0.1, 0.25]}}"}
{"op_code":5,"worker_id":"b482cca4-9a51-4f08-9c1d-915bda2c66fa-140415593576256","trial_id":7,"param_name":"num_experts","param_value_internal":9.0,"distribution":"{\"name\": \"IntDistribution\", \"attributes\": {\"log\": false, \"step\": 1, \"low\": 2, \"high\": 10}}"}
{"op_code":5,"worker_id":"b482cca4-9a51-4f08-9c1d-915bda2c66fa-140415593576256","trial_id":7,"param_name":"use_shared_expert","param_value_internal":1,"distribution":"{\"name\": \"CategoricalDistribution\", \"attributes\": {\"choices\": [true, false]}}"}
{"op_code":5,"worker_id":"b482cca4-9a51-4f08-9c1d-915bda2c66fa-140415593576256","trial_id":7,"param_name":"expert_architecture","param_value_internal":1,"distribution":"{\"name\": \"CategoricalDistribution\", \"attributes\": {\"choices\": [\"MLP\", \"linear\", \"cosine\"]}}"}
{"op_code":5,"worker_id":"b482cca4-9a51-4f08-9c1d-915bda2c66fa-140415593576256","trial_id":7,"param_name":"top_k","param_value_internal":0,"distribution":"{\"name\": \"CategoricalDistribution\", \"attributes\": {\"choices\": [null, 1, 2, 3]}}"}
{"op_code":5,"worker_id":"b482cca4-9a51-4f08-9c1d-915bda2c66fa-140415593576256","trial_id":7,"param_name":"gate_type","param_value_internal":2,"distribution":"{\"name\": \"CategoricalDistribution\", \"attributes\": {\"choices\": [\"context_only\", \"feature_only\", \"demographic_only\", \"context_feature\", \"context_feature_demo\"]}}"}
{"op_code":5,"worker_id":"b482cca4-9a51-4f08-9c1d-915bda2c66fa-140415593576256","trial_id":7,"param_name":"groupnorm_num_groups","param_value_internal":1,"distribution":"{\"name\": \"CategoricalDistribution\", \"attributes\": {\"choices\": [4, 8]}}"}
{"op_code":5,"worker_id":"b482cca4-9a51-4f08-9c1d-915bda2c66fa-140415593576256","trial_id":7,"param_name":"emg_emb_dim","param_value_internal":5,"distribution":"{\"name\": \"CategoricalDistribution\", \"attributes\": {\"choices\": [16, 32, 64, 96, 128, 256]}}"}
{"op_code":5,"worker_id":"b482cca4-9a51-4f08-9c1d-915bda2c66fa-140415593576256","trial_id":7,"param_name":"imu_emb_dim","param_value_internal":4,"distribution":"{\"name\": \"CategoricalDistribution\", \"attributes\": {\"choices\": [16, 32, 64, 96, 128, 256]}}"}
{"op_code":5,"worker_id":"b482cca4-9a51-4f08-9c1d-915bda2c66fa-140415593576256","trial_id":7,"param_name":"cnn_kernel_size","param_value_internal":2,"distribution":"{\"name\": \"CategoricalDistribution\", \"attributes\": {\"choices\": [3, 5, 7]}}"}
{"op_code":5,"worker_id":"b482cca4-9a51-4f08-9c1d-915bda2c66fa-140415593576256","trial_id":7,"param_name":"imu_cnn_layers","param_value_internal":1,"distribution":"{\"name\": \"CategoricalDistribution\", \"attributes\": {\"choices\": [1, 2, 3]}}"}
{"op_code":5,"worker_id":"b482cca4-9a51-4f08-9c1d-915bda2c66fa-140415593576256","trial_id":7,"param_name":"emg_cnn_layers","param_value_internal":1,"distribution":"{\"name\": \"CategoricalDistribution\", \"attributes\": {\"choices\": [1, 2, 3]}}"}
{"op_code":5,"worker_id":"b482cca4-9a51-4f08-9c1d-915bda2c66fa-140415593576256","trial_id":7,"param_name":"use_film_x_demo","param_value_internal":1,"distribution":"{\"name\": \"CategoricalDistribution\", \"attributes\": {\"choices\": [true, false]}}"}
{"op_code":5,"worker_id":"b482cca4-9a51-4f08-9c1d-915bda2c66fa-140415593576256","trial_id":7,"param_name":"context_emb_dim","param_value_internal":0,"distribution":"{\"name\": \"CategoricalDistribution\", \"attributes\": {\"choices\": [4, 8, 12, 16]}}"}
{"op_code":5,"worker_id":"b482cca4-9a51-4f08-9c1d-915bda2c66fa-140415593576256","trial_id":7,"param_name":"context_pool_type","param_value_internal":0,"distribution":"{\"name\": \"CategoricalDistribution\", \"attributes\": {\"choices\": [\"mean\", \"attn\"]}}"}
{"op_code":5,"worker_id":"b482cca4-9a51-4f08-9c1d-915bda2c66fa-140415593576256","trial_id":7,"param_name":"demo_emb_dim","param_value_internal":0,"distribution":"{\"name\": \"CategoricalDistribution\", \"attributes\": {\"choices\": [4, 8, 16]}}"}
{"op_code":5,"worker_id":"b482cca4-9a51-4f08-9c1d-915bda2c66fa-140415593576256","trial_id":7,"param_name":"use_lstm","param_value_internal":0,"distribution":"{\"name\": \"CategoricalDistribution\", \"attributes\": {\"choices\": [true, false]}}"}
{"op_code":5,"worker_id":"b482cca4-9a51-4f08-9c1d-915bda2c66fa-140415593576256","trial_id":7,"param_name":"lstm_hidden","param_value_internal":2,"distribution":"{\"name\": \"CategoricalDistribution\", \"attributes\": {\"choices\": [32, 64, 128]}}"}
{"op_code":5,"worker_id":"b482cca4-9a51-4f08-9c1d-915bda2c66fa-140415593576256","trial_id":7,"param_name":"lstm_layers","param_value_internal":0,"distribution":"{\"name\": \"CategoricalDistribution\", \"attributes\": {\"choices\": [1, 2, 3]}}"}
{"op_code":5,"worker_id":"b482cca4-9a51-4f08-9c1d-915bda2c66fa-140415593576256","trial_id":7,"param_name":"use_GlobalAvgPooling","param_value_internal":0,"distribution":"{\"name\": \"CategoricalDistribution\", \"attributes\": {\"choices\": [true, false]}}"}
{"op_code":5,"worker_id":"b482cca4-9a51-4f08-9c1d-915bda2c66fa-140415593576256","trial_id":7,"param_name":"pre_wd","param_value_internal":4.202032197874835e-05,"distribution":"{\"name\": \"FloatDistribution\", \"attributes\": {\"step\": null, \"low\": 1e-06, \"high\": 0.001, \"log\": true}}"}
{"op_code":5,"worker_id":"b482cca4-9a51-4f08-9c1d-915bda2c66fa-140415593576256","trial_id":7,"param_name":"optimizer","param_value_internal":1,"distribution":"{\"name\": \"CategoricalDistribution\", \"attributes\": {\"choices\": [\"adamw\", \"adam\", \"sgd\"]}}"}
{"op_code":5,"worker_id":"b482cca4-9a51-4f08-9c1d-915bda2c66fa-140415593576256","trial_id":7,"param_name":"meta_batchsize","param_value_internal":4,"distribution":"{\"name\": \"CategoricalDistribution\", \"attributes\": {\"choices\": [4, 8, 16, 32, 64]}}"}
{"op_code":5,"worker_id":"b482cca4-9a51-4f08-9c1d-915bda2c66fa-140415593576256","trial_id":7,"param_name":"episodes_per_epoch_train","param_value_internal":2,"distribution":"{\"name\": \"CategoricalDistribution\", \"attributes\": {\"choices\": [250, 500, 1000]}}"}
{"op_code":5,"worker_id":"b482cca4-9a51-4f08-9c1d-915bda2c66fa-140415593576256","trial_id":7,"param_name":"maml_inner_steps","param_value_internal":1.0,"distribution":"{\"name\": \"IntDistribution\", \"attributes\": {\"log\": false, \"step\": 1, \"low\": 1, \"high\": 3}}"}
{"op_code":5,"worker_id":"b482cca4-9a51-4f08-9c1d-915bda2c66fa-140415593576256","trial_id":7,"param_name":"maml_opt_order","param_value_internal":2,"distribution":"{\"name\": \"CategoricalDistribution\", \"attributes\": {\"choices\": [\"first\", \"second\", \"hybrid\"]}}"}
{"op_code":5,"worker_id":"b482cca4-9a51-4f08-9c1d-915bda2c66fa-140415593576256","trial_id":7,"param_name":"maml_first_order_to_second_order_epoch","param_value_internal":6.0,"distribution":"{\"name\": \"IntDistribution\", \"attributes\": {\"log\": false, \"step\": 1, \"low\": 1, \"high\": 40}}"}
{"op_code":5,"worker_id":"b482cca4-9a51-4f08-9c1d-915bda2c66fa-140415593576256","trial_id":7,"param_name":"pre_lr","param_value_internal":0.03746230467253153,"distribution":"{\"name\": \"FloatDistribution\", \"attributes\": {\"step\": null, \"low\": 1e-05, \"high\": 0.05, \"log\": false}}"}
{"op_code":5,"worker_id":"b482cca4-9a51-4f08-9c1d-915bda2c66fa-140415593576256","trial_id":7,"param_name":"maml_alpha_init","param_value_internal":0.003023438292298901,"distribution":"{\"name\": \"FloatDistribution\", \"attributes\": {\"step\": null, \"low\": 1e-05, \"high\": 0.05, \"log\": false}}"}
{"op_code":5,"worker_id":"b482cca4-9a51-4f08-9c1d-915bda2c66fa-140415593576256","trial_id":7,"param_name":"maml_alpha_init_eval","param_value_internal":0.021076895971569243,"distribution":"{\"name\": \"FloatDistribution\", \"attributes\": {\"step\": null, \"low\": 1e-05, \"high\": 0.05, \"log\": false}}"}
{"op_code":5,"worker_id":"b482cca4-9a51-4f08-9c1d-915bda2c66fa-140415593576256","trial_id":7,"param_name":"maml_inner_steps_eval","param_value_internal":4,"distribution":"{\"name\": \"CategoricalDistribution\", \"attributes\": {\"choices\": [3, 5, 10, 15, 20, 30]}}"}
{"op_code":6,"worker_id":"8282a6a1-b33b-4917-8e86-e757e811ab1a-139755133081408","trial_id":6,"state":3,"values":null,"datetime_complete":"2026-02-19T13:14:06.056641"}
{"op_code":6,"worker_id":"37795d36-5f5a-49d2-ad65-734ba866c68d-140021188777792","trial_id":4,"state":3,"values":null,"datetime_complete":"2026-02-19T13:23:42.181230"}
{"op_code":6,"worker_id":"df6b011b-cb4b-4667-b6d4-8958417b8b1e-139873033144128","trial_id":5,"state":3,"values":null,"datetime_complete":"2026-02-19T13:37:43.850098"}
{"op_code":6,"worker_id":"b482cca4-9a51-4f08-9c1d-915bda2c66fa-140415593576256","trial_id":7,"state":3,"values":null,"datetime_complete":"2026-02-19T14:26:09.047446"}
{"op_code":0,"worker_id":"b38d71ba-e3fa-43d3-9235-816a6360cbee-139860577699648","study_name":"maml_CNNLSTMMLP_2fcv_hpo","directions":[2]}
{"op_code":4,"worker_id":"b38d71ba-e3fa-43d3-9235-816a6360cbee-139860577699648","study_id":0,"datetime_start":"2026-02-20T13:52:48.382820"}
{"op_code":5,"worker_id":"b38d71ba-e3fa-43d3-9235-816a6360cbee-139860577699648","trial_id":8,"param_name":"dropout","param_value_internal":1,"distribution":"{\"name\": \"CategoricalDistribution\", \"attributes\": {\"choices\": [0.0, 0.1, 0.25]}}"}
{"op_code":5,"worker_id":"b38d71ba-e3fa-43d3-9235-816a6360cbee-139860577699648","trial_id":8,"param_name":"num_experts","param_value_internal":3.0,"distribution":"{\"name\": \"IntDistribution\", \"attributes\": {\"log\": false, \"step\": 1, \"low\": 2, \"high\": 10}}"}
{"op_code":5,"worker_id":"b38d71ba-e3fa-43d3-9235-816a6360cbee-139860577699648","trial_id":8,"param_name":"use_shared_expert","param_value_internal":0,"distribution":"{\"name\": \"CategoricalDistribution\", \"attributes\": {\"choices\": [true, false]}}"}
{"op_code":5,"worker_id":"b38d71ba-e3fa-43d3-9235-816a6360cbee-139860577699648","trial_id":8,"param_name":"expert_architecture","param_value_internal":2,"distribution":"{\"name\": \"CategoricalDistribution\", \"attributes\": {\"choices\": [\"MLP\", \"linear\", \"cosine\"]}}"}
{"op_code":5,"worker_id":"b38d71ba-e3fa-43d3-9235-816a6360cbee-139860577699648","trial_id":8,"param_name":"top_k","param_value_internal":3,"distribution":"{\"name\": \"CategoricalDistribution\", \"attributes\": {\"choices\": [null, 1, 2, 3]}}"}
{"op_code":5,"worker_id":"b38d71ba-e3fa-43d3-9235-816a6360cbee-139860577699648","trial_id":8,"param_name":"gate_type","param_value_internal":4,"distribution":"{\"name\": \"CategoricalDistribution\", \"attributes\": {\"choices\": [\"context_only\", \"feature_only\", \"demographic_only\", \"context_feature\", \"context_feature_demo\"]}}"}
{"op_code":5,"worker_id":"b38d71ba-e3fa-43d3-9235-816a6360cbee-139860577699648","trial_id":8,"param_name":"groupnorm_num_groups","param_value_internal":1,"distribution":"{\"name\": \"CategoricalDistribution\", \"attributes\": {\"choices\": [4, 8]}}"}
{"op_code":5,"worker_id":"b38d71ba-e3fa-43d3-9235-816a6360cbee-139860577699648","trial_id":8,"param_name":"emg_emb_dim","param_value_internal":0,"distribution":"{\"name\": \"CategoricalDistribution\", \"attributes\": {\"choices\": [16, 32, 64, 96, 128, 256]}}"}
{"op_code":5,"worker_id":"b38d71ba-e3fa-43d3-9235-816a6360cbee-139860577699648","trial_id":8,"param_name":"imu_emb_dim","param_value_internal":2,"distribution":"{\"name\": \"CategoricalDistribution\", \"attributes\": {\"choices\": [16, 32, 64, 96, 128, 256]}}"}
{"op_code":5,"worker_id":"b38d71ba-e3fa-43d3-9235-816a6360cbee-139860577699648","trial_id":8,"param_name":"cnn_kernel_size","param_value_internal":0,"distribution":"{\"name\": \"CategoricalDistribution\", \"attributes\": {\"choices\": [3, 5, 7]}}"}
{"op_code":5,"worker_id":"b38d71ba-e3fa-43d3-9235-816a6360cbee-139860577699648","trial_id":8,"param_name":"imu_cnn_layers","param_value_internal":1,"distribution":"{\"name\": \"CategoricalDistribution\", \"attributes\": {\"choices\": [1, 2, 3]}}"}
{"op_code":5,"worker_id":"b38d71ba-e3fa-43d3-9235-816a6360cbee-139860577699648","trial_id":8,"param_name":"emg_cnn_layers","param_value_internal":1,"distribution":"{\"name\": \"CategoricalDistribution\", \"attributes\": {\"choices\": [1, 2, 3]}}"}
{"op_code":5,"worker_id":"b38d71ba-e3fa-43d3-9235-816a6360cbee-139860577699648","trial_id":8,"param_name":"use_film_x_demo","param_value_internal":0,"distribution":"{\"name\": \"CategoricalDistribution\", \"attributes\": {\"choices\": [true, false]}}"}
{"op_code":5,"worker_id":"b38d71ba-e3fa-43d3-9235-816a6360cbee-139860577699648","trial_id":8,"param_name":"context_emb_dim","param_value_internal":3,"distribution":"{\"name\": \"CategoricalDistribution\", \"attributes\": {\"choices\": [4, 8, 12, 16]}}"}
{"op_code":5,"worker_id":"b38d71ba-e3fa-43d3-9235-816a6360cbee-139860577699648","trial_id":8,"param_name":"context_pool_type","param_value_internal":0,"distribution":"{\"name\": \"CategoricalDistribution\", \"attributes\": {\"choices\": [\"mean\", \"attn\"]}}"}
{"op_code":5,"worker_id":"b38d71ba-e3fa-43d3-9235-816a6360cbee-139860577699648","trial_id":8,"param_name":"demo_emb_dim","param_value_internal":1,"distribution":"{\"name\": \"CategoricalDistribution\", \"attributes\": {\"choices\": [4, 8, 16]}}"}
{"op_code":5,"worker_id":"b38d71ba-e3fa-43d3-9235-816a6360cbee-139860577699648","trial_id":8,"param_name":"use_lstm","param_value_internal":0,"distribution":"{\"name\": \"CategoricalDistribution\", \"attributes\": {\"choices\": [true, false]}}"}
{"op_code":5,"worker_id":"b38d71ba-e3fa-43d3-9235-816a6360cbee-139860577699648","trial_id":8,"param_name":"lstm_hidden","param_value_internal":2,"distribution":"{\"name\": \"CategoricalDistribution\", \"attributes\": {\"choices\": [32, 64, 128]}}"}
{"op_code":5,"worker_id":"b38d71ba-e3fa-43d3-9235-816a6360cbee-139860577699648","trial_id":8,"param_name":"lstm_layers","param_value_internal":0,"distribution":"{\"name\": \"CategoricalDistribution\", \"attributes\": {\"choices\": [1, 2, 3]}}"}
{"op_code":5,"worker_id":"b38d71ba-e3fa-43d3-9235-816a6360cbee-139860577699648","trial_id":8,"param_name":"use_GlobalAvgPooling","param_value_internal":1,"distribution":"{\"name\": \"CategoricalDistribution\", \"attributes\": {\"choices\": [true, false]}}"}
{"op_code":5,"worker_id":"b38d71ba-e3fa-43d3-9235-816a6360cbee-139860577699648","trial_id":8,"param_name":"pre_wd","param_value_internal":5.606444307692298e-05,"distribution":"{\"name\": \"FloatDistribution\", \"attributes\": {\"step\": null, \"low\": 1e-06, \"high\": 0.001, \"log\": true}}"}
{"op_code":5,"worker_id":"b38d71ba-e3fa-43d3-9235-816a6360cbee-139860577699648","trial_id":8,"param_name":"optimizer","param_value_internal":1,"distribution":"{\"name\": \"CategoricalDistribution\", \"attributes\": {\"choices\": [\"adamw\", \"adam\", \"sgd\"]}}"}
{"op_code":5,"worker_id":"b38d71ba-e3fa-43d3-9235-816a6360cbee-139860577699648","trial_id":8,"param_name":"meta_batchsize","param_value_internal":0,"distribution":"{\"name\": \"CategoricalDistribution\", \"attributes\": {\"choices\": [4, 8, 16, 32, 64]}}"}
{"op_code":5,"worker_id":"b38d71ba-e3fa-43d3-9235-816a6360cbee-139860577699648","trial_id":8,"param_name":"episodes_per_epoch_train","param_value_internal":0,"distribution":"{\"name\": \"CategoricalDistribution\", \"attributes\": {\"choices\": [250, 500, 1000]}}"}
{"op_code":5,"worker_id":"b38d71ba-e3fa-43d3-9235-816a6360cbee-139860577699648","trial_id":8,"param_name":"maml_inner_steps","param_value_internal":2.0,"distribution":"{\"name\": \"IntDistribution\", \"attributes\": {\"log\": false, \"step\": 1, \"low\": 1, \"high\": 3}}"}
{"op_code":5,"worker_id":"b38d71ba-e3fa-43d3-9235-816a6360cbee-139860577699648","trial_id":8,"param_name":"maml_opt_order","param_value_internal":2,"distribution":"{\"name\": \"CategoricalDistribution\", \"attributes\": {\"choices\": [\"first\", \"second\", \"hybrid\"]}}"}
{"op_code":5,"worker_id":"b38d71ba-e3fa-43d3-9235-816a6360cbee-139860577699648","trial_id":8,"param_name":"maml_first_order_to_second_order_epoch","param_value_internal":15.0,"distribution":"{\"name\": \"IntDistribution\", \"attributes\": {\"log\": false, \"step\": 1, \"low\": 1, \"high\": 40}}"}
{"op_code":5,"worker_id":"b38d71ba-e3fa-43d3-9235-816a6360cbee-139860577699648","trial_id":8,"param_name":"pre_lr","param_value_internal":0.009722378931850914,"distribution":"{\"name\": \"FloatDistribution\", \"attributes\": {\"step\": null, \"low\": 1e-05, \"high\": 0.05, \"log\": false}}"}
{"op_code":5,"worker_id":"b38d71ba-e3fa-43d3-9235-816a6360cbee-139860577699648","trial_id":8,"param_name":"maml_alpha_init","param_value_internal":0.027402804791879024,"distribution":"{\"name\": \"FloatDistribution\", \"attributes\": {\"step\": null, \"low\": 1e-05, \"high\": 0.05, \"log\": false}}"}
{"op_code":5,"worker_id":"b38d71ba-e3fa-43d3-9235-816a6360cbee-139860577699648","trial_id":8,"param_name":"maml_alpha_init_eval","param_value_internal":0.03367516385704308,"distribution":"{\"name\": \"FloatDistribution\", \"attributes\": {\"step\": null, \"low\": 1e-05, \"high\": 0.05, \"log\": false}}"}
{"op_code":5,"worker_id":"b38d71ba-e3fa-43d3-9235-816a6360cbee-139860577699648","trial_id":8,"param_name":"maml_inner_steps_eval","param_value_internal":3,"distribution":"{\"name\": \"CategoricalDistribution\", \"attributes\": {\"choices\": [3, 5, 10, 15, 20, 30]}}"}
{"op_code":6,"worker_id":"b38d71ba-e3fa-43d3-9235-816a6360cbee-139860577699648","trial_id":8,"state":3,"values":null,"datetime_complete":"2026-02-20T13:52:48.959266"}
