{"op_code":0,"worker_id":"1be51184-dd8a-4dc4-82a8-c9a6475483e5-140500495800128","study_name":"ablation_A3_1s3w_hpo_v1","directions":[2]}
{"op_code":4,"worker_id":"1be51184-dd8a-4dc4-82a8-c9a6475483e5-140500495800128","study_id":0,"datetime_start":"2026-04-20T09:00:17.006065"}
{"op_code":5,"worker_id":"1be51184-dd8a-4dc4-82a8-c9a6475483e5-140500495800128","trial_id":0,"param_name":"outer_lr","param_value_internal":0.000245988974860714,"distribution":"{\"name\": \"FloatDistribution\", \"attributes\": {\"step\": null, \"low\": 5e-05, \"high\": 0.0005, \"log\": true}}"}
{"op_code":5,"worker_id":"1be51184-dd8a-4dc4-82a8-c9a6475483e5-140500495800128","trial_id":0,"param_name":"wd","param_value_internal":5.642926768595672e-05,"distribution":"{\"name\": \"FloatDistribution\", \"attributes\": {\"step\": null, \"low\": 1e-05, \"high\": 0.001, \"log\": true}}"}
{"op_code":5,"worker_id":"1be51184-dd8a-4dc4-82a8-c9a6475483e5-140500495800128","trial_id":0,"param_name":"maml_inner_steps","param_value_internal":1,"distribution":"{\"name\": \"CategoricalDistribution\", \"attributes\": {\"choices\": [5, 7, 10, 15]}}"}
{"op_code":5,"worker_id":"1be51184-dd8a-4dc4-82a8-c9a6475483e5-140500495800128","trial_id":0,"param_name":"maml_alpha_init","param_value_internal":0.006764000010922838,"distribution":"{\"name\": \"FloatDistribution\", \"attributes\": {\"step\": null, \"low\": 0.0005, \"high\": 0.025, \"log\": true}}"}
{"op_code":5,"worker_id":"1be51184-dd8a-4dc4-82a8-c9a6475483e5-140500495800128","trial_id":0,"param_name":"maml_alpha_init_eval","param_value_internal":0.015592771266989717,"distribution":"{\"name\": \"FloatDistribution\", \"attributes\": {\"step\": null, \"low\": 0.0005, \"high\": 0.05, \"log\": true}}"}
{"op_code":5,"worker_id":"1be51184-dd8a-4dc4-82a8-c9a6475483e5-140500495800128","trial_id":0,"param_name":"maml_use_lslr","param_value_internal":1,"distribution":"{\"name\": \"CategoricalDistribution\", \"attributes\": {\"choices\": [true, false]}}"}
{"op_code":5,"worker_id":"1be51184-dd8a-4dc4-82a8-c9a6475483e5-140500495800128","trial_id":0,"param_name":"use_lslr_at_eval","param_value_internal":0,"distribution":"{\"name\": \"CategoricalDistribution\", \"attributes\": {\"choices\": [true, false]}}"}
{"op_code":5,"worker_id":"1be51184-dd8a-4dc4-82a8-c9a6475483e5-140500495800128","trial_id":0,"param_name":"use_maml_msl","param_value_internal":1,"distribution":"{\"name\": \"CategoricalDistribution\", \"attributes\": {\"choices\": [\"hybrid\", false]}}"}
{"op_code":5,"worker_id":"1be51184-dd8a-4dc4-82a8-c9a6475483e5-140500495800128","trial_id":0,"param_name":"episodes_per_epoch_train","param_value_internal":3,"distribution":"{\"name\": \"CategoricalDistribution\", \"attributes\": {\"choices\": [100, 200, 250, 500]}}"}
{"op_code":8,"worker_id":"1be51184-dd8a-4dc4-82a8-c9a6475483e5-140500495800128","trial_id":0,"user_attr":{"global_best_val_acc":0.6735416666666667}}
{"op_code":8,"worker_id":"1be51184-dd8a-4dc4-82a8-c9a6475483e5-140500495800128","trial_id":0,"user_attr":{"burnin_best_val_acc":0.5905208333333334}}
{"op_code":8,"worker_id":"1be51184-dd8a-4dc4-82a8-c9a6475483e5-140500495800128","trial_id":0,"user_attr":{"burnin_best_epoch":7}}
{"op_code":8,"worker_id":"1be51184-dd8a-4dc4-82a8-c9a6475483e5-140500495800128","trial_id":0,"user_attr":{"n_epochs_run":11}}
{"op_code":8,"worker_id":"1be51184-dd8a-4dc4-82a8-c9a6475483e5-140500495800128","trial_id":0,"user_attr":{"per_user_val_accs":[0.5658333333333334,0.7058333333333333,0.6870833333333333,0.7683333333333334]}}
{"op_code":6,"worker_id":"1be51184-dd8a-4dc4-82a8-c9a6475483e5-140500495800128","trial_id":0,"state":1,"values":[0.6817708333333333],"datetime_complete":"2026-04-20T09:09:48.052246"}
{"op_code":0,"worker_id":"4a467fa3-9008-452a-8e15-1ab904c94524-140123555206976","study_name":"ablation_A3_1s3w_hpo_v1","directions":[2]}
{"op_code":4,"worker_id":"4a467fa3-9008-452a-8e15-1ab904c94524-140123555206976","study_id":0,"datetime_start":"2026-04-20T09:10:36.473974"}
{"op_code":5,"worker_id":"4a467fa3-9008-452a-8e15-1ab904c94524-140123555206976","trial_id":1,"param_name":"outer_lr","param_value_internal":0.00020809903565032988,"distribution":"{\"name\": \"FloatDistribution\", \"attributes\": {\"step\": null, \"low\": 5e-05, \"high\": 0.0005, \"log\": true}}"}
{"op_code":5,"worker_id":"4a467fa3-9008-452a-8e15-1ab904c94524-140123555206976","trial_id":1,"param_name":"wd","param_value_internal":0.0001529901460758193,"distribution":"{\"name\": \"FloatDistribution\", \"attributes\": {\"step\": null, \"low\": 1e-05, \"high\": 0.001, \"log\": true}}"}
{"op_code":5,"worker_id":"4a467fa3-9008-452a-8e15-1ab904c94524-140123555206976","trial_id":1,"param_name":"maml_inner_steps","param_value_internal":0,"distribution":"{\"name\": \"CategoricalDistribution\", \"attributes\": {\"choices\": [5, 7, 10, 15]}}"}
{"op_code":5,"worker_id":"4a467fa3-9008-452a-8e15-1ab904c94524-140123555206976","trial_id":1,"param_name":"maml_alpha_init","param_value_internal":0.0009471453850049777,"distribution":"{\"name\": \"FloatDistribution\", \"attributes\": {\"step\": null, \"low\": 0.0005, \"high\": 0.025, \"log\": true}}"}
{"op_code":5,"worker_id":"4a467fa3-9008-452a-8e15-1ab904c94524-140123555206976","trial_id":1,"param_name":"maml_alpha_init_eval","param_value_internal":0.04908058654757125,"distribution":"{\"name\": \"FloatDistribution\", \"attributes\": {\"step\": null, \"low\": 0.0005, \"high\": 0.05, \"log\": true}}"}
{"op_code":5,"worker_id":"4a467fa3-9008-452a-8e15-1ab904c94524-140123555206976","trial_id":1,"param_name":"maml_use_lslr","param_value_internal":1,"distribution":"{\"name\": \"CategoricalDistribution\", \"attributes\": {\"choices\": [true, false]}}"}
{"op_code":5,"worker_id":"4a467fa3-9008-452a-8e15-1ab904c94524-140123555206976","trial_id":1,"param_name":"use_lslr_at_eval","param_value_internal":0,"distribution":"{\"name\": \"CategoricalDistribution\", \"attributes\": {\"choices\": [true, false]}}"}
{"op_code":5,"worker_id":"4a467fa3-9008-452a-8e15-1ab904c94524-140123555206976","trial_id":1,"param_name":"use_maml_msl","param_value_internal":1,"distribution":"{\"name\": \"CategoricalDistribution\", \"attributes\": {\"choices\": [\"hybrid\", false]}}"}
{"op_code":5,"worker_id":"4a467fa3-9008-452a-8e15-1ab904c94524-140123555206976","trial_id":1,"param_name":"episodes_per_epoch_train","param_value_internal":3,"distribution":"{\"name\": \"CategoricalDistribution\", \"attributes\": {\"choices\": [100, 200, 250, 500]}}"}
{"op_code":8,"worker_id":"4a467fa3-9008-452a-8e15-1ab904c94524-140123555206976","trial_id":1,"user_attr":{"global_best_val_acc":0.6594791666666666}}
{"op_code":8,"worker_id":"4a467fa3-9008-452a-8e15-1ab904c94524-140123555206976","trial_id":1,"user_attr":{"burnin_best_val_acc":0.5532291666666667}}
{"op_code":8,"worker_id":"4a467fa3-9008-452a-8e15-1ab904c94524-140123555206976","trial_id":1,"user_attr":{"burnin_best_epoch":7}}
{"op_code":8,"worker_id":"4a467fa3-9008-452a-8e15-1ab904c94524-140123555206976","trial_id":1,"user_attr":{"n_epochs_run":9}}
{"op_code":8,"worker_id":"4a467fa3-9008-452a-8e15-1ab904c94524-140123555206976","trial_id":1,"user_attr":{"per_user_val_accs":[0.5887500000000001,0.7166666666666667,0.6095833333333333,0.6708333333333333]}}
{"op_code":6,"worker_id":"4a467fa3-9008-452a-8e15-1ab904c94524-140123555206976","trial_id":1,"state":1,"values":[0.6464583333333334],"datetime_complete":"2026-04-20T09:16:34.813140"}
{"op_code":0,"worker_id":"dd8e6a2c-e043-4387-98e6-70025a837689-140117513770816","study_name":"ablation_A3_1s3w_hpo_v1","directions":[2]}
{"op_code":4,"worker_id":"dd8e6a2c-e043-4387-98e6-70025a837689-140117513770816","study_id":0,"datetime_start":"2026-04-20T09:17:12.133043"}
{"op_code":5,"worker_id":"dd8e6a2c-e043-4387-98e6-70025a837689-140117513770816","trial_id":2,"param_name":"outer_lr","param_value_internal":0.0001685216219363172,"distribution":"{\"name\": \"FloatDistribution\", \"attributes\": {\"step\": null, \"low\": 5e-05, \"high\": 0.0005, \"log\": true}}"}
{"op_code":5,"worker_id":"dd8e6a2c-e043-4387-98e6-70025a837689-140117513770816","trial_id":2,"param_name":"wd","param_value_internal":4.299410126639929e-05,"distribution":"{\"name\": \"FloatDistribution\", \"attributes\": {\"step\": null, \"low\": 1e-05, \"high\": 0.001, \"log\": true}}"}
{"op_code":5,"worker_id":"dd8e6a2c-e043-4387-98e6-70025a837689-140117513770816","trial_id":2,"param_name":"maml_inner_steps","param_value_internal":3,"distribution":"{\"name\": \"CategoricalDistribution\", \"attributes\": {\"choices\": [5, 7, 10, 15]}}"}
{"op_code":5,"worker_id":"dd8e6a2c-e043-4387-98e6-70025a837689-140117513770816","trial_id":2,"param_name":"maml_alpha_init","param_value_internal":0.010379202670259113,"distribution":"{\"name\": \"FloatDistribution\", \"attributes\": {\"step\": null, \"low\": 0.0005, \"high\": 0.025, \"log\": true}}"}
{"op_code":5,"worker_id":"dd8e6a2c-e043-4387-98e6-70025a837689-140117513770816","trial_id":2,"param_name":"maml_alpha_init_eval","param_value_internal":0.004474796436994665,"distribution":"{\"name\": \"FloatDistribution\", \"attributes\": {\"step\": null, \"low\": 0.0005, \"high\": 0.05, \"log\": true}}"}
{"op_code":5,"worker_id":"dd8e6a2c-e043-4387-98e6-70025a837689-140117513770816","trial_id":2,"param_name":"maml_use_lslr","param_value_internal":0,"distribution":"{\"name\": \"CategoricalDistribution\", \"attributes\": {\"choices\": [true, false]}}"}
{"op_code":5,"worker_id":"dd8e6a2c-e043-4387-98e6-70025a837689-140117513770816","trial_id":2,"param_name":"use_lslr_at_eval","param_value_internal":0,"distribution":"{\"name\": \"CategoricalDistribution\", \"attributes\": {\"choices\": [true, false]}}"}
{"op_code":5,"worker_id":"dd8e6a2c-e043-4387-98e6-70025a837689-140117513770816","trial_id":2,"param_name":"use_maml_msl","param_value_internal":1,"distribution":"{\"name\": \"CategoricalDistribution\", \"attributes\": {\"choices\": [\"hybrid\", false]}}"}
{"op_code":5,"worker_id":"dd8e6a2c-e043-4387-98e6-70025a837689-140117513770816","trial_id":2,"param_name":"episodes_per_epoch_train","param_value_internal":0,"distribution":"{\"name\": \"CategoricalDistribution\", \"attributes\": {\"choices\": [100, 200, 250, 500]}}"}
{"op_code":8,"worker_id":"dd8e6a2c-e043-4387-98e6-70025a837689-140117513770816","trial_id":2,"user_attr":{"global_best_val_acc":0.81375}}
{"op_code":8,"worker_id":"dd8e6a2c-e043-4387-98e6-70025a837689-140117513770816","trial_id":2,"user_attr":{"burnin_best_val_acc":0.81375}}
{"op_code":8,"worker_id":"dd8e6a2c-e043-4387-98e6-70025a837689-140117513770816","trial_id":2,"user_attr":{"burnin_best_epoch":9}}
{"op_code":8,"worker_id":"dd8e6a2c-e043-4387-98e6-70025a837689-140117513770816","trial_id":2,"user_attr":{"n_epochs_run":19}}
{"op_code":8,"worker_id":"dd8e6a2c-e043-4387-98e6-70025a837689-140117513770816","trial_id":2,"user_attr":{"per_user_val_accs":[0.7133333333333333,0.8962499999999999,0.8191666666666667,0.8049999999999998]}}
{"op_code":6,"worker_id":"dd8e6a2c-e043-4387-98e6-70025a837689-140117513770816","trial_id":2,"state":1,"values":[0.8084374999999999],"datetime_complete":"2026-04-20T09:34:27.024658"}
{"op_code":0,"worker_id":"60541602-78c5-40c2-ad51-12c7535b551d-140198948550464","study_name":"ablation_A3_1s3w_hpo_v1","directions":[2]}
{"op_code":4,"worker_id":"60541602-78c5-40c2-ad51-12c7535b551d-140198948550464","study_id":0,"datetime_start":"2026-04-20T09:35:10.130738"}
{"op_code":5,"worker_id":"60541602-78c5-40c2-ad51-12c7535b551d-140198948550464","trial_id":3,"param_name":"outer_lr","param_value_internal":8.91116505264898e-05,"distribution":"{\"name\": \"FloatDistribution\", \"attributes\": {\"step\": null, \"low\": 5e-05, \"high\": 0.0005, \"log\": true}}"}
{"op_code":5,"worker_id":"60541602-78c5-40c2-ad51-12c7535b551d-140198948550464","trial_id":3,"param_name":"wd","param_value_internal":4.938175846178212e-05,"distribution":"{\"name\": \"FloatDistribution\", \"attributes\": {\"step\": null, \"low\": 1e-05, \"high\": 0.001, \"log\": true}}"}
{"op_code":5,"worker_id":"60541602-78c5-40c2-ad51-12c7535b551d-140198948550464","trial_id":3,"param_name":"maml_inner_steps","param_value_internal":0,"distribution":"{\"name\": \"CategoricalDistribution\", \"attributes\": {\"choices\": [5, 7, 10, 15]}}"}
{"op_code":5,"worker_id":"60541602-78c5-40c2-ad51-12c7535b551d-140198948550464","trial_id":3,"param_name":"maml_alpha_init","param_value_internal":0.010924321882965516,"distribution":"{\"name\": \"FloatDistribution\", \"attributes\": {\"step\": null, \"low\": 0.0005, \"high\": 0.025, \"log\": true}}"}
{"op_code":5,"worker_id":"60541602-78c5-40c2-ad51-12c7535b551d-140198948550464","trial_id":3,"param_name":"maml_alpha_init_eval","param_value_internal":0.021529892647341682,"distribution":"{\"name\": \"FloatDistribution\", \"attributes\": {\"step\": null, \"low\": 0.0005, \"high\": 0.05, \"log\": true}}"}
{"op_code":5,"worker_id":"60541602-78c5-40c2-ad51-12c7535b551d-140198948550464","trial_id":3,"param_name":"maml_use_lslr","param_value_internal":0,"distribution":"{\"name\": \"CategoricalDistribution\", \"attributes\": {\"choices\": [true, false]}}"}
{"op_code":5,"worker_id":"60541602-78c5-40c2-ad51-12c7535b551d-140198948550464","trial_id":3,"param_name":"use_lslr_at_eval","param_value_internal":0,"distribution":"{\"name\": \"CategoricalDistribution\", \"attributes\": {\"choices\": [true, false]}}"}
{"op_code":5,"worker_id":"60541602-78c5-40c2-ad51-12c7535b551d-140198948550464","trial_id":3,"param_name":"use_maml_msl","param_value_internal":0,"distribution":"{\"name\": \"CategoricalDistribution\", \"attributes\": {\"choices\": [\"hybrid\", false]}}"}
{"op_code":5,"worker_id":"60541602-78c5-40c2-ad51-12c7535b551d-140198948550464","trial_id":3,"param_name":"maml_msl_num_epochs","param_value_internal":16.0,"distribution":"{\"name\": \"IntDistribution\", \"attributes\": {\"log\": false, \"step\": 1, \"low\": 1, \"high\": 40}}"}
{"op_code":5,"worker_id":"60541602-78c5-40c2-ad51-12c7535b551d-140198948550464","trial_id":3,"param_name":"episodes_per_epoch_train","param_value_internal":1,"distribution":"{\"name\": \"CategoricalDistribution\", \"attributes\": {\"choices\": [100, 200, 250, 500]}}"}
{"op_code":8,"worker_id":"60541602-78c5-40c2-ad51-12c7535b551d-140198948550464","trial_id":3,"user_attr":{"global_best_val_acc":0.7505208333333333}}
{"op_code":8,"worker_id":"60541602-78c5-40c2-ad51-12c7535b551d-140198948550464","trial_id":3,"user_attr":{"burnin_best_val_acc":0.7126041666666667}}
{"op_code":8,"worker_id":"60541602-78c5-40c2-ad51-12c7535b551d-140198948550464","trial_id":3,"user_attr":{"burnin_best_epoch":5}}
{"op_code":8,"worker_id":"60541602-78c5-40c2-ad51-12c7535b551d-140198948550464","trial_id":3,"user_attr":{"n_epochs_run":16}}
{"op_code":8,"worker_id":"60541602-78c5-40c2-ad51-12c7535b551d-140198948550464","trial_id":3,"user_attr":{"per_user_val_accs":[0.6545833333333333,0.8629166666666667,0.7541666666666665,0.7916666666666667]}}
{"op_code":6,"worker_id":"60541602-78c5-40c2-ad51-12c7535b551d-140198948550464","trial_id":3,"state":1,"values":[0.7658333333333334],"datetime_complete":"2026-04-20T09:42:46.367360"}
{"op_code":0,"worker_id":"ccf6521b-c6fe-498a-8258-6b919eac48c3-140581192243008","study_name":"ablation_A3_1s3w_hpo_v1","directions":[2]}
{"op_code":4,"worker_id":"ccf6521b-c6fe-498a-8258-6b919eac48c3-140581192243008","study_id":0,"datetime_start":"2026-04-20T09:43:29.198837"}
{"op_code":5,"worker_id":"ccf6521b-c6fe-498a-8258-6b919eac48c3-140581192243008","trial_id":4,"param_name":"outer_lr","param_value_internal":5.468422147428255e-05,"distribution":"{\"name\": \"FloatDistribution\", \"attributes\": {\"step\": null, \"low\": 5e-05, \"high\": 0.0005, \"log\": true}}"}
{"op_code":5,"worker_id":"ccf6521b-c6fe-498a-8258-6b919eac48c3-140581192243008","trial_id":4,"param_name":"wd","param_value_internal":5.379107020209652e-05,"distribution":"{\"name\": \"FloatDistribution\", \"attributes\": {\"step\": null, \"low\": 1e-05, \"high\": 0.001, \"log\": true}}"}
{"op_code":5,"worker_id":"ccf6521b-c6fe-498a-8258-6b919eac48c3-140581192243008","trial_id":4,"param_name":"maml_inner_steps","param_value_internal":1,"distribution":"{\"name\": \"CategoricalDistribution\", \"attributes\": {\"choices\": [5, 7, 10, 15]}}"}
{"op_code":5,"worker_id":"ccf6521b-c6fe-498a-8258-6b919eac48c3-140581192243008","trial_id":4,"param_name":"maml_alpha_init","param_value_internal":0.0022117226468415644,"distribution":"{\"name\": \"FloatDistribution\", \"attributes\": {\"step\": null, \"low\": 0.0005, \"high\": 0.025, \"log\": true}}"}
{"op_code":5,"worker_id":"ccf6521b-c6fe-498a-8258-6b919eac48c3-140581192243008","trial_id":4,"param_name":"maml_alpha_init_eval","param_value_internal":0.001481193717837233,"distribution":"{\"name\": \"FloatDistribution\", \"attributes\": {\"step\": null, \"low\": 0.0005, \"high\": 0.05, \"log\": true}}"}
{"op_code":5,"worker_id":"ccf6521b-c6fe-498a-8258-6b919eac48c3-140581192243008","trial_id":4,"param_name":"maml_use_lslr","param_value_internal":0,"distribution":"{\"name\": \"CategoricalDistribution\", \"attributes\": {\"choices\": [true, false]}}"}
{"op_code":5,"worker_id":"ccf6521b-c6fe-498a-8258-6b919eac48c3-140581192243008","trial_id":4,"param_name":"use_lslr_at_eval","param_value_internal":1,"distribution":"{\"name\": \"CategoricalDistribution\", \"attributes\": {\"choices\": [true, false]}}"}
{"op_code":5,"worker_id":"ccf6521b-c6fe-498a-8258-6b919eac48c3-140581192243008","trial_id":4,"param_name":"use_maml_msl","param_value_internal":0,"distribution":"{\"name\": \"CategoricalDistribution\", \"attributes\": {\"choices\": [\"hybrid\", false]}}"}
{"op_code":5,"worker_id":"ccf6521b-c6fe-498a-8258-6b919eac48c3-140581192243008","trial_id":4,"param_name":"maml_msl_num_epochs","param_value_internal":9.0,"distribution":"{\"name\": \"IntDistribution\", \"attributes\": {\"log\": false, \"step\": 1, \"low\": 1, \"high\": 40}}"}
{"op_code":5,"worker_id":"ccf6521b-c6fe-498a-8258-6b919eac48c3-140581192243008","trial_id":4,"param_name":"episodes_per_epoch_train","param_value_internal":1,"distribution":"{\"name\": \"CategoricalDistribution\", \"attributes\": {\"choices\": [100, 200, 250, 500]}}"}
{"op_code":8,"worker_id":"ccf6521b-c6fe-498a-8258-6b919eac48c3-140581192243008","trial_id":4,"user_attr":{"global_best_val_acc":0.7076041666666667}}
{"op_code":8,"worker_id":"ccf6521b-c6fe-498a-8258-6b919eac48c3-140581192243008","trial_id":4,"user_attr":{"burnin_best_val_acc":0.7076041666666667}}
{"op_code":8,"worker_id":"ccf6521b-c6fe-498a-8258-6b919eac48c3-140581192243008","trial_id":4,"user_attr":{"burnin_best_epoch":8}}
{"op_code":8,"worker_id":"ccf6521b-c6fe-498a-8258-6b919eac48c3-140581192243008","trial_id":4,"user_attr":{"n_epochs_run":20}}
{"op_code":8,"worker_id":"ccf6521b-c6fe-498a-8258-6b919eac48c3-140581192243008","trial_id":4,"user_attr":{"per_user_val_accs":[0.6395833333333334,0.7833333333333333,0.73,0.6475000000000002]}}
{"op_code":6,"worker_id":"ccf6521b-c6fe-498a-8258-6b919eac48c3-140581192243008","trial_id":4,"state":1,"values":[0.7001041666666667],"datetime_complete":"2026-04-20T10:01:40.112390"}
