{"op_code":0,"worker_id":"8158d31c-47a1-4839-8ea7-2699405cab23-140165339887424","study_name":"mamlpp_pretr_ContrastiveNet_2fcv_hpo","directions":[2]}
{"op_code":4,"worker_id":"8158d31c-47a1-4839-8ea7-2699405cab23-140165339887424","study_id":0,"datetime_start":"2026-03-23T23:23:48.929684"}
{"op_code":5,"worker_id":"8158d31c-47a1-4839-8ea7-2699405cab23-140165339887424","trial_id":0,"param_name":"meta_batchsize","param_value_internal":1,"distribution":"{\"name\": \"CategoricalDistribution\", \"attributes\": {\"choices\": [16, 32, 64]}}"}
{"op_code":5,"worker_id":"8158d31c-47a1-4839-8ea7-2699405cab23-140165339887424","trial_id":0,"param_name":"maml_inner_steps","param_value_internal":1,"distribution":"{\"name\": \"CategoricalDistribution\", \"attributes\": {\"choices\": [2, 3, 5, 7]}}"}
{"op_code":5,"worker_id":"8158d31c-47a1-4839-8ea7-2699405cab23-140165339887424","trial_id":0,"param_name":"maml_inner_steps_eval","param_value_internal":1,"distribution":"{\"name\": \"CategoricalDistribution\", \"attributes\": {\"choices\": [10, 15, 20, 30]}}"}
{"op_code":5,"worker_id":"8158d31c-47a1-4839-8ea7-2699405cab23-140165339887424","trial_id":0,"param_name":"maml_alpha_init","param_value_internal":0.004824759573675675,"distribution":"{\"name\": \"FloatDistribution\", \"attributes\": {\"step\": null, \"low\": 0.0001, \"high\": 0.1, \"log\": true}}"}
{"op_code":5,"worker_id":"8158d31c-47a1-4839-8ea7-2699405cab23-140165339887424","trial_id":0,"param_name":"maml_alpha_init_eval","param_value_internal":0.0019208547876289556,"distribution":"{\"name\": \"FloatDistribution\", \"attributes\": {\"step\": null, \"low\": 0.0001, \"high\": 0.01, \"log\": true}}"}
{"op_code":5,"worker_id":"8158d31c-47a1-4839-8ea7-2699405cab23-140165339887424","trial_id":0,"param_name":"outer_lr","param_value_internal":0.0002263103233610028,"distribution":"{\"name\": \"FloatDistribution\", \"attributes\": {\"step\": null, \"low\": 1e-05, \"high\": 0.01, \"log\": true}}"}
{"op_code":5,"worker_id":"8158d31c-47a1-4839-8ea7-2699405cab23-140165339887424","trial_id":0,"param_name":"wd","param_value_internal":1.4619293203552928e-06,"distribution":"{\"name\": \"FloatDistribution\", \"attributes\": {\"step\": null, \"low\": 1e-06, \"high\": 0.0001, \"log\": true}}"}
{"op_code":5,"worker_id":"8158d31c-47a1-4839-8ea7-2699405cab23-140165339887424","trial_id":0,"param_name":"groupnorm_num_groups","param_value_internal":0,"distribution":"{\"name\": \"CategoricalDistribution\", \"attributes\": {\"choices\": [4, 8]}}"}
{"op_code":5,"worker_id":"8158d31c-47a1-4839-8ea7-2699405cab23-140165339887424","trial_id":0,"param_name":"emg_width","param_value_internal":2,"distribution":"{\"name\": \"CategoricalDistribution\", \"attributes\": {\"choices\": [32, 64, 128, 256]}}"}
{"op_code":5,"worker_id":"8158d31c-47a1-4839-8ea7-2699405cab23-140165339887424","trial_id":0,"param_name":"imu_width","param_value_internal":1,"distribution":"{\"name\": \"CategoricalDistribution\", \"attributes\": {\"choices\": [32, 64, 128, 256]}}"}
{"op_code":5,"worker_id":"8158d31c-47a1-4839-8ea7-2699405cab23-140165339887424","trial_id":0,"param_name":"emg_depth","param_value_internal":3.0,"distribution":"{\"name\": \"IntDistribution\", \"attributes\": {\"log\": false, \"step\": 1, \"low\": 2, \"high\": 4}}"}
{"op_code":5,"worker_id":"8158d31c-47a1-4839-8ea7-2699405cab23-140165339887424","trial_id":0,"param_name":"imu_depth","param_value_internal":2.0,"distribution":"{\"name\": \"IntDistribution\", \"attributes\": {\"log\": false, \"step\": 1, \"low\": 2, \"high\": 4}}"}
{"op_code":5,"worker_id":"8158d31c-47a1-4839-8ea7-2699405cab23-140165339887424","trial_id":0,"param_name":"cnn_kernel","param_value_internal":0,"distribution":"{\"name\": \"CategoricalDistribution\", \"attributes\": {\"choices\": [3, 5]}}"}
{"op_code":5,"worker_id":"8158d31c-47a1-4839-8ea7-2699405cab23-140165339887424","trial_id":0,"param_name":"lstm_hidden","param_value_internal":1,"distribution":"{\"name\": \"CategoricalDistribution\", \"attributes\": {\"choices\": [64, 128, 256]}}"}
{"op_code":5,"worker_id":"8158d31c-47a1-4839-8ea7-2699405cab23-140165339887424","trial_id":0,"param_name":"lstm_layers","param_value_internal":2.0,"distribution":"{\"name\": \"IntDistribution\", \"attributes\": {\"log\": false, \"step\": 1, \"low\": 1, \"high\": 3}}"}
{"op_code":5,"worker_id":"8158d31c-47a1-4839-8ea7-2699405cab23-140165339887424","trial_id":0,"param_name":"use_GlobalAvgPooling","param_value_internal":1,"distribution":"{\"name\": \"CategoricalDistribution\", \"attributes\": {\"choices\": [true, false]}}"}
{"op_code":5,"worker_id":"8158d31c-47a1-4839-8ea7-2699405cab23-140165339887424","trial_id":0,"param_name":"finetuning_approach","param_value_internal":0,"distribution":"{\"name\": \"CategoricalDistribution\", \"attributes\": {\"choices\": [\"full\"]}}"}
{"op_code":5,"worker_id":"8158d31c-47a1-4839-8ea7-2699405cab23-140165339887424","trial_id":0,"param_name":"use_film_x_demo","param_value_internal":0,"distribution":"{\"name\": \"CategoricalDistribution\", \"attributes\": {\"choices\": [true, false]}}"}
{"op_code":5,"worker_id":"8158d31c-47a1-4839-8ea7-2699405cab23-140165339887424","trial_id":0,"param_name":"context_emb_dim","param_value_internal":1,"distribution":"{\"name\": \"CategoricalDistribution\", \"attributes\": {\"choices\": [8, 16, 32, 64]}}"}
{"op_code":5,"worker_id":"8158d31c-47a1-4839-8ea7-2699405cab23-140165339887424","trial_id":0,"param_name":"demo_emb_dim","param_value_internal":3,"distribution":"{\"name\": \"CategoricalDistribution\", \"attributes\": {\"choices\": [8, 16, 32, 64]}}"}
{"op_code":5,"worker_id":"8158d31c-47a1-4839-8ea7-2699405cab23-140165339887424","trial_id":0,"param_name":"context_pool_type","param_value_internal":1,"distribution":"{\"name\": \"CategoricalDistribution\", \"attributes\": {\"choices\": [\"mean\", \"attn\"]}}"}
{"op_code":5,"worker_id":"8158d31c-47a1-4839-8ea7-2699405cab23-140165339887424","trial_id":0,"param_name":"episodes_per_epoch_train","param_value_internal":0,"distribution":"{\"name\": \"CategoricalDistribution\", \"attributes\": {\"choices\": [250, 500]}}"}
{"op_code":5,"worker_id":"8158d31c-47a1-4839-8ea7-2699405cab23-140165339887424","trial_id":0,"param_name":"optimizer","param_value_internal":0,"distribution":"{\"name\": \"CategoricalDistribution\", \"attributes\": {\"choices\": [\"adamw\", \"adam\", \"sgd\"]}}"}
{"op_code":5,"worker_id":"8158d31c-47a1-4839-8ea7-2699405cab23-140165339887424","trial_id":0,"param_name":"use_maml_msl","param_value_internal":0,"distribution":"{\"name\": \"CategoricalDistribution\", \"attributes\": {\"choices\": [true, false, \"hybrid\"]}}"}
{"op_code":5,"worker_id":"8158d31c-47a1-4839-8ea7-2699405cab23-140165339887424","trial_id":0,"param_name":"maml_opt_order","param_value_internal":2,"distribution":"{\"name\": \"CategoricalDistribution\", \"attributes\": {\"choices\": [\"first\", \"second\", \"hybrid\"]}}"}
{"op_code":5,"worker_id":"8158d31c-47a1-4839-8ea7-2699405cab23-140165339887424","trial_id":0,"param_name":"maml_first_order_to_second_order_epoch","param_value_internal":12.0,"distribution":"{\"name\": \"IntDistribution\", \"attributes\": {\"log\": false, \"step\": 1, \"low\": 1, \"high\": 40}}"}
{"op_code":6,"worker_id":"8158d31c-47a1-4839-8ea7-2699405cab23-140165339887424","trial_id":0,"state":3,"values":null,"datetime_complete":"2026-03-23T23:23:49.886221"}
{"op_code":0,"worker_id":"41424405-8726-48a1-8c08-7a984bdf6f9c-140253854037824","study_name":"mamlpp_pretr_ContrastiveNet_2fcv_hpo","directions":[2]}
{"op_code":4,"worker_id":"41424405-8726-48a1-8c08-7a984bdf6f9c-140253854037824","study_id":0,"datetime_start":"2026-03-24T10:01:45.927427"}
{"op_code":6,"worker_id":"41424405-8726-48a1-8c08-7a984bdf6f9c-140253854037824","trial_id":1,"state":3,"values":null,"datetime_complete":"2026-03-24T10:01:45.953319"}
{"op_code":0,"worker_id":"05e5d91a-4300-4bd6-992c-d95efdcfbebb-140022578337600","study_name":"mamlpp_pretr_ContrastiveNet_2fcv_hpo","directions":[2]}
{"op_code":4,"worker_id":"05e5d91a-4300-4bd6-992c-d95efdcfbebb-140022578337600","study_id":0,"datetime_start":"2026-03-24T10:06:12.215802"}
{"op_code":5,"worker_id":"05e5d91a-4300-4bd6-992c-d95efdcfbebb-140022578337600","trial_id":2,"param_name":"meta_batchsize","param_value_internal":1,"distribution":"{\"name\": \"CategoricalDistribution\", \"attributes\": {\"choices\": [16, 32, 64]}}"}
{"op_code":5,"worker_id":"05e5d91a-4300-4bd6-992c-d95efdcfbebb-140022578337600","trial_id":2,"param_name":"maml_inner_steps","param_value_internal":1,"distribution":"{\"name\": \"CategoricalDistribution\", \"attributes\": {\"choices\": [2, 3, 5, 7]}}"}
{"op_code":5,"worker_id":"05e5d91a-4300-4bd6-992c-d95efdcfbebb-140022578337600","trial_id":2,"param_name":"maml_inner_steps_eval","param_value_internal":0,"distribution":"{\"name\": \"CategoricalDistribution\", \"attributes\": {\"choices\": [10, 15, 20, 30]}}"}
{"op_code":5,"worker_id":"05e5d91a-4300-4bd6-992c-d95efdcfbebb-140022578337600","trial_id":2,"param_name":"maml_alpha_init","param_value_internal":0.0006643911012091984,"distribution":"{\"name\": \"FloatDistribution\", \"attributes\": {\"step\": null, \"low\": 0.0001, \"high\": 0.1, \"log\": true}}"}
{"op_code":5,"worker_id":"05e5d91a-4300-4bd6-992c-d95efdcfbebb-140022578337600","trial_id":2,"param_name":"maml_alpha_init_eval","param_value_internal":0.00015881651533834187,"distribution":"{\"name\": \"FloatDistribution\", \"attributes\": {\"step\": null, \"low\": 0.0001, \"high\": 0.01, \"log\": true}}"}
{"op_code":5,"worker_id":"05e5d91a-4300-4bd6-992c-d95efdcfbebb-140022578337600","trial_id":2,"param_name":"outer_lr","param_value_internal":0.0021252844139077283,"distribution":"{\"name\": \"FloatDistribution\", \"attributes\": {\"step\": null, \"low\": 1e-05, \"high\": 0.01, \"log\": true}}"}
{"op_code":5,"worker_id":"05e5d91a-4300-4bd6-992c-d95efdcfbebb-140022578337600","trial_id":2,"param_name":"wd","param_value_internal":5.4200793578482885e-05,"distribution":"{\"name\": \"FloatDistribution\", \"attributes\": {\"step\": null, \"low\": 1e-06, \"high\": 0.0001, \"log\": true}}"}
{"op_code":5,"worker_id":"05e5d91a-4300-4bd6-992c-d95efdcfbebb-140022578337600","trial_id":2,"param_name":"groupnorm_num_groups","param_value_internal":1,"distribution":"{\"name\": \"CategoricalDistribution\", \"attributes\": {\"choices\": [4, 8]}}"}
{"op_code":5,"worker_id":"05e5d91a-4300-4bd6-992c-d95efdcfbebb-140022578337600","trial_id":2,"param_name":"use_GlobalAvgPooling","param_value_internal":1,"distribution":"{\"name\": \"CategoricalDistribution\", \"attributes\": {\"choices\": [true, false]}}"}
{"op_code":5,"worker_id":"05e5d91a-4300-4bd6-992c-d95efdcfbebb-140022578337600","trial_id":2,"param_name":"finetuning_approach","param_value_internal":0,"distribution":"{\"name\": \"CategoricalDistribution\", \"attributes\": {\"choices\": [\"full\"]}}"}
{"op_code":5,"worker_id":"05e5d91a-4300-4bd6-992c-d95efdcfbebb-140022578337600","trial_id":2,"param_name":"use_film_x_demo","param_value_internal":1,"distribution":"{\"name\": \"CategoricalDistribution\", \"attributes\": {\"choices\": [true, false]}}"}
{"op_code":5,"worker_id":"05e5d91a-4300-4bd6-992c-d95efdcfbebb-140022578337600","trial_id":2,"param_name":"context_emb_dim","param_value_internal":3,"distribution":"{\"name\": \"CategoricalDistribution\", \"attributes\": {\"choices\": [8, 16, 32, 64]}}"}
{"op_code":5,"worker_id":"05e5d91a-4300-4bd6-992c-d95efdcfbebb-140022578337600","trial_id":2,"param_name":"demo_emb_dim","param_value_internal":3,"distribution":"{\"name\": \"CategoricalDistribution\", \"attributes\": {\"choices\": [8, 16, 32, 64]}}"}
{"op_code":5,"worker_id":"05e5d91a-4300-4bd6-992c-d95efdcfbebb-140022578337600","trial_id":2,"param_name":"context_pool_type","param_value_internal":1,"distribution":"{\"name\": \"CategoricalDistribution\", \"attributes\": {\"choices\": [\"mean\", \"attn\"]}}"}
{"op_code":5,"worker_id":"05e5d91a-4300-4bd6-992c-d95efdcfbebb-140022578337600","trial_id":2,"param_name":"episodes_per_epoch_train","param_value_internal":0,"distribution":"{\"name\": \"CategoricalDistribution\", \"attributes\": {\"choices\": [250, 500]}}"}
{"op_code":5,"worker_id":"05e5d91a-4300-4bd6-992c-d95efdcfbebb-140022578337600","trial_id":2,"param_name":"optimizer","param_value_internal":1,"distribution":"{\"name\": \"CategoricalDistribution\", \"attributes\": {\"choices\": [\"adamw\", \"adam\", \"sgd\"]}}"}
{"op_code":5,"worker_id":"05e5d91a-4300-4bd6-992c-d95efdcfbebb-140022578337600","trial_id":2,"param_name":"use_maml_msl","param_value_internal":1,"distribution":"{\"name\": \"CategoricalDistribution\", \"attributes\": {\"choices\": [true, false, \"hybrid\"]}}"}
{"op_code":5,"worker_id":"05e5d91a-4300-4bd6-992c-d95efdcfbebb-140022578337600","trial_id":2,"param_name":"maml_opt_order","param_value_internal":2,"distribution":"{\"name\": \"CategoricalDistribution\", \"attributes\": {\"choices\": [\"first\", \"second\", \"hybrid\"]}}"}
{"op_code":5,"worker_id":"05e5d91a-4300-4bd6-992c-d95efdcfbebb-140022578337600","trial_id":2,"param_name":"maml_first_order_to_second_order_epoch","param_value_internal":15.0,"distribution":"{\"name\": \"IntDistribution\", \"attributes\": {\"log\": false, \"step\": 1, \"low\": 1, \"high\": 40}}"}
{"op_code":8,"worker_id":"05e5d91a-4300-4bd6-992c-d95efdcfbebb-140022578337600","trial_id":2,"user_attr":{"fold_mean_accs":[0.3895833333333334,0.3645833333333333]}}
{"op_code":8,"worker_id":"05e5d91a-4300-4bd6-992c-d95efdcfbebb-140022578337600","trial_id":2,"user_attr":{"fold_user_accs":[[0.425,0.4666666666666667,0.33333333333333337,0.33333333333333337],[0.33333333333333337,0.36666666666666664,0.26666666666666666,0.4916666666666667]]}}
{"op_code":8,"worker_id":"05e5d91a-4300-4bd6-992c-d95efdcfbebb-140022578337600","trial_id":2,"user_attr":{"mean_pretrain_val_acc":0.3770833333333333}}
{"op_code":6,"worker_id":"05e5d91a-4300-4bd6-992c-d95efdcfbebb-140022578337600","trial_id":2,"state":1,"values":[0.3770833333333333],"datetime_complete":"2026-03-24T10:13:05.343409"}
{"op_code":0,"worker_id":"4ae44871-49d5-46ac-88c6-41ca20cdb75c-140592427972416","study_name":"mamlpp_pretr_ContrastiveNet_2fcv_hpo","directions":[2]}
{"op_code":4,"worker_id":"4ae44871-49d5-46ac-88c6-41ca20cdb75c-140592427972416","study_id":0,"datetime_start":"2026-03-24T10:19:13.880048"}
{"op_code":5,"worker_id":"4ae44871-49d5-46ac-88c6-41ca20cdb75c-140592427972416","trial_id":3,"param_name":"meta_batchsize","param_value_internal":0,"distribution":"{\"name\": \"CategoricalDistribution\", \"attributes\": {\"choices\": [16, 32, 64]}}"}
{"op_code":5,"worker_id":"4ae44871-49d5-46ac-88c6-41ca20cdb75c-140592427972416","trial_id":3,"param_name":"maml_inner_steps","param_value_internal":1,"distribution":"{\"name\": \"CategoricalDistribution\", \"attributes\": {\"choices\": [2, 3, 5, 7]}}"}
{"op_code":5,"worker_id":"4ae44871-49d5-46ac-88c6-41ca20cdb75c-140592427972416","trial_id":3,"param_name":"maml_inner_steps_eval","param_value_internal":1,"distribution":"{\"name\": \"CategoricalDistribution\", \"attributes\": {\"choices\": [10, 15, 20, 30]}}"}
{"op_code":5,"worker_id":"4ae44871-49d5-46ac-88c6-41ca20cdb75c-140592427972416","trial_id":3,"param_name":"maml_alpha_init","param_value_internal":0.03868732789884283,"distribution":"{\"name\": \"FloatDistribution\", \"attributes\": {\"step\": null, \"low\": 0.0001, \"high\": 0.1, \"log\": true}}"}
{"op_code":5,"worker_id":"4ae44871-49d5-46ac-88c6-41ca20cdb75c-140592427972416","trial_id":3,"param_name":"maml_alpha_init_eval","param_value_internal":0.0007054714271587809,"distribution":"{\"name\": \"FloatDistribution\", \"attributes\": {\"step\": null, \"low\": 0.0001, \"high\": 0.01, \"log\": true}}"}
{"op_code":5,"worker_id":"4ae44871-49d5-46ac-88c6-41ca20cdb75c-140592427972416","trial_id":3,"param_name":"outer_lr","param_value_internal":0.0005146296828142062,"distribution":"{\"name\": \"FloatDistribution\", \"attributes\": {\"step\": null, \"low\": 1e-05, \"high\": 0.01, \"log\": true}}"}
{"op_code":5,"worker_id":"4ae44871-49d5-46ac-88c6-41ca20cdb75c-140592427972416","trial_id":3,"param_name":"wd","param_value_internal":1.2246664451494603e-05,"distribution":"{\"name\": \"FloatDistribution\", \"attributes\": {\"step\": null, \"low\": 1e-06, \"high\": 0.0001, \"log\": true}}"}
{"op_code":5,"worker_id":"4ae44871-49d5-46ac-88c6-41ca20cdb75c-140592427972416","trial_id":3,"param_name":"groupnorm_num_groups","param_value_internal":1,"distribution":"{\"name\": \"CategoricalDistribution\", \"attributes\": {\"choices\": [4, 8]}}"}
{"op_code":5,"worker_id":"4ae44871-49d5-46ac-88c6-41ca20cdb75c-140592427972416","trial_id":3,"param_name":"use_GlobalAvgPooling","param_value_internal":1,"distribution":"{\"name\": \"CategoricalDistribution\", \"attributes\": {\"choices\": [true, false]}}"}
{"op_code":5,"worker_id":"4ae44871-49d5-46ac-88c6-41ca20cdb75c-140592427972416","trial_id":3,"param_name":"finetuning_approach","param_value_internal":0,"distribution":"{\"name\": \"CategoricalDistribution\", \"attributes\": {\"choices\": [\"full\"]}}"}
{"op_code":5,"worker_id":"4ae44871-49d5-46ac-88c6-41ca20cdb75c-140592427972416","trial_id":3,"param_name":"use_film_x_demo","param_value_internal":0,"distribution":"{\"name\": \"CategoricalDistribution\", \"attributes\": {\"choices\": [true, false]}}"}
{"op_code":5,"worker_id":"4ae44871-49d5-46ac-88c6-41ca20cdb75c-140592427972416","trial_id":3,"param_name":"context_emb_dim","param_value_internal":1,"distribution":"{\"name\": \"CategoricalDistribution\", \"attributes\": {\"choices\": [8, 16, 32, 64]}}"}
{"op_code":5,"worker_id":"4ae44871-49d5-46ac-88c6-41ca20cdb75c-140592427972416","trial_id":3,"param_name":"demo_emb_dim","param_value_internal":1,"distribution":"{\"name\": \"CategoricalDistribution\", \"attributes\": {\"choices\": [8, 16, 32, 64]}}"}
{"op_code":5,"worker_id":"4ae44871-49d5-46ac-88c6-41ca20cdb75c-140592427972416","trial_id":3,"param_name":"context_pool_type","param_value_internal":1,"distribution":"{\"name\": \"CategoricalDistribution\", \"attributes\": {\"choices\": [\"mean\", \"attn\"]}}"}
{"op_code":5,"worker_id":"4ae44871-49d5-46ac-88c6-41ca20cdb75c-140592427972416","trial_id":3,"param_name":"episodes_per_epoch_train","param_value_internal":0,"distribution":"{\"name\": \"CategoricalDistribution\", \"attributes\": {\"choices\": [250, 500]}}"}
{"op_code":5,"worker_id":"4ae44871-49d5-46ac-88c6-41ca20cdb75c-140592427972416","trial_id":3,"param_name":"optimizer","param_value_internal":0,"distribution":"{\"name\": \"CategoricalDistribution\", \"attributes\": {\"choices\": [\"adamw\", \"adam\", \"sgd\"]}}"}
{"op_code":5,"worker_id":"4ae44871-49d5-46ac-88c6-41ca20cdb75c-140592427972416","trial_id":3,"param_name":"use_maml_msl","param_value_internal":0,"distribution":"{\"name\": \"CategoricalDistribution\", \"attributes\": {\"choices\": [true, false, \"hybrid\"]}}"}
{"op_code":5,"worker_id":"4ae44871-49d5-46ac-88c6-41ca20cdb75c-140592427972416","trial_id":3,"param_name":"maml_opt_order","param_value_internal":0,"distribution":"{\"name\": \"CategoricalDistribution\", \"attributes\": {\"choices\": [\"first\", \"second\", \"hybrid\"]}}"}
{"op_code":0,"worker_id":"86674005-cb06-4fdd-b830-0cc08961022e-139825451439936","study_name":"mamlpp_pretr_ContrastiveNet_2fcv_hpo","directions":[2]}
{"op_code":4,"worker_id":"86674005-cb06-4fdd-b830-0cc08961022e-139825451439936","study_id":0,"datetime_start":"2026-03-24T10:19:14.229897"}
{"op_code":5,"worker_id":"86674005-cb06-4fdd-b830-0cc08961022e-139825451439936","trial_id":4,"param_name":"meta_batchsize","param_value_internal":1,"distribution":"{\"name\": \"CategoricalDistribution\", \"attributes\": {\"choices\": [16, 32, 64]}}"}
{"op_code":5,"worker_id":"86674005-cb06-4fdd-b830-0cc08961022e-139825451439936","trial_id":4,"param_name":"maml_inner_steps","param_value_internal":0,"distribution":"{\"name\": \"CategoricalDistribution\", \"attributes\": {\"choices\": [2, 3, 5, 7]}}"}
{"op_code":5,"worker_id":"86674005-cb06-4fdd-b830-0cc08961022e-139825451439936","trial_id":4,"param_name":"maml_inner_steps_eval","param_value_internal":2,"distribution":"{\"name\": \"CategoricalDistribution\", \"attributes\": {\"choices\": [10, 15, 20, 30]}}"}
{"op_code":5,"worker_id":"86674005-cb06-4fdd-b830-0cc08961022e-139825451439936","trial_id":4,"param_name":"maml_alpha_init","param_value_internal":0.00013860241869382577,"distribution":"{\"name\": \"FloatDistribution\", \"attributes\": {\"step\": null, \"low\": 0.0001, \"high\": 0.1, \"log\": true}}"}
{"op_code":5,"worker_id":"86674005-cb06-4fdd-b830-0cc08961022e-139825451439936","trial_id":4,"param_name":"maml_alpha_init_eval","param_value_internal":0.0018230510540640044,"distribution":"{\"name\": \"FloatDistribution\", \"attributes\": {\"step\": null, \"low\": 0.0001, \"high\": 0.01, \"log\": true}}"}
{"op_code":5,"worker_id":"86674005-cb06-4fdd-b830-0cc08961022e-139825451439936","trial_id":4,"param_name":"outer_lr","param_value_internal":0.003647976776298471,"distribution":"{\"name\": \"FloatDistribution\", \"attributes\": {\"step\": null, \"low\": 1e-05, \"high\": 0.01, \"log\": true}}"}
{"op_code":5,"worker_id":"86674005-cb06-4fdd-b830-0cc08961022e-139825451439936","trial_id":4,"param_name":"wd","param_value_internal":5.1101979129924895e-06,"distribution":"{\"name\": \"FloatDistribution\", \"attributes\": {\"step\": null, \"low\": 1e-06, \"high\": 0.0001, \"log\": true}}"}
{"op_code":5,"worker_id":"86674005-cb06-4fdd-b830-0cc08961022e-139825451439936","trial_id":4,"param_name":"groupnorm_num_groups","param_value_internal":0,"distribution":"{\"name\": \"CategoricalDistribution\", \"attributes\": {\"choices\": [4, 8]}}"}
{"op_code":5,"worker_id":"86674005-cb06-4fdd-b830-0cc08961022e-139825451439936","trial_id":4,"param_name":"use_GlobalAvgPooling","param_value_internal":0,"distribution":"{\"name\": \"CategoricalDistribution\", \"attributes\": {\"choices\": [true, false]}}"}
{"op_code":5,"worker_id":"86674005-cb06-4fdd-b830-0cc08961022e-139825451439936","trial_id":4,"param_name":"finetuning_approach","param_value_internal":0,"distribution":"{\"name\": \"CategoricalDistribution\", \"attributes\": {\"choices\": [\"full\"]}}"}
{"op_code":5,"worker_id":"86674005-cb06-4fdd-b830-0cc08961022e-139825451439936","trial_id":4,"param_name":"use_film_x_demo","param_value_internal":0,"distribution":"{\"name\": \"CategoricalDistribution\", \"attributes\": {\"choices\": [true, false]}}"}
{"op_code":5,"worker_id":"86674005-cb06-4fdd-b830-0cc08961022e-139825451439936","trial_id":4,"param_name":"context_emb_dim","param_value_internal":3,"distribution":"{\"name\": \"CategoricalDistribution\", \"attributes\": {\"choices\": [8, 16, 32, 64]}}"}
{"op_code":5,"worker_id":"86674005-cb06-4fdd-b830-0cc08961022e-139825451439936","trial_id":4,"param_name":"demo_emb_dim","param_value_internal":2,"distribution":"{\"name\": \"CategoricalDistribution\", \"attributes\": {\"choices\": [8, 16, 32, 64]}}"}
{"op_code":5,"worker_id":"86674005-cb06-4fdd-b830-0cc08961022e-139825451439936","trial_id":4,"param_name":"context_pool_type","param_value_internal":0,"distribution":"{\"name\": \"CategoricalDistribution\", \"attributes\": {\"choices\": [\"mean\", \"attn\"]}}"}
{"op_code":5,"worker_id":"86674005-cb06-4fdd-b830-0cc08961022e-139825451439936","trial_id":4,"param_name":"episodes_per_epoch_train","param_value_internal":0,"distribution":"{\"name\": \"CategoricalDistribution\", \"attributes\": {\"choices\": [250, 500]}}"}
{"op_code":5,"worker_id":"86674005-cb06-4fdd-b830-0cc08961022e-139825451439936","trial_id":4,"param_name":"optimizer","param_value_internal":1,"distribution":"{\"name\": \"CategoricalDistribution\", \"attributes\": {\"choices\": [\"adamw\", \"adam\", \"sgd\"]}}"}
{"op_code":5,"worker_id":"86674005-cb06-4fdd-b830-0cc08961022e-139825451439936","trial_id":4,"param_name":"use_maml_msl","param_value_internal":2,"distribution":"{\"name\": \"CategoricalDistribution\", \"attributes\": {\"choices\": [true, false, \"hybrid\"]}}"}
{"op_code":5,"worker_id":"86674005-cb06-4fdd-b830-0cc08961022e-139825451439936","trial_id":4,"param_name":"maml_msl_num_epochs","param_value_internal":5.0,"distribution":"{\"name\": \"IntDistribution\", \"attributes\": {\"log\": false, \"step\": 1, \"low\": 1, \"high\": 40}}"}
{"op_code":5,"worker_id":"86674005-cb06-4fdd-b830-0cc08961022e-139825451439936","trial_id":4,"param_name":"maml_opt_order","param_value_internal":1,"distribution":"{\"name\": \"CategoricalDistribution\", \"attributes\": {\"choices\": [\"first\", \"second\", \"hybrid\"]}}"}
{"op_code":0,"worker_id":"4c35d106-1600-4ae3-bd15-c0f5d2d084af-140127553754944","study_name":"mamlpp_pretr_ContrastiveNet_2fcv_hpo","directions":[2]}
{"op_code":0,"worker_id":"caecefaf-f78a-4ad0-99fb-ee680258a47a-139646118836032","study_name":"mamlpp_pretr_ContrastiveNet_2fcv_hpo","directions":[2]}
{"op_code":4,"worker_id":"4c35d106-1600-4ae3-bd15-c0f5d2d084af-140127553754944","study_id":0,"datetime_start":"2026-03-24T10:19:18.637981"}
{"op_code":4,"worker_id":"caecefaf-f78a-4ad0-99fb-ee680258a47a-139646118836032","study_id":0,"datetime_start":"2026-03-24T10:19:18.668791"}
{"op_code":5,"worker_id":"caecefaf-f78a-4ad0-99fb-ee680258a47a-139646118836032","trial_id":6,"param_name":"meta_batchsize","param_value_internal":0,"distribution":"{\"name\": \"CategoricalDistribution\", \"attributes\": {\"choices\": [16, 32, 64]}}"}
{"op_code":5,"worker_id":"caecefaf-f78a-4ad0-99fb-ee680258a47a-139646118836032","trial_id":6,"param_name":"maml_inner_steps","param_value_internal":1,"distribution":"{\"name\": \"CategoricalDistribution\", \"attributes\": {\"choices\": [2, 3, 5, 7]}}"}
{"op_code":5,"worker_id":"caecefaf-f78a-4ad0-99fb-ee680258a47a-139646118836032","trial_id":6,"param_name":"maml_inner_steps_eval","param_value_internal":1,"distribution":"{\"name\": \"CategoricalDistribution\", \"attributes\": {\"choices\": [10, 15, 20, 30]}}"}
{"op_code":5,"worker_id":"caecefaf-f78a-4ad0-99fb-ee680258a47a-139646118836032","trial_id":6,"param_name":"maml_alpha_init","param_value_internal":0.031234344513278,"distribution":"{\"name\": \"FloatDistribution\", \"attributes\": {\"step\": null, \"low\": 0.0001, \"high\": 0.1, \"log\": true}}"}
{"op_code":5,"worker_id":"caecefaf-f78a-4ad0-99fb-ee680258a47a-139646118836032","trial_id":6,"param_name":"maml_alpha_init_eval","param_value_internal":0.0007502948805223552,"distribution":"{\"name\": \"FloatDistribution\", \"attributes\": {\"step\": null, \"low\": 0.0001, \"high\": 0.01, \"log\": true}}"}
{"op_code":5,"worker_id":"caecefaf-f78a-4ad0-99fb-ee680258a47a-139646118836032","trial_id":6,"param_name":"outer_lr","param_value_internal":0.005810128455840874,"distribution":"{\"name\": \"FloatDistribution\", \"attributes\": {\"step\": null, \"low\": 1e-05, \"high\": 0.01, \"log\": true}}"}
{"op_code":5,"worker_id":"caecefaf-f78a-4ad0-99fb-ee680258a47a-139646118836032","trial_id":6,"param_name":"wd","param_value_internal":1.3419645347427131e-06,"distribution":"{\"name\": \"FloatDistribution\", \"attributes\": {\"step\": null, \"low\": 1e-06, \"high\": 0.0001, \"log\": true}}"}
{"op_code":5,"worker_id":"caecefaf-f78a-4ad0-99fb-ee680258a47a-139646118836032","trial_id":6,"param_name":"groupnorm_num_groups","param_value_internal":1,"distribution":"{\"name\": \"CategoricalDistribution\", \"attributes\": {\"choices\": [4, 8]}}"}
{"op_code":5,"worker_id":"caecefaf-f78a-4ad0-99fb-ee680258a47a-139646118836032","trial_id":6,"param_name":"use_GlobalAvgPooling","param_value_internal":0,"distribution":"{\"name\": \"CategoricalDistribution\", \"attributes\": {\"choices\": [true, false]}}"}
{"op_code":5,"worker_id":"caecefaf-f78a-4ad0-99fb-ee680258a47a-139646118836032","trial_id":6,"param_name":"finetuning_approach","param_value_internal":0,"distribution":"{\"name\": \"CategoricalDistribution\", \"attributes\": {\"choices\": [\"full\"]}}"}
{"op_code":5,"worker_id":"caecefaf-f78a-4ad0-99fb-ee680258a47a-139646118836032","trial_id":6,"param_name":"use_film_x_demo","param_value_internal":0,"distribution":"{\"name\": \"CategoricalDistribution\", \"attributes\": {\"choices\": [true, false]}}"}
{"op_code":5,"worker_id":"caecefaf-f78a-4ad0-99fb-ee680258a47a-139646118836032","trial_id":6,"param_name":"context_emb_dim","param_value_internal":0,"distribution":"{\"name\": \"CategoricalDistribution\", \"attributes\": {\"choices\": [8, 16, 32, 64]}}"}
{"op_code":5,"worker_id":"caecefaf-f78a-4ad0-99fb-ee680258a47a-139646118836032","trial_id":6,"param_name":"demo_emb_dim","param_value_internal":1,"distribution":"{\"name\": \"CategoricalDistribution\", \"attributes\": {\"choices\": [8, 16, 32, 64]}}"}
{"op_code":5,"worker_id":"caecefaf-f78a-4ad0-99fb-ee680258a47a-139646118836032","trial_id":6,"param_name":"context_pool_type","param_value_internal":0,"distribution":"{\"name\": \"CategoricalDistribution\", \"attributes\": {\"choices\": [\"mean\", \"attn\"]}}"}
{"op_code":5,"worker_id":"caecefaf-f78a-4ad0-99fb-ee680258a47a-139646118836032","trial_id":6,"param_name":"episodes_per_epoch_train","param_value_internal":0,"distribution":"{\"name\": \"CategoricalDistribution\", \"attributes\": {\"choices\": [250, 500]}}"}
{"op_code":5,"worker_id":"caecefaf-f78a-4ad0-99fb-ee680258a47a-139646118836032","trial_id":6,"param_name":"optimizer","param_value_internal":1,"distribution":"{\"name\": \"CategoricalDistribution\", \"attributes\": {\"choices\": [\"adamw\", \"adam\", \"sgd\"]}}"}
{"op_code":5,"worker_id":"caecefaf-f78a-4ad0-99fb-ee680258a47a-139646118836032","trial_id":6,"param_name":"use_maml_msl","param_value_internal":1,"distribution":"{\"name\": \"CategoricalDistribution\", \"attributes\": {\"choices\": [true, false, \"hybrid\"]}}"}
{"op_code":5,"worker_id":"caecefaf-f78a-4ad0-99fb-ee680258a47a-139646118836032","trial_id":6,"param_name":"maml_opt_order","param_value_internal":0,"distribution":"{\"name\": \"CategoricalDistribution\", \"attributes\": {\"choices\": [\"first\", \"second\", \"hybrid\"]}}"}
{"op_code":5,"worker_id":"4c35d106-1600-4ae3-bd15-c0f5d2d084af-140127553754944","trial_id":5,"param_name":"meta_batchsize","param_value_internal":1,"distribution":"{\"name\": \"CategoricalDistribution\", \"attributes\": {\"choices\": [16, 32, 64]}}"}
{"op_code":5,"worker_id":"4c35d106-1600-4ae3-bd15-c0f5d2d084af-140127553754944","trial_id":5,"param_name":"maml_inner_steps","param_value_internal":1,"distribution":"{\"name\": \"CategoricalDistribution\", \"attributes\": {\"choices\": [2, 3, 5, 7]}}"}
{"op_code":5,"worker_id":"4c35d106-1600-4ae3-bd15-c0f5d2d084af-140127553754944","trial_id":5,"param_name":"maml_inner_steps_eval","param_value_internal":2,"distribution":"{\"name\": \"CategoricalDistribution\", \"attributes\": {\"choices\": [10, 15, 20, 30]}}"}
{"op_code":5,"worker_id":"4c35d106-1600-4ae3-bd15-c0f5d2d084af-140127553754944","trial_id":5,"param_name":"maml_alpha_init","param_value_internal":0.046497382414237974,"distribution":"{\"name\": \"FloatDistribution\", \"attributes\": {\"step\": null, \"low\": 0.0001, \"high\": 0.1, \"log\": true}}"}
{"op_code":5,"worker_id":"4c35d106-1600-4ae3-bd15-c0f5d2d084af-140127553754944","trial_id":5,"param_name":"maml_alpha_init_eval","param_value_internal":0.009237348556407577,"distribution":"{\"name\": \"FloatDistribution\", \"attributes\": {\"step\": null, \"low\": 0.0001, \"high\": 0.01, \"log\": true}}"}
{"op_code":5,"worker_id":"4c35d106-1600-4ae3-bd15-c0f5d2d084af-140127553754944","trial_id":5,"param_name":"outer_lr","param_value_internal":0.0007177365163042252,"distribution":"{\"name\": \"FloatDistribution\", \"attributes\": {\"step\": null, \"low\": 1e-05, \"high\": 0.01, \"log\": true}}"}
{"op_code":5,"worker_id":"4c35d106-1600-4ae3-bd15-c0f5d2d084af-140127553754944","trial_id":5,"param_name":"wd","param_value_internal":4.7638018104316955e-05,"distribution":"{\"name\": \"FloatDistribution\", \"attributes\": {\"step\": null, \"low\": 1e-06, \"high\": 0.0001, \"log\": true}}"}
{"op_code":5,"worker_id":"4c35d106-1600-4ae3-bd15-c0f5d2d084af-140127553754944","trial_id":5,"param_name":"groupnorm_num_groups","param_value_internal":0,"distribution":"{\"name\": \"CategoricalDistribution\", \"attributes\": {\"choices\": [4, 8]}}"}
{"op_code":5,"worker_id":"4c35d106-1600-4ae3-bd15-c0f5d2d084af-140127553754944","trial_id":5,"param_name":"use_GlobalAvgPooling","param_value_internal":0,"distribution":"{\"name\": \"CategoricalDistribution\", \"attributes\": {\"choices\": [true, false]}}"}
{"op_code":5,"worker_id":"4c35d106-1600-4ae3-bd15-c0f5d2d084af-140127553754944","trial_id":5,"param_name":"finetuning_approach","param_value_internal":0,"distribution":"{\"name\": \"CategoricalDistribution\", \"attributes\": {\"choices\": [\"full\"]}}"}
{"op_code":5,"worker_id":"4c35d106-1600-4ae3-bd15-c0f5d2d084af-140127553754944","trial_id":5,"param_name":"use_film_x_demo","param_value_internal":1,"distribution":"{\"name\": \"CategoricalDistribution\", \"attributes\": {\"choices\": [true, false]}}"}
{"op_code":5,"worker_id":"4c35d106-1600-4ae3-bd15-c0f5d2d084af-140127553754944","trial_id":5,"param_name":"context_emb_dim","param_value_internal":1,"distribution":"{\"name\": \"CategoricalDistribution\", \"attributes\": {\"choices\": [8, 16, 32, 64]}}"}
{"op_code":5,"worker_id":"4c35d106-1600-4ae3-bd15-c0f5d2d084af-140127553754944","trial_id":5,"param_name":"demo_emb_dim","param_value_internal":3,"distribution":"{\"name\": \"CategoricalDistribution\", \"attributes\": {\"choices\": [8, 16, 32, 64]}}"}
{"op_code":5,"worker_id":"4c35d106-1600-4ae3-bd15-c0f5d2d084af-140127553754944","trial_id":5,"param_name":"context_pool_type","param_value_internal":1,"distribution":"{\"name\": \"CategoricalDistribution\", \"attributes\": {\"choices\": [\"mean\", \"attn\"]}}"}
{"op_code":5,"worker_id":"4c35d106-1600-4ae3-bd15-c0f5d2d084af-140127553754944","trial_id":5,"param_name":"episodes_per_epoch_train","param_value_internal":1,"distribution":"{\"name\": \"CategoricalDistribution\", \"attributes\": {\"choices\": [250, 500]}}"}
{"op_code":5,"worker_id":"4c35d106-1600-4ae3-bd15-c0f5d2d084af-140127553754944","trial_id":5,"param_name":"optimizer","param_value_internal":1,"distribution":"{\"name\": \"CategoricalDistribution\", \"attributes\": {\"choices\": [\"adamw\", \"adam\", \"sgd\"]}}"}
{"op_code":5,"worker_id":"4c35d106-1600-4ae3-bd15-c0f5d2d084af-140127553754944","trial_id":5,"param_name":"use_maml_msl","param_value_internal":0,"distribution":"{\"name\": \"CategoricalDistribution\", \"attributes\": {\"choices\": [true, false, \"hybrid\"]}}"}
{"op_code":5,"worker_id":"4c35d106-1600-4ae3-bd15-c0f5d2d084af-140127553754944","trial_id":5,"param_name":"maml_opt_order","param_value_internal":1,"distribution":"{\"name\": \"CategoricalDistribution\", \"attributes\": {\"choices\": [\"first\", \"second\", \"hybrid\"]}}"}
{"op_code":0,"worker_id":"acde3f21-640a-44a7-99e9-e9293714c67b-139903763441472","study_name":"mamlpp_pretr_ContrastiveNet_2fcv_hpo","directions":[2]}
{"op_code":4,"worker_id":"acde3f21-640a-44a7-99e9-e9293714c67b-139903763441472","study_id":0,"datetime_start":"2026-03-24T10:26:47.604423"}
{"op_code":5,"worker_id":"acde3f21-640a-44a7-99e9-e9293714c67b-139903763441472","trial_id":7,"param_name":"meta_batchsize","param_value_internal":1,"distribution":"{\"name\": \"CategoricalDistribution\", \"attributes\": {\"choices\": [16, 32, 64]}}"}
{"op_code":5,"worker_id":"acde3f21-640a-44a7-99e9-e9293714c67b-139903763441472","trial_id":7,"param_name":"maml_inner_steps","param_value_internal":2,"distribution":"{\"name\": \"CategoricalDistribution\", \"attributes\": {\"choices\": [2, 3, 5, 7]}}"}
{"op_code":5,"worker_id":"acde3f21-640a-44a7-99e9-e9293714c67b-139903763441472","trial_id":7,"param_name":"maml_inner_steps_eval","param_value_internal":2,"distribution":"{\"name\": \"CategoricalDistribution\", \"attributes\": {\"choices\": [10, 15, 20, 30]}}"}
{"op_code":5,"worker_id":"acde3f21-640a-44a7-99e9-e9293714c67b-139903763441472","trial_id":7,"param_name":"maml_alpha_init","param_value_internal":0.0014784447289735419,"distribution":"{\"name\": \"FloatDistribution\", \"attributes\": {\"step\": null, \"low\": 0.0001, \"high\": 0.1, \"log\": true}}"}
{"op_code":5,"worker_id":"acde3f21-640a-44a7-99e9-e9293714c67b-139903763441472","trial_id":7,"param_name":"maml_alpha_init_eval","param_value_internal":0.0015631634038372174,"distribution":"{\"name\": \"FloatDistribution\", \"attributes\": {\"step\": null, \"low\": 0.0001, \"high\": 0.01, \"log\": true}}"}
{"op_code":5,"worker_id":"acde3f21-640a-44a7-99e9-e9293714c67b-139903763441472","trial_id":7,"param_name":"outer_lr","param_value_internal":1.927186085385788e-05,"distribution":"{\"name\": \"FloatDistribution\", \"attributes\": {\"step\": null, \"low\": 1e-05, \"high\": 0.01, \"log\": true}}"}
{"op_code":5,"worker_id":"acde3f21-640a-44a7-99e9-e9293714c67b-139903763441472","trial_id":7,"param_name":"wd","param_value_internal":2.0697764764538986e-06,"distribution":"{\"name\": \"FloatDistribution\", \"attributes\": {\"step\": null, \"low\": 1e-06, \"high\": 0.0001, \"log\": true}}"}
{"op_code":5,"worker_id":"acde3f21-640a-44a7-99e9-e9293714c67b-139903763441472","trial_id":7,"param_name":"groupnorm_num_groups","param_value_internal":0,"distribution":"{\"name\": \"CategoricalDistribution\", \"attributes\": {\"choices\": [4, 8]}}"}
{"op_code":5,"worker_id":"acde3f21-640a-44a7-99e9-e9293714c67b-139903763441472","trial_id":7,"param_name":"use_GlobalAvgPooling","param_value_internal":0,"distribution":"{\"name\": \"CategoricalDistribution\", \"attributes\": {\"choices\": [true, false]}}"}
{"op_code":5,"worker_id":"acde3f21-640a-44a7-99e9-e9293714c67b-139903763441472","trial_id":7,"param_name":"finetuning_approach","param_value_internal":0,"distribution":"{\"name\": \"CategoricalDistribution\", \"attributes\": {\"choices\": [\"full\"]}}"}
{"op_code":5,"worker_id":"acde3f21-640a-44a7-99e9-e9293714c67b-139903763441472","trial_id":7,"param_name":"use_film_x_demo","param_value_internal":1,"distribution":"{\"name\": \"CategoricalDistribution\", \"attributes\": {\"choices\": [true, false]}}"}
{"op_code":5,"worker_id":"acde3f21-640a-44a7-99e9-e9293714c67b-139903763441472","trial_id":7,"param_name":"context_emb_dim","param_value_internal":0,"distribution":"{\"name\": \"CategoricalDistribution\", \"attributes\": {\"choices\": [8, 16, 32, 64]}}"}
{"op_code":5,"worker_id":"acde3f21-640a-44a7-99e9-e9293714c67b-139903763441472","trial_id":7,"param_name":"demo_emb_dim","param_value_internal":1,"distribution":"{\"name\": \"CategoricalDistribution\", \"attributes\": {\"choices\": [8, 16, 32, 64]}}"}
{"op_code":5,"worker_id":"acde3f21-640a-44a7-99e9-e9293714c67b-139903763441472","trial_id":7,"param_name":"context_pool_type","param_value_internal":0,"distribution":"{\"name\": \"CategoricalDistribution\", \"attributes\": {\"choices\": [\"mean\", \"attn\"]}}"}
{"op_code":5,"worker_id":"acde3f21-640a-44a7-99e9-e9293714c67b-139903763441472","trial_id":7,"param_name":"episodes_per_epoch_train","param_value_internal":1,"distribution":"{\"name\": \"CategoricalDistribution\", \"attributes\": {\"choices\": [250, 500]}}"}
{"op_code":5,"worker_id":"acde3f21-640a-44a7-99e9-e9293714c67b-139903763441472","trial_id":7,"param_name":"optimizer","param_value_internal":0,"distribution":"{\"name\": \"CategoricalDistribution\", \"attributes\": {\"choices\": [\"adamw\", \"adam\", \"sgd\"]}}"}
{"op_code":5,"worker_id":"acde3f21-640a-44a7-99e9-e9293714c67b-139903763441472","trial_id":7,"param_name":"use_maml_msl","param_value_internal":2,"distribution":"{\"name\": \"CategoricalDistribution\", \"attributes\": {\"choices\": [true, false, \"hybrid\"]}}"}
{"op_code":5,"worker_id":"acde3f21-640a-44a7-99e9-e9293714c67b-139903763441472","trial_id":7,"param_name":"maml_msl_num_epochs","param_value_internal":19.0,"distribution":"{\"name\": \"IntDistribution\", \"attributes\": {\"log\": false, \"step\": 1, \"low\": 1, \"high\": 40}}"}
{"op_code":5,"worker_id":"acde3f21-640a-44a7-99e9-e9293714c67b-139903763441472","trial_id":7,"param_name":"maml_opt_order","param_value_internal":1,"distribution":"{\"name\": \"CategoricalDistribution\", \"attributes\": {\"choices\": [\"first\", \"second\", \"hybrid\"]}}"}
{"op_code":8,"worker_id":"caecefaf-f78a-4ad0-99fb-ee680258a47a-139646118836032","trial_id":6,"user_attr":{"fold_mean_accs":[0.35416666666666674,0.3708333333333333]}}
{"op_code":8,"worker_id":"caecefaf-f78a-4ad0-99fb-ee680258a47a-139646118836032","trial_id":6,"user_attr":{"fold_user_accs":[[0.3583333333333333,0.3916666666666667,0.33333333333333337,0.33333333333333337],[0.37499999999999994,0.39999999999999997,0.275,0.4333333333333333]]}}
{"op_code":8,"worker_id":"caecefaf-f78a-4ad0-99fb-ee680258a47a-139646118836032","trial_id":6,"user_attr":{"mean_pretrain_val_acc":0.375}}
{"op_code":6,"worker_id":"caecefaf-f78a-4ad0-99fb-ee680258a47a-139646118836032","trial_id":6,"state":1,"values":[0.36250000000000004],"datetime_complete":"2026-03-24T10:36:28.566768"}
{"op_code":0,"worker_id":"aeeced70-037e-494d-9e5c-976a322e9938-140186000078656","study_name":"mamlpp_pretr_ContrastiveNet_2fcv_hpo","directions":[2]}
{"op_code":4,"worker_id":"aeeced70-037e-494d-9e5c-976a322e9938-140186000078656","study_id":0,"datetime_start":"2026-03-24T10:36:51.478505"}
{"op_code":5,"worker_id":"aeeced70-037e-494d-9e5c-976a322e9938-140186000078656","trial_id":8,"param_name":"meta_batchsize","param_value_internal":1,"distribution":"{\"name\": \"CategoricalDistribution\", \"attributes\": {\"choices\": [16, 32, 64]}}"}
{"op_code":5,"worker_id":"aeeced70-037e-494d-9e5c-976a322e9938-140186000078656","trial_id":8,"param_name":"maml_inner_steps","param_value_internal":1,"distribution":"{\"name\": \"CategoricalDistribution\", \"attributes\": {\"choices\": [2, 3, 5, 7]}}"}
{"op_code":5,"worker_id":"aeeced70-037e-494d-9e5c-976a322e9938-140186000078656","trial_id":8,"param_name":"maml_inner_steps_eval","param_value_internal":2,"distribution":"{\"name\": \"CategoricalDistribution\", \"attributes\": {\"choices\": [10, 15, 20, 30]}}"}
{"op_code":5,"worker_id":"aeeced70-037e-494d-9e5c-976a322e9938-140186000078656","trial_id":8,"param_name":"maml_alpha_init","param_value_internal":0.01744172201016735,"distribution":"{\"name\": \"FloatDistribution\", \"attributes\": {\"step\": null, \"low\": 0.0001, \"high\": 0.1, \"log\": true}}"}
{"op_code":5,"worker_id":"aeeced70-037e-494d-9e5c-976a322e9938-140186000078656","trial_id":8,"param_name":"maml_alpha_init_eval","param_value_internal":0.00546871511820735,"distribution":"{\"name\": \"FloatDistribution\", \"attributes\": {\"step\": null, \"low\": 0.0001, \"high\": 0.01, \"log\": true}}"}
{"op_code":5,"worker_id":"aeeced70-037e-494d-9e5c-976a322e9938-140186000078656","trial_id":8,"param_name":"outer_lr","param_value_internal":0.006518774916657818,"distribution":"{\"name\": \"FloatDistribution\", \"attributes\": {\"step\": null, \"low\": 1e-05, \"high\": 0.01, \"log\": true}}"}
{"op_code":5,"worker_id":"aeeced70-037e-494d-9e5c-976a322e9938-140186000078656","trial_id":8,"param_name":"wd","param_value_internal":2.1851539887816726e-05,"distribution":"{\"name\": \"FloatDistribution\", \"attributes\": {\"step\": null, \"low\": 1e-06, \"high\": 0.0001, \"log\": true}}"}
{"op_code":5,"worker_id":"aeeced70-037e-494d-9e5c-976a322e9938-140186000078656","trial_id":8,"param_name":"groupnorm_num_groups","param_value_internal":1,"distribution":"{\"name\": \"CategoricalDistribution\", \"attributes\": {\"choices\": [4, 8]}}"}
{"op_code":5,"worker_id":"aeeced70-037e-494d-9e5c-976a322e9938-140186000078656","trial_id":8,"param_name":"use_GlobalAvgPooling","param_value_internal":1,"distribution":"{\"name\": \"CategoricalDistribution\", \"attributes\": {\"choices\": [true, false]}}"}
{"op_code":5,"worker_id":"aeeced70-037e-494d-9e5c-976a322e9938-140186000078656","trial_id":8,"param_name":"finetuning_approach","param_value_internal":0,"distribution":"{\"name\": \"CategoricalDistribution\", \"attributes\": {\"choices\": [\"full\"]}}"}
{"op_code":5,"worker_id":"aeeced70-037e-494d-9e5c-976a322e9938-140186000078656","trial_id":8,"param_name":"use_film_x_demo","param_value_internal":1,"distribution":"{\"name\": \"CategoricalDistribution\", \"attributes\": {\"choices\": [true, false]}}"}
{"op_code":5,"worker_id":"aeeced70-037e-494d-9e5c-976a322e9938-140186000078656","trial_id":8,"param_name":"context_emb_dim","param_value_internal":3,"distribution":"{\"name\": \"CategoricalDistribution\", \"attributes\": {\"choices\": [8, 16, 32, 64]}}"}
{"op_code":5,"worker_id":"aeeced70-037e-494d-9e5c-976a322e9938-140186000078656","trial_id":8,"param_name":"demo_emb_dim","param_value_internal":2,"distribution":"{\"name\": \"CategoricalDistribution\", \"attributes\": {\"choices\": [8, 16, 32, 64]}}"}
{"op_code":5,"worker_id":"aeeced70-037e-494d-9e5c-976a322e9938-140186000078656","trial_id":8,"param_name":"context_pool_type","param_value_internal":0,"distribution":"{\"name\": \"CategoricalDistribution\", \"attributes\": {\"choices\": [\"mean\", \"attn\"]}}"}
{"op_code":5,"worker_id":"aeeced70-037e-494d-9e5c-976a322e9938-140186000078656","trial_id":8,"param_name":"episodes_per_epoch_train","param_value_internal":0,"distribution":"{\"name\": \"CategoricalDistribution\", \"attributes\": {\"choices\": [250, 500]}}"}
{"op_code":5,"worker_id":"aeeced70-037e-494d-9e5c-976a322e9938-140186000078656","trial_id":8,"param_name":"optimizer","param_value_internal":2,"distribution":"{\"name\": \"CategoricalDistribution\", \"attributes\": {\"choices\": [\"adamw\", \"adam\", \"sgd\"]}}"}
{"op_code":5,"worker_id":"aeeced70-037e-494d-9e5c-976a322e9938-140186000078656","trial_id":8,"param_name":"use_maml_msl","param_value_internal":1,"distribution":"{\"name\": \"CategoricalDistribution\", \"attributes\": {\"choices\": [true, false, \"hybrid\"]}}"}
{"op_code":5,"worker_id":"aeeced70-037e-494d-9e5c-976a322e9938-140186000078656","trial_id":8,"param_name":"maml_opt_order","param_value_internal":0,"distribution":"{\"name\": \"CategoricalDistribution\", \"attributes\": {\"choices\": [\"first\", \"second\", \"hybrid\"]}}"}
{"op_code":8,"worker_id":"86674005-cb06-4fdd-b830-0cc08961022e-139825451439936","trial_id":4,"user_attr":{"fold_mean_accs":[0.51875,0.6875]}}
{"op_code":8,"worker_id":"86674005-cb06-4fdd-b830-0cc08961022e-139825451439936","trial_id":4,"user_attr":{"fold_user_accs":[[0.5666666666666667,0.6500000000000001,0.4750000000000001,0.38333333333333336],[0.8416666666666666,0.5583333333333333,0.5666666666666667,0.7833333333333333]]}}
{"op_code":8,"worker_id":"86674005-cb06-4fdd-b830-0cc08961022e-139825451439936","trial_id":4,"user_attr":{"mean_pretrain_val_acc":0.60625}}
{"op_code":6,"worker_id":"86674005-cb06-4fdd-b830-0cc08961022e-139825451439936","trial_id":4,"state":1,"values":[0.603125],"datetime_complete":"2026-03-24T11:00:18.724469"}
{"op_code":0,"worker_id":"f8ca19df-a88f-4c86-b808-19f5a7e8b88c-140276017186624","study_name":"mamlpp_pretr_ContrastiveNet_2fcv_hpo","directions":[2]}
{"op_code":4,"worker_id":"f8ca19df-a88f-4c86-b808-19f5a7e8b88c-140276017186624","study_id":0,"datetime_start":"2026-03-24T11:00:58.977832"}
{"op_code":5,"worker_id":"f8ca19df-a88f-4c86-b808-19f5a7e8b88c-140276017186624","trial_id":9,"param_name":"meta_batchsize","param_value_internal":2,"distribution":"{\"name\": \"CategoricalDistribution\", \"attributes\": {\"choices\": [16, 32, 64]}}"}
{"op_code":5,"worker_id":"f8ca19df-a88f-4c86-b808-19f5a7e8b88c-140276017186624","trial_id":9,"param_name":"maml_inner_steps","param_value_internal":1,"distribution":"{\"name\": \"CategoricalDistribution\", \"attributes\": {\"choices\": [2, 3, 5, 7]}}"}
{"op_code":5,"worker_id":"f8ca19df-a88f-4c86-b808-19f5a7e8b88c-140276017186624","trial_id":9,"param_name":"maml_inner_steps_eval","param_value_internal":2,"distribution":"{\"name\": \"CategoricalDistribution\", \"attributes\": {\"choices\": [10, 15, 20, 30]}}"}
{"op_code":5,"worker_id":"f8ca19df-a88f-4c86-b808-19f5a7e8b88c-140276017186624","trial_id":9,"param_name":"maml_alpha_init","param_value_internal":0.014122329885887222,"distribution":"{\"name\": \"FloatDistribution\", \"attributes\": {\"step\": null, \"low\": 0.0001, \"high\": 0.1, \"log\": true}}"}
{"op_code":5,"worker_id":"f8ca19df-a88f-4c86-b808-19f5a7e8b88c-140276017186624","trial_id":9,"param_name":"maml_alpha_init_eval","param_value_internal":0.005103891142972737,"distribution":"{\"name\": \"FloatDistribution\", \"attributes\": {\"step\": null, \"low\": 0.0001, \"high\": 0.01, \"log\": true}}"}
{"op_code":5,"worker_id":"f8ca19df-a88f-4c86-b808-19f5a7e8b88c-140276017186624","trial_id":9,"param_name":"outer_lr","param_value_internal":0.00040866262087317656,"distribution":"{\"name\": \"FloatDistribution\", \"attributes\": {\"step\": null, \"low\": 1e-05, \"high\": 0.01, \"log\": true}}"}
{"op_code":5,"worker_id":"f8ca19df-a88f-4c86-b808-19f5a7e8b88c-140276017186624","trial_id":9,"param_name":"wd","param_value_internal":8.15483042478297e-05,"distribution":"{\"name\": \"FloatDistribution\", \"attributes\": {\"step\": null, \"low\": 1e-06, \"high\": 0.0001, \"log\": true}}"}
{"op_code":5,"worker_id":"f8ca19df-a88f-4c86-b808-19f5a7e8b88c-140276017186624","trial_id":9,"param_name":"groupnorm_num_groups","param_value_internal":0,"distribution":"{\"name\": \"CategoricalDistribution\", \"attributes\": {\"choices\": [4, 8]}}"}
{"op_code":5,"worker_id":"f8ca19df-a88f-4c86-b808-19f5a7e8b88c-140276017186624","trial_id":9,"param_name":"use_GlobalAvgPooling","param_value_internal":0,"distribution":"{\"name\": \"CategoricalDistribution\", \"attributes\": {\"choices\": [true, false]}}"}
{"op_code":5,"worker_id":"f8ca19df-a88f-4c86-b808-19f5a7e8b88c-140276017186624","trial_id":9,"param_name":"finetuning_approach","param_value_internal":0,"distribution":"{\"name\": \"CategoricalDistribution\", \"attributes\": {\"choices\": [\"full\"]}}"}
{"op_code":5,"worker_id":"f8ca19df-a88f-4c86-b808-19f5a7e8b88c-140276017186624","trial_id":9,"param_name":"use_film_x_demo","param_value_internal":1,"distribution":"{\"name\": \"CategoricalDistribution\", \"attributes\": {\"choices\": [true, false]}}"}
{"op_code":5,"worker_id":"f8ca19df-a88f-4c86-b808-19f5a7e8b88c-140276017186624","trial_id":9,"param_name":"context_emb_dim","param_value_internal":2,"distribution":"{\"name\": \"CategoricalDistribution\", \"attributes\": {\"choices\": [8, 16, 32, 64]}}"}
{"op_code":5,"worker_id":"f8ca19df-a88f-4c86-b808-19f5a7e8b88c-140276017186624","trial_id":9,"param_name":"demo_emb_dim","param_value_internal":2,"distribution":"{\"name\": \"CategoricalDistribution\", \"attributes\": {\"choices\": [8, 16, 32, 64]}}"}
{"op_code":5,"worker_id":"f8ca19df-a88f-4c86-b808-19f5a7e8b88c-140276017186624","trial_id":9,"param_name":"context_pool_type","param_value_internal":1,"distribution":"{\"name\": \"CategoricalDistribution\", \"attributes\": {\"choices\": [\"mean\", \"attn\"]}}"}
{"op_code":5,"worker_id":"f8ca19df-a88f-4c86-b808-19f5a7e8b88c-140276017186624","trial_id":9,"param_name":"episodes_per_epoch_train","param_value_internal":1,"distribution":"{\"name\": \"CategoricalDistribution\", \"attributes\": {\"choices\": [250, 500]}}"}
{"op_code":5,"worker_id":"f8ca19df-a88f-4c86-b808-19f5a7e8b88c-140276017186624","trial_id":9,"param_name":"optimizer","param_value_internal":0,"distribution":"{\"name\": \"CategoricalDistribution\", \"attributes\": {\"choices\": [\"adamw\", \"adam\", \"sgd\"]}}"}
{"op_code":5,"worker_id":"f8ca19df-a88f-4c86-b808-19f5a7e8b88c-140276017186624","trial_id":9,"param_name":"use_maml_msl","param_value_internal":2,"distribution":"{\"name\": \"CategoricalDistribution\", \"attributes\": {\"choices\": [true, false, \"hybrid\"]}}"}
{"op_code":5,"worker_id":"f8ca19df-a88f-4c86-b808-19f5a7e8b88c-140276017186624","trial_id":9,"param_name":"maml_msl_num_epochs","param_value_internal":16.0,"distribution":"{\"name\": \"IntDistribution\", \"attributes\": {\"log\": false, \"step\": 1, \"low\": 1, \"high\": 40}}"}
{"op_code":5,"worker_id":"f8ca19df-a88f-4c86-b808-19f5a7e8b88c-140276017186624","trial_id":9,"param_name":"maml_opt_order","param_value_internal":1,"distribution":"{\"name\": \"CategoricalDistribution\", \"attributes\": {\"choices\": [\"first\", \"second\", \"hybrid\"]}}"}
{"op_code":0,"worker_id":"50383865-07f2-43ed-aa82-12004370fc82-139876116141888","study_name":"mamlpp_pretr_ContrastiveNet_2fcv_hpo","directions":[2]}
{"op_code":4,"worker_id":"50383865-07f2-43ed-aa82-12004370fc82-139876116141888","study_id":0,"datetime_start":"2026-03-24T11:13:34.506249"}
{"op_code":5,"worker_id":"50383865-07f2-43ed-aa82-12004370fc82-139876116141888","trial_id":10,"param_name":"meta_batchsize","param_value_internal":0,"distribution":"{\"name\": \"CategoricalDistribution\", \"attributes\": {\"choices\": [16, 32, 64]}}"}
{"op_code":5,"worker_id":"50383865-07f2-43ed-aa82-12004370fc82-139876116141888","trial_id":10,"param_name":"maml_inner_steps","param_value_internal":1,"distribution":"{\"name\": \"CategoricalDistribution\", \"attributes\": {\"choices\": [2, 3, 5, 7]}}"}
{"op_code":5,"worker_id":"50383865-07f2-43ed-aa82-12004370fc82-139876116141888","trial_id":10,"param_name":"maml_inner_steps_eval","param_value_internal":3,"distribution":"{\"name\": \"CategoricalDistribution\", \"attributes\": {\"choices\": [10, 15, 20, 30]}}"}
{"op_code":5,"worker_id":"50383865-07f2-43ed-aa82-12004370fc82-139876116141888","trial_id":10,"param_name":"maml_alpha_init","param_value_internal":0.0037104034630074862,"distribution":"{\"name\": \"FloatDistribution\", \"attributes\": {\"step\": null, \"low\": 0.0001, \"high\": 0.1, \"log\": true}}"}
{"op_code":5,"worker_id":"50383865-07f2-43ed-aa82-12004370fc82-139876116141888","trial_id":10,"param_name":"maml_alpha_init_eval","param_value_internal":0.003960611505967827,"distribution":"{\"name\": \"FloatDistribution\", \"attributes\": {\"step\": null, \"low\": 0.0001, \"high\": 0.01, \"log\": true}}"}
{"op_code":5,"worker_id":"50383865-07f2-43ed-aa82-12004370fc82-139876116141888","trial_id":10,"param_name":"outer_lr","param_value_internal":0.00753537242117887,"distribution":"{\"name\": \"FloatDistribution\", \"attributes\": {\"step\": null, \"low\": 1e-05, \"high\": 0.01, \"log\": true}}"}
{"op_code":5,"worker_id":"50383865-07f2-43ed-aa82-12004370fc82-139876116141888","trial_id":10,"param_name":"wd","param_value_internal":3.261813933782901e-05,"distribution":"{\"name\": \"FloatDistribution\", \"attributes\": {\"step\": null, \"low\": 1e-06, \"high\": 0.0001, \"log\": true}}"}
{"op_code":5,"worker_id":"50383865-07f2-43ed-aa82-12004370fc82-139876116141888","trial_id":10,"param_name":"groupnorm_num_groups","param_value_internal":1,"distribution":"{\"name\": \"CategoricalDistribution\", \"attributes\": {\"choices\": [4, 8]}}"}
{"op_code":5,"worker_id":"50383865-07f2-43ed-aa82-12004370fc82-139876116141888","trial_id":10,"param_name":"use_GlobalAvgPooling","param_value_internal":0,"distribution":"{\"name\": \"CategoricalDistribution\", \"attributes\": {\"choices\": [true, false]}}"}
{"op_code":5,"worker_id":"50383865-07f2-43ed-aa82-12004370fc82-139876116141888","trial_id":10,"param_name":"finetuning_approach","param_value_internal":0,"distribution":"{\"name\": \"CategoricalDistribution\", \"attributes\": {\"choices\": [\"full\"]}}"}
{"op_code":5,"worker_id":"50383865-07f2-43ed-aa82-12004370fc82-139876116141888","trial_id":10,"param_name":"use_film_x_demo","param_value_internal":1,"distribution":"{\"name\": \"CategoricalDistribution\", \"attributes\": {\"choices\": [true, false]}}"}
{"op_code":5,"worker_id":"50383865-07f2-43ed-aa82-12004370fc82-139876116141888","trial_id":10,"param_name":"context_emb_dim","param_value_internal":0,"distribution":"{\"name\": \"CategoricalDistribution\", \"attributes\": {\"choices\": [8, 16, 32, 64]}}"}
{"op_code":5,"worker_id":"50383865-07f2-43ed-aa82-12004370fc82-139876116141888","trial_id":10,"param_name":"demo_emb_dim","param_value_internal":1,"distribution":"{\"name\": \"CategoricalDistribution\", \"attributes\": {\"choices\": [8, 16, 32, 64]}}"}
{"op_code":5,"worker_id":"50383865-07f2-43ed-aa82-12004370fc82-139876116141888","trial_id":10,"param_name":"context_pool_type","param_value_internal":0,"distribution":"{\"name\": \"CategoricalDistribution\", \"attributes\": {\"choices\": [\"mean\", \"attn\"]}}"}
{"op_code":5,"worker_id":"50383865-07f2-43ed-aa82-12004370fc82-139876116141888","trial_id":10,"param_name":"episodes_per_epoch_train","param_value_internal":1,"distribution":"{\"name\": \"CategoricalDistribution\", \"attributes\": {\"choices\": [250, 500]}}"}
{"op_code":5,"worker_id":"50383865-07f2-43ed-aa82-12004370fc82-139876116141888","trial_id":10,"param_name":"optimizer","param_value_internal":0,"distribution":"{\"name\": \"CategoricalDistribution\", \"attributes\": {\"choices\": [\"adamw\", \"adam\", \"sgd\"]}}"}
{"op_code":5,"worker_id":"50383865-07f2-43ed-aa82-12004370fc82-139876116141888","trial_id":10,"param_name":"use_maml_msl","param_value_internal":1,"distribution":"{\"name\": \"CategoricalDistribution\", \"attributes\": {\"choices\": [true, false, \"hybrid\"]}}"}
{"op_code":5,"worker_id":"50383865-07f2-43ed-aa82-12004370fc82-139876116141888","trial_id":10,"param_name":"maml_opt_order","param_value_internal":1,"distribution":"{\"name\": \"CategoricalDistribution\", \"attributes\": {\"choices\": [\"first\", \"second\", \"hybrid\"]}}"}
{"op_code":8,"worker_id":"4ae44871-49d5-46ac-88c6-41ca20cdb75c-140592427972416","trial_id":3,"user_attr":{"fold_mean_accs":[0.8499999999999999,0.8041666666666666]}}
{"op_code":8,"worker_id":"4ae44871-49d5-46ac-88c6-41ca20cdb75c-140592427972416","trial_id":3,"user_attr":{"fold_user_accs":[[0.8416666666666666,0.9583333333333333,0.7916666666666666,0.8083333333333333],[0.8666666666666666,0.7166666666666667,0.6416666666666666,0.9916666666666666]]}}
{"op_code":8,"worker_id":"4ae44871-49d5-46ac-88c6-41ca20cdb75c-140592427972416","trial_id":3,"user_attr":{"mean_pretrain_val_acc":0.8270833333333334}}
{"op_code":6,"worker_id":"4ae44871-49d5-46ac-88c6-41ca20cdb75c-140592427972416","trial_id":3,"state":1,"values":[0.8270833333333332],"datetime_complete":"2026-03-24T11:16:36.138938"}
{"op_code":0,"worker_id":"e8848a18-7008-464c-978d-d87a1f153aeb-139979642091328","study_name":"mamlpp_pretr_ContrastiveNet_2fcv_hpo","directions":[2]}
{"op_code":4,"worker_id":"e8848a18-7008-464c-978d-d87a1f153aeb-139979642091328","study_id":0,"datetime_start":"2026-03-24T11:17:35.861225"}
{"op_code":5,"worker_id":"e8848a18-7008-464c-978d-d87a1f153aeb-139979642091328","trial_id":11,"param_name":"meta_batchsize","param_value_internal":0,"distribution":"{\"name\": \"CategoricalDistribution\", \"attributes\": {\"choices\": [16, 32, 64]}}"}
{"op_code":5,"worker_id":"e8848a18-7008-464c-978d-d87a1f153aeb-139979642091328","trial_id":11,"param_name":"maml_inner_steps","param_value_internal":3,"distribution":"{\"name\": \"CategoricalDistribution\", \"attributes\": {\"choices\": [2, 3, 5, 7]}}"}
{"op_code":5,"worker_id":"e8848a18-7008-464c-978d-d87a1f153aeb-139979642091328","trial_id":11,"param_name":"maml_inner_steps_eval","param_value_internal":1,"distribution":"{\"name\": \"CategoricalDistribution\", \"attributes\": {\"choices\": [10, 15, 20, 30]}}"}
{"op_code":5,"worker_id":"e8848a18-7008-464c-978d-d87a1f153aeb-139979642091328","trial_id":11,"param_name":"maml_alpha_init","param_value_internal":0.0004462876434770208,"distribution":"{\"name\": \"FloatDistribution\", \"attributes\": {\"step\": null, \"low\": 0.0001, \"high\": 0.1, \"log\": true}}"}
{"op_code":5,"worker_id":"e8848a18-7008-464c-978d-d87a1f153aeb-139979642091328","trial_id":11,"param_name":"maml_alpha_init_eval","param_value_internal":0.0066341271470395,"distribution":"{\"name\": \"FloatDistribution\", \"attributes\": {\"step\": null, \"low\": 0.0001, \"high\": 0.01, \"log\": true}}"}
{"op_code":5,"worker_id":"e8848a18-7008-464c-978d-d87a1f153aeb-139979642091328","trial_id":11,"param_name":"outer_lr","param_value_internal":1.1957586921185908e-05,"distribution":"{\"name\": \"FloatDistribution\", \"attributes\": {\"step\": null, \"low\": 1e-05, \"high\": 0.01, \"log\": true}}"}
{"op_code":5,"worker_id":"e8848a18-7008-464c-978d-d87a1f153aeb-139979642091328","trial_id":11,"param_name":"wd","param_value_internal":2.9724413284427125e-06,"distribution":"{\"name\": \"FloatDistribution\", \"attributes\": {\"step\": null, \"low\": 1e-06, \"high\": 0.0001, \"log\": true}}"}
{"op_code":5,"worker_id":"e8848a18-7008-464c-978d-d87a1f153aeb-139979642091328","trial_id":11,"param_name":"groupnorm_num_groups","param_value_internal":1,"distribution":"{\"name\": \"CategoricalDistribution\", \"attributes\": {\"choices\": [4, 8]}}"}
{"op_code":5,"worker_id":"e8848a18-7008-464c-978d-d87a1f153aeb-139979642091328","trial_id":11,"param_name":"use_GlobalAvgPooling","param_value_internal":1,"distribution":"{\"name\": \"CategoricalDistribution\", \"attributes\": {\"choices\": [true, false]}}"}
{"op_code":5,"worker_id":"e8848a18-7008-464c-978d-d87a1f153aeb-139979642091328","trial_id":11,"param_name":"finetuning_approach","param_value_internal":0,"distribution":"{\"name\": \"CategoricalDistribution\", \"attributes\": {\"choices\": [\"full\"]}}"}
{"op_code":5,"worker_id":"e8848a18-7008-464c-978d-d87a1f153aeb-139979642091328","trial_id":11,"param_name":"use_film_x_demo","param_value_internal":0,"distribution":"{\"name\": \"CategoricalDistribution\", \"attributes\": {\"choices\": [true, false]}}"}
{"op_code":5,"worker_id":"e8848a18-7008-464c-978d-d87a1f153aeb-139979642091328","trial_id":11,"param_name":"context_emb_dim","param_value_internal":1,"distribution":"{\"name\": \"CategoricalDistribution\", \"attributes\": {\"choices\": [8, 16, 32, 64]}}"}
{"op_code":5,"worker_id":"e8848a18-7008-464c-978d-d87a1f153aeb-139979642091328","trial_id":11,"param_name":"demo_emb_dim","param_value_internal":1,"distribution":"{\"name\": \"CategoricalDistribution\", \"attributes\": {\"choices\": [8, 16, 32, 64]}}"}
{"op_code":5,"worker_id":"e8848a18-7008-464c-978d-d87a1f153aeb-139979642091328","trial_id":11,"param_name":"context_pool_type","param_value_internal":1,"distribution":"{\"name\": \"CategoricalDistribution\", \"attributes\": {\"choices\": [\"mean\", \"attn\"]}}"}
{"op_code":5,"worker_id":"e8848a18-7008-464c-978d-d87a1f153aeb-139979642091328","trial_id":11,"param_name":"episodes_per_epoch_train","param_value_internal":1,"distribution":"{\"name\": \"CategoricalDistribution\", \"attributes\": {\"choices\": [250, 500]}}"}
{"op_code":5,"worker_id":"e8848a18-7008-464c-978d-d87a1f153aeb-139979642091328","trial_id":11,"param_name":"optimizer","param_value_internal":0,"distribution":"{\"name\": \"CategoricalDistribution\", \"attributes\": {\"choices\": [\"adamw\", \"adam\", \"sgd\"]}}"}
{"op_code":5,"worker_id":"e8848a18-7008-464c-978d-d87a1f153aeb-139979642091328","trial_id":11,"param_name":"use_maml_msl","param_value_internal":1,"distribution":"{\"name\": \"CategoricalDistribution\", \"attributes\": {\"choices\": [true, false, \"hybrid\"]}}"}
{"op_code":5,"worker_id":"e8848a18-7008-464c-978d-d87a1f153aeb-139979642091328","trial_id":11,"param_name":"maml_opt_order","param_value_internal":0,"distribution":"{\"name\": \"CategoricalDistribution\", \"attributes\": {\"choices\": [\"first\", \"second\", \"hybrid\"]}}"}
{"op_code":8,"worker_id":"aeeced70-037e-494d-9e5c-976a322e9938-140186000078656","trial_id":8,"user_attr":{"fold_mean_accs":[0.7958333333333333,0.69375]}}
{"op_code":8,"worker_id":"aeeced70-037e-494d-9e5c-976a322e9938-140186000078656","trial_id":8,"user_attr":{"fold_user_accs":[[0.7166666666666667,0.7833333333333333,0.8,0.8833333333333332],[0.775,0.6,0.5916666666666667,0.8083333333333332]]}}
{"op_code":8,"worker_id":"aeeced70-037e-494d-9e5c-976a322e9938-140186000078656","trial_id":8,"user_attr":{"mean_pretrain_val_acc":0.7395833333333333}}
{"op_code":6,"worker_id":"aeeced70-037e-494d-9e5c-976a322e9938-140186000078656","trial_id":8,"state":1,"values":[0.7447916666666666],"datetime_complete":"2026-03-24T11:42:14.372736"}
{"op_code":8,"worker_id":"50383865-07f2-43ed-aa82-12004370fc82-139876116141888","trial_id":10,"user_attr":{"fold_mean_accs":[0.7749999999999999,0.6645833333333333]}}
{"op_code":8,"worker_id":"50383865-07f2-43ed-aa82-12004370fc82-139876116141888","trial_id":10,"user_attr":{"fold_user_accs":[[0.8166666666666667,0.9083333333333332,0.7666666666666666,0.6083333333333334],[0.7416666666666667,0.5666666666666667,0.575,0.7749999999999999]]}}
{"op_code":8,"worker_id":"50383865-07f2-43ed-aa82-12004370fc82-139876116141888","trial_id":10,"user_attr":{"mean_pretrain_val_acc":0.715625}}
{"op_code":6,"worker_id":"50383865-07f2-43ed-aa82-12004370fc82-139876116141888","trial_id":10,"state":1,"values":[0.7197916666666666],"datetime_complete":"2026-03-24T11:58:53.690364"}
{"op_code":0,"worker_id":"c079ba1d-6abc-462b-946c-8d156ca7e652-140279072106304","study_name":"mamlpp_pretr_ContrastiveNet_2fcv_hpo","directions":[2]}
{"op_code":4,"worker_id":"c079ba1d-6abc-462b-946c-8d156ca7e652-140279072106304","study_id":0,"datetime_start":"2026-03-24T11:59:22.207747"}
{"op_code":5,"worker_id":"c079ba1d-6abc-462b-946c-8d156ca7e652-140279072106304","trial_id":12,"param_name":"meta_batchsize","param_value_internal":0,"distribution":"{\"name\": \"CategoricalDistribution\", \"attributes\": {\"choices\": [16, 32, 64]}}"}
{"op_code":5,"worker_id":"c079ba1d-6abc-462b-946c-8d156ca7e652-140279072106304","trial_id":12,"param_name":"maml_inner_steps","param_value_internal":2,"distribution":"{\"name\": \"CategoricalDistribution\", \"attributes\": {\"choices\": [2, 3, 5, 7]}}"}
{"op_code":5,"worker_id":"c079ba1d-6abc-462b-946c-8d156ca7e652-140279072106304","trial_id":12,"param_name":"maml_inner_steps_eval","param_value_internal":0,"distribution":"{\"name\": \"CategoricalDistribution\", \"attributes\": {\"choices\": [10, 15, 20, 30]}}"}
{"op_code":5,"worker_id":"c079ba1d-6abc-462b-946c-8d156ca7e652-140279072106304","trial_id":12,"param_name":"maml_alpha_init","param_value_internal":0.013518285870630196,"distribution":"{\"name\": \"FloatDistribution\", \"attributes\": {\"step\": null, \"low\": 0.0001, \"high\": 0.1, \"log\": true}}"}
{"op_code":5,"worker_id":"c079ba1d-6abc-462b-946c-8d156ca7e652-140279072106304","trial_id":12,"param_name":"maml_alpha_init_eval","param_value_internal":0.0009180328763710956,"distribution":"{\"name\": \"FloatDistribution\", \"attributes\": {\"step\": null, \"low\": 0.0001, \"high\": 0.01, \"log\": true}}"}
{"op_code":5,"worker_id":"c079ba1d-6abc-462b-946c-8d156ca7e652-140279072106304","trial_id":12,"param_name":"outer_lr","param_value_internal":0.00265783322420019,"distribution":"{\"name\": \"FloatDistribution\", \"attributes\": {\"step\": null, \"low\": 1e-05, \"high\": 0.01, \"log\": true}}"}
{"op_code":5,"worker_id":"c079ba1d-6abc-462b-946c-8d156ca7e652-140279072106304","trial_id":12,"param_name":"wd","param_value_internal":4.8327257909581536e-05,"distribution":"{\"name\": \"FloatDistribution\", \"attributes\": {\"step\": null, \"low\": 1e-06, \"high\": 0.0001, \"log\": true}}"}
{"op_code":5,"worker_id":"c079ba1d-6abc-462b-946c-8d156ca7e652-140279072106304","trial_id":12,"param_name":"groupnorm_num_groups","param_value_internal":0,"distribution":"{\"name\": \"CategoricalDistribution\", \"attributes\": {\"choices\": [4, 8]}}"}
{"op_code":5,"worker_id":"c079ba1d-6abc-462b-946c-8d156ca7e652-140279072106304","trial_id":12,"param_name":"use_GlobalAvgPooling","param_value_internal":1,"distribution":"{\"name\": \"CategoricalDistribution\", \"attributes\": {\"choices\": [true, false]}}"}
{"op_code":5,"worker_id":"c079ba1d-6abc-462b-946c-8d156ca7e652-140279072106304","trial_id":12,"param_name":"finetuning_approach","param_value_internal":0,"distribution":"{\"name\": \"CategoricalDistribution\", \"attributes\": {\"choices\": [\"full\"]}}"}
{"op_code":5,"worker_id":"c079ba1d-6abc-462b-946c-8d156ca7e652-140279072106304","trial_id":12,"param_name":"use_film_x_demo","param_value_internal":0,"distribution":"{\"name\": \"CategoricalDistribution\", \"attributes\": {\"choices\": [true, false]}}"}
{"op_code":5,"worker_id":"c079ba1d-6abc-462b-946c-8d156ca7e652-140279072106304","trial_id":12,"param_name":"context_emb_dim","param_value_internal":3,"distribution":"{\"name\": \"CategoricalDistribution\", \"attributes\": {\"choices\": [8, 16, 32, 64]}}"}
{"op_code":5,"worker_id":"c079ba1d-6abc-462b-946c-8d156ca7e652-140279072106304","trial_id":12,"param_name":"demo_emb_dim","param_value_internal":0,"distribution":"{\"name\": \"CategoricalDistribution\", \"attributes\": {\"choices\": [8, 16, 32, 64]}}"}
{"op_code":5,"worker_id":"c079ba1d-6abc-462b-946c-8d156ca7e652-140279072106304","trial_id":12,"param_name":"context_pool_type","param_value_internal":1,"distribution":"{\"name\": \"CategoricalDistribution\", \"attributes\": {\"choices\": [\"mean\", \"attn\"]}}"}
{"op_code":5,"worker_id":"c079ba1d-6abc-462b-946c-8d156ca7e652-140279072106304","trial_id":12,"param_name":"episodes_per_epoch_train","param_value_internal":0,"distribution":"{\"name\": \"CategoricalDistribution\", \"attributes\": {\"choices\": [250, 500]}}"}
{"op_code":5,"worker_id":"c079ba1d-6abc-462b-946c-8d156ca7e652-140279072106304","trial_id":12,"param_name":"optimizer","param_value_internal":0,"distribution":"{\"name\": \"CategoricalDistribution\", \"attributes\": {\"choices\": [\"adamw\", \"adam\", \"sgd\"]}}"}
{"op_code":5,"worker_id":"c079ba1d-6abc-462b-946c-8d156ca7e652-140279072106304","trial_id":12,"param_name":"use_maml_msl","param_value_internal":1,"distribution":"{\"name\": \"CategoricalDistribution\", \"attributes\": {\"choices\": [true, false, \"hybrid\"]}}"}
{"op_code":5,"worker_id":"c079ba1d-6abc-462b-946c-8d156ca7e652-140279072106304","trial_id":12,"param_name":"maml_opt_order","param_value_internal":0,"distribution":"{\"name\": \"CategoricalDistribution\", \"attributes\": {\"choices\": [\"first\", \"second\", \"hybrid\"]}}"}
{"op_code":8,"worker_id":"c079ba1d-6abc-462b-946c-8d156ca7e652-140279072106304","trial_id":12,"user_attr":{"fold_mean_accs":[0.6020833333333333,0.5166666666666666]}}
{"op_code":8,"worker_id":"c079ba1d-6abc-462b-946c-8d156ca7e652-140279072106304","trial_id":12,"user_attr":{"fold_user_accs":[[0.5750000000000001,0.7,0.6250000000000001,0.5083333333333333],[0.65,0.4416666666666666,0.36666666666666664,0.6083333333333334]]}}
{"op_code":8,"worker_id":"c079ba1d-6abc-462b-946c-8d156ca7e652-140279072106304","trial_id":12,"user_attr":{"mean_pretrain_val_acc":0.559375}}
{"op_code":6,"worker_id":"c079ba1d-6abc-462b-946c-8d156ca7e652-140279072106304","trial_id":12,"state":1,"values":[0.559375],"datetime_complete":"2026-03-24T12:17:55.520036"}
{"op_code":8,"worker_id":"4c35d106-1600-4ae3-bd15-c0f5d2d084af-140127553754944","trial_id":5,"user_attr":{"fold_mean_accs":[0.9666666666666666,0.9770833333333333]}}
{"op_code":8,"worker_id":"4c35d106-1600-4ae3-bd15-c0f5d2d084af-140127553754944","trial_id":5,"user_attr":{"fold_user_accs":[[0.9249999999999998,1.0,0.9416666666666667,1.0],[1.0,0.9416666666666667,0.9666666666666668,1.0]]}}
{"op_code":8,"worker_id":"4c35d106-1600-4ae3-bd15-c0f5d2d084af-140127553754944","trial_id":5,"user_attr":{"mean_pretrain_val_acc":0.9781249999999999}}
{"op_code":6,"worker_id":"4c35d106-1600-4ae3-bd15-c0f5d2d084af-140127553754944","trial_id":5,"state":1,"values":[0.9718749999999999],"datetime_complete":"2026-03-24T12:22:08.451404"}
{"op_code":8,"worker_id":"f8ca19df-a88f-4c86-b808-19f5a7e8b88c-140276017186624","trial_id":9,"user_attr":{"fold_mean_accs":[0.9708333333333333,0.9770833333333333]}}
{"op_code":8,"worker_id":"f8ca19df-a88f-4c86-b808-19f5a7e8b88c-140276017186624","trial_id":9,"user_attr":{"fold_user_accs":[[0.9833333333333332,1.0,0.9,1.0],[1.0,0.9666666666666666,0.9416666666666667,1.0]]}}
{"op_code":8,"worker_id":"f8ca19df-a88f-4c86-b808-19f5a7e8b88c-140276017186624","trial_id":9,"user_attr":{"mean_pretrain_val_acc":0.9791666666666666}}
{"op_code":6,"worker_id":"f8ca19df-a88f-4c86-b808-19f5a7e8b88c-140276017186624","trial_id":9,"state":1,"values":[0.9739583333333333],"datetime_complete":"2026-03-24T13:27:26.146235"}
{"op_code":8,"worker_id":"e8848a18-7008-464c-978d-d87a1f153aeb-139979642091328","trial_id":11,"user_attr":{"fold_mean_accs":[0.9333333333333333,0.8125]}}
{"op_code":8,"worker_id":"e8848a18-7008-464c-978d-d87a1f153aeb-139979642091328","trial_id":11,"user_attr":{"fold_user_accs":[[0.9249999999999998,1.0,0.875,0.9333333333333333],[0.95,0.7166666666666668,0.7833333333333333,0.8]]}}
{"op_code":8,"worker_id":"e8848a18-7008-464c-978d-d87a1f153aeb-139979642091328","trial_id":11,"user_attr":{"mean_pretrain_val_acc":0.8729166666666667}}
{"op_code":6,"worker_id":"e8848a18-7008-464c-978d-d87a1f153aeb-139979642091328","trial_id":11,"state":1,"values":[0.8729166666666667],"datetime_complete":"2026-03-24T15:14:02.116934"}
{"op_code":8,"worker_id":"acde3f21-640a-44a7-99e9-e9293714c67b-139903763441472","trial_id":7,"user_attr":{"fold_mean_accs":[0.9333333333333333,0.7791666666666667]}}
{"op_code":8,"worker_id":"acde3f21-640a-44a7-99e9-e9293714c67b-139903763441472","trial_id":7,"user_attr":{"fold_user_accs":[[0.9,0.9833333333333334,0.8833333333333332,0.9666666666666666],[0.875,0.675,0.6833333333333333,0.8833333333333332]]}}
{"op_code":8,"worker_id":"acde3f21-640a-44a7-99e9-e9293714c67b-139903763441472","trial_id":7,"user_attr":{"mean_pretrain_val_acc":0.85625}}
{"op_code":6,"worker_id":"acde3f21-640a-44a7-99e9-e9293714c67b-139903763441472","trial_id":7,"state":1,"values":[0.85625],"datetime_complete":"2026-03-24T15:22:52.444285"}
