{"op_code":0,"worker_id":"d4487627-09e9-4475-802a-ee3d0961ac94-140544158660416","study_name":"mamlpp_pretr_TST_2fcv_hpo","directions":[2]}
{"op_code":4,"worker_id":"d4487627-09e9-4475-802a-ee3d0961ac94-140544158660416","study_id":0,"datetime_start":"2026-03-23T16:36:37.699701"}
{"op_code":5,"worker_id":"d4487627-09e9-4475-802a-ee3d0961ac94-140544158660416","trial_id":0,"param_name":"meta_batchsize","param_value_internal":1,"distribution":"{\"name\": \"CategoricalDistribution\", \"attributes\": {\"choices\": [16, 32, 64]}}"}
{"op_code":5,"worker_id":"d4487627-09e9-4475-802a-ee3d0961ac94-140544158660416","trial_id":0,"param_name":"maml_inner_steps","param_value_internal":2,"distribution":"{\"name\": \"CategoricalDistribution\", \"attributes\": {\"choices\": [2, 3, 5, 7]}}"}
{"op_code":5,"worker_id":"d4487627-09e9-4475-802a-ee3d0961ac94-140544158660416","trial_id":0,"param_name":"maml_inner_steps_eval","param_value_internal":2,"distribution":"{\"name\": \"CategoricalDistribution\", \"attributes\": {\"choices\": [10, 15, 20, 30]}}"}
{"op_code":5,"worker_id":"d4487627-09e9-4475-802a-ee3d0961ac94-140544158660416","trial_id":0,"param_name":"maml_alpha_init","param_value_internal":0.021747921641076928,"distribution":"{\"name\": \"FloatDistribution\", \"attributes\": {\"step\": null, \"low\": 0.0001, \"high\": 0.1, \"log\": true}}"}
{"op_code":5,"worker_id":"d4487627-09e9-4475-802a-ee3d0961ac94-140544158660416","trial_id":0,"param_name":"maml_alpha_init_eval","param_value_internal":0.0006049497586953357,"distribution":"{\"name\": \"FloatDistribution\", \"attributes\": {\"step\": null, \"low\": 0.0001, \"high\": 0.01, \"log\": true}}"}
{"op_code":5,"worker_id":"d4487627-09e9-4475-802a-ee3d0961ac94-140544158660416","trial_id":0,"param_name":"outer_lr","param_value_internal":0.0003975911940211529,"distribution":"{\"name\": \"FloatDistribution\", \"attributes\": {\"step\": null, \"low\": 1e-05, \"high\": 0.01, \"log\": true}}"}
{"op_code":5,"worker_id":"d4487627-09e9-4475-802a-ee3d0961ac94-140544158660416","trial_id":0,"param_name":"wd","param_value_internal":8.22862145730553e-05,"distribution":"{\"name\": \"FloatDistribution\", \"attributes\": {\"step\": null, \"low\": 1e-06, \"high\": 0.0001, \"log\": true}}"}
{"op_code":5,"worker_id":"d4487627-09e9-4475-802a-ee3d0961ac94-140544158660416","trial_id":0,"param_name":"groupnorm_num_groups","param_value_internal":0,"distribution":"{\"name\": \"CategoricalDistribution\", \"attributes\": {\"choices\": [4, 8]}}"}
{"op_code":5,"worker_id":"d4487627-09e9-4475-802a-ee3d0961ac94-140544158660416","trial_id":0,"param_name":"emg_width","param_value_internal":2,"distribution":"{\"name\": \"CategoricalDistribution\", \"attributes\": {\"choices\": [32, 64, 128, 256]}}"}
{"op_code":5,"worker_id":"d4487627-09e9-4475-802a-ee3d0961ac94-140544158660416","trial_id":0,"param_name":"imu_width","param_value_internal":1,"distribution":"{\"name\": \"CategoricalDistribution\", \"attributes\": {\"choices\": [32, 64, 128, 256]}}"}
{"op_code":5,"worker_id":"d4487627-09e9-4475-802a-ee3d0961ac94-140544158660416","trial_id":0,"param_name":"emg_depth","param_value_internal":3.0,"distribution":"{\"name\": \"IntDistribution\", \"attributes\": {\"log\": false, \"step\": 1, \"low\": 2, \"high\": 4}}"}
{"op_code":5,"worker_id":"d4487627-09e9-4475-802a-ee3d0961ac94-140544158660416","trial_id":0,"param_name":"imu_depth","param_value_internal":3.0,"distribution":"{\"name\": \"IntDistribution\", \"attributes\": {\"log\": false, \"step\": 1, \"low\": 2, \"high\": 4}}"}
{"op_code":5,"worker_id":"d4487627-09e9-4475-802a-ee3d0961ac94-140544158660416","trial_id":0,"param_name":"cnn_kernel","param_value_internal":0,"distribution":"{\"name\": \"CategoricalDistribution\", \"attributes\": {\"choices\": [3, 5]}}"}
{"op_code":5,"worker_id":"d4487627-09e9-4475-802a-ee3d0961ac94-140544158660416","trial_id":0,"param_name":"lstm_hidden","param_value_internal":0,"distribution":"{\"name\": \"CategoricalDistribution\", \"attributes\": {\"choices\": [64, 128, 256]}}"}
{"op_code":5,"worker_id":"d4487627-09e9-4475-802a-ee3d0961ac94-140544158660416","trial_id":0,"param_name":"lstm_layers","param_value_internal":2.0,"distribution":"{\"name\": \"IntDistribution\", \"attributes\": {\"log\": false, \"step\": 1, \"low\": 1, \"high\": 3}}"}
{"op_code":5,"worker_id":"d4487627-09e9-4475-802a-ee3d0961ac94-140544158660416","trial_id":0,"param_name":"use_GlobalAvgPooling","param_value_internal":1,"distribution":"{\"name\": \"CategoricalDistribution\", \"attributes\": {\"choices\": [true, false]}}"}
{"op_code":5,"worker_id":"d4487627-09e9-4475-802a-ee3d0961ac94-140544158660416","trial_id":0,"param_name":"finetuning_approach","param_value_internal":0,"distribution":"{\"name\": \"CategoricalDistribution\", \"attributes\": {\"choices\": [\"full\"]}}"}
{"op_code":5,"worker_id":"d4487627-09e9-4475-802a-ee3d0961ac94-140544158660416","trial_id":0,"param_name":"use_film_x_demo","param_value_internal":1,"distribution":"{\"name\": \"CategoricalDistribution\", \"attributes\": {\"choices\": [true, false]}}"}
{"op_code":5,"worker_id":"d4487627-09e9-4475-802a-ee3d0961ac94-140544158660416","trial_id":0,"param_name":"context_emb_dim","param_value_internal":3,"distribution":"{\"name\": \"CategoricalDistribution\", \"attributes\": {\"choices\": [8, 16, 32, 64]}}"}
{"op_code":5,"worker_id":"d4487627-09e9-4475-802a-ee3d0961ac94-140544158660416","trial_id":0,"param_name":"demo_emb_dim","param_value_internal":2,"distribution":"{\"name\": \"CategoricalDistribution\", \"attributes\": {\"choices\": [8, 16, 32, 64]}}"}
{"op_code":5,"worker_id":"d4487627-09e9-4475-802a-ee3d0961ac94-140544158660416","trial_id":0,"param_name":"context_pool_type","param_value_internal":0,"distribution":"{\"name\": \"CategoricalDistribution\", \"attributes\": {\"choices\": [\"mean\", \"attn\"]}}"}
{"op_code":5,"worker_id":"d4487627-09e9-4475-802a-ee3d0961ac94-140544158660416","trial_id":0,"param_name":"episodes_per_epoch_train","param_value_internal":0,"distribution":"{\"name\": \"CategoricalDistribution\", \"attributes\": {\"choices\": [250, 500]}}"}
{"op_code":5,"worker_id":"d4487627-09e9-4475-802a-ee3d0961ac94-140544158660416","trial_id":0,"param_name":"optimizer","param_value_internal":0,"distribution":"{\"name\": \"CategoricalDistribution\", \"attributes\": {\"choices\": [\"adamw\", \"adam\", \"sgd\"]}}"}
{"op_code":5,"worker_id":"d4487627-09e9-4475-802a-ee3d0961ac94-140544158660416","trial_id":0,"param_name":"use_maml_msl","param_value_internal":1,"distribution":"{\"name\": \"CategoricalDistribution\", \"attributes\": {\"choices\": [true, false, \"hybrid\"]}}"}
{"op_code":5,"worker_id":"d4487627-09e9-4475-802a-ee3d0961ac94-140544158660416","trial_id":0,"param_name":"maml_opt_order","param_value_internal":1,"distribution":"{\"name\": \"CategoricalDistribution\", \"attributes\": {\"choices\": [\"first\", \"second\", \"hybrid\"]}}"}
{"op_code":0,"worker_id":"eece4ce3-5453-49c8-bbee-a5046389404e-140375443396416","study_name":"mamlpp_pretr_TST_2fcv_hpo","directions":[2]}
{"op_code":4,"worker_id":"eece4ce3-5453-49c8-bbee-a5046389404e-140375443396416","study_id":0,"datetime_start":"2026-03-23T22:52:45.919085"}
{"op_code":0,"worker_id":"fdcd5de2-7c9c-4b65-9d11-235309300d89-140717231683392","study_name":"mamlpp_pretr_TST_2fcv_hpo","directions":[2]}
{"op_code":0,"worker_id":"16f9a672-1be8-4e19-aabc-122668245e0f-139700342994752","study_name":"mamlpp_pretr_TST_2fcv_hpo","directions":[2]}
{"op_code":0,"worker_id":"43242b2d-08c0-41a4-b2b9-71414e99c96d-139768079832896","study_name":"mamlpp_pretr_TST_2fcv_hpo","directions":[2]}
{"op_code":0,"worker_id":"c558f550-d75a-4a0e-ae1a-227dbd12841b-139747632932672","study_name":"mamlpp_pretr_TST_2fcv_hpo","directions":[2]}
{"op_code":4,"worker_id":"fdcd5de2-7c9c-4b65-9d11-235309300d89-140717231683392","study_id":0,"datetime_start":"2026-03-23T22:52:45.985944"}
{"op_code":4,"worker_id":"43242b2d-08c0-41a4-b2b9-71414e99c96d-139768079832896","study_id":0,"datetime_start":"2026-03-23T22:52:46.009913"}
{"op_code":5,"worker_id":"fdcd5de2-7c9c-4b65-9d11-235309300d89-140717231683392","trial_id":2,"param_name":"meta_batchsize","param_value_internal":0,"distribution":"{\"name\": \"CategoricalDistribution\", \"attributes\": {\"choices\": [16, 32, 64]}}"}
{"op_code":4,"worker_id":"c558f550-d75a-4a0e-ae1a-227dbd12841b-139747632932672","study_id":0,"datetime_start":"2026-03-23T22:52:46.023489"}
{"op_code":5,"worker_id":"43242b2d-08c0-41a4-b2b9-71414e99c96d-139768079832896","trial_id":3,"param_name":"meta_batchsize","param_value_internal":0,"distribution":"{\"name\": \"CategoricalDistribution\", \"attributes\": {\"choices\": [16, 32, 64]}}"}
{"op_code":4,"worker_id":"16f9a672-1be8-4e19-aabc-122668245e0f-139700342994752","study_id":0,"datetime_start":"2026-03-23T22:52:45.992297"}
{"op_code":5,"worker_id":"43242b2d-08c0-41a4-b2b9-71414e99c96d-139768079832896","trial_id":3,"param_name":"maml_inner_steps","param_value_internal":1,"distribution":"{\"name\": \"CategoricalDistribution\", \"attributes\": {\"choices\": [2, 3, 5, 7]}}"}
{"op_code":5,"worker_id":"16f9a672-1be8-4e19-aabc-122668245e0f-139700342994752","trial_id":5,"param_name":"meta_batchsize","param_value_internal":1,"distribution":"{\"name\": \"CategoricalDistribution\", \"attributes\": {\"choices\": [16, 32, 64]}}"}
{"op_code":5,"worker_id":"eece4ce3-5453-49c8-bbee-a5046389404e-140375443396416","trial_id":1,"param_name":"meta_batchsize","param_value_internal":0,"distribution":"{\"name\": \"CategoricalDistribution\", \"attributes\": {\"choices\": [16, 32, 64]}}"}
{"op_code":5,"worker_id":"16f9a672-1be8-4e19-aabc-122668245e0f-139700342994752","trial_id":5,"param_name":"maml_inner_steps","param_value_internal":1,"distribution":"{\"name\": \"CategoricalDistribution\", \"attributes\": {\"choices\": [2, 3, 5, 7]}}"}
{"op_code":0,"worker_id":"842b39a9-03ff-4c20-84d0-a0dc4101ef47-139818085504832","study_name":"mamlpp_pretr_TST_2fcv_hpo","directions":[2]}
{"op_code":5,"worker_id":"eece4ce3-5453-49c8-bbee-a5046389404e-140375443396416","trial_id":1,"param_name":"maml_inner_steps","param_value_internal":0,"distribution":"{\"name\": \"CategoricalDistribution\", \"attributes\": {\"choices\": [2, 3, 5, 7]}}"}
{"op_code":4,"worker_id":"842b39a9-03ff-4c20-84d0-a0dc4101ef47-139818085504832","study_id":0,"datetime_start":"2026-03-23T22:52:46.212281"}
{"op_code":5,"worker_id":"c558f550-d75a-4a0e-ae1a-227dbd12841b-139747632932672","trial_id":4,"param_name":"meta_batchsize","param_value_internal":1,"distribution":"{\"name\": \"CategoricalDistribution\", \"attributes\": {\"choices\": [16, 32, 64]}}"}
{"op_code":5,"worker_id":"842b39a9-03ff-4c20-84d0-a0dc4101ef47-139818085504832","trial_id":6,"param_name":"meta_batchsize","param_value_internal":1,"distribution":"{\"name\": \"CategoricalDistribution\", \"attributes\": {\"choices\": [16, 32, 64]}}"}
{"op_code":5,"worker_id":"c558f550-d75a-4a0e-ae1a-227dbd12841b-139747632932672","trial_id":4,"param_name":"maml_inner_steps","param_value_internal":0,"distribution":"{\"name\": \"CategoricalDistribution\", \"attributes\": {\"choices\": [2, 3, 5, 7]}}"}
{"op_code":5,"worker_id":"842b39a9-03ff-4c20-84d0-a0dc4101ef47-139818085504832","trial_id":6,"param_name":"maml_inner_steps","param_value_internal":0,"distribution":"{\"name\": \"CategoricalDistribution\", \"attributes\": {\"choices\": [2, 3, 5, 7]}}"}
{"op_code":5,"worker_id":"16f9a672-1be8-4e19-aabc-122668245e0f-139700342994752","trial_id":5,"param_name":"maml_inner_steps_eval","param_value_internal":1,"distribution":"{\"name\": \"CategoricalDistribution\", \"attributes\": {\"choices\": [10, 15, 20, 30]}}"}
{"op_code":5,"worker_id":"842b39a9-03ff-4c20-84d0-a0dc4101ef47-139818085504832","trial_id":6,"param_name":"maml_inner_steps_eval","param_value_internal":3,"distribution":"{\"name\": \"CategoricalDistribution\", \"attributes\": {\"choices\": [10, 15, 20, 30]}}"}
{"op_code":5,"worker_id":"16f9a672-1be8-4e19-aabc-122668245e0f-139700342994752","trial_id":5,"param_name":"maml_alpha_init","param_value_internal":0.08841016578094232,"distribution":"{\"name\": \"FloatDistribution\", \"attributes\": {\"step\": null, \"low\": 0.0001, \"high\": 0.1, \"log\": true}}"}
{"op_code":5,"worker_id":"842b39a9-03ff-4c20-84d0-a0dc4101ef47-139818085504832","trial_id":6,"param_name":"maml_alpha_init","param_value_internal":0.00014221946818129233,"distribution":"{\"name\": \"FloatDistribution\", \"attributes\": {\"step\": null, \"low\": 0.0001, \"high\": 0.1, \"log\": true}}"}
{"op_code":5,"worker_id":"16f9a672-1be8-4e19-aabc-122668245e0f-139700342994752","trial_id":5,"param_name":"maml_alpha_init_eval","param_value_internal":0.0017878962673922548,"distribution":"{\"name\": \"FloatDistribution\", \"attributes\": {\"step\": null, \"low\": 0.0001, \"high\": 0.01, \"log\": true}}"}
{"op_code":5,"worker_id":"eece4ce3-5453-49c8-bbee-a5046389404e-140375443396416","trial_id":1,"param_name":"maml_inner_steps_eval","param_value_internal":3,"distribution":"{\"name\": \"CategoricalDistribution\", \"attributes\": {\"choices\": [10, 15, 20, 30]}}"}
{"op_code":0,"worker_id":"de9e6ae5-d1d6-47c1-9bde-23eadafac78c-140043746494272","study_name":"mamlpp_pretr_TST_2fcv_hpo","directions":[2]}
{"op_code":5,"worker_id":"eece4ce3-5453-49c8-bbee-a5046389404e-140375443396416","trial_id":1,"param_name":"maml_alpha_init","param_value_internal":0.0381449430729552,"distribution":"{\"name\": \"FloatDistribution\", \"attributes\": {\"step\": null, \"low\": 0.0001, \"high\": 0.1, \"log\": true}}"}
{"op_code":5,"worker_id":"43242b2d-08c0-41a4-b2b9-71414e99c96d-139768079832896","trial_id":3,"param_name":"maml_inner_steps_eval","param_value_internal":3,"distribution":"{\"name\": \"CategoricalDistribution\", \"attributes\": {\"choices\": [10, 15, 20, 30]}}"}
{"op_code":4,"worker_id":"de9e6ae5-d1d6-47c1-9bde-23eadafac78c-140043746494272","study_id":0,"datetime_start":"2026-03-23T22:52:46.474252"}
{"op_code":5,"worker_id":"eece4ce3-5453-49c8-bbee-a5046389404e-140375443396416","trial_id":1,"param_name":"maml_alpha_init_eval","param_value_internal":0.0002530291072665417,"distribution":"{\"name\": \"FloatDistribution\", \"attributes\": {\"step\": null, \"low\": 0.0001, \"high\": 0.01, \"log\": true}}"}
{"op_code":5,"worker_id":"de9e6ae5-d1d6-47c1-9bde-23eadafac78c-140043746494272","trial_id":7,"param_name":"meta_batchsize","param_value_internal":1,"distribution":"{\"name\": \"CategoricalDistribution\", \"attributes\": {\"choices\": [16, 32, 64]}}"}
{"op_code":5,"worker_id":"eece4ce3-5453-49c8-bbee-a5046389404e-140375443396416","trial_id":1,"param_name":"outer_lr","param_value_internal":4.9296742687413295e-05,"distribution":"{\"name\": \"FloatDistribution\", \"attributes\": {\"step\": null, \"low\": 1e-05, \"high\": 0.01, \"log\": true}}"}
{"op_code":5,"worker_id":"de9e6ae5-d1d6-47c1-9bde-23eadafac78c-140043746494272","trial_id":7,"param_name":"maml_inner_steps","param_value_internal":1,"distribution":"{\"name\": \"CategoricalDistribution\", \"attributes\": {\"choices\": [2, 3, 5, 7]}}"}
{"op_code":5,"worker_id":"eece4ce3-5453-49c8-bbee-a5046389404e-140375443396416","trial_id":1,"param_name":"wd","param_value_internal":4.301095118183641e-06,"distribution":"{\"name\": \"FloatDistribution\", \"attributes\": {\"step\": null, \"low\": 1e-06, \"high\": 0.0001, \"log\": true}}"}
{"op_code":5,"worker_id":"43242b2d-08c0-41a4-b2b9-71414e99c96d-139768079832896","trial_id":3,"param_name":"maml_alpha_init","param_value_internal":0.009221311049778842,"distribution":"{\"name\": \"FloatDistribution\", \"attributes\": {\"step\": null, \"low\": 0.0001, \"high\": 0.1, \"log\": true}}"}
{"op_code":5,"worker_id":"de9e6ae5-d1d6-47c1-9bde-23eadafac78c-140043746494272","trial_id":7,"param_name":"maml_inner_steps_eval","param_value_internal":1,"distribution":"{\"name\": \"CategoricalDistribution\", \"attributes\": {\"choices\": [10, 15, 20, 30]}}"}
{"op_code":5,"worker_id":"43242b2d-08c0-41a4-b2b9-71414e99c96d-139768079832896","trial_id":3,"param_name":"maml_alpha_init_eval","param_value_internal":0.0003264613421973554,"distribution":"{\"name\": \"FloatDistribution\", \"attributes\": {\"step\": null, \"low\": 0.0001, \"high\": 0.01, \"log\": true}}"}
{"op_code":5,"worker_id":"eece4ce3-5453-49c8-bbee-a5046389404e-140375443396416","trial_id":1,"param_name":"groupnorm_num_groups","param_value_internal":0,"distribution":"{\"name\": \"CategoricalDistribution\", \"attributes\": {\"choices\": [4, 8]}}"}
{"op_code":5,"worker_id":"c558f550-d75a-4a0e-ae1a-227dbd12841b-139747632932672","trial_id":4,"param_name":"maml_inner_steps_eval","param_value_internal":1,"distribution":"{\"name\": \"CategoricalDistribution\", \"attributes\": {\"choices\": [10, 15, 20, 30]}}"}
{"op_code":5,"worker_id":"eece4ce3-5453-49c8-bbee-a5046389404e-140375443396416","trial_id":1,"param_name":"emg_width","param_value_internal":3,"distribution":"{\"name\": \"CategoricalDistribution\", \"attributes\": {\"choices\": [32, 64, 128, 256]}}"}
{"op_code":5,"worker_id":"c558f550-d75a-4a0e-ae1a-227dbd12841b-139747632932672","trial_id":4,"param_name":"maml_alpha_init","param_value_internal":0.0011437233009643374,"distribution":"{\"name\": \"FloatDistribution\", \"attributes\": {\"step\": null, \"low\": 0.0001, \"high\": 0.1, \"log\": true}}"}
{"op_code":5,"worker_id":"eece4ce3-5453-49c8-bbee-a5046389404e-140375443396416","trial_id":1,"param_name":"imu_width","param_value_internal":2,"distribution":"{\"name\": \"CategoricalDistribution\", \"attributes\": {\"choices\": [32, 64, 128, 256]}}"}
{"op_code":5,"worker_id":"43242b2d-08c0-41a4-b2b9-71414e99c96d-139768079832896","trial_id":3,"param_name":"outer_lr","param_value_internal":0.005605181075925294,"distribution":"{\"name\": \"FloatDistribution\", \"attributes\": {\"step\": null, \"low\": 1e-05, \"high\": 0.01, \"log\": true}}"}
{"op_code":5,"worker_id":"43242b2d-08c0-41a4-b2b9-71414e99c96d-139768079832896","trial_id":3,"param_name":"wd","param_value_internal":5.5681246148907905e-06,"distribution":"{\"name\": \"FloatDistribution\", \"attributes\": {\"step\": null, \"low\": 1e-06, \"high\": 0.0001, \"log\": true}}"}
{"op_code":5,"worker_id":"43242b2d-08c0-41a4-b2b9-71414e99c96d-139768079832896","trial_id":3,"param_name":"groupnorm_num_groups","param_value_internal":0,"distribution":"{\"name\": \"CategoricalDistribution\", \"attributes\": {\"choices\": [4, 8]}}"}
{"op_code":5,"worker_id":"eece4ce3-5453-49c8-bbee-a5046389404e-140375443396416","trial_id":1,"param_name":"emg_depth","param_value_internal":4.0,"distribution":"{\"name\": \"IntDistribution\", \"attributes\": {\"log\": false, \"step\": 1, \"low\": 2, \"high\": 4}}"}
{"op_code":5,"worker_id":"16f9a672-1be8-4e19-aabc-122668245e0f-139700342994752","trial_id":5,"param_name":"outer_lr","param_value_internal":3.483871950656116e-05,"distribution":"{\"name\": \"FloatDistribution\", \"attributes\": {\"step\": null, \"low\": 1e-05, \"high\": 0.01, \"log\": true}}"}
{"op_code":0,"worker_id":"1049f2dd-6533-4e1f-aacc-8c55d14b41d9-140375881688896","study_name":"mamlpp_pretr_TST_2fcv_hpo","directions":[2]}
{"op_code":5,"worker_id":"eece4ce3-5453-49c8-bbee-a5046389404e-140375443396416","trial_id":1,"param_name":"imu_depth","param_value_internal":4.0,"distribution":"{\"name\": \"IntDistribution\", \"attributes\": {\"log\": false, \"step\": 1, \"low\": 2, \"high\": 4}}"}
{"op_code":5,"worker_id":"eece4ce3-5453-49c8-bbee-a5046389404e-140375443396416","trial_id":1,"param_name":"cnn_kernel","param_value_internal":1,"distribution":"{\"name\": \"CategoricalDistribution\", \"attributes\": {\"choices\": [3, 5]}}"}
{"op_code":5,"worker_id":"fdcd5de2-7c9c-4b65-9d11-235309300d89-140717231683392","trial_id":2,"param_name":"maml_inner_steps","param_value_internal":2,"distribution":"{\"name\": \"CategoricalDistribution\", \"attributes\": {\"choices\": [2, 3, 5, 7]}}"}
{"op_code":4,"worker_id":"1049f2dd-6533-4e1f-aacc-8c55d14b41d9-140375881688896","study_id":0,"datetime_start":"2026-03-23T22:52:47.107772"}
{"op_code":5,"worker_id":"fdcd5de2-7c9c-4b65-9d11-235309300d89-140717231683392","trial_id":2,"param_name":"maml_inner_steps_eval","param_value_internal":1,"distribution":"{\"name\": \"CategoricalDistribution\", \"attributes\": {\"choices\": [10, 15, 20, 30]}}"}
{"op_code":5,"worker_id":"fdcd5de2-7c9c-4b65-9d11-235309300d89-140717231683392","trial_id":2,"param_name":"maml_alpha_init","param_value_internal":0.03062286717261147,"distribution":"{\"name\": \"FloatDistribution\", \"attributes\": {\"step\": null, \"low\": 0.0001, \"high\": 0.1, \"log\": true}}"}
{"op_code":5,"worker_id":"eece4ce3-5453-49c8-bbee-a5046389404e-140375443396416","trial_id":1,"param_name":"lstm_hidden","param_value_internal":1,"distribution":"{\"name\": \"CategoricalDistribution\", \"attributes\": {\"choices\": [64, 128, 256]}}"}
{"op_code":5,"worker_id":"1049f2dd-6533-4e1f-aacc-8c55d14b41d9-140375881688896","trial_id":8,"param_name":"meta_batchsize","param_value_internal":1,"distribution":"{\"name\": \"CategoricalDistribution\", \"attributes\": {\"choices\": [16, 32, 64]}}"}
{"op_code":5,"worker_id":"eece4ce3-5453-49c8-bbee-a5046389404e-140375443396416","trial_id":1,"param_name":"lstm_layers","param_value_internal":2.0,"distribution":"{\"name\": \"IntDistribution\", \"attributes\": {\"log\": false, \"step\": 1, \"low\": 1, \"high\": 3}}"}
{"op_code":5,"worker_id":"1049f2dd-6533-4e1f-aacc-8c55d14b41d9-140375881688896","trial_id":8,"param_name":"maml_inner_steps","param_value_internal":1,"distribution":"{\"name\": \"CategoricalDistribution\", \"attributes\": {\"choices\": [2, 3, 5, 7]}}"}
{"op_code":5,"worker_id":"eece4ce3-5453-49c8-bbee-a5046389404e-140375443396416","trial_id":1,"param_name":"use_GlobalAvgPooling","param_value_internal":1,"distribution":"{\"name\": \"CategoricalDistribution\", \"attributes\": {\"choices\": [true, false]}}"}
{"op_code":5,"worker_id":"1049f2dd-6533-4e1f-aacc-8c55d14b41d9-140375881688896","trial_id":8,"param_name":"maml_inner_steps_eval","param_value_internal":3,"distribution":"{\"name\": \"CategoricalDistribution\", \"attributes\": {\"choices\": [10, 15, 20, 30]}}"}
{"op_code":5,"worker_id":"eece4ce3-5453-49c8-bbee-a5046389404e-140375443396416","trial_id":1,"param_name":"finetuning_approach","param_value_internal":0,"distribution":"{\"name\": \"CategoricalDistribution\", \"attributes\": {\"choices\": [\"full\"]}}"}
{"op_code":5,"worker_id":"1049f2dd-6533-4e1f-aacc-8c55d14b41d9-140375881688896","trial_id":8,"param_name":"maml_alpha_init","param_value_internal":0.00024293414865725595,"distribution":"{\"name\": \"FloatDistribution\", \"attributes\": {\"step\": null, \"low\": 0.0001, \"high\": 0.1, \"log\": true}}"}
{"op_code":5,"worker_id":"eece4ce3-5453-49c8-bbee-a5046389404e-140375443396416","trial_id":1,"param_name":"use_film_x_demo","param_value_internal":1,"distribution":"{\"name\": \"CategoricalDistribution\", \"attributes\": {\"choices\": [true, false]}}"}
{"op_code":5,"worker_id":"1049f2dd-6533-4e1f-aacc-8c55d14b41d9-140375881688896","trial_id":8,"param_name":"maml_alpha_init_eval","param_value_internal":0.00034071342021437597,"distribution":"{\"name\": \"FloatDistribution\", \"attributes\": {\"step\": null, \"low\": 0.0001, \"high\": 0.01, \"log\": true}}"}
{"op_code":5,"worker_id":"eece4ce3-5453-49c8-bbee-a5046389404e-140375443396416","trial_id":1,"param_name":"context_emb_dim","param_value_internal":0,"distribution":"{\"name\": \"CategoricalDistribution\", \"attributes\": {\"choices\": [8, 16, 32, 64]}}"}
{"op_code":5,"worker_id":"1049f2dd-6533-4e1f-aacc-8c55d14b41d9-140375881688896","trial_id":8,"param_name":"outer_lr","param_value_internal":3.250991144231794e-05,"distribution":"{\"name\": \"FloatDistribution\", \"attributes\": {\"step\": null, \"low\": 1e-05, \"high\": 0.01, \"log\": true}}"}
{"op_code":5,"worker_id":"eece4ce3-5453-49c8-bbee-a5046389404e-140375443396416","trial_id":1,"param_name":"demo_emb_dim","param_value_internal":2,"distribution":"{\"name\": \"CategoricalDistribution\", \"attributes\": {\"choices\": [8, 16, 32, 64]}}"}
{"op_code":5,"worker_id":"1049f2dd-6533-4e1f-aacc-8c55d14b41d9-140375881688896","trial_id":8,"param_name":"wd","param_value_internal":1.7165687168914272e-06,"distribution":"{\"name\": \"FloatDistribution\", \"attributes\": {\"step\": null, \"low\": 1e-06, \"high\": 0.0001, \"log\": true}}"}
{"op_code":5,"worker_id":"eece4ce3-5453-49c8-bbee-a5046389404e-140375443396416","trial_id":1,"param_name":"context_pool_type","param_value_internal":1,"distribution":"{\"name\": \"CategoricalDistribution\", \"attributes\": {\"choices\": [\"mean\", \"attn\"]}}"}
{"op_code":5,"worker_id":"1049f2dd-6533-4e1f-aacc-8c55d14b41d9-140375881688896","trial_id":8,"param_name":"groupnorm_num_groups","param_value_internal":0,"distribution":"{\"name\": \"CategoricalDistribution\", \"attributes\": {\"choices\": [4, 8]}}"}
{"op_code":5,"worker_id":"eece4ce3-5453-49c8-bbee-a5046389404e-140375443396416","trial_id":1,"param_name":"episodes_per_epoch_train","param_value_internal":0,"distribution":"{\"name\": \"CategoricalDistribution\", \"attributes\": {\"choices\": [250, 500]}}"}
{"op_code":5,"worker_id":"1049f2dd-6533-4e1f-aacc-8c55d14b41d9-140375881688896","trial_id":8,"param_name":"emg_width","param_value_internal":3,"distribution":"{\"name\": \"CategoricalDistribution\", \"attributes\": {\"choices\": [32, 64, 128, 256]}}"}
{"op_code":5,"worker_id":"eece4ce3-5453-49c8-bbee-a5046389404e-140375443396416","trial_id":1,"param_name":"optimizer","param_value_internal":2,"distribution":"{\"name\": \"CategoricalDistribution\", \"attributes\": {\"choices\": [\"adamw\", \"adam\", \"sgd\"]}}"}
{"op_code":5,"worker_id":"1049f2dd-6533-4e1f-aacc-8c55d14b41d9-140375881688896","trial_id":8,"param_name":"imu_width","param_value_internal":0,"distribution":"{\"name\": \"CategoricalDistribution\", \"attributes\": {\"choices\": [32, 64, 128, 256]}}"}
{"op_code":5,"worker_id":"de9e6ae5-d1d6-47c1-9bde-23eadafac78c-140043746494272","trial_id":7,"param_name":"maml_alpha_init","param_value_internal":0.002887737768877348,"distribution":"{\"name\": \"FloatDistribution\", \"attributes\": {\"step\": null, \"low\": 0.0001, \"high\": 0.1, \"log\": true}}"}
{"op_code":5,"worker_id":"eece4ce3-5453-49c8-bbee-a5046389404e-140375443396416","trial_id":1,"param_name":"use_maml_msl","param_value_internal":0,"distribution":"{\"name\": \"CategoricalDistribution\", \"attributes\": {\"choices\": [true, false, \"hybrid\"]}}"}
{"op_code":5,"worker_id":"de9e6ae5-d1d6-47c1-9bde-23eadafac78c-140043746494272","trial_id":7,"param_name":"maml_alpha_init_eval","param_value_internal":0.0004025225219626016,"distribution":"{\"name\": \"FloatDistribution\", \"attributes\": {\"step\": null, \"low\": 0.0001, \"high\": 0.01, \"log\": true}}"}
{"op_code":5,"worker_id":"eece4ce3-5453-49c8-bbee-a5046389404e-140375443396416","trial_id":1,"param_name":"maml_opt_order","param_value_internal":2,"distribution":"{\"name\": \"CategoricalDistribution\", \"attributes\": {\"choices\": [\"first\", \"second\", \"hybrid\"]}}"}
{"op_code":5,"worker_id":"1049f2dd-6533-4e1f-aacc-8c55d14b41d9-140375881688896","trial_id":8,"param_name":"emg_depth","param_value_internal":3.0,"distribution":"{\"name\": \"IntDistribution\", \"attributes\": {\"log\": false, \"step\": 1, \"low\": 2, \"high\": 4}}"}
{"op_code":5,"worker_id":"eece4ce3-5453-49c8-bbee-a5046389404e-140375443396416","trial_id":1,"param_name":"maml_first_order_to_second_order_epoch","param_value_internal":37.0,"distribution":"{\"name\": \"IntDistribution\", \"attributes\": {\"log\": false, \"step\": 1, \"low\": 1, \"high\": 40}}"}
{"op_code":5,"worker_id":"1049f2dd-6533-4e1f-aacc-8c55d14b41d9-140375881688896","trial_id":8,"param_name":"imu_depth","param_value_internal":3.0,"distribution":"{\"name\": \"IntDistribution\", \"attributes\": {\"log\": false, \"step\": 1, \"low\": 2, \"high\": 4}}"}
{"op_code":5,"worker_id":"16f9a672-1be8-4e19-aabc-122668245e0f-139700342994752","trial_id":5,"param_name":"wd","param_value_internal":1.634852416999054e-06,"distribution":"{\"name\": \"FloatDistribution\", \"attributes\": {\"step\": null, \"low\": 1e-06, \"high\": 0.0001, \"log\": true}}"}
{"op_code":5,"worker_id":"1049f2dd-6533-4e1f-aacc-8c55d14b41d9-140375881688896","trial_id":8,"param_name":"cnn_kernel","param_value_internal":0,"distribution":"{\"name\": \"CategoricalDistribution\", \"attributes\": {\"choices\": [3, 5]}}"}
{"op_code":5,"worker_id":"16f9a672-1be8-4e19-aabc-122668245e0f-139700342994752","trial_id":5,"param_name":"groupnorm_num_groups","param_value_internal":1,"distribution":"{\"name\": \"CategoricalDistribution\", \"attributes\": {\"choices\": [4, 8]}}"}
{"op_code":5,"worker_id":"1049f2dd-6533-4e1f-aacc-8c55d14b41d9-140375881688896","trial_id":8,"param_name":"lstm_hidden","param_value_internal":0,"distribution":"{\"name\": \"CategoricalDistribution\", \"attributes\": {\"choices\": [64, 128, 256]}}"}
{"op_code":5,"worker_id":"16f9a672-1be8-4e19-aabc-122668245e0f-139700342994752","trial_id":5,"param_name":"emg_width","param_value_internal":2,"distribution":"{\"name\": \"CategoricalDistribution\", \"attributes\": {\"choices\": [32, 64, 128, 256]}}"}
{"op_code":5,"worker_id":"1049f2dd-6533-4e1f-aacc-8c55d14b41d9-140375881688896","trial_id":8,"param_name":"lstm_layers","param_value_internal":1.0,"distribution":"{\"name\": \"IntDistribution\", \"attributes\": {\"log\": false, \"step\": 1, \"low\": 1, \"high\": 3}}"}
{"op_code":5,"worker_id":"16f9a672-1be8-4e19-aabc-122668245e0f-139700342994752","trial_id":5,"param_name":"imu_width","param_value_internal":1,"distribution":"{\"name\": \"CategoricalDistribution\", \"attributes\": {\"choices\": [32, 64, 128, 256]}}"}
{"op_code":5,"worker_id":"16f9a672-1be8-4e19-aabc-122668245e0f-139700342994752","trial_id":5,"param_name":"emg_depth","param_value_internal":2.0,"distribution":"{\"name\": \"IntDistribution\", \"attributes\": {\"log\": false, \"step\": 1, \"low\": 2, \"high\": 4}}"}
{"op_code":5,"worker_id":"1049f2dd-6533-4e1f-aacc-8c55d14b41d9-140375881688896","trial_id":8,"param_name":"use_GlobalAvgPooling","param_value_internal":1,"distribution":"{\"name\": \"CategoricalDistribution\", \"attributes\": {\"choices\": [true, false]}}"}
{"op_code":5,"worker_id":"16f9a672-1be8-4e19-aabc-122668245e0f-139700342994752","trial_id":5,"param_name":"imu_depth","param_value_internal":4.0,"distribution":"{\"name\": \"IntDistribution\", \"attributes\": {\"log\": false, \"step\": 1, \"low\": 2, \"high\": 4}}"}
{"op_code":5,"worker_id":"1049f2dd-6533-4e1f-aacc-8c55d14b41d9-140375881688896","trial_id":8,"param_name":"finetuning_approach","param_value_internal":0,"distribution":"{\"name\": \"CategoricalDistribution\", \"attributes\": {\"choices\": [\"full\"]}}"}
{"op_code":5,"worker_id":"16f9a672-1be8-4e19-aabc-122668245e0f-139700342994752","trial_id":5,"param_name":"cnn_kernel","param_value_internal":1,"distribution":"{\"name\": \"CategoricalDistribution\", \"attributes\": {\"choices\": [3, 5]}}"}
{"op_code":5,"worker_id":"16f9a672-1be8-4e19-aabc-122668245e0f-139700342994752","trial_id":5,"param_name":"lstm_hidden","param_value_internal":2,"distribution":"{\"name\": \"CategoricalDistribution\", \"attributes\": {\"choices\": [64, 128, 256]}}"}
{"op_code":5,"worker_id":"16f9a672-1be8-4e19-aabc-122668245e0f-139700342994752","trial_id":5,"param_name":"lstm_layers","param_value_internal":2.0,"distribution":"{\"name\": \"IntDistribution\", \"attributes\": {\"log\": false, \"step\": 1, \"low\": 1, \"high\": 3}}"}
{"op_code":5,"worker_id":"16f9a672-1be8-4e19-aabc-122668245e0f-139700342994752","trial_id":5,"param_name":"use_GlobalAvgPooling","param_value_internal":1,"distribution":"{\"name\": \"CategoricalDistribution\", \"attributes\": {\"choices\": [true, false]}}"}
{"op_code":5,"worker_id":"16f9a672-1be8-4e19-aabc-122668245e0f-139700342994752","trial_id":5,"param_name":"finetuning_approach","param_value_internal":0,"distribution":"{\"name\": \"CategoricalDistribution\", \"attributes\": {\"choices\": [\"full\"]}}"}
{"op_code":5,"worker_id":"16f9a672-1be8-4e19-aabc-122668245e0f-139700342994752","trial_id":5,"param_name":"use_film_x_demo","param_value_internal":1,"distribution":"{\"name\": \"CategoricalDistribution\", \"attributes\": {\"choices\": [true, false]}}"}
{"op_code":5,"worker_id":"16f9a672-1be8-4e19-aabc-122668245e0f-139700342994752","trial_id":5,"param_name":"context_emb_dim","param_value_internal":3,"distribution":"{\"name\": \"CategoricalDistribution\", \"attributes\": {\"choices\": [8, 16, 32, 64]}}"}
{"op_code":5,"worker_id":"de9e6ae5-d1d6-47c1-9bde-23eadafac78c-140043746494272","trial_id":7,"param_name":"outer_lr","param_value_internal":0.006383373680750766,"distribution":"{\"name\": \"FloatDistribution\", \"attributes\": {\"step\": null, \"low\": 1e-05, \"high\": 0.01, \"log\": true}}"}
{"op_code":5,"worker_id":"16f9a672-1be8-4e19-aabc-122668245e0f-139700342994752","trial_id":5,"param_name":"demo_emb_dim","param_value_internal":2,"distribution":"{\"name\": \"CategoricalDistribution\", \"attributes\": {\"choices\": [8, 16, 32, 64]}}"}
{"op_code":5,"worker_id":"de9e6ae5-d1d6-47c1-9bde-23eadafac78c-140043746494272","trial_id":7,"param_name":"wd","param_value_internal":4.237170668610953e-06,"distribution":"{\"name\": \"FloatDistribution\", \"attributes\": {\"step\": null, \"low\": 1e-06, \"high\": 0.0001, \"log\": true}}"}
{"op_code":5,"worker_id":"16f9a672-1be8-4e19-aabc-122668245e0f-139700342994752","trial_id":5,"param_name":"context_pool_type","param_value_internal":0,"distribution":"{\"name\": \"CategoricalDistribution\", \"attributes\": {\"choices\": [\"mean\", \"attn\"]}}"}
{"op_code":5,"worker_id":"de9e6ae5-d1d6-47c1-9bde-23eadafac78c-140043746494272","trial_id":7,"param_name":"groupnorm_num_groups","param_value_internal":1,"distribution":"{\"name\": \"CategoricalDistribution\", \"attributes\": {\"choices\": [4, 8]}}"}
{"op_code":5,"worker_id":"16f9a672-1be8-4e19-aabc-122668245e0f-139700342994752","trial_id":5,"param_name":"episodes_per_epoch_train","param_value_internal":0,"distribution":"{\"name\": \"CategoricalDistribution\", \"attributes\": {\"choices\": [250, 500]}}"}
{"op_code":5,"worker_id":"de9e6ae5-d1d6-47c1-9bde-23eadafac78c-140043746494272","trial_id":7,"param_name":"emg_width","param_value_internal":1,"distribution":"{\"name\": \"CategoricalDistribution\", \"attributes\": {\"choices\": [32, 64, 128, 256]}}"}
{"op_code":5,"worker_id":"16f9a672-1be8-4e19-aabc-122668245e0f-139700342994752","trial_id":5,"param_name":"optimizer","param_value_internal":0,"distribution":"{\"name\": \"CategoricalDistribution\", \"attributes\": {\"choices\": [\"adamw\", \"adam\", \"sgd\"]}}"}
{"op_code":5,"worker_id":"de9e6ae5-d1d6-47c1-9bde-23eadafac78c-140043746494272","trial_id":7,"param_name":"imu_width","param_value_internal":3,"distribution":"{\"name\": \"CategoricalDistribution\", \"attributes\": {\"choices\": [32, 64, 128, 256]}}"}
{"op_code":5,"worker_id":"16f9a672-1be8-4e19-aabc-122668245e0f-139700342994752","trial_id":5,"param_name":"use_maml_msl","param_value_internal":1,"distribution":"{\"name\": \"CategoricalDistribution\", \"attributes\": {\"choices\": [true, false, \"hybrid\"]}}"}
{"op_code":5,"worker_id":"842b39a9-03ff-4c20-84d0-a0dc4101ef47-139818085504832","trial_id":6,"param_name":"maml_alpha_init_eval","param_value_internal":0.003836273681699756,"distribution":"{\"name\": \"FloatDistribution\", \"attributes\": {\"step\": null, \"low\": 0.0001, \"high\": 0.01, \"log\": true}}"}
{"op_code":5,"worker_id":"16f9a672-1be8-4e19-aabc-122668245e0f-139700342994752","trial_id":5,"param_name":"maml_opt_order","param_value_internal":0,"distribution":"{\"name\": \"CategoricalDistribution\", \"attributes\": {\"choices\": [\"first\", \"second\", \"hybrid\"]}}"}
{"op_code":5,"worker_id":"842b39a9-03ff-4c20-84d0-a0dc4101ef47-139818085504832","trial_id":6,"param_name":"outer_lr","param_value_internal":0.00018803808395679957,"distribution":"{\"name\": \"FloatDistribution\", \"attributes\": {\"step\": null, \"low\": 1e-05, \"high\": 0.01, \"log\": true}}"}
{"op_code":5,"worker_id":"1049f2dd-6533-4e1f-aacc-8c55d14b41d9-140375881688896","trial_id":8,"param_name":"use_film_x_demo","param_value_internal":1,"distribution":"{\"name\": \"CategoricalDistribution\", \"attributes\": {\"choices\": [true, false]}}"}
{"op_code":5,"worker_id":"842b39a9-03ff-4c20-84d0-a0dc4101ef47-139818085504832","trial_id":6,"param_name":"wd","param_value_internal":2.2910039773043378e-06,"distribution":"{\"name\": \"FloatDistribution\", \"attributes\": {\"step\": null, \"low\": 1e-06, \"high\": 0.0001, \"log\": true}}"}
{"op_code":5,"worker_id":"de9e6ae5-d1d6-47c1-9bde-23eadafac78c-140043746494272","trial_id":7,"param_name":"emg_depth","param_value_internal":3.0,"distribution":"{\"name\": \"IntDistribution\", \"attributes\": {\"log\": false, \"step\": 1, \"low\": 2, \"high\": 4}}"}
{"op_code":5,"worker_id":"842b39a9-03ff-4c20-84d0-a0dc4101ef47-139818085504832","trial_id":6,"param_name":"groupnorm_num_groups","param_value_internal":0,"distribution":"{\"name\": \"CategoricalDistribution\", \"attributes\": {\"choices\": [4, 8]}}"}
{"op_code":5,"worker_id":"de9e6ae5-d1d6-47c1-9bde-23eadafac78c-140043746494272","trial_id":7,"param_name":"imu_depth","param_value_internal":3.0,"distribution":"{\"name\": \"IntDistribution\", \"attributes\": {\"log\": false, \"step\": 1, \"low\": 2, \"high\": 4}}"}
{"op_code":5,"worker_id":"842b39a9-03ff-4c20-84d0-a0dc4101ef47-139818085504832","trial_id":6,"param_name":"emg_width","param_value_internal":0,"distribution":"{\"name\": \"CategoricalDistribution\", \"attributes\": {\"choices\": [32, 64, 128, 256]}}"}
{"op_code":5,"worker_id":"1049f2dd-6533-4e1f-aacc-8c55d14b41d9-140375881688896","trial_id":8,"param_name":"context_emb_dim","param_value_internal":2,"distribution":"{\"name\": \"CategoricalDistribution\", \"attributes\": {\"choices\": [8, 16, 32, 64]}}"}
{"op_code":5,"worker_id":"842b39a9-03ff-4c20-84d0-a0dc4101ef47-139818085504832","trial_id":6,"param_name":"imu_width","param_value_internal":3,"distribution":"{\"name\": \"CategoricalDistribution\", \"attributes\": {\"choices\": [32, 64, 128, 256]}}"}
{"op_code":5,"worker_id":"1049f2dd-6533-4e1f-aacc-8c55d14b41d9-140375881688896","trial_id":8,"param_name":"demo_emb_dim","param_value_internal":3,"distribution":"{\"name\": \"CategoricalDistribution\", \"attributes\": {\"choices\": [8, 16, 32, 64]}}"}
{"op_code":5,"worker_id":"842b39a9-03ff-4c20-84d0-a0dc4101ef47-139818085504832","trial_id":6,"param_name":"emg_depth","param_value_internal":3.0,"distribution":"{\"name\": \"IntDistribution\", \"attributes\": {\"log\": false, \"step\": 1, \"low\": 2, \"high\": 4}}"}
{"op_code":5,"worker_id":"842b39a9-03ff-4c20-84d0-a0dc4101ef47-139818085504832","trial_id":6,"param_name":"imu_depth","param_value_internal":3.0,"distribution":"{\"name\": \"IntDistribution\", \"attributes\": {\"log\": false, \"step\": 1, \"low\": 2, \"high\": 4}}"}
{"op_code":5,"worker_id":"842b39a9-03ff-4c20-84d0-a0dc4101ef47-139818085504832","trial_id":6,"param_name":"cnn_kernel","param_value_internal":0,"distribution":"{\"name\": \"CategoricalDistribution\", \"attributes\": {\"choices\": [3, 5]}}"}
{"op_code":5,"worker_id":"842b39a9-03ff-4c20-84d0-a0dc4101ef47-139818085504832","trial_id":6,"param_name":"lstm_hidden","param_value_internal":0,"distribution":"{\"name\": \"CategoricalDistribution\", \"attributes\": {\"choices\": [64, 128, 256]}}"}
{"op_code":5,"worker_id":"43242b2d-08c0-41a4-b2b9-71414e99c96d-139768079832896","trial_id":3,"param_name":"emg_width","param_value_internal":3,"distribution":"{\"name\": \"CategoricalDistribution\", \"attributes\": {\"choices\": [32, 64, 128, 256]}}"}
{"op_code":5,"worker_id":"842b39a9-03ff-4c20-84d0-a0dc4101ef47-139818085504832","trial_id":6,"param_name":"lstm_layers","param_value_internal":3.0,"distribution":"{\"name\": \"IntDistribution\", \"attributes\": {\"log\": false, \"step\": 1, \"low\": 1, \"high\": 3}}"}
{"op_code":5,"worker_id":"1049f2dd-6533-4e1f-aacc-8c55d14b41d9-140375881688896","trial_id":8,"param_name":"context_pool_type","param_value_internal":1,"distribution":"{\"name\": \"CategoricalDistribution\", \"attributes\": {\"choices\": [\"mean\", \"attn\"]}}"}
{"op_code":5,"worker_id":"842b39a9-03ff-4c20-84d0-a0dc4101ef47-139818085504832","trial_id":6,"param_name":"use_GlobalAvgPooling","param_value_internal":0,"distribution":"{\"name\": \"CategoricalDistribution\", \"attributes\": {\"choices\": [true, false]}}"}
{"op_code":5,"worker_id":"1049f2dd-6533-4e1f-aacc-8c55d14b41d9-140375881688896","trial_id":8,"param_name":"episodes_per_epoch_train","param_value_internal":0,"distribution":"{\"name\": \"CategoricalDistribution\", \"attributes\": {\"choices\": [250, 500]}}"}
{"op_code":5,"worker_id":"1049f2dd-6533-4e1f-aacc-8c55d14b41d9-140375881688896","trial_id":8,"param_name":"optimizer","param_value_internal":2,"distribution":"{\"name\": \"CategoricalDistribution\", \"attributes\": {\"choices\": [\"adamw\", \"adam\", \"sgd\"]}}"}
{"op_code":5,"worker_id":"1049f2dd-6533-4e1f-aacc-8c55d14b41d9-140375881688896","trial_id":8,"param_name":"use_maml_msl","param_value_internal":2,"distribution":"{\"name\": \"CategoricalDistribution\", \"attributes\": {\"choices\": [true, false, \"hybrid\"]}}"}
{"op_code":5,"worker_id":"1049f2dd-6533-4e1f-aacc-8c55d14b41d9-140375881688896","trial_id":8,"param_name":"maml_msl_num_epochs","param_value_internal":35.0,"distribution":"{\"name\": \"IntDistribution\", \"attributes\": {\"log\": false, \"step\": 1, \"low\": 1, \"high\": 40}}"}
{"op_code":5,"worker_id":"de9e6ae5-d1d6-47c1-9bde-23eadafac78c-140043746494272","trial_id":7,"param_name":"cnn_kernel","param_value_internal":0,"distribution":"{\"name\": \"CategoricalDistribution\", \"attributes\": {\"choices\": [3, 5]}}"}
{"op_code":5,"worker_id":"de9e6ae5-d1d6-47c1-9bde-23eadafac78c-140043746494272","trial_id":7,"param_name":"lstm_hidden","param_value_internal":0,"distribution":"{\"name\": \"CategoricalDistribution\", \"attributes\": {\"choices\": [64, 128, 256]}}"}
{"op_code":5,"worker_id":"43242b2d-08c0-41a4-b2b9-71414e99c96d-139768079832896","trial_id":3,"param_name":"imu_width","param_value_internal":0,"distribution":"{\"name\": \"CategoricalDistribution\", \"attributes\": {\"choices\": [32, 64, 128, 256]}}"}
{"op_code":5,"worker_id":"de9e6ae5-d1d6-47c1-9bde-23eadafac78c-140043746494272","trial_id":7,"param_name":"lstm_layers","param_value_internal":3.0,"distribution":"{\"name\": \"IntDistribution\", \"attributes\": {\"log\": false, \"step\": 1, \"low\": 1, \"high\": 3}}"}
{"op_code":5,"worker_id":"de9e6ae5-d1d6-47c1-9bde-23eadafac78c-140043746494272","trial_id":7,"param_name":"use_GlobalAvgPooling","param_value_internal":0,"distribution":"{\"name\": \"CategoricalDistribution\", \"attributes\": {\"choices\": [true, false]}}"}
{"op_code":5,"worker_id":"43242b2d-08c0-41a4-b2b9-71414e99c96d-139768079832896","trial_id":3,"param_name":"emg_depth","param_value_internal":2.0,"distribution":"{\"name\": \"IntDistribution\", \"attributes\": {\"log\": false, \"step\": 1, \"low\": 2, \"high\": 4}}"}
{"op_code":5,"worker_id":"1049f2dd-6533-4e1f-aacc-8c55d14b41d9-140375881688896","trial_id":8,"param_name":"maml_opt_order","param_value_internal":0,"distribution":"{\"name\": \"CategoricalDistribution\", \"attributes\": {\"choices\": [\"first\", \"second\", \"hybrid\"]}}"}
{"op_code":5,"worker_id":"43242b2d-08c0-41a4-b2b9-71414e99c96d-139768079832896","trial_id":3,"param_name":"imu_depth","param_value_internal":3.0,"distribution":"{\"name\": \"IntDistribution\", \"attributes\": {\"log\": false, \"step\": 1, \"low\": 2, \"high\": 4}}"}
{"op_code":5,"worker_id":"43242b2d-08c0-41a4-b2b9-71414e99c96d-139768079832896","trial_id":3,"param_name":"cnn_kernel","param_value_internal":0,"distribution":"{\"name\": \"CategoricalDistribution\", \"attributes\": {\"choices\": [3, 5]}}"}
{"op_code":5,"worker_id":"43242b2d-08c0-41a4-b2b9-71414e99c96d-139768079832896","trial_id":3,"param_name":"lstm_hidden","param_value_internal":0,"distribution":"{\"name\": \"CategoricalDistribution\", \"attributes\": {\"choices\": [64, 128, 256]}}"}
{"op_code":5,"worker_id":"43242b2d-08c0-41a4-b2b9-71414e99c96d-139768079832896","trial_id":3,"param_name":"lstm_layers","param_value_internal":2.0,"distribution":"{\"name\": \"IntDistribution\", \"attributes\": {\"log\": false, \"step\": 1, \"low\": 1, \"high\": 3}}"}
{"op_code":5,"worker_id":"43242b2d-08c0-41a4-b2b9-71414e99c96d-139768079832896","trial_id":3,"param_name":"use_GlobalAvgPooling","param_value_internal":1,"distribution":"{\"name\": \"CategoricalDistribution\", \"attributes\": {\"choices\": [true, false]}}"}
{"op_code":5,"worker_id":"43242b2d-08c0-41a4-b2b9-71414e99c96d-139768079832896","trial_id":3,"param_name":"finetuning_approach","param_value_internal":0,"distribution":"{\"name\": \"CategoricalDistribution\", \"attributes\": {\"choices\": [\"full\"]}}"}
{"op_code":5,"worker_id":"43242b2d-08c0-41a4-b2b9-71414e99c96d-139768079832896","trial_id":3,"param_name":"use_film_x_demo","param_value_internal":1,"distribution":"{\"name\": \"CategoricalDistribution\", \"attributes\": {\"choices\": [true, false]}}"}
{"op_code":5,"worker_id":"43242b2d-08c0-41a4-b2b9-71414e99c96d-139768079832896","trial_id":3,"param_name":"context_emb_dim","param_value_internal":1,"distribution":"{\"name\": \"CategoricalDistribution\", \"attributes\": {\"choices\": [8, 16, 32, 64]}}"}
{"op_code":5,"worker_id":"43242b2d-08c0-41a4-b2b9-71414e99c96d-139768079832896","trial_id":3,"param_name":"demo_emb_dim","param_value_internal":0,"distribution":"{\"name\": \"CategoricalDistribution\", \"attributes\": {\"choices\": [8, 16, 32, 64]}}"}
{"op_code":5,"worker_id":"de9e6ae5-d1d6-47c1-9bde-23eadafac78c-140043746494272","trial_id":7,"param_name":"finetuning_approach","param_value_internal":0,"distribution":"{\"name\": \"CategoricalDistribution\", \"attributes\": {\"choices\": [\"full\"]}}"}
{"op_code":5,"worker_id":"43242b2d-08c0-41a4-b2b9-71414e99c96d-139768079832896","trial_id":3,"param_name":"context_pool_type","param_value_internal":0,"distribution":"{\"name\": \"CategoricalDistribution\", \"attributes\": {\"choices\": [\"mean\", \"attn\"]}}"}
{"op_code":5,"worker_id":"de9e6ae5-d1d6-47c1-9bde-23eadafac78c-140043746494272","trial_id":7,"param_name":"use_film_x_demo","param_value_internal":0,"distribution":"{\"name\": \"CategoricalDistribution\", \"attributes\": {\"choices\": [true, false]}}"}
{"op_code":5,"worker_id":"43242b2d-08c0-41a4-b2b9-71414e99c96d-139768079832896","trial_id":3,"param_name":"episodes_per_epoch_train","param_value_internal":0,"distribution":"{\"name\": \"CategoricalDistribution\", \"attributes\": {\"choices\": [250, 500]}}"}
{"op_code":5,"worker_id":"de9e6ae5-d1d6-47c1-9bde-23eadafac78c-140043746494272","trial_id":7,"param_name":"context_emb_dim","param_value_internal":1,"distribution":"{\"name\": \"CategoricalDistribution\", \"attributes\": {\"choices\": [8, 16, 32, 64]}}"}
{"op_code":5,"worker_id":"43242b2d-08c0-41a4-b2b9-71414e99c96d-139768079832896","trial_id":3,"param_name":"optimizer","param_value_internal":2,"distribution":"{\"name\": \"CategoricalDistribution\", \"attributes\": {\"choices\": [\"adamw\", \"adam\", \"sgd\"]}}"}
{"op_code":5,"worker_id":"de9e6ae5-d1d6-47c1-9bde-23eadafac78c-140043746494272","trial_id":7,"param_name":"demo_emb_dim","param_value_internal":2,"distribution":"{\"name\": \"CategoricalDistribution\", \"attributes\": {\"choices\": [8, 16, 32, 64]}}"}
{"op_code":5,"worker_id":"43242b2d-08c0-41a4-b2b9-71414e99c96d-139768079832896","trial_id":3,"param_name":"use_maml_msl","param_value_internal":2,"distribution":"{\"name\": \"CategoricalDistribution\", \"attributes\": {\"choices\": [true, false, \"hybrid\"]}}"}
{"op_code":5,"worker_id":"de9e6ae5-d1d6-47c1-9bde-23eadafac78c-140043746494272","trial_id":7,"param_name":"context_pool_type","param_value_internal":1,"distribution":"{\"name\": \"CategoricalDistribution\", \"attributes\": {\"choices\": [\"mean\", \"attn\"]}}"}
{"op_code":5,"worker_id":"43242b2d-08c0-41a4-b2b9-71414e99c96d-139768079832896","trial_id":3,"param_name":"maml_msl_num_epochs","param_value_internal":23.0,"distribution":"{\"name\": \"IntDistribution\", \"attributes\": {\"log\": false, \"step\": 1, \"low\": 1, \"high\": 40}}"}
{"op_code":5,"worker_id":"de9e6ae5-d1d6-47c1-9bde-23eadafac78c-140043746494272","trial_id":7,"param_name":"episodes_per_epoch_train","param_value_internal":0,"distribution":"{\"name\": \"CategoricalDistribution\", \"attributes\": {\"choices\": [250, 500]}}"}
{"op_code":5,"worker_id":"de9e6ae5-d1d6-47c1-9bde-23eadafac78c-140043746494272","trial_id":7,"param_name":"optimizer","param_value_internal":0,"distribution":"{\"name\": \"CategoricalDistribution\", \"attributes\": {\"choices\": [\"adamw\", \"adam\", \"sgd\"]}}"}
{"op_code":5,"worker_id":"de9e6ae5-d1d6-47c1-9bde-23eadafac78c-140043746494272","trial_id":7,"param_name":"use_maml_msl","param_value_internal":2,"distribution":"{\"name\": \"CategoricalDistribution\", \"attributes\": {\"choices\": [true, false, \"hybrid\"]}}"}
{"op_code":5,"worker_id":"de9e6ae5-d1d6-47c1-9bde-23eadafac78c-140043746494272","trial_id":7,"param_name":"maml_msl_num_epochs","param_value_internal":10.0,"distribution":"{\"name\": \"IntDistribution\", \"attributes\": {\"log\": false, \"step\": 1, \"low\": 1, \"high\": 40}}"}
{"op_code":5,"worker_id":"43242b2d-08c0-41a4-b2b9-71414e99c96d-139768079832896","trial_id":3,"param_name":"maml_opt_order","param_value_internal":0,"distribution":"{\"name\": \"CategoricalDistribution\", \"attributes\": {\"choices\": [\"first\", \"second\", \"hybrid\"]}}"}
{"op_code":5,"worker_id":"de9e6ae5-d1d6-47c1-9bde-23eadafac78c-140043746494272","trial_id":7,"param_name":"maml_opt_order","param_value_internal":2,"distribution":"{\"name\": \"CategoricalDistribution\", \"attributes\": {\"choices\": [\"first\", \"second\", \"hybrid\"]}}"}
{"op_code":5,"worker_id":"de9e6ae5-d1d6-47c1-9bde-23eadafac78c-140043746494272","trial_id":7,"param_name":"maml_first_order_to_second_order_epoch","param_value_internal":24.0,"distribution":"{\"name\": \"IntDistribution\", \"attributes\": {\"log\": false, \"step\": 1, \"low\": 1, \"high\": 40}}"}
{"op_code":5,"worker_id":"c558f550-d75a-4a0e-ae1a-227dbd12841b-139747632932672","trial_id":4,"param_name":"maml_alpha_init_eval","param_value_internal":0.008258862248051987,"distribution":"{\"name\": \"FloatDistribution\", \"attributes\": {\"step\": null, \"low\": 0.0001, \"high\": 0.01, \"log\": true}}"}
{"op_code":5,"worker_id":"c558f550-d75a-4a0e-ae1a-227dbd12841b-139747632932672","trial_id":4,"param_name":"outer_lr","param_value_internal":0.00011877554773185746,"distribution":"{\"name\": \"FloatDistribution\", \"attributes\": {\"step\": null, \"low\": 1e-05, \"high\": 0.01, \"log\": true}}"}
{"op_code":5,"worker_id":"c558f550-d75a-4a0e-ae1a-227dbd12841b-139747632932672","trial_id":4,"param_name":"wd","param_value_internal":2.2868284912057338e-05,"distribution":"{\"name\": \"FloatDistribution\", \"attributes\": {\"step\": null, \"low\": 1e-06, \"high\": 0.0001, \"log\": true}}"}
{"op_code":5,"worker_id":"c558f550-d75a-4a0e-ae1a-227dbd12841b-139747632932672","trial_id":4,"param_name":"groupnorm_num_groups","param_value_internal":0,"distribution":"{\"name\": \"CategoricalDistribution\", \"attributes\": {\"choices\": [4, 8]}}"}
{"op_code":5,"worker_id":"c558f550-d75a-4a0e-ae1a-227dbd12841b-139747632932672","trial_id":4,"param_name":"emg_width","param_value_internal":2,"distribution":"{\"name\": \"CategoricalDistribution\", \"attributes\": {\"choices\": [32, 64, 128, 256]}}"}
{"op_code":5,"worker_id":"c558f550-d75a-4a0e-ae1a-227dbd12841b-139747632932672","trial_id":4,"param_name":"imu_width","param_value_internal":3,"distribution":"{\"name\": \"CategoricalDistribution\", \"attributes\": {\"choices\": [32, 64, 128, 256]}}"}
{"op_code":5,"worker_id":"c558f550-d75a-4a0e-ae1a-227dbd12841b-139747632932672","trial_id":4,"param_name":"emg_depth","param_value_internal":3.0,"distribution":"{\"name\": \"IntDistribution\", \"attributes\": {\"log\": false, \"step\": 1, \"low\": 2, \"high\": 4}}"}
{"op_code":5,"worker_id":"c558f550-d75a-4a0e-ae1a-227dbd12841b-139747632932672","trial_id":4,"param_name":"imu_depth","param_value_internal":2.0,"distribution":"{\"name\": \"IntDistribution\", \"attributes\": {\"log\": false, \"step\": 1, \"low\": 2, \"high\": 4}}"}
{"op_code":5,"worker_id":"c558f550-d75a-4a0e-ae1a-227dbd12841b-139747632932672","trial_id":4,"param_name":"cnn_kernel","param_value_internal":1,"distribution":"{\"name\": \"CategoricalDistribution\", \"attributes\": {\"choices\": [3, 5]}}"}
{"op_code":5,"worker_id":"842b39a9-03ff-4c20-84d0-a0dc4101ef47-139818085504832","trial_id":6,"param_name":"finetuning_approach","param_value_internal":0,"distribution":"{\"name\": \"CategoricalDistribution\", \"attributes\": {\"choices\": [\"full\"]}}"}
{"op_code":5,"worker_id":"c558f550-d75a-4a0e-ae1a-227dbd12841b-139747632932672","trial_id":4,"param_name":"lstm_hidden","param_value_internal":0,"distribution":"{\"name\": \"CategoricalDistribution\", \"attributes\": {\"choices\": [64, 128, 256]}}"}
{"op_code":5,"worker_id":"842b39a9-03ff-4c20-84d0-a0dc4101ef47-139818085504832","trial_id":6,"param_name":"use_film_x_demo","param_value_internal":1,"distribution":"{\"name\": \"CategoricalDistribution\", \"attributes\": {\"choices\": [true, false]}}"}
{"op_code":5,"worker_id":"842b39a9-03ff-4c20-84d0-a0dc4101ef47-139818085504832","trial_id":6,"param_name":"context_emb_dim","param_value_internal":1,"distribution":"{\"name\": \"CategoricalDistribution\", \"attributes\": {\"choices\": [8, 16, 32, 64]}}"}
{"op_code":5,"worker_id":"842b39a9-03ff-4c20-84d0-a0dc4101ef47-139818085504832","trial_id":6,"param_name":"demo_emb_dim","param_value_internal":0,"distribution":"{\"name\": \"CategoricalDistribution\", \"attributes\": {\"choices\": [8, 16, 32, 64]}}"}
{"op_code":5,"worker_id":"842b39a9-03ff-4c20-84d0-a0dc4101ef47-139818085504832","trial_id":6,"param_name":"context_pool_type","param_value_internal":1,"distribution":"{\"name\": \"CategoricalDistribution\", \"attributes\": {\"choices\": [\"mean\", \"attn\"]}}"}
{"op_code":5,"worker_id":"842b39a9-03ff-4c20-84d0-a0dc4101ef47-139818085504832","trial_id":6,"param_name":"episodes_per_epoch_train","param_value_internal":0,"distribution":"{\"name\": \"CategoricalDistribution\", \"attributes\": {\"choices\": [250, 500]}}"}
{"op_code":5,"worker_id":"842b39a9-03ff-4c20-84d0-a0dc4101ef47-139818085504832","trial_id":6,"param_name":"optimizer","param_value_internal":2,"distribution":"{\"name\": \"CategoricalDistribution\", \"attributes\": {\"choices\": [\"adamw\", \"adam\", \"sgd\"]}}"}
{"op_code":5,"worker_id":"fdcd5de2-7c9c-4b65-9d11-235309300d89-140717231683392","trial_id":2,"param_name":"maml_alpha_init_eval","param_value_internal":0.00011140309381340343,"distribution":"{\"name\": \"FloatDistribution\", \"attributes\": {\"step\": null, \"low\": 0.0001, \"high\": 0.01, \"log\": true}}"}
{"op_code":5,"worker_id":"c558f550-d75a-4a0e-ae1a-227dbd12841b-139747632932672","trial_id":4,"param_name":"lstm_layers","param_value_internal":1.0,"distribution":"{\"name\": \"IntDistribution\", \"attributes\": {\"log\": false, \"step\": 1, \"low\": 1, \"high\": 3}}"}
{"op_code":5,"worker_id":"fdcd5de2-7c9c-4b65-9d11-235309300d89-140717231683392","trial_id":2,"param_name":"outer_lr","param_value_internal":0.0049369159537019335,"distribution":"{\"name\": \"FloatDistribution\", \"attributes\": {\"step\": null, \"low\": 1e-05, \"high\": 0.01, \"log\": true}}"}
{"op_code":5,"worker_id":"842b39a9-03ff-4c20-84d0-a0dc4101ef47-139818085504832","trial_id":6,"param_name":"use_maml_msl","param_value_internal":1,"distribution":"{\"name\": \"CategoricalDistribution\", \"attributes\": {\"choices\": [true, false, \"hybrid\"]}}"}
{"op_code":5,"worker_id":"fdcd5de2-7c9c-4b65-9d11-235309300d89-140717231683392","trial_id":2,"param_name":"wd","param_value_internal":6.675159793053359e-05,"distribution":"{\"name\": \"FloatDistribution\", \"attributes\": {\"step\": null, \"low\": 1e-06, \"high\": 0.0001, \"log\": true}}"}
{"op_code":5,"worker_id":"842b39a9-03ff-4c20-84d0-a0dc4101ef47-139818085504832","trial_id":6,"param_name":"maml_opt_order","param_value_internal":1,"distribution":"{\"name\": \"CategoricalDistribution\", \"attributes\": {\"choices\": [\"first\", \"second\", \"hybrid\"]}}"}
{"op_code":5,"worker_id":"fdcd5de2-7c9c-4b65-9d11-235309300d89-140717231683392","trial_id":2,"param_name":"groupnorm_num_groups","param_value_internal":0,"distribution":"{\"name\": \"CategoricalDistribution\", \"attributes\": {\"choices\": [4, 8]}}"}
{"op_code":5,"worker_id":"fdcd5de2-7c9c-4b65-9d11-235309300d89-140717231683392","trial_id":2,"param_name":"emg_width","param_value_internal":3,"distribution":"{\"name\": \"CategoricalDistribution\", \"attributes\": {\"choices\": [32, 64, 128, 256]}}"}
{"op_code":5,"worker_id":"fdcd5de2-7c9c-4b65-9d11-235309300d89-140717231683392","trial_id":2,"param_name":"imu_width","param_value_internal":0,"distribution":"{\"name\": \"CategoricalDistribution\", \"attributes\": {\"choices\": [32, 64, 128, 256]}}"}
{"op_code":5,"worker_id":"c558f550-d75a-4a0e-ae1a-227dbd12841b-139747632932672","trial_id":4,"param_name":"use_GlobalAvgPooling","param_value_internal":1,"distribution":"{\"name\": \"CategoricalDistribution\", \"attributes\": {\"choices\": [true, false]}}"}
{"op_code":5,"worker_id":"fdcd5de2-7c9c-4b65-9d11-235309300d89-140717231683392","trial_id":2,"param_name":"emg_depth","param_value_internal":2.0,"distribution":"{\"name\": \"IntDistribution\", \"attributes\": {\"log\": false, \"step\": 1, \"low\": 2, \"high\": 4}}"}
{"op_code":5,"worker_id":"c558f550-d75a-4a0e-ae1a-227dbd12841b-139747632932672","trial_id":4,"param_name":"finetuning_approach","param_value_internal":0,"distribution":"{\"name\": \"CategoricalDistribution\", \"attributes\": {\"choices\": [\"full\"]}}"}
{"op_code":5,"worker_id":"fdcd5de2-7c9c-4b65-9d11-235309300d89-140717231683392","trial_id":2,"param_name":"imu_depth","param_value_internal":2.0,"distribution":"{\"name\": \"IntDistribution\", \"attributes\": {\"log\": false, \"step\": 1, \"low\": 2, \"high\": 4}}"}
{"op_code":5,"worker_id":"c558f550-d75a-4a0e-ae1a-227dbd12841b-139747632932672","trial_id":4,"param_name":"use_film_x_demo","param_value_internal":0,"distribution":"{\"name\": \"CategoricalDistribution\", \"attributes\": {\"choices\": [true, false]}}"}
{"op_code":5,"worker_id":"fdcd5de2-7c9c-4b65-9d11-235309300d89-140717231683392","trial_id":2,"param_name":"cnn_kernel","param_value_internal":0,"distribution":"{\"name\": \"CategoricalDistribution\", \"attributes\": {\"choices\": [3, 5]}}"}
{"op_code":5,"worker_id":"c558f550-d75a-4a0e-ae1a-227dbd12841b-139747632932672","trial_id":4,"param_name":"context_emb_dim","param_value_internal":0,"distribution":"{\"name\": \"CategoricalDistribution\", \"attributes\": {\"choices\": [8, 16, 32, 64]}}"}
{"op_code":5,"worker_id":"fdcd5de2-7c9c-4b65-9d11-235309300d89-140717231683392","trial_id":2,"param_name":"lstm_hidden","param_value_internal":0,"distribution":"{\"name\": \"CategoricalDistribution\", \"attributes\": {\"choices\": [64, 128, 256]}}"}
{"op_code":5,"worker_id":"c558f550-d75a-4a0e-ae1a-227dbd12841b-139747632932672","trial_id":4,"param_name":"demo_emb_dim","param_value_internal":1,"distribution":"{\"name\": \"CategoricalDistribution\", \"attributes\": {\"choices\": [8, 16, 32, 64]}}"}
{"op_code":5,"worker_id":"fdcd5de2-7c9c-4b65-9d11-235309300d89-140717231683392","trial_id":2,"param_name":"lstm_layers","param_value_internal":3.0,"distribution":"{\"name\": \"IntDistribution\", \"attributes\": {\"log\": false, \"step\": 1, \"low\": 1, \"high\": 3}}"}
{"op_code":5,"worker_id":"c558f550-d75a-4a0e-ae1a-227dbd12841b-139747632932672","trial_id":4,"param_name":"context_pool_type","param_value_internal":0,"distribution":"{\"name\": \"CategoricalDistribution\", \"attributes\": {\"choices\": [\"mean\", \"attn\"]}}"}
{"op_code":5,"worker_id":"fdcd5de2-7c9c-4b65-9d11-235309300d89-140717231683392","trial_id":2,"param_name":"use_GlobalAvgPooling","param_value_internal":1,"distribution":"{\"name\": \"CategoricalDistribution\", \"attributes\": {\"choices\": [true, false]}}"}
{"op_code":5,"worker_id":"c558f550-d75a-4a0e-ae1a-227dbd12841b-139747632932672","trial_id":4,"param_name":"episodes_per_epoch_train","param_value_internal":1,"distribution":"{\"name\": \"CategoricalDistribution\", \"attributes\": {\"choices\": [250, 500]}}"}
{"op_code":5,"worker_id":"fdcd5de2-7c9c-4b65-9d11-235309300d89-140717231683392","trial_id":2,"param_name":"finetuning_approach","param_value_internal":0,"distribution":"{\"name\": \"CategoricalDistribution\", \"attributes\": {\"choices\": [\"full\"]}}"}
{"op_code":5,"worker_id":"c558f550-d75a-4a0e-ae1a-227dbd12841b-139747632932672","trial_id":4,"param_name":"optimizer","param_value_internal":0,"distribution":"{\"name\": \"CategoricalDistribution\", \"attributes\": {\"choices\": [\"adamw\", \"adam\", \"sgd\"]}}"}
{"op_code":5,"worker_id":"fdcd5de2-7c9c-4b65-9d11-235309300d89-140717231683392","trial_id":2,"param_name":"use_film_x_demo","param_value_internal":0,"distribution":"{\"name\": \"CategoricalDistribution\", \"attributes\": {\"choices\": [true, false]}}"}
{"op_code":5,"worker_id":"c558f550-d75a-4a0e-ae1a-227dbd12841b-139747632932672","trial_id":4,"param_name":"use_maml_msl","param_value_internal":0,"distribution":"{\"name\": \"CategoricalDistribution\", \"attributes\": {\"choices\": [true, false, \"hybrid\"]}}"}
{"op_code":5,"worker_id":"fdcd5de2-7c9c-4b65-9d11-235309300d89-140717231683392","trial_id":2,"param_name":"context_emb_dim","param_value_internal":0,"distribution":"{\"name\": \"CategoricalDistribution\", \"attributes\": {\"choices\": [8, 16, 32, 64]}}"}
{"op_code":5,"worker_id":"c558f550-d75a-4a0e-ae1a-227dbd12841b-139747632932672","trial_id":4,"param_name":"maml_opt_order","param_value_internal":1,"distribution":"{\"name\": \"CategoricalDistribution\", \"attributes\": {\"choices\": [\"first\", \"second\", \"hybrid\"]}}"}
{"op_code":5,"worker_id":"fdcd5de2-7c9c-4b65-9d11-235309300d89-140717231683392","trial_id":2,"param_name":"demo_emb_dim","param_value_internal":1,"distribution":"{\"name\": \"CategoricalDistribution\", \"attributes\": {\"choices\": [8, 16, 32, 64]}}"}
{"op_code":5,"worker_id":"fdcd5de2-7c9c-4b65-9d11-235309300d89-140717231683392","trial_id":2,"param_name":"context_pool_type","param_value_internal":1,"distribution":"{\"name\": \"CategoricalDistribution\", \"attributes\": {\"choices\": [\"mean\", \"attn\"]}}"}
{"op_code":5,"worker_id":"fdcd5de2-7c9c-4b65-9d11-235309300d89-140717231683392","trial_id":2,"param_name":"episodes_per_epoch_train","param_value_internal":1,"distribution":"{\"name\": \"CategoricalDistribution\", \"attributes\": {\"choices\": [250, 500]}}"}
{"op_code":5,"worker_id":"fdcd5de2-7c9c-4b65-9d11-235309300d89-140717231683392","trial_id":2,"param_name":"optimizer","param_value_internal":0,"distribution":"{\"name\": \"CategoricalDistribution\", \"attributes\": {\"choices\": [\"adamw\", \"adam\", \"sgd\"]}}"}
{"op_code":5,"worker_id":"fdcd5de2-7c9c-4b65-9d11-235309300d89-140717231683392","trial_id":2,"param_name":"use_maml_msl","param_value_internal":0,"distribution":"{\"name\": \"CategoricalDistribution\", \"attributes\": {\"choices\": [true, false, \"hybrid\"]}}"}
{"op_code":5,"worker_id":"fdcd5de2-7c9c-4b65-9d11-235309300d89-140717231683392","trial_id":2,"param_name":"maml_opt_order","param_value_internal":2,"distribution":"{\"name\": \"CategoricalDistribution\", \"attributes\": {\"choices\": [\"first\", \"second\", \"hybrid\"]}}"}
{"op_code":5,"worker_id":"fdcd5de2-7c9c-4b65-9d11-235309300d89-140717231683392","trial_id":2,"param_name":"maml_first_order_to_second_order_epoch","param_value_internal":2.0,"distribution":"{\"name\": \"IntDistribution\", \"attributes\": {\"log\": false, \"step\": 1, \"low\": 1, \"high\": 40}}"}
{"op_code":0,"worker_id":"480fda02-1112-4e18-9f4f-9d1c4d428c44-140650092382016","study_name":"mamlpp_pretr_TST_2fcv_hpo","directions":[2]}
{"op_code":4,"worker_id":"480fda02-1112-4e18-9f4f-9d1c4d428c44-140650092382016","study_id":0,"datetime_start":"2026-03-23T23:21:36.109786"}
{"op_code":5,"worker_id":"480fda02-1112-4e18-9f4f-9d1c4d428c44-140650092382016","trial_id":9,"param_name":"meta_batchsize","param_value_internal":0,"distribution":"{\"name\": \"CategoricalDistribution\", \"attributes\": {\"choices\": [16, 32, 64]}}"}
{"op_code":5,"worker_id":"480fda02-1112-4e18-9f4f-9d1c4d428c44-140650092382016","trial_id":9,"param_name":"maml_inner_steps","param_value_internal":2,"distribution":"{\"name\": \"CategoricalDistribution\", \"attributes\": {\"choices\": [2, 3, 5, 7]}}"}
{"op_code":5,"worker_id":"480fda02-1112-4e18-9f4f-9d1c4d428c44-140650092382016","trial_id":9,"param_name":"maml_inner_steps_eval","param_value_internal":0,"distribution":"{\"name\": \"CategoricalDistribution\", \"attributes\": {\"choices\": [10, 15, 20, 30]}}"}
{"op_code":5,"worker_id":"480fda02-1112-4e18-9f4f-9d1c4d428c44-140650092382016","trial_id":9,"param_name":"maml_alpha_init","param_value_internal":0.0001718185921792733,"distribution":"{\"name\": \"FloatDistribution\", \"attributes\": {\"step\": null, \"low\": 0.0001, \"high\": 0.1, \"log\": true}}"}
{"op_code":5,"worker_id":"480fda02-1112-4e18-9f4f-9d1c4d428c44-140650092382016","trial_id":9,"param_name":"maml_alpha_init_eval","param_value_internal":0.0018579121590087315,"distribution":"{\"name\": \"FloatDistribution\", \"attributes\": {\"step\": null, \"low\": 0.0001, \"high\": 0.01, \"log\": true}}"}
{"op_code":5,"worker_id":"480fda02-1112-4e18-9f4f-9d1c4d428c44-140650092382016","trial_id":9,"param_name":"outer_lr","param_value_internal":1.8038636777196235e-05,"distribution":"{\"name\": \"FloatDistribution\", \"attributes\": {\"step\": null, \"low\": 1e-05, \"high\": 0.01, \"log\": true}}"}
{"op_code":5,"worker_id":"480fda02-1112-4e18-9f4f-9d1c4d428c44-140650092382016","trial_id":9,"param_name":"wd","param_value_internal":2.289896106882963e-05,"distribution":"{\"name\": \"FloatDistribution\", \"attributes\": {\"step\": null, \"low\": 1e-06, \"high\": 0.0001, \"log\": true}}"}
{"op_code":5,"worker_id":"480fda02-1112-4e18-9f4f-9d1c4d428c44-140650092382016","trial_id":9,"param_name":"groupnorm_num_groups","param_value_internal":1,"distribution":"{\"name\": \"CategoricalDistribution\", \"attributes\": {\"choices\": [4, 8]}}"}
{"op_code":5,"worker_id":"480fda02-1112-4e18-9f4f-9d1c4d428c44-140650092382016","trial_id":9,"param_name":"emg_width","param_value_internal":1,"distribution":"{\"name\": \"CategoricalDistribution\", \"attributes\": {\"choices\": [32, 64, 128, 256]}}"}
{"op_code":5,"worker_id":"480fda02-1112-4e18-9f4f-9d1c4d428c44-140650092382016","trial_id":9,"param_name":"imu_width","param_value_internal":3,"distribution":"{\"name\": \"CategoricalDistribution\", \"attributes\": {\"choices\": [32, 64, 128, 256]}}"}
{"op_code":5,"worker_id":"480fda02-1112-4e18-9f4f-9d1c4d428c44-140650092382016","trial_id":9,"param_name":"emg_depth","param_value_internal":2.0,"distribution":"{\"name\": \"IntDistribution\", \"attributes\": {\"log\": false, \"step\": 1, \"low\": 2, \"high\": 4}}"}
{"op_code":5,"worker_id":"480fda02-1112-4e18-9f4f-9d1c4d428c44-140650092382016","trial_id":9,"param_name":"imu_depth","param_value_internal":2.0,"distribution":"{\"name\": \"IntDistribution\", \"attributes\": {\"log\": false, \"step\": 1, \"low\": 2, \"high\": 4}}"}
{"op_code":5,"worker_id":"480fda02-1112-4e18-9f4f-9d1c4d428c44-140650092382016","trial_id":9,"param_name":"cnn_kernel","param_value_internal":0,"distribution":"{\"name\": \"CategoricalDistribution\", \"attributes\": {\"choices\": [3, 5]}}"}
{"op_code":5,"worker_id":"480fda02-1112-4e18-9f4f-9d1c4d428c44-140650092382016","trial_id":9,"param_name":"lstm_hidden","param_value_internal":2,"distribution":"{\"name\": \"CategoricalDistribution\", \"attributes\": {\"choices\": [64, 128, 256]}}"}
{"op_code":5,"worker_id":"480fda02-1112-4e18-9f4f-9d1c4d428c44-140650092382016","trial_id":9,"param_name":"lstm_layers","param_value_internal":3.0,"distribution":"{\"name\": \"IntDistribution\", \"attributes\": {\"log\": false, \"step\": 1, \"low\": 1, \"high\": 3}}"}
{"op_code":5,"worker_id":"480fda02-1112-4e18-9f4f-9d1c4d428c44-140650092382016","trial_id":9,"param_name":"use_GlobalAvgPooling","param_value_internal":0,"distribution":"{\"name\": \"CategoricalDistribution\", \"attributes\": {\"choices\": [true, false]}}"}
{"op_code":5,"worker_id":"480fda02-1112-4e18-9f4f-9d1c4d428c44-140650092382016","trial_id":9,"param_name":"finetuning_approach","param_value_internal":0,"distribution":"{\"name\": \"CategoricalDistribution\", \"attributes\": {\"choices\": [\"full\"]}}"}
{"op_code":5,"worker_id":"480fda02-1112-4e18-9f4f-9d1c4d428c44-140650092382016","trial_id":9,"param_name":"use_film_x_demo","param_value_internal":0,"distribution":"{\"name\": \"CategoricalDistribution\", \"attributes\": {\"choices\": [true, false]}}"}
{"op_code":5,"worker_id":"480fda02-1112-4e18-9f4f-9d1c4d428c44-140650092382016","trial_id":9,"param_name":"context_emb_dim","param_value_internal":2,"distribution":"{\"name\": \"CategoricalDistribution\", \"attributes\": {\"choices\": [8, 16, 32, 64]}}"}
{"op_code":5,"worker_id":"480fda02-1112-4e18-9f4f-9d1c4d428c44-140650092382016","trial_id":9,"param_name":"demo_emb_dim","param_value_internal":3,"distribution":"{\"name\": \"CategoricalDistribution\", \"attributes\": {\"choices\": [8, 16, 32, 64]}}"}
{"op_code":5,"worker_id":"480fda02-1112-4e18-9f4f-9d1c4d428c44-140650092382016","trial_id":9,"param_name":"context_pool_type","param_value_internal":1,"distribution":"{\"name\": \"CategoricalDistribution\", \"attributes\": {\"choices\": [\"mean\", \"attn\"]}}"}
{"op_code":5,"worker_id":"480fda02-1112-4e18-9f4f-9d1c4d428c44-140650092382016","trial_id":9,"param_name":"episodes_per_epoch_train","param_value_internal":0,"distribution":"{\"name\": \"CategoricalDistribution\", \"attributes\": {\"choices\": [250, 500]}}"}
{"op_code":5,"worker_id":"480fda02-1112-4e18-9f4f-9d1c4d428c44-140650092382016","trial_id":9,"param_name":"optimizer","param_value_internal":2,"distribution":"{\"name\": \"CategoricalDistribution\", \"attributes\": {\"choices\": [\"adamw\", \"adam\", \"sgd\"]}}"}
{"op_code":5,"worker_id":"480fda02-1112-4e18-9f4f-9d1c4d428c44-140650092382016","trial_id":9,"param_name":"use_maml_msl","param_value_internal":2,"distribution":"{\"name\": \"CategoricalDistribution\", \"attributes\": {\"choices\": [true, false, \"hybrid\"]}}"}
{"op_code":5,"worker_id":"480fda02-1112-4e18-9f4f-9d1c4d428c44-140650092382016","trial_id":9,"param_name":"maml_msl_num_epochs","param_value_internal":11.0,"distribution":"{\"name\": \"IntDistribution\", \"attributes\": {\"log\": false, \"step\": 1, \"low\": 1, \"high\": 40}}"}
{"op_code":5,"worker_id":"480fda02-1112-4e18-9f4f-9d1c4d428c44-140650092382016","trial_id":9,"param_name":"maml_opt_order","param_value_internal":1,"distribution":"{\"name\": \"CategoricalDistribution\", \"attributes\": {\"choices\": [\"first\", \"second\", \"hybrid\"]}}"}
{"op_code":0,"worker_id":"1274bedb-ee8d-4982-ae89-4840ed9b277a-139841834145600","study_name":"mamlpp_pretr_TST_2fcv_hpo","directions":[2]}
{"op_code":4,"worker_id":"1274bedb-ee8d-4982-ae89-4840ed9b277a-139841834145600","study_id":0,"datetime_start":"2026-03-23T23:22:00.540801"}
{"op_code":5,"worker_id":"1274bedb-ee8d-4982-ae89-4840ed9b277a-139841834145600","trial_id":10,"param_name":"meta_batchsize","param_value_internal":0,"distribution":"{\"name\": \"CategoricalDistribution\", \"attributes\": {\"choices\": [16, 32, 64]}}"}
{"op_code":5,"worker_id":"1274bedb-ee8d-4982-ae89-4840ed9b277a-139841834145600","trial_id":10,"param_name":"maml_inner_steps","param_value_internal":3,"distribution":"{\"name\": \"CategoricalDistribution\", \"attributes\": {\"choices\": [2, 3, 5, 7]}}"}
{"op_code":5,"worker_id":"1274bedb-ee8d-4982-ae89-4840ed9b277a-139841834145600","trial_id":10,"param_name":"maml_inner_steps_eval","param_value_internal":0,"distribution":"{\"name\": \"CategoricalDistribution\", \"attributes\": {\"choices\": [10, 15, 20, 30]}}"}
{"op_code":5,"worker_id":"1274bedb-ee8d-4982-ae89-4840ed9b277a-139841834145600","trial_id":10,"param_name":"maml_alpha_init","param_value_internal":0.0014778854660577546,"distribution":"{\"name\": \"FloatDistribution\", \"attributes\": {\"step\": null, \"low\": 0.0001, \"high\": 0.1, \"log\": true}}"}
{"op_code":5,"worker_id":"1274bedb-ee8d-4982-ae89-4840ed9b277a-139841834145600","trial_id":10,"param_name":"maml_alpha_init_eval","param_value_internal":0.00026575928503597867,"distribution":"{\"name\": \"FloatDistribution\", \"attributes\": {\"step\": null, \"low\": 0.0001, \"high\": 0.01, \"log\": true}}"}
{"op_code":5,"worker_id":"1274bedb-ee8d-4982-ae89-4840ed9b277a-139841834145600","trial_id":10,"param_name":"outer_lr","param_value_internal":0.0013046146629340817,"distribution":"{\"name\": \"FloatDistribution\", \"attributes\": {\"step\": null, \"low\": 1e-05, \"high\": 0.01, \"log\": true}}"}
{"op_code":5,"worker_id":"1274bedb-ee8d-4982-ae89-4840ed9b277a-139841834145600","trial_id":10,"param_name":"wd","param_value_internal":1.4242753285672587e-06,"distribution":"{\"name\": \"FloatDistribution\", \"attributes\": {\"step\": null, \"low\": 1e-06, \"high\": 0.0001, \"log\": true}}"}
{"op_code":5,"worker_id":"1274bedb-ee8d-4982-ae89-4840ed9b277a-139841834145600","trial_id":10,"param_name":"groupnorm_num_groups","param_value_internal":0,"distribution":"{\"name\": \"CategoricalDistribution\", \"attributes\": {\"choices\": [4, 8]}}"}
{"op_code":5,"worker_id":"1274bedb-ee8d-4982-ae89-4840ed9b277a-139841834145600","trial_id":10,"param_name":"emg_width","param_value_internal":2,"distribution":"{\"name\": \"CategoricalDistribution\", \"attributes\": {\"choices\": [32, 64, 128, 256]}}"}
{"op_code":5,"worker_id":"1274bedb-ee8d-4982-ae89-4840ed9b277a-139841834145600","trial_id":10,"param_name":"imu_width","param_value_internal":3,"distribution":"{\"name\": \"CategoricalDistribution\", \"attributes\": {\"choices\": [32, 64, 128, 256]}}"}
{"op_code":5,"worker_id":"1274bedb-ee8d-4982-ae89-4840ed9b277a-139841834145600","trial_id":10,"param_name":"emg_depth","param_value_internal":2.0,"distribution":"{\"name\": \"IntDistribution\", \"attributes\": {\"log\": false, \"step\": 1, \"low\": 2, \"high\": 4}}"}
{"op_code":5,"worker_id":"1274bedb-ee8d-4982-ae89-4840ed9b277a-139841834145600","trial_id":10,"param_name":"imu_depth","param_value_internal":4.0,"distribution":"{\"name\": \"IntDistribution\", \"attributes\": {\"log\": false, \"step\": 1, \"low\": 2, \"high\": 4}}"}
{"op_code":5,"worker_id":"1274bedb-ee8d-4982-ae89-4840ed9b277a-139841834145600","trial_id":10,"param_name":"cnn_kernel","param_value_internal":0,"distribution":"{\"name\": \"CategoricalDistribution\", \"attributes\": {\"choices\": [3, 5]}}"}
{"op_code":5,"worker_id":"1274bedb-ee8d-4982-ae89-4840ed9b277a-139841834145600","trial_id":10,"param_name":"lstm_hidden","param_value_internal":2,"distribution":"{\"name\": \"CategoricalDistribution\", \"attributes\": {\"choices\": [64, 128, 256]}}"}
{"op_code":5,"worker_id":"1274bedb-ee8d-4982-ae89-4840ed9b277a-139841834145600","trial_id":10,"param_name":"lstm_layers","param_value_internal":3.0,"distribution":"{\"name\": \"IntDistribution\", \"attributes\": {\"log\": false, \"step\": 1, \"low\": 1, \"high\": 3}}"}
{"op_code":5,"worker_id":"1274bedb-ee8d-4982-ae89-4840ed9b277a-139841834145600","trial_id":10,"param_name":"use_GlobalAvgPooling","param_value_internal":1,"distribution":"{\"name\": \"CategoricalDistribution\", \"attributes\": {\"choices\": [true, false]}}"}
{"op_code":5,"worker_id":"1274bedb-ee8d-4982-ae89-4840ed9b277a-139841834145600","trial_id":10,"param_name":"finetuning_approach","param_value_internal":0,"distribution":"{\"name\": \"CategoricalDistribution\", \"attributes\": {\"choices\": [\"full\"]}}"}
{"op_code":5,"worker_id":"1274bedb-ee8d-4982-ae89-4840ed9b277a-139841834145600","trial_id":10,"param_name":"use_film_x_demo","param_value_internal":0,"distribution":"{\"name\": \"CategoricalDistribution\", \"attributes\": {\"choices\": [true, false]}}"}
{"op_code":5,"worker_id":"1274bedb-ee8d-4982-ae89-4840ed9b277a-139841834145600","trial_id":10,"param_name":"context_emb_dim","param_value_internal":0,"distribution":"{\"name\": \"CategoricalDistribution\", \"attributes\": {\"choices\": [8, 16, 32, 64]}}"}
{"op_code":5,"worker_id":"1274bedb-ee8d-4982-ae89-4840ed9b277a-139841834145600","trial_id":10,"param_name":"demo_emb_dim","param_value_internal":3,"distribution":"{\"name\": \"CategoricalDistribution\", \"attributes\": {\"choices\": [8, 16, 32, 64]}}"}
{"op_code":5,"worker_id":"1274bedb-ee8d-4982-ae89-4840ed9b277a-139841834145600","trial_id":10,"param_name":"context_pool_type","param_value_internal":1,"distribution":"{\"name\": \"CategoricalDistribution\", \"attributes\": {\"choices\": [\"mean\", \"attn\"]}}"}
{"op_code":5,"worker_id":"1274bedb-ee8d-4982-ae89-4840ed9b277a-139841834145600","trial_id":10,"param_name":"episodes_per_epoch_train","param_value_internal":1,"distribution":"{\"name\": \"CategoricalDistribution\", \"attributes\": {\"choices\": [250, 500]}}"}
{"op_code":5,"worker_id":"1274bedb-ee8d-4982-ae89-4840ed9b277a-139841834145600","trial_id":10,"param_name":"optimizer","param_value_internal":1,"distribution":"{\"name\": \"CategoricalDistribution\", \"attributes\": {\"choices\": [\"adamw\", \"adam\", \"sgd\"]}}"}
{"op_code":5,"worker_id":"1274bedb-ee8d-4982-ae89-4840ed9b277a-139841834145600","trial_id":10,"param_name":"use_maml_msl","param_value_internal":0,"distribution":"{\"name\": \"CategoricalDistribution\", \"attributes\": {\"choices\": [true, false, \"hybrid\"]}}"}
{"op_code":5,"worker_id":"1274bedb-ee8d-4982-ae89-4840ed9b277a-139841834145600","trial_id":10,"param_name":"maml_opt_order","param_value_internal":0,"distribution":"{\"name\": \"CategoricalDistribution\", \"attributes\": {\"choices\": [\"first\", \"second\", \"hybrid\"]}}"}
{"op_code":8,"worker_id":"43242b2d-08c0-41a4-b2b9-71414e99c96d-139768079832896","trial_id":3,"user_attr":{"fold_mean_accs":[0.33333333333333337,0.3354166666666667]}}
{"op_code":8,"worker_id":"43242b2d-08c0-41a4-b2b9-71414e99c96d-139768079832896","trial_id":3,"user_attr":{"fold_user_accs":[[0.33333333333333337,0.33333333333333337,0.33333333333333337,0.33333333333333337],[0.33333333333333337,0.33333333333333337,0.3416666666666667,0.33333333333333337]]}}
{"op_code":8,"worker_id":"43242b2d-08c0-41a4-b2b9-71414e99c96d-139768079832896","trial_id":3,"user_attr":{"mean_pretrain_val_acc":0.334375}}
{"op_code":6,"worker_id":"43242b2d-08c0-41a4-b2b9-71414e99c96d-139768079832896","trial_id":3,"state":1,"values":[0.33437500000000003],"datetime_complete":"2026-03-23T23:42:52.807845"}
{"op_code":8,"worker_id":"1049f2dd-6533-4e1f-aacc-8c55d14b41d9-140375881688896","trial_id":8,"user_attr":{"fold_mean_accs":[0.4041666666666667,0.4854166666666666]}}
{"op_code":8,"worker_id":"1049f2dd-6533-4e1f-aacc-8c55d14b41d9-140375881688896","trial_id":8,"user_attr":{"fold_user_accs":[[0.3916666666666667,0.4083333333333334,0.3083333333333333,0.5083333333333333],[0.5583333333333333,0.4666666666666667,0.45,0.4666666666666667]]}}
{"op_code":8,"worker_id":"1049f2dd-6533-4e1f-aacc-8c55d14b41d9-140375881688896","trial_id":8,"user_attr":{"mean_pretrain_val_acc":0.4510416666666667}}
{"op_code":6,"worker_id":"1049f2dd-6533-4e1f-aacc-8c55d14b41d9-140375881688896","trial_id":8,"state":1,"values":[0.44479166666666664],"datetime_complete":"2026-03-24T00:19:46.387170"}
{"op_code":8,"worker_id":"de9e6ae5-d1d6-47c1-9bde-23eadafac78c-140043746494272","trial_id":7,"user_attr":{"fold_mean_accs":[0.43125,0.35624999999999996]}}
{"op_code":8,"worker_id":"de9e6ae5-d1d6-47c1-9bde-23eadafac78c-140043746494272","trial_id":7,"user_attr":{"fold_user_accs":[[0.4833333333333334,0.55,0.3416666666666666,0.35000000000000003],[0.4499999999999999,0.38333333333333336,0.325,0.26666666666666666]]}}
{"op_code":8,"worker_id":"de9e6ae5-d1d6-47c1-9bde-23eadafac78c-140043746494272","trial_id":7,"user_attr":{"mean_pretrain_val_acc":0.39479166666666665}}
{"op_code":6,"worker_id":"de9e6ae5-d1d6-47c1-9bde-23eadafac78c-140043746494272","trial_id":7,"state":1,"values":[0.39375],"datetime_complete":"2026-03-24T00:48:09.061029"}
{"op_code":8,"worker_id":"16f9a672-1be8-4e19-aabc-122668245e0f-139700342994752","trial_id":5,"user_attr":{"fold_mean_accs":[0.4666666666666667,0.7104166666666667]}}
{"op_code":8,"worker_id":"16f9a672-1be8-4e19-aabc-122668245e0f-139700342994752","trial_id":5,"user_attr":{"fold_user_accs":[[0.625,0.4666666666666667,0.3333333333333333,0.4416666666666666],[0.8833333333333332,0.6333333333333333,0.6333333333333333,0.6916666666666667]]}}
{"op_code":8,"worker_id":"16f9a672-1be8-4e19-aabc-122668245e0f-139700342994752","trial_id":5,"user_attr":{"mean_pretrain_val_acc":0.590625}}
{"op_code":6,"worker_id":"16f9a672-1be8-4e19-aabc-122668245e0f-139700342994752","trial_id":5,"state":1,"values":[0.5885416666666667],"datetime_complete":"2026-03-24T01:22:41.618210"}
{"op_code":8,"worker_id":"842b39a9-03ff-4c20-84d0-a0dc4101ef47-139818085504832","trial_id":6,"user_attr":{"fold_mean_accs":[0.33333333333333337,0.33333333333333337]}}
{"op_code":8,"worker_id":"842b39a9-03ff-4c20-84d0-a0dc4101ef47-139818085504832","trial_id":6,"user_attr":{"fold_user_accs":[[0.33333333333333337,0.33333333333333337,0.33333333333333337,0.33333333333333337],[0.33333333333333337,0.33333333333333337,0.33333333333333337,0.33333333333333337]]}}
{"op_code":8,"worker_id":"842b39a9-03ff-4c20-84d0-a0dc4101ef47-139818085504832","trial_id":6,"user_attr":{"mean_pretrain_val_acc":0.3333333333333333}}
{"op_code":6,"worker_id":"842b39a9-03ff-4c20-84d0-a0dc4101ef47-139818085504832","trial_id":6,"state":1,"values":[0.33333333333333337],"datetime_complete":"2026-03-24T02:33:59.158997"}
{"op_code":8,"worker_id":"eece4ce3-5453-49c8-bbee-a5046389404e-140375443396416","trial_id":1,"user_attr":{"fold_mean_accs":[0.3916666666666667,0.34791666666666665]}}
{"op_code":8,"worker_id":"eece4ce3-5453-49c8-bbee-a5046389404e-140375443396416","trial_id":1,"user_attr":{"fold_user_accs":[[0.4083333333333333,0.4416666666666667,0.31666666666666665,0.4],[0.3583333333333333,0.35833333333333334,0.33333333333333337,0.3416666666666667]]}}
{"op_code":8,"worker_id":"eece4ce3-5453-49c8-bbee-a5046389404e-140375443396416","trial_id":1,"user_attr":{"mean_pretrain_val_acc":0.37395833333333334}}
{"op_code":6,"worker_id":"eece4ce3-5453-49c8-bbee-a5046389404e-140375443396416","trial_id":1,"state":1,"values":[0.3697916666666667],"datetime_complete":"2026-03-24T03:57:15.370767"}
