{"op_code":0,"worker_id":"88f615ee-2da5-401b-9515-ea8b6a02edf4-140268205619008","study_name":"mamlpp_pretr_MetaCNNLSTM_2fcv_hpo","directions":[2]}
{"op_code":4,"worker_id":"88f615ee-2da5-401b-9515-ea8b6a02edf4-140268205619008","study_id":0,"datetime_start":"2026-03-23T16:51:59.532396"}
{"op_code":5,"worker_id":"88f615ee-2da5-401b-9515-ea8b6a02edf4-140268205619008","trial_id":0,"param_name":"meta_batchsize","param_value_internal":2,"distribution":"{\"name\": \"CategoricalDistribution\", \"attributes\": {\"choices\": [16, 32, 64]}}"}
{"op_code":5,"worker_id":"88f615ee-2da5-401b-9515-ea8b6a02edf4-140268205619008","trial_id":0,"param_name":"maml_inner_steps","param_value_internal":1,"distribution":"{\"name\": \"CategoricalDistribution\", \"attributes\": {\"choices\": [2, 3, 5, 7]}}"}
{"op_code":5,"worker_id":"88f615ee-2da5-401b-9515-ea8b6a02edf4-140268205619008","trial_id":0,"param_name":"maml_inner_steps_eval","param_value_internal":3,"distribution":"{\"name\": \"CategoricalDistribution\", \"attributes\": {\"choices\": [10, 15, 20, 30]}}"}
{"op_code":5,"worker_id":"88f615ee-2da5-401b-9515-ea8b6a02edf4-140268205619008","trial_id":0,"param_name":"maml_alpha_init","param_value_internal":0.0001932462652476307,"distribution":"{\"name\": \"FloatDistribution\", \"attributes\": {\"step\": null, \"low\": 0.0001, \"high\": 0.1, \"log\": true}}"}
{"op_code":5,"worker_id":"88f615ee-2da5-401b-9515-ea8b6a02edf4-140268205619008","trial_id":0,"param_name":"maml_alpha_init_eval","param_value_internal":0.00015115448379665174,"distribution":"{\"name\": \"FloatDistribution\", \"attributes\": {\"step\": null, \"low\": 0.0001, \"high\": 0.01, \"log\": true}}"}
{"op_code":5,"worker_id":"88f615ee-2da5-401b-9515-ea8b6a02edf4-140268205619008","trial_id":0,"param_name":"outer_lr","param_value_internal":0.0015432366872163658,"distribution":"{\"name\": \"FloatDistribution\", \"attributes\": {\"step\": null, \"low\": 1e-05, \"high\": 0.01, \"log\": true}}"}
{"op_code":5,"worker_id":"88f615ee-2da5-401b-9515-ea8b6a02edf4-140268205619008","trial_id":0,"param_name":"wd","param_value_internal":2.541337421218676e-06,"distribution":"{\"name\": \"FloatDistribution\", \"attributes\": {\"step\": null, \"low\": 1e-06, \"high\": 0.0001, \"log\": true}}"}
{"op_code":5,"worker_id":"88f615ee-2da5-401b-9515-ea8b6a02edf4-140268205619008","trial_id":0,"param_name":"groupnorm_num_groups","param_value_internal":1,"distribution":"{\"name\": \"CategoricalDistribution\", \"attributes\": {\"choices\": [4, 8]}}"}
{"op_code":5,"worker_id":"88f615ee-2da5-401b-9515-ea8b6a02edf4-140268205619008","trial_id":0,"param_name":"emg_width","param_value_internal":1,"distribution":"{\"name\": \"CategoricalDistribution\", \"attributes\": {\"choices\": [32, 64, 128, 256]}}"}
{"op_code":5,"worker_id":"88f615ee-2da5-401b-9515-ea8b6a02edf4-140268205619008","trial_id":0,"param_name":"imu_width","param_value_internal":2,"distribution":"{\"name\": \"CategoricalDistribution\", \"attributes\": {\"choices\": [32, 64, 128, 256]}}"}
{"op_code":5,"worker_id":"88f615ee-2da5-401b-9515-ea8b6a02edf4-140268205619008","trial_id":0,"param_name":"emg_depth","param_value_internal":3.0,"distribution":"{\"name\": \"IntDistribution\", \"attributes\": {\"log\": false, \"step\": 1, \"low\": 2, \"high\": 4}}"}
{"op_code":5,"worker_id":"88f615ee-2da5-401b-9515-ea8b6a02edf4-140268205619008","trial_id":0,"param_name":"imu_depth","param_value_internal":3.0,"distribution":"{\"name\": \"IntDistribution\", \"attributes\": {\"log\": false, \"step\": 1, \"low\": 2, \"high\": 4}}"}
{"op_code":5,"worker_id":"88f615ee-2da5-401b-9515-ea8b6a02edf4-140268205619008","trial_id":0,"param_name":"cnn_kernel","param_value_internal":1,"distribution":"{\"name\": \"CategoricalDistribution\", \"attributes\": {\"choices\": [3, 5]}}"}
{"op_code":5,"worker_id":"88f615ee-2da5-401b-9515-ea8b6a02edf4-140268205619008","trial_id":0,"param_name":"lstm_hidden","param_value_internal":1,"distribution":"{\"name\": \"CategoricalDistribution\", \"attributes\": {\"choices\": [64, 128, 256]}}"}
{"op_code":5,"worker_id":"88f615ee-2da5-401b-9515-ea8b6a02edf4-140268205619008","trial_id":0,"param_name":"lstm_layers","param_value_internal":1.0,"distribution":"{\"name\": \"IntDistribution\", \"attributes\": {\"log\": false, \"step\": 1, \"low\": 1, \"high\": 3}}"}
{"op_code":5,"worker_id":"88f615ee-2da5-401b-9515-ea8b6a02edf4-140268205619008","trial_id":0,"param_name":"use_GlobalAvgPooling","param_value_internal":0,"distribution":"{\"name\": \"CategoricalDistribution\", \"attributes\": {\"choices\": [true, false]}}"}
{"op_code":5,"worker_id":"88f615ee-2da5-401b-9515-ea8b6a02edf4-140268205619008","trial_id":0,"param_name":"finetuning_approach","param_value_internal":0,"distribution":"{\"name\": \"CategoricalDistribution\", \"attributes\": {\"choices\": [\"full\"]}}"}
{"op_code":5,"worker_id":"88f615ee-2da5-401b-9515-ea8b6a02edf4-140268205619008","trial_id":0,"param_name":"use_film_x_demo","param_value_internal":0,"distribution":"{\"name\": \"CategoricalDistribution\", \"attributes\": {\"choices\": [true, false]}}"}
{"op_code":5,"worker_id":"88f615ee-2da5-401b-9515-ea8b6a02edf4-140268205619008","trial_id":0,"param_name":"context_emb_dim","param_value_internal":3,"distribution":"{\"name\": \"CategoricalDistribution\", \"attributes\": {\"choices\": [8, 16, 32, 64]}}"}
{"op_code":5,"worker_id":"88f615ee-2da5-401b-9515-ea8b6a02edf4-140268205619008","trial_id":0,"param_name":"demo_emb_dim","param_value_internal":3,"distribution":"{\"name\": \"CategoricalDistribution\", \"attributes\": {\"choices\": [8, 16, 32, 64]}}"}
{"op_code":5,"worker_id":"88f615ee-2da5-401b-9515-ea8b6a02edf4-140268205619008","trial_id":0,"param_name":"context_pool_type","param_value_internal":0,"distribution":"{\"name\": \"CategoricalDistribution\", \"attributes\": {\"choices\": [\"mean\", \"attn\"]}}"}
{"op_code":5,"worker_id":"88f615ee-2da5-401b-9515-ea8b6a02edf4-140268205619008","trial_id":0,"param_name":"episodes_per_epoch_train","param_value_internal":1,"distribution":"{\"name\": \"CategoricalDistribution\", \"attributes\": {\"choices\": [250, 500]}}"}
{"op_code":5,"worker_id":"88f615ee-2da5-401b-9515-ea8b6a02edf4-140268205619008","trial_id":0,"param_name":"optimizer","param_value_internal":1,"distribution":"{\"name\": \"CategoricalDistribution\", \"attributes\": {\"choices\": [\"adamw\", \"adam\", \"sgd\"]}}"}
{"op_code":5,"worker_id":"88f615ee-2da5-401b-9515-ea8b6a02edf4-140268205619008","trial_id":0,"param_name":"use_maml_msl","param_value_internal":2,"distribution":"{\"name\": \"CategoricalDistribution\", \"attributes\": {\"choices\": [true, false, \"hybrid\"]}}"}
{"op_code":5,"worker_id":"88f615ee-2da5-401b-9515-ea8b6a02edf4-140268205619008","trial_id":0,"param_name":"maml_msl_num_epochs","param_value_internal":32.0,"distribution":"{\"name\": \"IntDistribution\", \"attributes\": {\"log\": false, \"step\": 1, \"low\": 1, \"high\": 40}}"}
{"op_code":5,"worker_id":"88f615ee-2da5-401b-9515-ea8b6a02edf4-140268205619008","trial_id":0,"param_name":"maml_opt_order","param_value_internal":1,"distribution":"{\"name\": \"CategoricalDistribution\", \"attributes\": {\"choices\": [\"first\", \"second\", \"hybrid\"]}}"}
{"op_code":6,"worker_id":"88f615ee-2da5-401b-9515-ea8b6a02edf4-140268205619008","trial_id":0,"state":3,"values":null,"datetime_complete":"2026-03-23T16:52:00.248158"}
{"op_code":0,"worker_id":"59799f78-194f-46dc-a3bb-e24f0c4a9076-140104700356416","study_name":"mamlpp_pretr_MetaCNNLSTM_2fcv_hpo","directions":[2]}
{"op_code":4,"worker_id":"59799f78-194f-46dc-a3bb-e24f0c4a9076-140104700356416","study_id":0,"datetime_start":"2026-03-23T22:41:50.507238"}
{"op_code":5,"worker_id":"59799f78-194f-46dc-a3bb-e24f0c4a9076-140104700356416","trial_id":1,"param_name":"meta_batchsize","param_value_internal":2,"distribution":"{\"name\": \"CategoricalDistribution\", \"attributes\": {\"choices\": [16, 32, 64]}}"}
{"op_code":5,"worker_id":"59799f78-194f-46dc-a3bb-e24f0c4a9076-140104700356416","trial_id":1,"param_name":"maml_inner_steps","param_value_internal":0,"distribution":"{\"name\": \"CategoricalDistribution\", \"attributes\": {\"choices\": [2, 3, 5, 7]}}"}
{"op_code":5,"worker_id":"59799f78-194f-46dc-a3bb-e24f0c4a9076-140104700356416","trial_id":1,"param_name":"maml_inner_steps_eval","param_value_internal":1,"distribution":"{\"name\": \"CategoricalDistribution\", \"attributes\": {\"choices\": [10, 15, 20, 30]}}"}
{"op_code":5,"worker_id":"59799f78-194f-46dc-a3bb-e24f0c4a9076-140104700356416","trial_id":1,"param_name":"maml_alpha_init","param_value_internal":0.00013473846682910038,"distribution":"{\"name\": \"FloatDistribution\", \"attributes\": {\"step\": null, \"low\": 0.0001, \"high\": 0.1, \"log\": true}}"}
{"op_code":5,"worker_id":"59799f78-194f-46dc-a3bb-e24f0c4a9076-140104700356416","trial_id":1,"param_name":"maml_alpha_init_eval","param_value_internal":0.00024694488638463764,"distribution":"{\"name\": \"FloatDistribution\", \"attributes\": {\"step\": null, \"low\": 0.0001, \"high\": 0.01, \"log\": true}}"}
{"op_code":5,"worker_id":"59799f78-194f-46dc-a3bb-e24f0c4a9076-140104700356416","trial_id":1,"param_name":"outer_lr","param_value_internal":0.0014870945884053219,"distribution":"{\"name\": \"FloatDistribution\", \"attributes\": {\"step\": null, \"low\": 1e-05, \"high\": 0.01, \"log\": true}}"}
{"op_code":5,"worker_id":"59799f78-194f-46dc-a3bb-e24f0c4a9076-140104700356416","trial_id":1,"param_name":"wd","param_value_internal":1.8296378711205593e-05,"distribution":"{\"name\": \"FloatDistribution\", \"attributes\": {\"step\": null, \"low\": 1e-06, \"high\": 0.0001, \"log\": true}}"}
{"op_code":5,"worker_id":"59799f78-194f-46dc-a3bb-e24f0c4a9076-140104700356416","trial_id":1,"param_name":"groupnorm_num_groups","param_value_internal":1,"distribution":"{\"name\": \"CategoricalDistribution\", \"attributes\": {\"choices\": [4, 8]}}"}
{"op_code":5,"worker_id":"59799f78-194f-46dc-a3bb-e24f0c4a9076-140104700356416","trial_id":1,"param_name":"emg_width","param_value_internal":0,"distribution":"{\"name\": \"CategoricalDistribution\", \"attributes\": {\"choices\": [32, 64, 128, 256]}}"}
{"op_code":5,"worker_id":"59799f78-194f-46dc-a3bb-e24f0c4a9076-140104700356416","trial_id":1,"param_name":"imu_width","param_value_internal":3,"distribution":"{\"name\": \"CategoricalDistribution\", \"attributes\": {\"choices\": [32, 64, 128, 256]}}"}
{"op_code":5,"worker_id":"59799f78-194f-46dc-a3bb-e24f0c4a9076-140104700356416","trial_id":1,"param_name":"emg_depth","param_value_internal":2.0,"distribution":"{\"name\": \"IntDistribution\", \"attributes\": {\"log\": false, \"step\": 1, \"low\": 2, \"high\": 4}}"}
{"op_code":5,"worker_id":"59799f78-194f-46dc-a3bb-e24f0c4a9076-140104700356416","trial_id":1,"param_name":"imu_depth","param_value_internal":2.0,"distribution":"{\"name\": \"IntDistribution\", \"attributes\": {\"log\": false, \"step\": 1, \"low\": 2, \"high\": 4}}"}
{"op_code":5,"worker_id":"59799f78-194f-46dc-a3bb-e24f0c4a9076-140104700356416","trial_id":1,"param_name":"cnn_kernel","param_value_internal":1,"distribution":"{\"name\": \"CategoricalDistribution\", \"attributes\": {\"choices\": [3, 5]}}"}
{"op_code":5,"worker_id":"59799f78-194f-46dc-a3bb-e24f0c4a9076-140104700356416","trial_id":1,"param_name":"lstm_hidden","param_value_internal":0,"distribution":"{\"name\": \"CategoricalDistribution\", \"attributes\": {\"choices\": [64, 128, 256]}}"}
{"op_code":5,"worker_id":"59799f78-194f-46dc-a3bb-e24f0c4a9076-140104700356416","trial_id":1,"param_name":"lstm_layers","param_value_internal":2.0,"distribution":"{\"name\": \"IntDistribution\", \"attributes\": {\"log\": false, \"step\": 1, \"low\": 1, \"high\": 3}}"}
{"op_code":5,"worker_id":"59799f78-194f-46dc-a3bb-e24f0c4a9076-140104700356416","trial_id":1,"param_name":"use_GlobalAvgPooling","param_value_internal":1,"distribution":"{\"name\": \"CategoricalDistribution\", \"attributes\": {\"choices\": [true, false]}}"}
{"op_code":5,"worker_id":"59799f78-194f-46dc-a3bb-e24f0c4a9076-140104700356416","trial_id":1,"param_name":"finetuning_approach","param_value_internal":0,"distribution":"{\"name\": \"CategoricalDistribution\", \"attributes\": {\"choices\": [\"full\"]}}"}
{"op_code":5,"worker_id":"59799f78-194f-46dc-a3bb-e24f0c4a9076-140104700356416","trial_id":1,"param_name":"use_film_x_demo","param_value_internal":0,"distribution":"{\"name\": \"CategoricalDistribution\", \"attributes\": {\"choices\": [true, false]}}"}
{"op_code":5,"worker_id":"59799f78-194f-46dc-a3bb-e24f0c4a9076-140104700356416","trial_id":1,"param_name":"context_emb_dim","param_value_internal":3,"distribution":"{\"name\": \"CategoricalDistribution\", \"attributes\": {\"choices\": [8, 16, 32, 64]}}"}
{"op_code":5,"worker_id":"59799f78-194f-46dc-a3bb-e24f0c4a9076-140104700356416","trial_id":1,"param_name":"demo_emb_dim","param_value_internal":0,"distribution":"{\"name\": \"CategoricalDistribution\", \"attributes\": {\"choices\": [8, 16, 32, 64]}}"}
{"op_code":5,"worker_id":"59799f78-194f-46dc-a3bb-e24f0c4a9076-140104700356416","trial_id":1,"param_name":"context_pool_type","param_value_internal":0,"distribution":"{\"name\": \"CategoricalDistribution\", \"attributes\": {\"choices\": [\"mean\", \"attn\"]}}"}
{"op_code":5,"worker_id":"59799f78-194f-46dc-a3bb-e24f0c4a9076-140104700356416","trial_id":1,"param_name":"episodes_per_epoch_train","param_value_internal":0,"distribution":"{\"name\": \"CategoricalDistribution\", \"attributes\": {\"choices\": [250, 500]}}"}
{"op_code":5,"worker_id":"59799f78-194f-46dc-a3bb-e24f0c4a9076-140104700356416","trial_id":1,"param_name":"optimizer","param_value_internal":0,"distribution":"{\"name\": \"CategoricalDistribution\", \"attributes\": {\"choices\": [\"adamw\", \"adam\", \"sgd\"]}}"}
{"op_code":5,"worker_id":"59799f78-194f-46dc-a3bb-e24f0c4a9076-140104700356416","trial_id":1,"param_name":"use_maml_msl","param_value_internal":2,"distribution":"{\"name\": \"CategoricalDistribution\", \"attributes\": {\"choices\": [true, false, \"hybrid\"]}}"}
{"op_code":5,"worker_id":"59799f78-194f-46dc-a3bb-e24f0c4a9076-140104700356416","trial_id":1,"param_name":"maml_msl_num_epochs","param_value_internal":25.0,"distribution":"{\"name\": \"IntDistribution\", \"attributes\": {\"log\": false, \"step\": 1, \"low\": 1, \"high\": 40}}"}
{"op_code":5,"worker_id":"59799f78-194f-46dc-a3bb-e24f0c4a9076-140104700356416","trial_id":1,"param_name":"maml_opt_order","param_value_internal":2,"distribution":"{\"name\": \"CategoricalDistribution\", \"attributes\": {\"choices\": [\"first\", \"second\", \"hybrid\"]}}"}
{"op_code":5,"worker_id":"59799f78-194f-46dc-a3bb-e24f0c4a9076-140104700356416","trial_id":1,"param_name":"maml_first_order_to_second_order_epoch","param_value_internal":19.0,"distribution":"{\"name\": \"IntDistribution\", \"attributes\": {\"log\": false, \"step\": 1, \"low\": 1, \"high\": 40}}"}
{"op_code":0,"worker_id":"75e48573-462f-4de7-95c8-1fda1c95d3a2-140325369812800","study_name":"mamlpp_pretr_MetaCNNLSTM_2fcv_hpo","directions":[2]}
{"op_code":4,"worker_id":"75e48573-462f-4de7-95c8-1fda1c95d3a2-140325369812800","study_id":0,"datetime_start":"2026-03-24T00:39:58.527819"}
{"op_code":5,"worker_id":"75e48573-462f-4de7-95c8-1fda1c95d3a2-140325369812800","trial_id":2,"param_name":"meta_batchsize","param_value_internal":2,"distribution":"{\"name\": \"CategoricalDistribution\", \"attributes\": {\"choices\": [16, 32, 64]}}"}
{"op_code":5,"worker_id":"75e48573-462f-4de7-95c8-1fda1c95d3a2-140325369812800","trial_id":2,"param_name":"maml_inner_steps","param_value_internal":2,"distribution":"{\"name\": \"CategoricalDistribution\", \"attributes\": {\"choices\": [2, 3, 5, 7]}}"}
{"op_code":5,"worker_id":"75e48573-462f-4de7-95c8-1fda1c95d3a2-140325369812800","trial_id":2,"param_name":"maml_inner_steps_eval","param_value_internal":1,"distribution":"{\"name\": \"CategoricalDistribution\", \"attributes\": {\"choices\": [10, 15, 20, 30]}}"}
{"op_code":5,"worker_id":"75e48573-462f-4de7-95c8-1fda1c95d3a2-140325369812800","trial_id":2,"param_name":"maml_alpha_init","param_value_internal":0.00016176422134418563,"distribution":"{\"name\": \"FloatDistribution\", \"attributes\": {\"step\": null, \"low\": 0.0001, \"high\": 0.1, \"log\": true}}"}
{"op_code":5,"worker_id":"75e48573-462f-4de7-95c8-1fda1c95d3a2-140325369812800","trial_id":2,"param_name":"maml_alpha_init_eval","param_value_internal":0.0021559134474006107,"distribution":"{\"name\": \"FloatDistribution\", \"attributes\": {\"step\": null, \"low\": 0.0001, \"high\": 0.01, \"log\": true}}"}
{"op_code":5,"worker_id":"75e48573-462f-4de7-95c8-1fda1c95d3a2-140325369812800","trial_id":2,"param_name":"outer_lr","param_value_internal":0.00022394910853376466,"distribution":"{\"name\": \"FloatDistribution\", \"attributes\": {\"step\": null, \"low\": 1e-05, \"high\": 0.01, \"log\": true}}"}
{"op_code":5,"worker_id":"75e48573-462f-4de7-95c8-1fda1c95d3a2-140325369812800","trial_id":2,"param_name":"wd","param_value_internal":4.063320703536425e-06,"distribution":"{\"name\": \"FloatDistribution\", \"attributes\": {\"step\": null, \"low\": 1e-06, \"high\": 0.0001, \"log\": true}}"}
{"op_code":5,"worker_id":"75e48573-462f-4de7-95c8-1fda1c95d3a2-140325369812800","trial_id":2,"param_name":"groupnorm_num_groups","param_value_internal":0,"distribution":"{\"name\": \"CategoricalDistribution\", \"attributes\": {\"choices\": [4, 8]}}"}
{"op_code":5,"worker_id":"75e48573-462f-4de7-95c8-1fda1c95d3a2-140325369812800","trial_id":2,"param_name":"emg_width","param_value_internal":3,"distribution":"{\"name\": \"CategoricalDistribution\", \"attributes\": {\"choices\": [32, 64, 128, 256]}}"}
{"op_code":5,"worker_id":"75e48573-462f-4de7-95c8-1fda1c95d3a2-140325369812800","trial_id":2,"param_name":"imu_width","param_value_internal":0,"distribution":"{\"name\": \"CategoricalDistribution\", \"attributes\": {\"choices\": [32, 64, 128, 256]}}"}
{"op_code":5,"worker_id":"75e48573-462f-4de7-95c8-1fda1c95d3a2-140325369812800","trial_id":2,"param_name":"emg_depth","param_value_internal":3.0,"distribution":"{\"name\": \"IntDistribution\", \"attributes\": {\"log\": false, \"step\": 1, \"low\": 2, \"high\": 4}}"}
{"op_code":5,"worker_id":"75e48573-462f-4de7-95c8-1fda1c95d3a2-140325369812800","trial_id":2,"param_name":"imu_depth","param_value_internal":2.0,"distribution":"{\"name\": \"IntDistribution\", \"attributes\": {\"log\": false, \"step\": 1, \"low\": 2, \"high\": 4}}"}
{"op_code":5,"worker_id":"75e48573-462f-4de7-95c8-1fda1c95d3a2-140325369812800","trial_id":2,"param_name":"cnn_kernel","param_value_internal":0,"distribution":"{\"name\": \"CategoricalDistribution\", \"attributes\": {\"choices\": [3, 5]}}"}
{"op_code":5,"worker_id":"75e48573-462f-4de7-95c8-1fda1c95d3a2-140325369812800","trial_id":2,"param_name":"lstm_hidden","param_value_internal":1,"distribution":"{\"name\": \"CategoricalDistribution\", \"attributes\": {\"choices\": [64, 128, 256]}}"}
{"op_code":5,"worker_id":"75e48573-462f-4de7-95c8-1fda1c95d3a2-140325369812800","trial_id":2,"param_name":"lstm_layers","param_value_internal":2.0,"distribution":"{\"name\": \"IntDistribution\", \"attributes\": {\"log\": false, \"step\": 1, \"low\": 1, \"high\": 3}}"}
{"op_code":5,"worker_id":"75e48573-462f-4de7-95c8-1fda1c95d3a2-140325369812800","trial_id":2,"param_name":"use_GlobalAvgPooling","param_value_internal":1,"distribution":"{\"name\": \"CategoricalDistribution\", \"attributes\": {\"choices\": [true, false]}}"}
{"op_code":5,"worker_id":"75e48573-462f-4de7-95c8-1fda1c95d3a2-140325369812800","trial_id":2,"param_name":"finetuning_approach","param_value_internal":0,"distribution":"{\"name\": \"CategoricalDistribution\", \"attributes\": {\"choices\": [\"full\"]}}"}
{"op_code":5,"worker_id":"75e48573-462f-4de7-95c8-1fda1c95d3a2-140325369812800","trial_id":2,"param_name":"use_film_x_demo","param_value_internal":1,"distribution":"{\"name\": \"CategoricalDistribution\", \"attributes\": {\"choices\": [true, false]}}"}
{"op_code":5,"worker_id":"75e48573-462f-4de7-95c8-1fda1c95d3a2-140325369812800","trial_id":2,"param_name":"context_emb_dim","param_value_internal":3,"distribution":"{\"name\": \"CategoricalDistribution\", \"attributes\": {\"choices\": [8, 16, 32, 64]}}"}
{"op_code":5,"worker_id":"75e48573-462f-4de7-95c8-1fda1c95d3a2-140325369812800","trial_id":2,"param_name":"demo_emb_dim","param_value_internal":0,"distribution":"{\"name\": \"CategoricalDistribution\", \"attributes\": {\"choices\": [8, 16, 32, 64]}}"}
{"op_code":5,"worker_id":"75e48573-462f-4de7-95c8-1fda1c95d3a2-140325369812800","trial_id":2,"param_name":"context_pool_type","param_value_internal":0,"distribution":"{\"name\": \"CategoricalDistribution\", \"attributes\": {\"choices\": [\"mean\", \"attn\"]}}"}
{"op_code":5,"worker_id":"75e48573-462f-4de7-95c8-1fda1c95d3a2-140325369812800","trial_id":2,"param_name":"episodes_per_epoch_train","param_value_internal":1,"distribution":"{\"name\": \"CategoricalDistribution\", \"attributes\": {\"choices\": [250, 500]}}"}
{"op_code":5,"worker_id":"75e48573-462f-4de7-95c8-1fda1c95d3a2-140325369812800","trial_id":2,"param_name":"optimizer","param_value_internal":0,"distribution":"{\"name\": \"CategoricalDistribution\", \"attributes\": {\"choices\": [\"adamw\", \"adam\", \"sgd\"]}}"}
{"op_code":5,"worker_id":"75e48573-462f-4de7-95c8-1fda1c95d3a2-140325369812800","trial_id":2,"param_name":"use_maml_msl","param_value_internal":1,"distribution":"{\"name\": \"CategoricalDistribution\", \"attributes\": {\"choices\": [true, false, \"hybrid\"]}}"}
{"op_code":5,"worker_id":"75e48573-462f-4de7-95c8-1fda1c95d3a2-140325369812800","trial_id":2,"param_name":"maml_opt_order","param_value_internal":2,"distribution":"{\"name\": \"CategoricalDistribution\", \"attributes\": {\"choices\": [\"first\", \"second\", \"hybrid\"]}}"}
{"op_code":5,"worker_id":"75e48573-462f-4de7-95c8-1fda1c95d3a2-140325369812800","trial_id":2,"param_name":"maml_first_order_to_second_order_epoch","param_value_internal":12.0,"distribution":"{\"name\": \"IntDistribution\", \"attributes\": {\"log\": false, \"step\": 1, \"low\": 1, \"high\": 40}}"}
{"op_code":0,"worker_id":"0dea2d1d-45cb-4072-b5f2-4e8f2155551c-140640476464960","study_name":"mamlpp_pretr_MetaCNNLSTM_2fcv_hpo","directions":[2]}
{"op_code":4,"worker_id":"0dea2d1d-45cb-4072-b5f2-4e8f2155551c-140640476464960","study_id":0,"datetime_start":"2026-03-24T00:48:30.780535"}
{"op_code":5,"worker_id":"0dea2d1d-45cb-4072-b5f2-4e8f2155551c-140640476464960","trial_id":3,"param_name":"meta_batchsize","param_value_internal":0,"distribution":"{\"name\": \"CategoricalDistribution\", \"attributes\": {\"choices\": [16, 32, 64]}}"}
{"op_code":5,"worker_id":"0dea2d1d-45cb-4072-b5f2-4e8f2155551c-140640476464960","trial_id":3,"param_name":"maml_inner_steps","param_value_internal":0,"distribution":"{\"name\": \"CategoricalDistribution\", \"attributes\": {\"choices\": [2, 3, 5, 7]}}"}
{"op_code":5,"worker_id":"0dea2d1d-45cb-4072-b5f2-4e8f2155551c-140640476464960","trial_id":3,"param_name":"maml_inner_steps_eval","param_value_internal":0,"distribution":"{\"name\": \"CategoricalDistribution\", \"attributes\": {\"choices\": [10, 15, 20, 30]}}"}
{"op_code":5,"worker_id":"0dea2d1d-45cb-4072-b5f2-4e8f2155551c-140640476464960","trial_id":3,"param_name":"maml_alpha_init","param_value_internal":0.000469487476605316,"distribution":"{\"name\": \"FloatDistribution\", \"attributes\": {\"step\": null, \"low\": 0.0001, \"high\": 0.1, \"log\": true}}"}
{"op_code":5,"worker_id":"0dea2d1d-45cb-4072-b5f2-4e8f2155551c-140640476464960","trial_id":3,"param_name":"maml_alpha_init_eval","param_value_internal":0.002927535537779133,"distribution":"{\"name\": \"FloatDistribution\", \"attributes\": {\"step\": null, \"low\": 0.0001, \"high\": 0.01, \"log\": true}}"}
{"op_code":5,"worker_id":"0dea2d1d-45cb-4072-b5f2-4e8f2155551c-140640476464960","trial_id":3,"param_name":"outer_lr","param_value_internal":0.00010413231362894118,"distribution":"{\"name\": \"FloatDistribution\", \"attributes\": {\"step\": null, \"low\": 1e-05, \"high\": 0.01, \"log\": true}}"}
{"op_code":5,"worker_id":"0dea2d1d-45cb-4072-b5f2-4e8f2155551c-140640476464960","trial_id":3,"param_name":"wd","param_value_internal":4.247346825161031e-05,"distribution":"{\"name\": \"FloatDistribution\", \"attributes\": {\"step\": null, \"low\": 1e-06, \"high\": 0.0001, \"log\": true}}"}
{"op_code":5,"worker_id":"0dea2d1d-45cb-4072-b5f2-4e8f2155551c-140640476464960","trial_id":3,"param_name":"groupnorm_num_groups","param_value_internal":1,"distribution":"{\"name\": \"CategoricalDistribution\", \"attributes\": {\"choices\": [4, 8]}}"}
{"op_code":5,"worker_id":"0dea2d1d-45cb-4072-b5f2-4e8f2155551c-140640476464960","trial_id":3,"param_name":"emg_width","param_value_internal":3,"distribution":"{\"name\": \"CategoricalDistribution\", \"attributes\": {\"choices\": [32, 64, 128, 256]}}"}
{"op_code":5,"worker_id":"0dea2d1d-45cb-4072-b5f2-4e8f2155551c-140640476464960","trial_id":3,"param_name":"imu_width","param_value_internal":0,"distribution":"{\"name\": \"CategoricalDistribution\", \"attributes\": {\"choices\": [32, 64, 128, 256]}}"}
{"op_code":5,"worker_id":"0dea2d1d-45cb-4072-b5f2-4e8f2155551c-140640476464960","trial_id":3,"param_name":"emg_depth","param_value_internal":3.0,"distribution":"{\"name\": \"IntDistribution\", \"attributes\": {\"log\": false, \"step\": 1, \"low\": 2, \"high\": 4}}"}
{"op_code":5,"worker_id":"0dea2d1d-45cb-4072-b5f2-4e8f2155551c-140640476464960","trial_id":3,"param_name":"imu_depth","param_value_internal":4.0,"distribution":"{\"name\": \"IntDistribution\", \"attributes\": {\"log\": false, \"step\": 1, \"low\": 2, \"high\": 4}}"}
{"op_code":5,"worker_id":"0dea2d1d-45cb-4072-b5f2-4e8f2155551c-140640476464960","trial_id":3,"param_name":"cnn_kernel","param_value_internal":0,"distribution":"{\"name\": \"CategoricalDistribution\", \"attributes\": {\"choices\": [3, 5]}}"}
{"op_code":5,"worker_id":"0dea2d1d-45cb-4072-b5f2-4e8f2155551c-140640476464960","trial_id":3,"param_name":"lstm_hidden","param_value_internal":2,"distribution":"{\"name\": \"CategoricalDistribution\", \"attributes\": {\"choices\": [64, 128, 256]}}"}
{"op_code":5,"worker_id":"0dea2d1d-45cb-4072-b5f2-4e8f2155551c-140640476464960","trial_id":3,"param_name":"lstm_layers","param_value_internal":1.0,"distribution":"{\"name\": \"IntDistribution\", \"attributes\": {\"log\": false, \"step\": 1, \"low\": 1, \"high\": 3}}"}
{"op_code":5,"worker_id":"0dea2d1d-45cb-4072-b5f2-4e8f2155551c-140640476464960","trial_id":3,"param_name":"use_GlobalAvgPooling","param_value_internal":0,"distribution":"{\"name\": \"CategoricalDistribution\", \"attributes\": {\"choices\": [true, false]}}"}
{"op_code":5,"worker_id":"0dea2d1d-45cb-4072-b5f2-4e8f2155551c-140640476464960","trial_id":3,"param_name":"finetuning_approach","param_value_internal":0,"distribution":"{\"name\": \"CategoricalDistribution\", \"attributes\": {\"choices\": [\"full\"]}}"}
{"op_code":5,"worker_id":"0dea2d1d-45cb-4072-b5f2-4e8f2155551c-140640476464960","trial_id":3,"param_name":"use_film_x_demo","param_value_internal":1,"distribution":"{\"name\": \"CategoricalDistribution\", \"attributes\": {\"choices\": [true, false]}}"}
{"op_code":5,"worker_id":"0dea2d1d-45cb-4072-b5f2-4e8f2155551c-140640476464960","trial_id":3,"param_name":"context_emb_dim","param_value_internal":0,"distribution":"{\"name\": \"CategoricalDistribution\", \"attributes\": {\"choices\": [8, 16, 32, 64]}}"}
{"op_code":5,"worker_id":"0dea2d1d-45cb-4072-b5f2-4e8f2155551c-140640476464960","trial_id":3,"param_name":"demo_emb_dim","param_value_internal":0,"distribution":"{\"name\": \"CategoricalDistribution\", \"attributes\": {\"choices\": [8, 16, 32, 64]}}"}
{"op_code":5,"worker_id":"0dea2d1d-45cb-4072-b5f2-4e8f2155551c-140640476464960","trial_id":3,"param_name":"context_pool_type","param_value_internal":1,"distribution":"{\"name\": \"CategoricalDistribution\", \"attributes\": {\"choices\": [\"mean\", \"attn\"]}}"}
{"op_code":5,"worker_id":"0dea2d1d-45cb-4072-b5f2-4e8f2155551c-140640476464960","trial_id":3,"param_name":"episodes_per_epoch_train","param_value_internal":1,"distribution":"{\"name\": \"CategoricalDistribution\", \"attributes\": {\"choices\": [250, 500]}}"}
{"op_code":5,"worker_id":"0dea2d1d-45cb-4072-b5f2-4e8f2155551c-140640476464960","trial_id":3,"param_name":"optimizer","param_value_internal":0,"distribution":"{\"name\": \"CategoricalDistribution\", \"attributes\": {\"choices\": [\"adamw\", \"adam\", \"sgd\"]}}"}
{"op_code":5,"worker_id":"0dea2d1d-45cb-4072-b5f2-4e8f2155551c-140640476464960","trial_id":3,"param_name":"use_maml_msl","param_value_internal":2,"distribution":"{\"name\": \"CategoricalDistribution\", \"attributes\": {\"choices\": [true, false, \"hybrid\"]}}"}
{"op_code":5,"worker_id":"0dea2d1d-45cb-4072-b5f2-4e8f2155551c-140640476464960","trial_id":3,"param_name":"maml_msl_num_epochs","param_value_internal":27.0,"distribution":"{\"name\": \"IntDistribution\", \"attributes\": {\"log\": false, \"step\": 1, \"low\": 1, \"high\": 40}}"}
{"op_code":5,"worker_id":"0dea2d1d-45cb-4072-b5f2-4e8f2155551c-140640476464960","trial_id":3,"param_name":"maml_opt_order","param_value_internal":2,"distribution":"{\"name\": \"CategoricalDistribution\", \"attributes\": {\"choices\": [\"first\", \"second\", \"hybrid\"]}}"}
{"op_code":5,"worker_id":"0dea2d1d-45cb-4072-b5f2-4e8f2155551c-140640476464960","trial_id":3,"param_name":"maml_first_order_to_second_order_epoch","param_value_internal":22.0,"distribution":"{\"name\": \"IntDistribution\", \"attributes\": {\"log\": false, \"step\": 1, \"low\": 1, \"high\": 40}}"}
{"op_code":0,"worker_id":"6549b5e1-2ea3-40d2-ab1c-ca75f38c984e-139954667378496","study_name":"mamlpp_pretr_MetaCNNLSTM_2fcv_hpo","directions":[2]}
{"op_code":4,"worker_id":"6549b5e1-2ea3-40d2-ab1c-ca75f38c984e-139954667378496","study_id":0,"datetime_start":"2026-03-24T01:06:05.611315"}
{"op_code":5,"worker_id":"6549b5e1-2ea3-40d2-ab1c-ca75f38c984e-139954667378496","trial_id":4,"param_name":"meta_batchsize","param_value_internal":2,"distribution":"{\"name\": \"CategoricalDistribution\", \"attributes\": {\"choices\": [16, 32, 64]}}"}
{"op_code":5,"worker_id":"6549b5e1-2ea3-40d2-ab1c-ca75f38c984e-139954667378496","trial_id":4,"param_name":"maml_inner_steps","param_value_internal":2,"distribution":"{\"name\": \"CategoricalDistribution\", \"attributes\": {\"choices\": [2, 3, 5, 7]}}"}
{"op_code":5,"worker_id":"6549b5e1-2ea3-40d2-ab1c-ca75f38c984e-139954667378496","trial_id":4,"param_name":"maml_inner_steps_eval","param_value_internal":1,"distribution":"{\"name\": \"CategoricalDistribution\", \"attributes\": {\"choices\": [10, 15, 20, 30]}}"}
{"op_code":5,"worker_id":"6549b5e1-2ea3-40d2-ab1c-ca75f38c984e-139954667378496","trial_id":4,"param_name":"maml_alpha_init","param_value_internal":0.0003768325047810811,"distribution":"{\"name\": \"FloatDistribution\", \"attributes\": {\"step\": null, \"low\": 0.0001, \"high\": 0.1, \"log\": true}}"}
{"op_code":5,"worker_id":"6549b5e1-2ea3-40d2-ab1c-ca75f38c984e-139954667378496","trial_id":4,"param_name":"maml_alpha_init_eval","param_value_internal":0.0015866058126467525,"distribution":"{\"name\": \"FloatDistribution\", \"attributes\": {\"step\": null, \"low\": 0.0001, \"high\": 0.01, \"log\": true}}"}
{"op_code":5,"worker_id":"6549b5e1-2ea3-40d2-ab1c-ca75f38c984e-139954667378496","trial_id":4,"param_name":"outer_lr","param_value_internal":2.1295482152445673e-05,"distribution":"{\"name\": \"FloatDistribution\", \"attributes\": {\"step\": null, \"low\": 1e-05, \"high\": 0.01, \"log\": true}}"}
{"op_code":5,"worker_id":"6549b5e1-2ea3-40d2-ab1c-ca75f38c984e-139954667378496","trial_id":4,"param_name":"wd","param_value_internal":5.029204746187605e-06,"distribution":"{\"name\": \"FloatDistribution\", \"attributes\": {\"step\": null, \"low\": 1e-06, \"high\": 0.0001, \"log\": true}}"}
{"op_code":5,"worker_id":"6549b5e1-2ea3-40d2-ab1c-ca75f38c984e-139954667378496","trial_id":4,"param_name":"groupnorm_num_groups","param_value_internal":1,"distribution":"{\"name\": \"CategoricalDistribution\", \"attributes\": {\"choices\": [4, 8]}}"}
{"op_code":5,"worker_id":"6549b5e1-2ea3-40d2-ab1c-ca75f38c984e-139954667378496","trial_id":4,"param_name":"emg_width","param_value_internal":3,"distribution":"{\"name\": \"CategoricalDistribution\", \"attributes\": {\"choices\": [32, 64, 128, 256]}}"}
{"op_code":5,"worker_id":"6549b5e1-2ea3-40d2-ab1c-ca75f38c984e-139954667378496","trial_id":4,"param_name":"imu_width","param_value_internal":0,"distribution":"{\"name\": \"CategoricalDistribution\", \"attributes\": {\"choices\": [32, 64, 128, 256]}}"}
{"op_code":5,"worker_id":"6549b5e1-2ea3-40d2-ab1c-ca75f38c984e-139954667378496","trial_id":4,"param_name":"emg_depth","param_value_internal":2.0,"distribution":"{\"name\": \"IntDistribution\", \"attributes\": {\"log\": false, \"step\": 1, \"low\": 2, \"high\": 4}}"}
{"op_code":5,"worker_id":"6549b5e1-2ea3-40d2-ab1c-ca75f38c984e-139954667378496","trial_id":4,"param_name":"imu_depth","param_value_internal":3.0,"distribution":"{\"name\": \"IntDistribution\", \"attributes\": {\"log\": false, \"step\": 1, \"low\": 2, \"high\": 4}}"}
{"op_code":5,"worker_id":"6549b5e1-2ea3-40d2-ab1c-ca75f38c984e-139954667378496","trial_id":4,"param_name":"cnn_kernel","param_value_internal":0,"distribution":"{\"name\": \"CategoricalDistribution\", \"attributes\": {\"choices\": [3, 5]}}"}
{"op_code":5,"worker_id":"6549b5e1-2ea3-40d2-ab1c-ca75f38c984e-139954667378496","trial_id":4,"param_name":"lstm_hidden","param_value_internal":0,"distribution":"{\"name\": \"CategoricalDistribution\", \"attributes\": {\"choices\": [64, 128, 256]}}"}
{"op_code":5,"worker_id":"6549b5e1-2ea3-40d2-ab1c-ca75f38c984e-139954667378496","trial_id":4,"param_name":"lstm_layers","param_value_internal":2.0,"distribution":"{\"name\": \"IntDistribution\", \"attributes\": {\"log\": false, \"step\": 1, \"low\": 1, \"high\": 3}}"}
{"op_code":5,"worker_id":"6549b5e1-2ea3-40d2-ab1c-ca75f38c984e-139954667378496","trial_id":4,"param_name":"use_GlobalAvgPooling","param_value_internal":0,"distribution":"{\"name\": \"CategoricalDistribution\", \"attributes\": {\"choices\": [true, false]}}"}
{"op_code":5,"worker_id":"6549b5e1-2ea3-40d2-ab1c-ca75f38c984e-139954667378496","trial_id":4,"param_name":"finetuning_approach","param_value_internal":0,"distribution":"{\"name\": \"CategoricalDistribution\", \"attributes\": {\"choices\": [\"full\"]}}"}
{"op_code":5,"worker_id":"6549b5e1-2ea3-40d2-ab1c-ca75f38c984e-139954667378496","trial_id":4,"param_name":"use_film_x_demo","param_value_internal":0,"distribution":"{\"name\": \"CategoricalDistribution\", \"attributes\": {\"choices\": [true, false]}}"}
{"op_code":5,"worker_id":"6549b5e1-2ea3-40d2-ab1c-ca75f38c984e-139954667378496","trial_id":4,"param_name":"context_emb_dim","param_value_internal":3,"distribution":"{\"name\": \"CategoricalDistribution\", \"attributes\": {\"choices\": [8, 16, 32, 64]}}"}
{"op_code":5,"worker_id":"6549b5e1-2ea3-40d2-ab1c-ca75f38c984e-139954667378496","trial_id":4,"param_name":"demo_emb_dim","param_value_internal":2,"distribution":"{\"name\": \"CategoricalDistribution\", \"attributes\": {\"choices\": [8, 16, 32, 64]}}"}
{"op_code":5,"worker_id":"6549b5e1-2ea3-40d2-ab1c-ca75f38c984e-139954667378496","trial_id":4,"param_name":"context_pool_type","param_value_internal":0,"distribution":"{\"name\": \"CategoricalDistribution\", \"attributes\": {\"choices\": [\"mean\", \"attn\"]}}"}
{"op_code":5,"worker_id":"6549b5e1-2ea3-40d2-ab1c-ca75f38c984e-139954667378496","trial_id":4,"param_name":"episodes_per_epoch_train","param_value_internal":0,"distribution":"{\"name\": \"CategoricalDistribution\", \"attributes\": {\"choices\": [250, 500]}}"}
{"op_code":5,"worker_id":"6549b5e1-2ea3-40d2-ab1c-ca75f38c984e-139954667378496","trial_id":4,"param_name":"optimizer","param_value_internal":1,"distribution":"{\"name\": \"CategoricalDistribution\", \"attributes\": {\"choices\": [\"adamw\", \"adam\", \"sgd\"]}}"}
{"op_code":5,"worker_id":"6549b5e1-2ea3-40d2-ab1c-ca75f38c984e-139954667378496","trial_id":4,"param_name":"use_maml_msl","param_value_internal":1,"distribution":"{\"name\": \"CategoricalDistribution\", \"attributes\": {\"choices\": [true, false, \"hybrid\"]}}"}
{"op_code":5,"worker_id":"6549b5e1-2ea3-40d2-ab1c-ca75f38c984e-139954667378496","trial_id":4,"param_name":"maml_opt_order","param_value_internal":0,"distribution":"{\"name\": \"CategoricalDistribution\", \"attributes\": {\"choices\": [\"first\", \"second\", \"hybrid\"]}}"}
{"op_code":0,"worker_id":"84326784-9685-4376-87a6-b0ff6ed30bc2-140018345596736","study_name":"mamlpp_pretr_MetaCNNLSTM_2fcv_hpo","directions":[2]}
{"op_code":4,"worker_id":"84326784-9685-4376-87a6-b0ff6ed30bc2-140018345596736","study_id":0,"datetime_start":"2026-03-24T01:23:10.409165"}
{"op_code":5,"worker_id":"84326784-9685-4376-87a6-b0ff6ed30bc2-140018345596736","trial_id":5,"param_name":"meta_batchsize","param_value_internal":2,"distribution":"{\"name\": \"CategoricalDistribution\", \"attributes\": {\"choices\": [16, 32, 64]}}"}
{"op_code":5,"worker_id":"84326784-9685-4376-87a6-b0ff6ed30bc2-140018345596736","trial_id":5,"param_name":"maml_inner_steps","param_value_internal":2,"distribution":"{\"name\": \"CategoricalDistribution\", \"attributes\": {\"choices\": [2, 3, 5, 7]}}"}
{"op_code":5,"worker_id":"84326784-9685-4376-87a6-b0ff6ed30bc2-140018345596736","trial_id":5,"param_name":"maml_inner_steps_eval","param_value_internal":0,"distribution":"{\"name\": \"CategoricalDistribution\", \"attributes\": {\"choices\": [10, 15, 20, 30]}}"}
{"op_code":5,"worker_id":"84326784-9685-4376-87a6-b0ff6ed30bc2-140018345596736","trial_id":5,"param_name":"maml_alpha_init","param_value_internal":0.00022219508289103235,"distribution":"{\"name\": \"FloatDistribution\", \"attributes\": {\"step\": null, \"low\": 0.0001, \"high\": 0.1, \"log\": true}}"}
{"op_code":5,"worker_id":"84326784-9685-4376-87a6-b0ff6ed30bc2-140018345596736","trial_id":5,"param_name":"maml_alpha_init_eval","param_value_internal":0.0034148195700426987,"distribution":"{\"name\": \"FloatDistribution\", \"attributes\": {\"step\": null, \"low\": 0.0001, \"high\": 0.01, \"log\": true}}"}
{"op_code":5,"worker_id":"84326784-9685-4376-87a6-b0ff6ed30bc2-140018345596736","trial_id":5,"param_name":"outer_lr","param_value_internal":0.00440448231507556,"distribution":"{\"name\": \"FloatDistribution\", \"attributes\": {\"step\": null, \"low\": 1e-05, \"high\": 0.01, \"log\": true}}"}
{"op_code":5,"worker_id":"84326784-9685-4376-87a6-b0ff6ed30bc2-140018345596736","trial_id":5,"param_name":"wd","param_value_internal":2.929094275806948e-06,"distribution":"{\"name\": \"FloatDistribution\", \"attributes\": {\"step\": null, \"low\": 1e-06, \"high\": 0.0001, \"log\": true}}"}
{"op_code":5,"worker_id":"84326784-9685-4376-87a6-b0ff6ed30bc2-140018345596736","trial_id":5,"param_name":"groupnorm_num_groups","param_value_internal":0,"distribution":"{\"name\": \"CategoricalDistribution\", \"attributes\": {\"choices\": [4, 8]}}"}
{"op_code":5,"worker_id":"84326784-9685-4376-87a6-b0ff6ed30bc2-140018345596736","trial_id":5,"param_name":"emg_width","param_value_internal":1,"distribution":"{\"name\": \"CategoricalDistribution\", \"attributes\": {\"choices\": [32, 64, 128, 256]}}"}
{"op_code":5,"worker_id":"84326784-9685-4376-87a6-b0ff6ed30bc2-140018345596736","trial_id":5,"param_name":"imu_width","param_value_internal":1,"distribution":"{\"name\": \"CategoricalDistribution\", \"attributes\": {\"choices\": [32, 64, 128, 256]}}"}
{"op_code":5,"worker_id":"84326784-9685-4376-87a6-b0ff6ed30bc2-140018345596736","trial_id":5,"param_name":"emg_depth","param_value_internal":2.0,"distribution":"{\"name\": \"IntDistribution\", \"attributes\": {\"log\": false, \"step\": 1, \"low\": 2, \"high\": 4}}"}
{"op_code":5,"worker_id":"84326784-9685-4376-87a6-b0ff6ed30bc2-140018345596736","trial_id":5,"param_name":"imu_depth","param_value_internal":4.0,"distribution":"{\"name\": \"IntDistribution\", \"attributes\": {\"log\": false, \"step\": 1, \"low\": 2, \"high\": 4}}"}
{"op_code":5,"worker_id":"84326784-9685-4376-87a6-b0ff6ed30bc2-140018345596736","trial_id":5,"param_name":"cnn_kernel","param_value_internal":0,"distribution":"{\"name\": \"CategoricalDistribution\", \"attributes\": {\"choices\": [3, 5]}}"}
{"op_code":5,"worker_id":"84326784-9685-4376-87a6-b0ff6ed30bc2-140018345596736","trial_id":5,"param_name":"lstm_hidden","param_value_internal":1,"distribution":"{\"name\": \"CategoricalDistribution\", \"attributes\": {\"choices\": [64, 128, 256]}}"}
{"op_code":5,"worker_id":"84326784-9685-4376-87a6-b0ff6ed30bc2-140018345596736","trial_id":5,"param_name":"lstm_layers","param_value_internal":2.0,"distribution":"{\"name\": \"IntDistribution\", \"attributes\": {\"log\": false, \"step\": 1, \"low\": 1, \"high\": 3}}"}
{"op_code":5,"worker_id":"84326784-9685-4376-87a6-b0ff6ed30bc2-140018345596736","trial_id":5,"param_name":"use_GlobalAvgPooling","param_value_internal":0,"distribution":"{\"name\": \"CategoricalDistribution\", \"attributes\": {\"choices\": [true, false]}}"}
{"op_code":5,"worker_id":"84326784-9685-4376-87a6-b0ff6ed30bc2-140018345596736","trial_id":5,"param_name":"finetuning_approach","param_value_internal":0,"distribution":"{\"name\": \"CategoricalDistribution\", \"attributes\": {\"choices\": [\"full\"]}}"}
{"op_code":5,"worker_id":"84326784-9685-4376-87a6-b0ff6ed30bc2-140018345596736","trial_id":5,"param_name":"use_film_x_demo","param_value_internal":0,"distribution":"{\"name\": \"CategoricalDistribution\", \"attributes\": {\"choices\": [true, false]}}"}
{"op_code":5,"worker_id":"84326784-9685-4376-87a6-b0ff6ed30bc2-140018345596736","trial_id":5,"param_name":"context_emb_dim","param_value_internal":2,"distribution":"{\"name\": \"CategoricalDistribution\", \"attributes\": {\"choices\": [8, 16, 32, 64]}}"}
{"op_code":5,"worker_id":"84326784-9685-4376-87a6-b0ff6ed30bc2-140018345596736","trial_id":5,"param_name":"demo_emb_dim","param_value_internal":2,"distribution":"{\"name\": \"CategoricalDistribution\", \"attributes\": {\"choices\": [8, 16, 32, 64]}}"}
{"op_code":5,"worker_id":"84326784-9685-4376-87a6-b0ff6ed30bc2-140018345596736","trial_id":5,"param_name":"context_pool_type","param_value_internal":1,"distribution":"{\"name\": \"CategoricalDistribution\", \"attributes\": {\"choices\": [\"mean\", \"attn\"]}}"}
{"op_code":5,"worker_id":"84326784-9685-4376-87a6-b0ff6ed30bc2-140018345596736","trial_id":5,"param_name":"episodes_per_epoch_train","param_value_internal":0,"distribution":"{\"name\": \"CategoricalDistribution\", \"attributes\": {\"choices\": [250, 500]}}"}
{"op_code":5,"worker_id":"84326784-9685-4376-87a6-b0ff6ed30bc2-140018345596736","trial_id":5,"param_name":"optimizer","param_value_internal":2,"distribution":"{\"name\": \"CategoricalDistribution\", \"attributes\": {\"choices\": [\"adamw\", \"adam\", \"sgd\"]}}"}
{"op_code":5,"worker_id":"84326784-9685-4376-87a6-b0ff6ed30bc2-140018345596736","trial_id":5,"param_name":"use_maml_msl","param_value_internal":1,"distribution":"{\"name\": \"CategoricalDistribution\", \"attributes\": {\"choices\": [true, false, \"hybrid\"]}}"}
{"op_code":5,"worker_id":"84326784-9685-4376-87a6-b0ff6ed30bc2-140018345596736","trial_id":5,"param_name":"maml_opt_order","param_value_internal":1,"distribution":"{\"name\": \"CategoricalDistribution\", \"attributes\": {\"choices\": [\"first\", \"second\", \"hybrid\"]}}"}
{"op_code":8,"worker_id":"6549b5e1-2ea3-40d2-ab1c-ca75f38c984e-139954667378496","trial_id":4,"user_attr":{"fold_mean_accs":[0.3583333333333334,0.35]}}
{"op_code":8,"worker_id":"6549b5e1-2ea3-40d2-ab1c-ca75f38c984e-139954667378496","trial_id":4,"user_attr":{"fold_user_accs":[[0.39999999999999997,0.4083333333333333,0.275,0.35],[0.375,0.3416666666666667,0.35000000000000003,0.33333333333333337]]}}
{"op_code":8,"worker_id":"6549b5e1-2ea3-40d2-ab1c-ca75f38c984e-139954667378496","trial_id":4,"user_attr":{"mean_pretrain_val_acc":0.35416666666666663}}
{"op_code":6,"worker_id":"6549b5e1-2ea3-40d2-ab1c-ca75f38c984e-139954667378496","trial_id":4,"state":1,"values":[0.3541666666666667],"datetime_complete":"2026-03-24T01:54:10.194873"}
{"op_code":0,"worker_id":"9d2ded68-f618-4c5b-b899-9f08c4315b63-140618003507008","study_name":"mamlpp_pretr_MetaCNNLSTM_2fcv_hpo","directions":[2]}
{"op_code":4,"worker_id":"9d2ded68-f618-4c5b-b899-9f08c4315b63-140618003507008","study_id":0,"datetime_start":"2026-03-24T01:54:49.068681"}
{"op_code":5,"worker_id":"9d2ded68-f618-4c5b-b899-9f08c4315b63-140618003507008","trial_id":6,"param_name":"meta_batchsize","param_value_internal":0,"distribution":"{\"name\": \"CategoricalDistribution\", \"attributes\": {\"choices\": [16, 32, 64]}}"}
{"op_code":5,"worker_id":"9d2ded68-f618-4c5b-b899-9f08c4315b63-140618003507008","trial_id":6,"param_name":"maml_inner_steps","param_value_internal":0,"distribution":"{\"name\": \"CategoricalDistribution\", \"attributes\": {\"choices\": [2, 3, 5, 7]}}"}
{"op_code":5,"worker_id":"9d2ded68-f618-4c5b-b899-9f08c4315b63-140618003507008","trial_id":6,"param_name":"maml_inner_steps_eval","param_value_internal":0,"distribution":"{\"name\": \"CategoricalDistribution\", \"attributes\": {\"choices\": [10, 15, 20, 30]}}"}
{"op_code":5,"worker_id":"9d2ded68-f618-4c5b-b899-9f08c4315b63-140618003507008","trial_id":6,"param_name":"maml_alpha_init","param_value_internal":0.04855737953761944,"distribution":"{\"name\": \"FloatDistribution\", \"attributes\": {\"step\": null, \"low\": 0.0001, \"high\": 0.1, \"log\": true}}"}
{"op_code":5,"worker_id":"9d2ded68-f618-4c5b-b899-9f08c4315b63-140618003507008","trial_id":6,"param_name":"maml_alpha_init_eval","param_value_internal":0.00033723687196726747,"distribution":"{\"name\": \"FloatDistribution\", \"attributes\": {\"step\": null, \"low\": 0.0001, \"high\": 0.01, \"log\": true}}"}
{"op_code":5,"worker_id":"9d2ded68-f618-4c5b-b899-9f08c4315b63-140618003507008","trial_id":6,"param_name":"outer_lr","param_value_internal":0.00016862585697267885,"distribution":"{\"name\": \"FloatDistribution\", \"attributes\": {\"step\": null, \"low\": 1e-05, \"high\": 0.01, \"log\": true}}"}
{"op_code":5,"worker_id":"9d2ded68-f618-4c5b-b899-9f08c4315b63-140618003507008","trial_id":6,"param_name":"wd","param_value_internal":4.5286554081852575e-06,"distribution":"{\"name\": \"FloatDistribution\", \"attributes\": {\"step\": null, \"low\": 1e-06, \"high\": 0.0001, \"log\": true}}"}
{"op_code":5,"worker_id":"9d2ded68-f618-4c5b-b899-9f08c4315b63-140618003507008","trial_id":6,"param_name":"groupnorm_num_groups","param_value_internal":1,"distribution":"{\"name\": \"CategoricalDistribution\", \"attributes\": {\"choices\": [4, 8]}}"}
{"op_code":5,"worker_id":"9d2ded68-f618-4c5b-b899-9f08c4315b63-140618003507008","trial_id":6,"param_name":"emg_width","param_value_internal":3,"distribution":"{\"name\": \"CategoricalDistribution\", \"attributes\": {\"choices\": [32, 64, 128, 256]}}"}
{"op_code":5,"worker_id":"9d2ded68-f618-4c5b-b899-9f08c4315b63-140618003507008","trial_id":6,"param_name":"imu_width","param_value_internal":0,"distribution":"{\"name\": \"CategoricalDistribution\", \"attributes\": {\"choices\": [32, 64, 128, 256]}}"}
{"op_code":5,"worker_id":"9d2ded68-f618-4c5b-b899-9f08c4315b63-140618003507008","trial_id":6,"param_name":"emg_depth","param_value_internal":2.0,"distribution":"{\"name\": \"IntDistribution\", \"attributes\": {\"log\": false, \"step\": 1, \"low\": 2, \"high\": 4}}"}
{"op_code":5,"worker_id":"9d2ded68-f618-4c5b-b899-9f08c4315b63-140618003507008","trial_id":6,"param_name":"imu_depth","param_value_internal":2.0,"distribution":"{\"name\": \"IntDistribution\", \"attributes\": {\"log\": false, \"step\": 1, \"low\": 2, \"high\": 4}}"}
{"op_code":5,"worker_id":"9d2ded68-f618-4c5b-b899-9f08c4315b63-140618003507008","trial_id":6,"param_name":"cnn_kernel","param_value_internal":0,"distribution":"{\"name\": \"CategoricalDistribution\", \"attributes\": {\"choices\": [3, 5]}}"}
{"op_code":5,"worker_id":"9d2ded68-f618-4c5b-b899-9f08c4315b63-140618003507008","trial_id":6,"param_name":"lstm_hidden","param_value_internal":2,"distribution":"{\"name\": \"CategoricalDistribution\", \"attributes\": {\"choices\": [64, 128, 256]}}"}
{"op_code":5,"worker_id":"9d2ded68-f618-4c5b-b899-9f08c4315b63-140618003507008","trial_id":6,"param_name":"lstm_layers","param_value_internal":1.0,"distribution":"{\"name\": \"IntDistribution\", \"attributes\": {\"log\": false, \"step\": 1, \"low\": 1, \"high\": 3}}"}
{"op_code":5,"worker_id":"9d2ded68-f618-4c5b-b899-9f08c4315b63-140618003507008","trial_id":6,"param_name":"use_GlobalAvgPooling","param_value_internal":1,"distribution":"{\"name\": \"CategoricalDistribution\", \"attributes\": {\"choices\": [true, false]}}"}
{"op_code":5,"worker_id":"9d2ded68-f618-4c5b-b899-9f08c4315b63-140618003507008","trial_id":6,"param_name":"finetuning_approach","param_value_internal":0,"distribution":"{\"name\": \"CategoricalDistribution\", \"attributes\": {\"choices\": [\"full\"]}}"}
{"op_code":5,"worker_id":"9d2ded68-f618-4c5b-b899-9f08c4315b63-140618003507008","trial_id":6,"param_name":"use_film_x_demo","param_value_internal":1,"distribution":"{\"name\": \"CategoricalDistribution\", \"attributes\": {\"choices\": [true, false]}}"}
{"op_code":5,"worker_id":"9d2ded68-f618-4c5b-b899-9f08c4315b63-140618003507008","trial_id":6,"param_name":"context_emb_dim","param_value_internal":2,"distribution":"{\"name\": \"CategoricalDistribution\", \"attributes\": {\"choices\": [8, 16, 32, 64]}}"}
{"op_code":5,"worker_id":"9d2ded68-f618-4c5b-b899-9f08c4315b63-140618003507008","trial_id":6,"param_name":"demo_emb_dim","param_value_internal":2,"distribution":"{\"name\": \"CategoricalDistribution\", \"attributes\": {\"choices\": [8, 16, 32, 64]}}"}
{"op_code":5,"worker_id":"9d2ded68-f618-4c5b-b899-9f08c4315b63-140618003507008","trial_id":6,"param_name":"context_pool_type","param_value_internal":0,"distribution":"{\"name\": \"CategoricalDistribution\", \"attributes\": {\"choices\": [\"mean\", \"attn\"]}}"}
{"op_code":5,"worker_id":"9d2ded68-f618-4c5b-b899-9f08c4315b63-140618003507008","trial_id":6,"param_name":"episodes_per_epoch_train","param_value_internal":0,"distribution":"{\"name\": \"CategoricalDistribution\", \"attributes\": {\"choices\": [250, 500]}}"}
{"op_code":5,"worker_id":"9d2ded68-f618-4c5b-b899-9f08c4315b63-140618003507008","trial_id":6,"param_name":"optimizer","param_value_internal":1,"distribution":"{\"name\": \"CategoricalDistribution\", \"attributes\": {\"choices\": [\"adamw\", \"adam\", \"sgd\"]}}"}
{"op_code":5,"worker_id":"9d2ded68-f618-4c5b-b899-9f08c4315b63-140618003507008","trial_id":6,"param_name":"use_maml_msl","param_value_internal":0,"distribution":"{\"name\": \"CategoricalDistribution\", \"attributes\": {\"choices\": [true, false, \"hybrid\"]}}"}
{"op_code":5,"worker_id":"9d2ded68-f618-4c5b-b899-9f08c4315b63-140618003507008","trial_id":6,"param_name":"maml_opt_order","param_value_internal":1,"distribution":"{\"name\": \"CategoricalDistribution\", \"attributes\": {\"choices\": [\"first\", \"second\", \"hybrid\"]}}"}
{"op_code":0,"worker_id":"41b57fc7-fabb-45d4-9dec-dfb58ee1b9e8-140162790307648","study_name":"mamlpp_pretr_MetaCNNLSTM_2fcv_hpo","directions":[2]}
{"op_code":4,"worker_id":"41b57fc7-fabb-45d4-9dec-dfb58ee1b9e8-140162790307648","study_id":0,"datetime_start":"2026-03-24T02:08:21.897957"}
{"op_code":5,"worker_id":"41b57fc7-fabb-45d4-9dec-dfb58ee1b9e8-140162790307648","trial_id":7,"param_name":"meta_batchsize","param_value_internal":1,"distribution":"{\"name\": \"CategoricalDistribution\", \"attributes\": {\"choices\": [16, 32, 64]}}"}
{"op_code":5,"worker_id":"41b57fc7-fabb-45d4-9dec-dfb58ee1b9e8-140162790307648","trial_id":7,"param_name":"maml_inner_steps","param_value_internal":3,"distribution":"{\"name\": \"CategoricalDistribution\", \"attributes\": {\"choices\": [2, 3, 5, 7]}}"}
{"op_code":5,"worker_id":"41b57fc7-fabb-45d4-9dec-dfb58ee1b9e8-140162790307648","trial_id":7,"param_name":"maml_inner_steps_eval","param_value_internal":3,"distribution":"{\"name\": \"CategoricalDistribution\", \"attributes\": {\"choices\": [10, 15, 20, 30]}}"}
{"op_code":5,"worker_id":"41b57fc7-fabb-45d4-9dec-dfb58ee1b9e8-140162790307648","trial_id":7,"param_name":"maml_alpha_init","param_value_internal":0.0005036768166346315,"distribution":"{\"name\": \"FloatDistribution\", \"attributes\": {\"step\": null, \"low\": 0.0001, \"high\": 0.1, \"log\": true}}"}
{"op_code":5,"worker_id":"41b57fc7-fabb-45d4-9dec-dfb58ee1b9e8-140162790307648","trial_id":7,"param_name":"maml_alpha_init_eval","param_value_internal":0.000740494868342858,"distribution":"{\"name\": \"FloatDistribution\", \"attributes\": {\"step\": null, \"low\": 0.0001, \"high\": 0.01, \"log\": true}}"}
{"op_code":5,"worker_id":"41b57fc7-fabb-45d4-9dec-dfb58ee1b9e8-140162790307648","trial_id":7,"param_name":"outer_lr","param_value_internal":0.005768354467782852,"distribution":"{\"name\": \"FloatDistribution\", \"attributes\": {\"step\": null, \"low\": 1e-05, \"high\": 0.01, \"log\": true}}"}
{"op_code":5,"worker_id":"41b57fc7-fabb-45d4-9dec-dfb58ee1b9e8-140162790307648","trial_id":7,"param_name":"wd","param_value_internal":2.925200568433426e-05,"distribution":"{\"name\": \"FloatDistribution\", \"attributes\": {\"step\": null, \"low\": 1e-06, \"high\": 0.0001, \"log\": true}}"}
{"op_code":5,"worker_id":"41b57fc7-fabb-45d4-9dec-dfb58ee1b9e8-140162790307648","trial_id":7,"param_name":"groupnorm_num_groups","param_value_internal":1,"distribution":"{\"name\": \"CategoricalDistribution\", \"attributes\": {\"choices\": [4, 8]}}"}
{"op_code":5,"worker_id":"41b57fc7-fabb-45d4-9dec-dfb58ee1b9e8-140162790307648","trial_id":7,"param_name":"emg_width","param_value_internal":0,"distribution":"{\"name\": \"CategoricalDistribution\", \"attributes\": {\"choices\": [32, 64, 128, 256]}}"}
{"op_code":5,"worker_id":"41b57fc7-fabb-45d4-9dec-dfb58ee1b9e8-140162790307648","trial_id":7,"param_name":"imu_width","param_value_internal":0,"distribution":"{\"name\": \"CategoricalDistribution\", \"attributes\": {\"choices\": [32, 64, 128, 256]}}"}
{"op_code":5,"worker_id":"41b57fc7-fabb-45d4-9dec-dfb58ee1b9e8-140162790307648","trial_id":7,"param_name":"emg_depth","param_value_internal":2.0,"distribution":"{\"name\": \"IntDistribution\", \"attributes\": {\"log\": false, \"step\": 1, \"low\": 2, \"high\": 4}}"}
{"op_code":5,"worker_id":"41b57fc7-fabb-45d4-9dec-dfb58ee1b9e8-140162790307648","trial_id":7,"param_name":"imu_depth","param_value_internal":3.0,"distribution":"{\"name\": \"IntDistribution\", \"attributes\": {\"log\": false, \"step\": 1, \"low\": 2, \"high\": 4}}"}
{"op_code":5,"worker_id":"41b57fc7-fabb-45d4-9dec-dfb58ee1b9e8-140162790307648","trial_id":7,"param_name":"cnn_kernel","param_value_internal":1,"distribution":"{\"name\": \"CategoricalDistribution\", \"attributes\": {\"choices\": [3, 5]}}"}
{"op_code":5,"worker_id":"41b57fc7-fabb-45d4-9dec-dfb58ee1b9e8-140162790307648","trial_id":7,"param_name":"lstm_hidden","param_value_internal":0,"distribution":"{\"name\": \"CategoricalDistribution\", \"attributes\": {\"choices\": [64, 128, 256]}}"}
{"op_code":5,"worker_id":"41b57fc7-fabb-45d4-9dec-dfb58ee1b9e8-140162790307648","trial_id":7,"param_name":"lstm_layers","param_value_internal":1.0,"distribution":"{\"name\": \"IntDistribution\", \"attributes\": {\"log\": false, \"step\": 1, \"low\": 1, \"high\": 3}}"}
{"op_code":5,"worker_id":"41b57fc7-fabb-45d4-9dec-dfb58ee1b9e8-140162790307648","trial_id":7,"param_name":"use_GlobalAvgPooling","param_value_internal":1,"distribution":"{\"name\": \"CategoricalDistribution\", \"attributes\": {\"choices\": [true, false]}}"}
{"op_code":5,"worker_id":"41b57fc7-fabb-45d4-9dec-dfb58ee1b9e8-140162790307648","trial_id":7,"param_name":"finetuning_approach","param_value_internal":0,"distribution":"{\"name\": \"CategoricalDistribution\", \"attributes\": {\"choices\": [\"full\"]}}"}
{"op_code":5,"worker_id":"41b57fc7-fabb-45d4-9dec-dfb58ee1b9e8-140162790307648","trial_id":7,"param_name":"use_film_x_demo","param_value_internal":1,"distribution":"{\"name\": \"CategoricalDistribution\", \"attributes\": {\"choices\": [true, false]}}"}
{"op_code":5,"worker_id":"41b57fc7-fabb-45d4-9dec-dfb58ee1b9e8-140162790307648","trial_id":7,"param_name":"context_emb_dim","param_value_internal":1,"distribution":"{\"name\": \"CategoricalDistribution\", \"attributes\": {\"choices\": [8, 16, 32, 64]}}"}
{"op_code":5,"worker_id":"41b57fc7-fabb-45d4-9dec-dfb58ee1b9e8-140162790307648","trial_id":7,"param_name":"demo_emb_dim","param_value_internal":3,"distribution":"{\"name\": \"CategoricalDistribution\", \"attributes\": {\"choices\": [8, 16, 32, 64]}}"}
{"op_code":5,"worker_id":"41b57fc7-fabb-45d4-9dec-dfb58ee1b9e8-140162790307648","trial_id":7,"param_name":"context_pool_type","param_value_internal":1,"distribution":"{\"name\": \"CategoricalDistribution\", \"attributes\": {\"choices\": [\"mean\", \"attn\"]}}"}
{"op_code":5,"worker_id":"41b57fc7-fabb-45d4-9dec-dfb58ee1b9e8-140162790307648","trial_id":7,"param_name":"episodes_per_epoch_train","param_value_internal":1,"distribution":"{\"name\": \"CategoricalDistribution\", \"attributes\": {\"choices\": [250, 500]}}"}
{"op_code":5,"worker_id":"41b57fc7-fabb-45d4-9dec-dfb58ee1b9e8-140162790307648","trial_id":7,"param_name":"optimizer","param_value_internal":0,"distribution":"{\"name\": \"CategoricalDistribution\", \"attributes\": {\"choices\": [\"adamw\", \"adam\", \"sgd\"]}}"}
{"op_code":5,"worker_id":"41b57fc7-fabb-45d4-9dec-dfb58ee1b9e8-140162790307648","trial_id":7,"param_name":"use_maml_msl","param_value_internal":1,"distribution":"{\"name\": \"CategoricalDistribution\", \"attributes\": {\"choices\": [true, false, \"hybrid\"]}}"}
{"op_code":5,"worker_id":"41b57fc7-fabb-45d4-9dec-dfb58ee1b9e8-140162790307648","trial_id":7,"param_name":"maml_opt_order","param_value_internal":0,"distribution":"{\"name\": \"CategoricalDistribution\", \"attributes\": {\"choices\": [\"first\", \"second\", \"hybrid\"]}}"}
{"op_code":0,"worker_id":"bd3bc916-6f83-49ef-aed1-3fdd0bbe0597-140571250464576","study_name":"mamlpp_pretr_MetaCNNLSTM_2fcv_hpo","directions":[2]}
{"op_code":4,"worker_id":"bd3bc916-6f83-49ef-aed1-3fdd0bbe0597-140571250464576","study_id":0,"datetime_start":"2026-03-24T02:29:57.787013"}
{"op_code":5,"worker_id":"bd3bc916-6f83-49ef-aed1-3fdd0bbe0597-140571250464576","trial_id":8,"param_name":"meta_batchsize","param_value_internal":1,"distribution":"{\"name\": \"CategoricalDistribution\", \"attributes\": {\"choices\": [16, 32, 64]}}"}
{"op_code":5,"worker_id":"bd3bc916-6f83-49ef-aed1-3fdd0bbe0597-140571250464576","trial_id":8,"param_name":"maml_inner_steps","param_value_internal":2,"distribution":"{\"name\": \"CategoricalDistribution\", \"attributes\": {\"choices\": [2, 3, 5, 7]}}"}
{"op_code":5,"worker_id":"bd3bc916-6f83-49ef-aed1-3fdd0bbe0597-140571250464576","trial_id":8,"param_name":"maml_inner_steps_eval","param_value_internal":0,"distribution":"{\"name\": \"CategoricalDistribution\", \"attributes\": {\"choices\": [10, 15, 20, 30]}}"}
{"op_code":5,"worker_id":"bd3bc916-6f83-49ef-aed1-3fdd0bbe0597-140571250464576","trial_id":8,"param_name":"maml_alpha_init","param_value_internal":0.0005026809392380243,"distribution":"{\"name\": \"FloatDistribution\", \"attributes\": {\"step\": null, \"low\": 0.0001, \"high\": 0.1, \"log\": true}}"}
{"op_code":5,"worker_id":"bd3bc916-6f83-49ef-aed1-3fdd0bbe0597-140571250464576","trial_id":8,"param_name":"maml_alpha_init_eval","param_value_internal":0.005955819457110935,"distribution":"{\"name\": \"FloatDistribution\", \"attributes\": {\"step\": null, \"low\": 0.0001, \"high\": 0.01, \"log\": true}}"}
{"op_code":5,"worker_id":"bd3bc916-6f83-49ef-aed1-3fdd0bbe0597-140571250464576","trial_id":8,"param_name":"outer_lr","param_value_internal":0.0006321741556818606,"distribution":"{\"name\": \"FloatDistribution\", \"attributes\": {\"step\": null, \"low\": 1e-05, \"high\": 0.01, \"log\": true}}"}
{"op_code":5,"worker_id":"bd3bc916-6f83-49ef-aed1-3fdd0bbe0597-140571250464576","trial_id":8,"param_name":"wd","param_value_internal":1.1914687472822318e-05,"distribution":"{\"name\": \"FloatDistribution\", \"attributes\": {\"step\": null, \"low\": 1e-06, \"high\": 0.0001, \"log\": true}}"}
{"op_code":5,"worker_id":"bd3bc916-6f83-49ef-aed1-3fdd0bbe0597-140571250464576","trial_id":8,"param_name":"groupnorm_num_groups","param_value_internal":1,"distribution":"{\"name\": \"CategoricalDistribution\", \"attributes\": {\"choices\": [4, 8]}}"}
{"op_code":5,"worker_id":"bd3bc916-6f83-49ef-aed1-3fdd0bbe0597-140571250464576","trial_id":8,"param_name":"emg_width","param_value_internal":1,"distribution":"{\"name\": \"CategoricalDistribution\", \"attributes\": {\"choices\": [32, 64, 128, 256]}}"}
{"op_code":5,"worker_id":"bd3bc916-6f83-49ef-aed1-3fdd0bbe0597-140571250464576","trial_id":8,"param_name":"imu_width","param_value_internal":0,"distribution":"{\"name\": \"CategoricalDistribution\", \"attributes\": {\"choices\": [32, 64, 128, 256]}}"}
{"op_code":5,"worker_id":"bd3bc916-6f83-49ef-aed1-3fdd0bbe0597-140571250464576","trial_id":8,"param_name":"emg_depth","param_value_internal":4.0,"distribution":"{\"name\": \"IntDistribution\", \"attributes\": {\"log\": false, \"step\": 1, \"low\": 2, \"high\": 4}}"}
{"op_code":5,"worker_id":"bd3bc916-6f83-49ef-aed1-3fdd0bbe0597-140571250464576","trial_id":8,"param_name":"imu_depth","param_value_internal":2.0,"distribution":"{\"name\": \"IntDistribution\", \"attributes\": {\"log\": false, \"step\": 1, \"low\": 2, \"high\": 4}}"}
{"op_code":5,"worker_id":"bd3bc916-6f83-49ef-aed1-3fdd0bbe0597-140571250464576","trial_id":8,"param_name":"cnn_kernel","param_value_internal":1,"distribution":"{\"name\": \"CategoricalDistribution\", \"attributes\": {\"choices\": [3, 5]}}"}
{"op_code":5,"worker_id":"bd3bc916-6f83-49ef-aed1-3fdd0bbe0597-140571250464576","trial_id":8,"param_name":"lstm_hidden","param_value_internal":2,"distribution":"{\"name\": \"CategoricalDistribution\", \"attributes\": {\"choices\": [64, 128, 256]}}"}
{"op_code":5,"worker_id":"bd3bc916-6f83-49ef-aed1-3fdd0bbe0597-140571250464576","trial_id":8,"param_name":"lstm_layers","param_value_internal":1.0,"distribution":"{\"name\": \"IntDistribution\", \"attributes\": {\"log\": false, \"step\": 1, \"low\": 1, \"high\": 3}}"}
{"op_code":5,"worker_id":"bd3bc916-6f83-49ef-aed1-3fdd0bbe0597-140571250464576","trial_id":8,"param_name":"use_GlobalAvgPooling","param_value_internal":0,"distribution":"{\"name\": \"CategoricalDistribution\", \"attributes\": {\"choices\": [true, false]}}"}
{"op_code":5,"worker_id":"bd3bc916-6f83-49ef-aed1-3fdd0bbe0597-140571250464576","trial_id":8,"param_name":"finetuning_approach","param_value_internal":0,"distribution":"{\"name\": \"CategoricalDistribution\", \"attributes\": {\"choices\": [\"full\"]}}"}
{"op_code":5,"worker_id":"bd3bc916-6f83-49ef-aed1-3fdd0bbe0597-140571250464576","trial_id":8,"param_name":"use_film_x_demo","param_value_internal":1,"distribution":"{\"name\": \"CategoricalDistribution\", \"attributes\": {\"choices\": [true, false]}}"}
{"op_code":5,"worker_id":"bd3bc916-6f83-49ef-aed1-3fdd0bbe0597-140571250464576","trial_id":8,"param_name":"context_emb_dim","param_value_internal":1,"distribution":"{\"name\": \"CategoricalDistribution\", \"attributes\": {\"choices\": [8, 16, 32, 64]}}"}
{"op_code":5,"worker_id":"bd3bc916-6f83-49ef-aed1-3fdd0bbe0597-140571250464576","trial_id":8,"param_name":"demo_emb_dim","param_value_internal":3,"distribution":"{\"name\": \"CategoricalDistribution\", \"attributes\": {\"choices\": [8, 16, 32, 64]}}"}
{"op_code":5,"worker_id":"bd3bc916-6f83-49ef-aed1-3fdd0bbe0597-140571250464576","trial_id":8,"param_name":"context_pool_type","param_value_internal":1,"distribution":"{\"name\": \"CategoricalDistribution\", \"attributes\": {\"choices\": [\"mean\", \"attn\"]}}"}
{"op_code":5,"worker_id":"bd3bc916-6f83-49ef-aed1-3fdd0bbe0597-140571250464576","trial_id":8,"param_name":"episodes_per_epoch_train","param_value_internal":1,"distribution":"{\"name\": \"CategoricalDistribution\", \"attributes\": {\"choices\": [250, 500]}}"}
{"op_code":5,"worker_id":"bd3bc916-6f83-49ef-aed1-3fdd0bbe0597-140571250464576","trial_id":8,"param_name":"optimizer","param_value_internal":2,"distribution":"{\"name\": \"CategoricalDistribution\", \"attributes\": {\"choices\": [\"adamw\", \"adam\", \"sgd\"]}}"}
{"op_code":5,"worker_id":"bd3bc916-6f83-49ef-aed1-3fdd0bbe0597-140571250464576","trial_id":8,"param_name":"use_maml_msl","param_value_internal":1,"distribution":"{\"name\": \"CategoricalDistribution\", \"attributes\": {\"choices\": [true, false, \"hybrid\"]}}"}
{"op_code":5,"worker_id":"bd3bc916-6f83-49ef-aed1-3fdd0bbe0597-140571250464576","trial_id":8,"param_name":"maml_opt_order","param_value_internal":1,"distribution":"{\"name\": \"CategoricalDistribution\", \"attributes\": {\"choices\": [\"first\", \"second\", \"hybrid\"]}}"}
{"op_code":0,"worker_id":"9c936df5-dbff-4744-913b-0c8b24dca687-139634160936768","study_name":"mamlpp_pretr_MetaCNNLSTM_2fcv_hpo","directions":[2]}
{"op_code":4,"worker_id":"9c936df5-dbff-4744-913b-0c8b24dca687-139634160936768","study_id":0,"datetime_start":"2026-03-24T02:34:28.518644"}
{"op_code":5,"worker_id":"9c936df5-dbff-4744-913b-0c8b24dca687-139634160936768","trial_id":9,"param_name":"meta_batchsize","param_value_internal":2,"distribution":"{\"name\": \"CategoricalDistribution\", \"attributes\": {\"choices\": [16, 32, 64]}}"}
{"op_code":5,"worker_id":"9c936df5-dbff-4744-913b-0c8b24dca687-139634160936768","trial_id":9,"param_name":"maml_inner_steps","param_value_internal":3,"distribution":"{\"name\": \"CategoricalDistribution\", \"attributes\": {\"choices\": [2, 3, 5, 7]}}"}
{"op_code":5,"worker_id":"9c936df5-dbff-4744-913b-0c8b24dca687-139634160936768","trial_id":9,"param_name":"maml_inner_steps_eval","param_value_internal":0,"distribution":"{\"name\": \"CategoricalDistribution\", \"attributes\": {\"choices\": [10, 15, 20, 30]}}"}
{"op_code":5,"worker_id":"9c936df5-dbff-4744-913b-0c8b24dca687-139634160936768","trial_id":9,"param_name":"maml_alpha_init","param_value_internal":0.00022555468718347531,"distribution":"{\"name\": \"FloatDistribution\", \"attributes\": {\"step\": null, \"low\": 0.0001, \"high\": 0.1, \"log\": true}}"}
{"op_code":5,"worker_id":"9c936df5-dbff-4744-913b-0c8b24dca687-139634160936768","trial_id":9,"param_name":"maml_alpha_init_eval","param_value_internal":0.0005804309935777291,"distribution":"{\"name\": \"FloatDistribution\", \"attributes\": {\"step\": null, \"low\": 0.0001, \"high\": 0.01, \"log\": true}}"}
{"op_code":5,"worker_id":"9c936df5-dbff-4744-913b-0c8b24dca687-139634160936768","trial_id":9,"param_name":"outer_lr","param_value_internal":0.004517002841346075,"distribution":"{\"name\": \"FloatDistribution\", \"attributes\": {\"step\": null, \"low\": 1e-05, \"high\": 0.01, \"log\": true}}"}
{"op_code":5,"worker_id":"9c936df5-dbff-4744-913b-0c8b24dca687-139634160936768","trial_id":9,"param_name":"wd","param_value_internal":1.008311820868746e-06,"distribution":"{\"name\": \"FloatDistribution\", \"attributes\": {\"step\": null, \"low\": 1e-06, \"high\": 0.0001, \"log\": true}}"}
{"op_code":5,"worker_id":"9c936df5-dbff-4744-913b-0c8b24dca687-139634160936768","trial_id":9,"param_name":"groupnorm_num_groups","param_value_internal":1,"distribution":"{\"name\": \"CategoricalDistribution\", \"attributes\": {\"choices\": [4, 8]}}"}
{"op_code":5,"worker_id":"9c936df5-dbff-4744-913b-0c8b24dca687-139634160936768","trial_id":9,"param_name":"emg_width","param_value_internal":0,"distribution":"{\"name\": \"CategoricalDistribution\", \"attributes\": {\"choices\": [32, 64, 128, 256]}}"}
{"op_code":5,"worker_id":"9c936df5-dbff-4744-913b-0c8b24dca687-139634160936768","trial_id":9,"param_name":"imu_width","param_value_internal":3,"distribution":"{\"name\": \"CategoricalDistribution\", \"attributes\": {\"choices\": [32, 64, 128, 256]}}"}
{"op_code":5,"worker_id":"9c936df5-dbff-4744-913b-0c8b24dca687-139634160936768","trial_id":9,"param_name":"emg_depth","param_value_internal":2.0,"distribution":"{\"name\": \"IntDistribution\", \"attributes\": {\"log\": false, \"step\": 1, \"low\": 2, \"high\": 4}}"}
{"op_code":5,"worker_id":"9c936df5-dbff-4744-913b-0c8b24dca687-139634160936768","trial_id":9,"param_name":"imu_depth","param_value_internal":3.0,"distribution":"{\"name\": \"IntDistribution\", \"attributes\": {\"log\": false, \"step\": 1, \"low\": 2, \"high\": 4}}"}
{"op_code":5,"worker_id":"9c936df5-dbff-4744-913b-0c8b24dca687-139634160936768","trial_id":9,"param_name":"cnn_kernel","param_value_internal":1,"distribution":"{\"name\": \"CategoricalDistribution\", \"attributes\": {\"choices\": [3, 5]}}"}
{"op_code":5,"worker_id":"9c936df5-dbff-4744-913b-0c8b24dca687-139634160936768","trial_id":9,"param_name":"lstm_hidden","param_value_internal":1,"distribution":"{\"name\": \"CategoricalDistribution\", \"attributes\": {\"choices\": [64, 128, 256]}}"}
{"op_code":5,"worker_id":"9c936df5-dbff-4744-913b-0c8b24dca687-139634160936768","trial_id":9,"param_name":"lstm_layers","param_value_internal":1.0,"distribution":"{\"name\": \"IntDistribution\", \"attributes\": {\"log\": false, \"step\": 1, \"low\": 1, \"high\": 3}}"}
{"op_code":5,"worker_id":"9c936df5-dbff-4744-913b-0c8b24dca687-139634160936768","trial_id":9,"param_name":"use_GlobalAvgPooling","param_value_internal":1,"distribution":"{\"name\": \"CategoricalDistribution\", \"attributes\": {\"choices\": [true, false]}}"}
{"op_code":5,"worker_id":"9c936df5-dbff-4744-913b-0c8b24dca687-139634160936768","trial_id":9,"param_name":"finetuning_approach","param_value_internal":0,"distribution":"{\"name\": \"CategoricalDistribution\", \"attributes\": {\"choices\": [\"full\"]}}"}
{"op_code":5,"worker_id":"9c936df5-dbff-4744-913b-0c8b24dca687-139634160936768","trial_id":9,"param_name":"use_film_x_demo","param_value_internal":1,"distribution":"{\"name\": \"CategoricalDistribution\", \"attributes\": {\"choices\": [true, false]}}"}
{"op_code":5,"worker_id":"9c936df5-dbff-4744-913b-0c8b24dca687-139634160936768","trial_id":9,"param_name":"context_emb_dim","param_value_internal":0,"distribution":"{\"name\": \"CategoricalDistribution\", \"attributes\": {\"choices\": [8, 16, 32, 64]}}"}
{"op_code":5,"worker_id":"9c936df5-dbff-4744-913b-0c8b24dca687-139634160936768","trial_id":9,"param_name":"demo_emb_dim","param_value_internal":3,"distribution":"{\"name\": \"CategoricalDistribution\", \"attributes\": {\"choices\": [8, 16, 32, 64]}}"}
{"op_code":5,"worker_id":"9c936df5-dbff-4744-913b-0c8b24dca687-139634160936768","trial_id":9,"param_name":"context_pool_type","param_value_internal":0,"distribution":"{\"name\": \"CategoricalDistribution\", \"attributes\": {\"choices\": [\"mean\", \"attn\"]}}"}
{"op_code":5,"worker_id":"9c936df5-dbff-4744-913b-0c8b24dca687-139634160936768","trial_id":9,"param_name":"episodes_per_epoch_train","param_value_internal":1,"distribution":"{\"name\": \"CategoricalDistribution\", \"attributes\": {\"choices\": [250, 500]}}"}
{"op_code":5,"worker_id":"9c936df5-dbff-4744-913b-0c8b24dca687-139634160936768","trial_id":9,"param_name":"optimizer","param_value_internal":2,"distribution":"{\"name\": \"CategoricalDistribution\", \"attributes\": {\"choices\": [\"adamw\", \"adam\", \"sgd\"]}}"}
{"op_code":5,"worker_id":"9c936df5-dbff-4744-913b-0c8b24dca687-139634160936768","trial_id":9,"param_name":"use_maml_msl","param_value_internal":1,"distribution":"{\"name\": \"CategoricalDistribution\", \"attributes\": {\"choices\": [true, false, \"hybrid\"]}}"}
{"op_code":5,"worker_id":"9c936df5-dbff-4744-913b-0c8b24dca687-139634160936768","trial_id":9,"param_name":"maml_opt_order","param_value_internal":1,"distribution":"{\"name\": \"CategoricalDistribution\", \"attributes\": {\"choices\": [\"first\", \"second\", \"hybrid\"]}}"}
{"op_code":8,"worker_id":"41b57fc7-fabb-45d4-9dec-dfb58ee1b9e8-140162790307648","trial_id":7,"user_attr":{"fold_mean_accs":[0.6291666666666667,0.5208333333333334]}}
{"op_code":8,"worker_id":"41b57fc7-fabb-45d4-9dec-dfb58ee1b9e8-140162790307648","trial_id":7,"user_attr":{"fold_user_accs":[[0.6333333333333334,0.5833333333333333,0.6583333333333333,0.6416666666666667],[0.6416666666666667,0.45,0.4583333333333333,0.5333333333333333]]}}
{"op_code":8,"worker_id":"41b57fc7-fabb-45d4-9dec-dfb58ee1b9e8-140162790307648","trial_id":7,"user_attr":{"mean_pretrain_val_acc":0.5708333333333333}}
{"op_code":6,"worker_id":"41b57fc7-fabb-45d4-9dec-dfb58ee1b9e8-140162790307648","trial_id":7,"state":1,"values":[0.575],"datetime_complete":"2026-03-24T03:12:09.302502"}
{"op_code":0,"worker_id":"521b18b2-b96c-484f-a482-3ca1aa519a7c-140554557634368","study_name":"mamlpp_pretr_MetaCNNLSTM_2fcv_hpo","directions":[2]}
{"op_code":4,"worker_id":"521b18b2-b96c-484f-a482-3ca1aa519a7c-140554557634368","study_id":0,"datetime_start":"2026-03-24T03:12:37.266739"}
{"op_code":5,"worker_id":"521b18b2-b96c-484f-a482-3ca1aa519a7c-140554557634368","trial_id":10,"param_name":"meta_batchsize","param_value_internal":1,"distribution":"{\"name\": \"CategoricalDistribution\", \"attributes\": {\"choices\": [16, 32, 64]}}"}
{"op_code":5,"worker_id":"521b18b2-b96c-484f-a482-3ca1aa519a7c-140554557634368","trial_id":10,"param_name":"maml_inner_steps","param_value_internal":0,"distribution":"{\"name\": \"CategoricalDistribution\", \"attributes\": {\"choices\": [2, 3, 5, 7]}}"}
{"op_code":5,"worker_id":"521b18b2-b96c-484f-a482-3ca1aa519a7c-140554557634368","trial_id":10,"param_name":"maml_inner_steps_eval","param_value_internal":1,"distribution":"{\"name\": \"CategoricalDistribution\", \"attributes\": {\"choices\": [10, 15, 20, 30]}}"}
{"op_code":5,"worker_id":"521b18b2-b96c-484f-a482-3ca1aa519a7c-140554557634368","trial_id":10,"param_name":"maml_alpha_init","param_value_internal":0.02901163736545647,"distribution":"{\"name\": \"FloatDistribution\", \"attributes\": {\"step\": null, \"low\": 0.0001, \"high\": 0.1, \"log\": true}}"}
{"op_code":5,"worker_id":"521b18b2-b96c-484f-a482-3ca1aa519a7c-140554557634368","trial_id":10,"param_name":"maml_alpha_init_eval","param_value_internal":0.00010102700849396701,"distribution":"{\"name\": \"FloatDistribution\", \"attributes\": {\"step\": null, \"low\": 0.0001, \"high\": 0.01, \"log\": true}}"}
{"op_code":5,"worker_id":"521b18b2-b96c-484f-a482-3ca1aa519a7c-140554557634368","trial_id":10,"param_name":"outer_lr","param_value_internal":0.008386889954121186,"distribution":"{\"name\": \"FloatDistribution\", \"attributes\": {\"step\": null, \"low\": 1e-05, \"high\": 0.01, \"log\": true}}"}
{"op_code":5,"worker_id":"521b18b2-b96c-484f-a482-3ca1aa519a7c-140554557634368","trial_id":10,"param_name":"wd","param_value_internal":1.403306178563417e-05,"distribution":"{\"name\": \"FloatDistribution\", \"attributes\": {\"step\": null, \"low\": 1e-06, \"high\": 0.0001, \"log\": true}}"}
{"op_code":5,"worker_id":"521b18b2-b96c-484f-a482-3ca1aa519a7c-140554557634368","trial_id":10,"param_name":"groupnorm_num_groups","param_value_internal":1,"distribution":"{\"name\": \"CategoricalDistribution\", \"attributes\": {\"choices\": [4, 8]}}"}
{"op_code":5,"worker_id":"521b18b2-b96c-484f-a482-3ca1aa519a7c-140554557634368","trial_id":10,"param_name":"emg_width","param_value_internal":1,"distribution":"{\"name\": \"CategoricalDistribution\", \"attributes\": {\"choices\": [32, 64, 128, 256]}}"}
{"op_code":5,"worker_id":"521b18b2-b96c-484f-a482-3ca1aa519a7c-140554557634368","trial_id":10,"param_name":"imu_width","param_value_internal":0,"distribution":"{\"name\": \"CategoricalDistribution\", \"attributes\": {\"choices\": [32, 64, 128, 256]}}"}
{"op_code":5,"worker_id":"521b18b2-b96c-484f-a482-3ca1aa519a7c-140554557634368","trial_id":10,"param_name":"emg_depth","param_value_internal":4.0,"distribution":"{\"name\": \"IntDistribution\", \"attributes\": {\"log\": false, \"step\": 1, \"low\": 2, \"high\": 4}}"}
{"op_code":5,"worker_id":"521b18b2-b96c-484f-a482-3ca1aa519a7c-140554557634368","trial_id":10,"param_name":"imu_depth","param_value_internal":2.0,"distribution":"{\"name\": \"IntDistribution\", \"attributes\": {\"log\": false, \"step\": 1, \"low\": 2, \"high\": 4}}"}
{"op_code":5,"worker_id":"521b18b2-b96c-484f-a482-3ca1aa519a7c-140554557634368","trial_id":10,"param_name":"cnn_kernel","param_value_internal":1,"distribution":"{\"name\": \"CategoricalDistribution\", \"attributes\": {\"choices\": [3, 5]}}"}
{"op_code":5,"worker_id":"521b18b2-b96c-484f-a482-3ca1aa519a7c-140554557634368","trial_id":10,"param_name":"lstm_hidden","param_value_internal":2,"distribution":"{\"name\": \"CategoricalDistribution\", \"attributes\": {\"choices\": [64, 128, 256]}}"}
{"op_code":5,"worker_id":"521b18b2-b96c-484f-a482-3ca1aa519a7c-140554557634368","trial_id":10,"param_name":"lstm_layers","param_value_internal":1.0,"distribution":"{\"name\": \"IntDistribution\", \"attributes\": {\"log\": false, \"step\": 1, \"low\": 1, \"high\": 3}}"}
{"op_code":5,"worker_id":"521b18b2-b96c-484f-a482-3ca1aa519a7c-140554557634368","trial_id":10,"param_name":"use_GlobalAvgPooling","param_value_internal":1,"distribution":"{\"name\": \"CategoricalDistribution\", \"attributes\": {\"choices\": [true, false]}}"}
{"op_code":5,"worker_id":"521b18b2-b96c-484f-a482-3ca1aa519a7c-140554557634368","trial_id":10,"param_name":"finetuning_approach","param_value_internal":0,"distribution":"{\"name\": \"CategoricalDistribution\", \"attributes\": {\"choices\": [\"full\"]}}"}
{"op_code":5,"worker_id":"521b18b2-b96c-484f-a482-3ca1aa519a7c-140554557634368","trial_id":10,"param_name":"use_film_x_demo","param_value_internal":1,"distribution":"{\"name\": \"CategoricalDistribution\", \"attributes\": {\"choices\": [true, false]}}"}
{"op_code":5,"worker_id":"521b18b2-b96c-484f-a482-3ca1aa519a7c-140554557634368","trial_id":10,"param_name":"context_emb_dim","param_value_internal":2,"distribution":"{\"name\": \"CategoricalDistribution\", \"attributes\": {\"choices\": [8, 16, 32, 64]}}"}
{"op_code":5,"worker_id":"521b18b2-b96c-484f-a482-3ca1aa519a7c-140554557634368","trial_id":10,"param_name":"demo_emb_dim","param_value_internal":0,"distribution":"{\"name\": \"CategoricalDistribution\", \"attributes\": {\"choices\": [8, 16, 32, 64]}}"}
{"op_code":5,"worker_id":"521b18b2-b96c-484f-a482-3ca1aa519a7c-140554557634368","trial_id":10,"param_name":"context_pool_type","param_value_internal":1,"distribution":"{\"name\": \"CategoricalDistribution\", \"attributes\": {\"choices\": [\"mean\", \"attn\"]}}"}
{"op_code":5,"worker_id":"521b18b2-b96c-484f-a482-3ca1aa519a7c-140554557634368","trial_id":10,"param_name":"episodes_per_epoch_train","param_value_internal":1,"distribution":"{\"name\": \"CategoricalDistribution\", \"attributes\": {\"choices\": [250, 500]}}"}
{"op_code":5,"worker_id":"521b18b2-b96c-484f-a482-3ca1aa519a7c-140554557634368","trial_id":10,"param_name":"optimizer","param_value_internal":2,"distribution":"{\"name\": \"CategoricalDistribution\", \"attributes\": {\"choices\": [\"adamw\", \"adam\", \"sgd\"]}}"}
{"op_code":5,"worker_id":"521b18b2-b96c-484f-a482-3ca1aa519a7c-140554557634368","trial_id":10,"param_name":"use_maml_msl","param_value_internal":1,"distribution":"{\"name\": \"CategoricalDistribution\", \"attributes\": {\"choices\": [true, false, \"hybrid\"]}}"}
{"op_code":5,"worker_id":"521b18b2-b96c-484f-a482-3ca1aa519a7c-140554557634368","trial_id":10,"param_name":"maml_opt_order","param_value_internal":2,"distribution":"{\"name\": \"CategoricalDistribution\", \"attributes\": {\"choices\": [\"first\", \"second\", \"hybrid\"]}}"}
{"op_code":5,"worker_id":"521b18b2-b96c-484f-a482-3ca1aa519a7c-140554557634368","trial_id":10,"param_name":"maml_first_order_to_second_order_epoch","param_value_internal":36.0,"distribution":"{\"name\": \"IntDistribution\", \"attributes\": {\"log\": false, \"step\": 1, \"low\": 1, \"high\": 40}}"}
{"op_code":0,"worker_id":"21dd4202-8844-4dd7-b64e-8ba1ae78f103-139677174224704","study_name":"mamlpp_pretr_MetaCNNLSTM_2fcv_hpo","directions":[2]}
{"op_code":4,"worker_id":"21dd4202-8844-4dd7-b64e-8ba1ae78f103-139677174224704","study_id":0,"datetime_start":"2026-03-24T03:14:42.626408"}
{"op_code":5,"worker_id":"21dd4202-8844-4dd7-b64e-8ba1ae78f103-139677174224704","trial_id":11,"param_name":"meta_batchsize","param_value_internal":1,"distribution":"{\"name\": \"CategoricalDistribution\", \"attributes\": {\"choices\": [16, 32, 64]}}"}
{"op_code":5,"worker_id":"21dd4202-8844-4dd7-b64e-8ba1ae78f103-139677174224704","trial_id":11,"param_name":"maml_inner_steps","param_value_internal":0,"distribution":"{\"name\": \"CategoricalDistribution\", \"attributes\": {\"choices\": [2, 3, 5, 7]}}"}
{"op_code":5,"worker_id":"21dd4202-8844-4dd7-b64e-8ba1ae78f103-139677174224704","trial_id":11,"param_name":"maml_inner_steps_eval","param_value_internal":1,"distribution":"{\"name\": \"CategoricalDistribution\", \"attributes\": {\"choices\": [10, 15, 20, 30]}}"}
{"op_code":5,"worker_id":"21dd4202-8844-4dd7-b64e-8ba1ae78f103-139677174224704","trial_id":11,"param_name":"maml_alpha_init","param_value_internal":0.00024182906474779054,"distribution":"{\"name\": \"FloatDistribution\", \"attributes\": {\"step\": null, \"low\": 0.0001, \"high\": 0.1, \"log\": true}}"}
{"op_code":5,"worker_id":"21dd4202-8844-4dd7-b64e-8ba1ae78f103-139677174224704","trial_id":11,"param_name":"maml_alpha_init_eval","param_value_internal":0.004891479334762333,"distribution":"{\"name\": \"FloatDistribution\", \"attributes\": {\"step\": null, \"low\": 0.0001, \"high\": 0.01, \"log\": true}}"}
{"op_code":5,"worker_id":"21dd4202-8844-4dd7-b64e-8ba1ae78f103-139677174224704","trial_id":11,"param_name":"outer_lr","param_value_internal":0.007715738400596168,"distribution":"{\"name\": \"FloatDistribution\", \"attributes\": {\"step\": null, \"low\": 1e-05, \"high\": 0.01, \"log\": true}}"}
{"op_code":5,"worker_id":"21dd4202-8844-4dd7-b64e-8ba1ae78f103-139677174224704","trial_id":11,"param_name":"wd","param_value_internal":8.123641294735656e-05,"distribution":"{\"name\": \"FloatDistribution\", \"attributes\": {\"step\": null, \"low\": 1e-06, \"high\": 0.0001, \"log\": true}}"}
{"op_code":5,"worker_id":"21dd4202-8844-4dd7-b64e-8ba1ae78f103-139677174224704","trial_id":11,"param_name":"groupnorm_num_groups","param_value_internal":1,"distribution":"{\"name\": \"CategoricalDistribution\", \"attributes\": {\"choices\": [4, 8]}}"}
{"op_code":5,"worker_id":"21dd4202-8844-4dd7-b64e-8ba1ae78f103-139677174224704","trial_id":11,"param_name":"emg_width","param_value_internal":3,"distribution":"{\"name\": \"CategoricalDistribution\", \"attributes\": {\"choices\": [32, 64, 128, 256]}}"}
{"op_code":5,"worker_id":"21dd4202-8844-4dd7-b64e-8ba1ae78f103-139677174224704","trial_id":11,"param_name":"imu_width","param_value_internal":1,"distribution":"{\"name\": \"CategoricalDistribution\", \"attributes\": {\"choices\": [32, 64, 128, 256]}}"}
{"op_code":5,"worker_id":"21dd4202-8844-4dd7-b64e-8ba1ae78f103-139677174224704","trial_id":11,"param_name":"emg_depth","param_value_internal":2.0,"distribution":"{\"name\": \"IntDistribution\", \"attributes\": {\"log\": false, \"step\": 1, \"low\": 2, \"high\": 4}}"}
{"op_code":5,"worker_id":"21dd4202-8844-4dd7-b64e-8ba1ae78f103-139677174224704","trial_id":11,"param_name":"imu_depth","param_value_internal":4.0,"distribution":"{\"name\": \"IntDistribution\", \"attributes\": {\"log\": false, \"step\": 1, \"low\": 2, \"high\": 4}}"}
{"op_code":5,"worker_id":"21dd4202-8844-4dd7-b64e-8ba1ae78f103-139677174224704","trial_id":11,"param_name":"cnn_kernel","param_value_internal":1,"distribution":"{\"name\": \"CategoricalDistribution\", \"attributes\": {\"choices\": [3, 5]}}"}
{"op_code":5,"worker_id":"21dd4202-8844-4dd7-b64e-8ba1ae78f103-139677174224704","trial_id":11,"param_name":"lstm_hidden","param_value_internal":1,"distribution":"{\"name\": \"CategoricalDistribution\", \"attributes\": {\"choices\": [64, 128, 256]}}"}
{"op_code":5,"worker_id":"21dd4202-8844-4dd7-b64e-8ba1ae78f103-139677174224704","trial_id":11,"param_name":"lstm_layers","param_value_internal":2.0,"distribution":"{\"name\": \"IntDistribution\", \"attributes\": {\"log\": false, \"step\": 1, \"low\": 1, \"high\": 3}}"}
{"op_code":5,"worker_id":"21dd4202-8844-4dd7-b64e-8ba1ae78f103-139677174224704","trial_id":11,"param_name":"use_GlobalAvgPooling","param_value_internal":0,"distribution":"{\"name\": \"CategoricalDistribution\", \"attributes\": {\"choices\": [true, false]}}"}
{"op_code":5,"worker_id":"21dd4202-8844-4dd7-b64e-8ba1ae78f103-139677174224704","trial_id":11,"param_name":"finetuning_approach","param_value_internal":0,"distribution":"{\"name\": \"CategoricalDistribution\", \"attributes\": {\"choices\": [\"full\"]}}"}
{"op_code":5,"worker_id":"21dd4202-8844-4dd7-b64e-8ba1ae78f103-139677174224704","trial_id":11,"param_name":"use_film_x_demo","param_value_internal":0,"distribution":"{\"name\": \"CategoricalDistribution\", \"attributes\": {\"choices\": [true, false]}}"}
{"op_code":5,"worker_id":"21dd4202-8844-4dd7-b64e-8ba1ae78f103-139677174224704","trial_id":11,"param_name":"context_emb_dim","param_value_internal":3,"distribution":"{\"name\": \"CategoricalDistribution\", \"attributes\": {\"choices\": [8, 16, 32, 64]}}"}
{"op_code":5,"worker_id":"21dd4202-8844-4dd7-b64e-8ba1ae78f103-139677174224704","trial_id":11,"param_name":"demo_emb_dim","param_value_internal":1,"distribution":"{\"name\": \"CategoricalDistribution\", \"attributes\": {\"choices\": [8, 16, 32, 64]}}"}
{"op_code":5,"worker_id":"21dd4202-8844-4dd7-b64e-8ba1ae78f103-139677174224704","trial_id":11,"param_name":"context_pool_type","param_value_internal":1,"distribution":"{\"name\": \"CategoricalDistribution\", \"attributes\": {\"choices\": [\"mean\", \"attn\"]}}"}
{"op_code":5,"worker_id":"21dd4202-8844-4dd7-b64e-8ba1ae78f103-139677174224704","trial_id":11,"param_name":"episodes_per_epoch_train","param_value_internal":1,"distribution":"{\"name\": \"CategoricalDistribution\", \"attributes\": {\"choices\": [250, 500]}}"}
{"op_code":5,"worker_id":"21dd4202-8844-4dd7-b64e-8ba1ae78f103-139677174224704","trial_id":11,"param_name":"optimizer","param_value_internal":1,"distribution":"{\"name\": \"CategoricalDistribution\", \"attributes\": {\"choices\": [\"adamw\", \"adam\", \"sgd\"]}}"}
{"op_code":5,"worker_id":"21dd4202-8844-4dd7-b64e-8ba1ae78f103-139677174224704","trial_id":11,"param_name":"use_maml_msl","param_value_internal":1,"distribution":"{\"name\": \"CategoricalDistribution\", \"attributes\": {\"choices\": [true, false, \"hybrid\"]}}"}
{"op_code":5,"worker_id":"21dd4202-8844-4dd7-b64e-8ba1ae78f103-139677174224704","trial_id":11,"param_name":"maml_opt_order","param_value_internal":1,"distribution":"{\"name\": \"CategoricalDistribution\", \"attributes\": {\"choices\": [\"first\", \"second\", \"hybrid\"]}}"}
{"op_code":8,"worker_id":"521b18b2-b96c-484f-a482-3ca1aa519a7c-140554557634368","trial_id":10,"user_attr":{"fold_mean_accs":[0.4,0.3500000000000001]}}
{"op_code":8,"worker_id":"521b18b2-b96c-484f-a482-3ca1aa519a7c-140554557634368","trial_id":10,"user_attr":{"fold_user_accs":[[0.4833333333333333,0.4916666666666667,0.25,0.375],[0.38333333333333336,0.4,0.2833333333333333,0.33333333333333337]]}}
{"op_code":8,"worker_id":"521b18b2-b96c-484f-a482-3ca1aa519a7c-140554557634368","trial_id":10,"user_attr":{"mean_pretrain_val_acc":0.375}}
{"op_code":6,"worker_id":"521b18b2-b96c-484f-a482-3ca1aa519a7c-140554557634368","trial_id":10,"state":1,"values":[0.37500000000000006],"datetime_complete":"2026-03-24T05:09:48.355899"}
{"op_code":8,"worker_id":"9d2ded68-f618-4c5b-b899-9f08c4315b63-140618003507008","trial_id":6,"user_attr":{"fold_mean_accs":[0.5354166666666667,0.4666666666666666]}}
{"op_code":8,"worker_id":"9d2ded68-f618-4c5b-b899-9f08c4315b63-140618003507008","trial_id":6,"user_attr":{"fold_user_accs":[[0.525,0.5666666666666668,0.5083333333333333,0.5416666666666666],[0.5583333333333333,0.3666666666666666,0.425,0.5166666666666666]]}}
{"op_code":8,"worker_id":"9d2ded68-f618-4c5b-b899-9f08c4315b63-140618003507008","trial_id":6,"user_attr":{"mean_pretrain_val_acc":0.5020833333333333}}
{"op_code":6,"worker_id":"9d2ded68-f618-4c5b-b899-9f08c4315b63-140618003507008","trial_id":6,"state":1,"values":[0.5010416666666666],"datetime_complete":"2026-03-24T06:24:38.714387"}
{"op_code":8,"worker_id":"84326784-9685-4376-87a6-b0ff6ed30bc2-140018345596736","trial_id":5,"user_attr":{"fold_mean_accs":[0.33333333333333337,0.3354166666666667]}}
{"op_code":8,"worker_id":"84326784-9685-4376-87a6-b0ff6ed30bc2-140018345596736","trial_id":5,"user_attr":{"fold_user_accs":[[0.33333333333333337,0.33333333333333337,0.33333333333333337,0.33333333333333337],[0.33333333333333337,0.3416666666666667,0.33333333333333337,0.33333333333333337]]}}
{"op_code":8,"worker_id":"84326784-9685-4376-87a6-b0ff6ed30bc2-140018345596736","trial_id":5,"user_attr":{"mean_pretrain_val_acc":0.334375}}
{"op_code":6,"worker_id":"84326784-9685-4376-87a6-b0ff6ed30bc2-140018345596736","trial_id":5,"state":1,"values":[0.33437500000000003],"datetime_complete":"2026-03-24T07:38:21.297013"}
{"op_code":8,"worker_id":"0dea2d1d-45cb-4072-b5f2-4e8f2155551c-140640476464960","trial_id":3,"user_attr":{"fold_mean_accs":[0.9333333333333332,0.8958333333333333]}}
{"op_code":8,"worker_id":"0dea2d1d-45cb-4072-b5f2-4e8f2155551c-140640476464960","trial_id":3,"user_attr":{"fold_user_accs":[[0.8666666666666666,0.9916666666666666,0.8833333333333332,0.9916666666666666],[0.9583333333333334,0.8333333333333334,0.8166666666666668,0.9749999999999999]]}}
{"op_code":8,"worker_id":"0dea2d1d-45cb-4072-b5f2-4e8f2155551c-140640476464960","trial_id":3,"user_attr":{"mean_pretrain_val_acc":0.925}}
{"op_code":6,"worker_id":"0dea2d1d-45cb-4072-b5f2-4e8f2155551c-140640476464960","trial_id":3,"state":1,"values":[0.9145833333333333],"datetime_complete":"2026-03-24T10:26:19.902681"}
{"op_code":8,"worker_id":"bd3bc916-6f83-49ef-aed1-3fdd0bbe0597-140571250464576","trial_id":8,"user_attr":{"fold_mean_accs":[0.48750000000000004,0.3354166666666667]}}
{"op_code":8,"worker_id":"bd3bc916-6f83-49ef-aed1-3fdd0bbe0597-140571250464576","trial_id":8,"user_attr":{"fold_user_accs":[[0.45,0.5666666666666668,0.45,0.4833333333333333],[0.3416666666666667,0.33333333333333337,0.33333333333333337,0.33333333333333337]]}}
{"op_code":8,"worker_id":"bd3bc916-6f83-49ef-aed1-3fdd0bbe0597-140571250464576","trial_id":8,"user_attr":{"mean_pretrain_val_acc":0.41041666666666665}}
{"op_code":6,"worker_id":"bd3bc916-6f83-49ef-aed1-3fdd0bbe0597-140571250464576","trial_id":8,"state":1,"values":[0.41145833333333337],"datetime_complete":"2026-03-24T11:13:19.234519"}
