{"op_code":0,"worker_id":"6a9f7072-16f1-4f62-b6ad-b2e9bfcc5f54-140607629735744","study_name":"mamlpp_pretr_DeepCNNLSTM_2fcv_hpo","directions":[2]}
{"op_code":4,"worker_id":"6a9f7072-16f1-4f62-b6ad-b2e9bfcc5f54-140607629735744","study_id":0,"datetime_start":"2026-03-23T16:51:47.368882"}
{"op_code":5,"worker_id":"6a9f7072-16f1-4f62-b6ad-b2e9bfcc5f54-140607629735744","trial_id":0,"param_name":"meta_batchsize","param_value_internal":1,"distribution":"{\"name\": \"CategoricalDistribution\", \"attributes\": {\"choices\": [16, 32, 64]}}"}
{"op_code":5,"worker_id":"6a9f7072-16f1-4f62-b6ad-b2e9bfcc5f54-140607629735744","trial_id":0,"param_name":"maml_inner_steps","param_value_internal":2,"distribution":"{\"name\": \"CategoricalDistribution\", \"attributes\": {\"choices\": [2, 3, 5, 7]}}"}
{"op_code":5,"worker_id":"6a9f7072-16f1-4f62-b6ad-b2e9bfcc5f54-140607629735744","trial_id":0,"param_name":"maml_inner_steps_eval","param_value_internal":2,"distribution":"{\"name\": \"CategoricalDistribution\", \"attributes\": {\"choices\": [10, 15, 20, 30]}}"}
{"op_code":5,"worker_id":"6a9f7072-16f1-4f62-b6ad-b2e9bfcc5f54-140607629735744","trial_id":0,"param_name":"maml_alpha_init","param_value_internal":0.0070541733253135395,"distribution":"{\"name\": \"FloatDistribution\", \"attributes\": {\"step\": null, \"low\": 0.0001, \"high\": 0.1, \"log\": true}}"}
{"op_code":5,"worker_id":"6a9f7072-16f1-4f62-b6ad-b2e9bfcc5f54-140607629735744","trial_id":0,"param_name":"maml_alpha_init_eval","param_value_internal":0.007987743890731046,"distribution":"{\"name\": \"FloatDistribution\", \"attributes\": {\"step\": null, \"low\": 0.0001, \"high\": 0.01, \"log\": true}}"}
{"op_code":5,"worker_id":"6a9f7072-16f1-4f62-b6ad-b2e9bfcc5f54-140607629735744","trial_id":0,"param_name":"outer_lr","param_value_internal":0.00038673405308540084,"distribution":"{\"name\": \"FloatDistribution\", \"attributes\": {\"step\": null, \"low\": 1e-05, \"high\": 0.01, \"log\": true}}"}
{"op_code":5,"worker_id":"6a9f7072-16f1-4f62-b6ad-b2e9bfcc5f54-140607629735744","trial_id":0,"param_name":"wd","param_value_internal":1.3368025671012964e-06,"distribution":"{\"name\": \"FloatDistribution\", \"attributes\": {\"step\": null, \"low\": 1e-06, \"high\": 0.0001, \"log\": true}}"}
{"op_code":5,"worker_id":"6a9f7072-16f1-4f62-b6ad-b2e9bfcc5f54-140607629735744","trial_id":0,"param_name":"groupnorm_num_groups","param_value_internal":1,"distribution":"{\"name\": \"CategoricalDistribution\", \"attributes\": {\"choices\": [4, 8]}}"}
{"op_code":5,"worker_id":"6a9f7072-16f1-4f62-b6ad-b2e9bfcc5f54-140607629735744","trial_id":0,"param_name":"emg_width","param_value_internal":1,"distribution":"{\"name\": \"CategoricalDistribution\", \"attributes\": {\"choices\": [32, 64, 128, 256]}}"}
{"op_code":5,"worker_id":"6a9f7072-16f1-4f62-b6ad-b2e9bfcc5f54-140607629735744","trial_id":0,"param_name":"imu_width","param_value_internal":1,"distribution":"{\"name\": \"CategoricalDistribution\", \"attributes\": {\"choices\": [32, 64, 128, 256]}}"}
{"op_code":5,"worker_id":"6a9f7072-16f1-4f62-b6ad-b2e9bfcc5f54-140607629735744","trial_id":0,"param_name":"emg_depth","param_value_internal":2.0,"distribution":"{\"name\": \"IntDistribution\", \"attributes\": {\"log\": false, \"step\": 1, \"low\": 2, \"high\": 4}}"}
{"op_code":5,"worker_id":"6a9f7072-16f1-4f62-b6ad-b2e9bfcc5f54-140607629735744","trial_id":0,"param_name":"imu_depth","param_value_internal":3.0,"distribution":"{\"name\": \"IntDistribution\", \"attributes\": {\"log\": false, \"step\": 1, \"low\": 2, \"high\": 4}}"}
{"op_code":5,"worker_id":"6a9f7072-16f1-4f62-b6ad-b2e9bfcc5f54-140607629735744","trial_id":0,"param_name":"cnn_kernel","param_value_internal":1,"distribution":"{\"name\": \"CategoricalDistribution\", \"attributes\": {\"choices\": [3, 5]}}"}
{"op_code":5,"worker_id":"6a9f7072-16f1-4f62-b6ad-b2e9bfcc5f54-140607629735744","trial_id":0,"param_name":"lstm_hidden","param_value_internal":1,"distribution":"{\"name\": \"CategoricalDistribution\", \"attributes\": {\"choices\": [64, 128, 256]}}"}
{"op_code":5,"worker_id":"6a9f7072-16f1-4f62-b6ad-b2e9bfcc5f54-140607629735744","trial_id":0,"param_name":"lstm_layers","param_value_internal":3.0,"distribution":"{\"name\": \"IntDistribution\", \"attributes\": {\"log\": false, \"step\": 1, \"low\": 1, \"high\": 3}}"}
{"op_code":5,"worker_id":"6a9f7072-16f1-4f62-b6ad-b2e9bfcc5f54-140607629735744","trial_id":0,"param_name":"use_GlobalAvgPooling","param_value_internal":0,"distribution":"{\"name\": \"CategoricalDistribution\", \"attributes\": {\"choices\": [true, false]}}"}
{"op_code":5,"worker_id":"6a9f7072-16f1-4f62-b6ad-b2e9bfcc5f54-140607629735744","trial_id":0,"param_name":"finetuning_approach","param_value_internal":0,"distribution":"{\"name\": \"CategoricalDistribution\", \"attributes\": {\"choices\": [\"full\"]}}"}
{"op_code":5,"worker_id":"6a9f7072-16f1-4f62-b6ad-b2e9bfcc5f54-140607629735744","trial_id":0,"param_name":"use_film_x_demo","param_value_internal":1,"distribution":"{\"name\": \"CategoricalDistribution\", \"attributes\": {\"choices\": [true, false]}}"}
{"op_code":5,"worker_id":"6a9f7072-16f1-4f62-b6ad-b2e9bfcc5f54-140607629735744","trial_id":0,"param_name":"context_emb_dim","param_value_internal":1,"distribution":"{\"name\": \"CategoricalDistribution\", \"attributes\": {\"choices\": [8, 16, 32, 64]}}"}
{"op_code":5,"worker_id":"6a9f7072-16f1-4f62-b6ad-b2e9bfcc5f54-140607629735744","trial_id":0,"param_name":"demo_emb_dim","param_value_internal":1,"distribution":"{\"name\": \"CategoricalDistribution\", \"attributes\": {\"choices\": [8, 16, 32, 64]}}"}
{"op_code":5,"worker_id":"6a9f7072-16f1-4f62-b6ad-b2e9bfcc5f54-140607629735744","trial_id":0,"param_name":"context_pool_type","param_value_internal":0,"distribution":"{\"name\": \"CategoricalDistribution\", \"attributes\": {\"choices\": [\"mean\", \"attn\"]}}"}
{"op_code":5,"worker_id":"6a9f7072-16f1-4f62-b6ad-b2e9bfcc5f54-140607629735744","trial_id":0,"param_name":"episodes_per_epoch_train","param_value_internal":1,"distribution":"{\"name\": \"CategoricalDistribution\", \"attributes\": {\"choices\": [250, 500]}}"}
{"op_code":5,"worker_id":"6a9f7072-16f1-4f62-b6ad-b2e9bfcc5f54-140607629735744","trial_id":0,"param_name":"optimizer","param_value_internal":1,"distribution":"{\"name\": \"CategoricalDistribution\", \"attributes\": {\"choices\": [\"adamw\", \"adam\", \"sgd\"]}}"}
{"op_code":5,"worker_id":"6a9f7072-16f1-4f62-b6ad-b2e9bfcc5f54-140607629735744","trial_id":0,"param_name":"use_maml_msl","param_value_internal":2,"distribution":"{\"name\": \"CategoricalDistribution\", \"attributes\": {\"choices\": [true, false, \"hybrid\"]}}"}
{"op_code":5,"worker_id":"6a9f7072-16f1-4f62-b6ad-b2e9bfcc5f54-140607629735744","trial_id":0,"param_name":"maml_msl_num_epochs","param_value_internal":26.0,"distribution":"{\"name\": \"IntDistribution\", \"attributes\": {\"log\": false, \"step\": 1, \"low\": 1, \"high\": 40}}"}
{"op_code":5,"worker_id":"6a9f7072-16f1-4f62-b6ad-b2e9bfcc5f54-140607629735744","trial_id":0,"param_name":"maml_opt_order","param_value_internal":0,"distribution":"{\"name\": \"CategoricalDistribution\", \"attributes\": {\"choices\": [\"first\", \"second\", \"hybrid\"]}}"}
{"op_code":6,"worker_id":"6a9f7072-16f1-4f62-b6ad-b2e9bfcc5f54-140607629735744","trial_id":0,"state":3,"values":null,"datetime_complete":"2026-03-23T16:51:47.858117"}
{"op_code":0,"worker_id":"43a2405e-39ab-482d-b230-7a4f54074f63-139726432429888","study_name":"mamlpp_pretr_DeepCNNLSTM_2fcv_hpo","directions":[2]}
{"op_code":4,"worker_id":"43a2405e-39ab-482d-b230-7a4f54074f63-139726432429888","study_id":0,"datetime_start":"2026-03-23T22:26:33.043254"}
{"op_code":5,"worker_id":"43a2405e-39ab-482d-b230-7a4f54074f63-139726432429888","trial_id":1,"param_name":"meta_batchsize","param_value_internal":0,"distribution":"{\"name\": \"CategoricalDistribution\", \"attributes\": {\"choices\": [16, 32, 64]}}"}
{"op_code":5,"worker_id":"43a2405e-39ab-482d-b230-7a4f54074f63-139726432429888","trial_id":1,"param_name":"maml_inner_steps","param_value_internal":0,"distribution":"{\"name\": \"CategoricalDistribution\", \"attributes\": {\"choices\": [2, 3, 5, 7]}}"}
{"op_code":5,"worker_id":"43a2405e-39ab-482d-b230-7a4f54074f63-139726432429888","trial_id":1,"param_name":"maml_inner_steps_eval","param_value_internal":1,"distribution":"{\"name\": \"CategoricalDistribution\", \"attributes\": {\"choices\": [10, 15, 20, 30]}}"}
{"op_code":5,"worker_id":"43a2405e-39ab-482d-b230-7a4f54074f63-139726432429888","trial_id":1,"param_name":"maml_alpha_init","param_value_internal":0.005446719806742389,"distribution":"{\"name\": \"FloatDistribution\", \"attributes\": {\"step\": null, \"low\": 0.0001, \"high\": 0.1, \"log\": true}}"}
{"op_code":5,"worker_id":"43a2405e-39ab-482d-b230-7a4f54074f63-139726432429888","trial_id":1,"param_name":"maml_alpha_init_eval","param_value_internal":0.0003490831885394162,"distribution":"{\"name\": \"FloatDistribution\", \"attributes\": {\"step\": null, \"low\": 0.0001, \"high\": 0.01, \"log\": true}}"}
{"op_code":5,"worker_id":"43a2405e-39ab-482d-b230-7a4f54074f63-139726432429888","trial_id":1,"param_name":"outer_lr","param_value_internal":0.0003504285044967362,"distribution":"{\"name\": \"FloatDistribution\", \"attributes\": {\"step\": null, \"low\": 1e-05, \"high\": 0.01, \"log\": true}}"}
{"op_code":5,"worker_id":"43a2405e-39ab-482d-b230-7a4f54074f63-139726432429888","trial_id":1,"param_name":"wd","param_value_internal":2.37241640771458e-06,"distribution":"{\"name\": \"FloatDistribution\", \"attributes\": {\"step\": null, \"low\": 1e-06, \"high\": 0.0001, \"log\": true}}"}
{"op_code":5,"worker_id":"43a2405e-39ab-482d-b230-7a4f54074f63-139726432429888","trial_id":1,"param_name":"groupnorm_num_groups","param_value_internal":0,"distribution":"{\"name\": \"CategoricalDistribution\", \"attributes\": {\"choices\": [4, 8]}}"}
{"op_code":5,"worker_id":"43a2405e-39ab-482d-b230-7a4f54074f63-139726432429888","trial_id":1,"param_name":"emg_width","param_value_internal":2,"distribution":"{\"name\": \"CategoricalDistribution\", \"attributes\": {\"choices\": [32, 64, 128, 256]}}"}
{"op_code":5,"worker_id":"43a2405e-39ab-482d-b230-7a4f54074f63-139726432429888","trial_id":1,"param_name":"imu_width","param_value_internal":3,"distribution":"{\"name\": \"CategoricalDistribution\", \"attributes\": {\"choices\": [32, 64, 128, 256]}}"}
{"op_code":5,"worker_id":"43a2405e-39ab-482d-b230-7a4f54074f63-139726432429888","trial_id":1,"param_name":"emg_depth","param_value_internal":3.0,"distribution":"{\"name\": \"IntDistribution\", \"attributes\": {\"log\": false, \"step\": 1, \"low\": 2, \"high\": 4}}"}
{"op_code":5,"worker_id":"43a2405e-39ab-482d-b230-7a4f54074f63-139726432429888","trial_id":1,"param_name":"imu_depth","param_value_internal":3.0,"distribution":"{\"name\": \"IntDistribution\", \"attributes\": {\"log\": false, \"step\": 1, \"low\": 2, \"high\": 4}}"}
{"op_code":5,"worker_id":"43a2405e-39ab-482d-b230-7a4f54074f63-139726432429888","trial_id":1,"param_name":"cnn_kernel","param_value_internal":1,"distribution":"{\"name\": \"CategoricalDistribution\", \"attributes\": {\"choices\": [3, 5]}}"}
{"op_code":5,"worker_id":"43a2405e-39ab-482d-b230-7a4f54074f63-139726432429888","trial_id":1,"param_name":"lstm_hidden","param_value_internal":0,"distribution":"{\"name\": \"CategoricalDistribution\", \"attributes\": {\"choices\": [64, 128, 256]}}"}
{"op_code":5,"worker_id":"43a2405e-39ab-482d-b230-7a4f54074f63-139726432429888","trial_id":1,"param_name":"lstm_layers","param_value_internal":2.0,"distribution":"{\"name\": \"IntDistribution\", \"attributes\": {\"log\": false, \"step\": 1, \"low\": 1, \"high\": 3}}"}
{"op_code":5,"worker_id":"43a2405e-39ab-482d-b230-7a4f54074f63-139726432429888","trial_id":1,"param_name":"use_GlobalAvgPooling","param_value_internal":1,"distribution":"{\"name\": \"CategoricalDistribution\", \"attributes\": {\"choices\": [true, false]}}"}
{"op_code":5,"worker_id":"43a2405e-39ab-482d-b230-7a4f54074f63-139726432429888","trial_id":1,"param_name":"finetuning_approach","param_value_internal":0,"distribution":"{\"name\": \"CategoricalDistribution\", \"attributes\": {\"choices\": [\"full\"]}}"}
{"op_code":5,"worker_id":"43a2405e-39ab-482d-b230-7a4f54074f63-139726432429888","trial_id":1,"param_name":"use_film_x_demo","param_value_internal":1,"distribution":"{\"name\": \"CategoricalDistribution\", \"attributes\": {\"choices\": [true, false]}}"}
{"op_code":5,"worker_id":"43a2405e-39ab-482d-b230-7a4f54074f63-139726432429888","trial_id":1,"param_name":"context_emb_dim","param_value_internal":1,"distribution":"{\"name\": \"CategoricalDistribution\", \"attributes\": {\"choices\": [8, 16, 32, 64]}}"}
{"op_code":5,"worker_id":"43a2405e-39ab-482d-b230-7a4f54074f63-139726432429888","trial_id":1,"param_name":"demo_emb_dim","param_value_internal":1,"distribution":"{\"name\": \"CategoricalDistribution\", \"attributes\": {\"choices\": [8, 16, 32, 64]}}"}
{"op_code":5,"worker_id":"43a2405e-39ab-482d-b230-7a4f54074f63-139726432429888","trial_id":1,"param_name":"context_pool_type","param_value_internal":0,"distribution":"{\"name\": \"CategoricalDistribution\", \"attributes\": {\"choices\": [\"mean\", \"attn\"]}}"}
{"op_code":5,"worker_id":"43a2405e-39ab-482d-b230-7a4f54074f63-139726432429888","trial_id":1,"param_name":"episodes_per_epoch_train","param_value_internal":1,"distribution":"{\"name\": \"CategoricalDistribution\", \"attributes\": {\"choices\": [250, 500]}}"}
{"op_code":5,"worker_id":"43a2405e-39ab-482d-b230-7a4f54074f63-139726432429888","trial_id":1,"param_name":"optimizer","param_value_internal":2,"distribution":"{\"name\": \"CategoricalDistribution\", \"attributes\": {\"choices\": [\"adamw\", \"adam\", \"sgd\"]}}"}
{"op_code":5,"worker_id":"43a2405e-39ab-482d-b230-7a4f54074f63-139726432429888","trial_id":1,"param_name":"use_maml_msl","param_value_internal":1,"distribution":"{\"name\": \"CategoricalDistribution\", \"attributes\": {\"choices\": [true, false, \"hybrid\"]}}"}
{"op_code":5,"worker_id":"43a2405e-39ab-482d-b230-7a4f54074f63-139726432429888","trial_id":1,"param_name":"maml_opt_order","param_value_internal":1,"distribution":"{\"name\": \"CategoricalDistribution\", \"attributes\": {\"choices\": [\"first\", \"second\", \"hybrid\"]}}"}
{"op_code":0,"worker_id":"ede21b6c-da05-45c9-8469-7c6758581c97-140565870143296","study_name":"mamlpp_pretr_DeepCNNLSTM_2fcv_hpo","directions":[2]}
{"op_code":4,"worker_id":"ede21b6c-da05-45c9-8469-7c6758581c97-140565870143296","study_id":0,"datetime_start":"2026-03-23T23:22:00.291618"}
{"op_code":5,"worker_id":"ede21b6c-da05-45c9-8469-7c6758581c97-140565870143296","trial_id":2,"param_name":"meta_batchsize","param_value_internal":0,"distribution":"{\"name\": \"CategoricalDistribution\", \"attributes\": {\"choices\": [16, 32, 64]}}"}
{"op_code":5,"worker_id":"ede21b6c-da05-45c9-8469-7c6758581c97-140565870143296","trial_id":2,"param_name":"maml_inner_steps","param_value_internal":0,"distribution":"{\"name\": \"CategoricalDistribution\", \"attributes\": {\"choices\": [2, 3, 5, 7]}}"}
{"op_code":5,"worker_id":"ede21b6c-da05-45c9-8469-7c6758581c97-140565870143296","trial_id":2,"param_name":"maml_inner_steps_eval","param_value_internal":2,"distribution":"{\"name\": \"CategoricalDistribution\", \"attributes\": {\"choices\": [10, 15, 20, 30]}}"}
{"op_code":5,"worker_id":"ede21b6c-da05-45c9-8469-7c6758581c97-140565870143296","trial_id":2,"param_name":"maml_alpha_init","param_value_internal":0.001694450855317914,"distribution":"{\"name\": \"FloatDistribution\", \"attributes\": {\"step\": null, \"low\": 0.0001, \"high\": 0.1, \"log\": true}}"}
{"op_code":5,"worker_id":"ede21b6c-da05-45c9-8469-7c6758581c97-140565870143296","trial_id":2,"param_name":"maml_alpha_init_eval","param_value_internal":0.0005337362378839429,"distribution":"{\"name\": \"FloatDistribution\", \"attributes\": {\"step\": null, \"low\": 0.0001, \"high\": 0.01, \"log\": true}}"}
{"op_code":5,"worker_id":"ede21b6c-da05-45c9-8469-7c6758581c97-140565870143296","trial_id":2,"param_name":"outer_lr","param_value_internal":9.112738593638398e-05,"distribution":"{\"name\": \"FloatDistribution\", \"attributes\": {\"step\": null, \"low\": 1e-05, \"high\": 0.01, \"log\": true}}"}
{"op_code":5,"worker_id":"ede21b6c-da05-45c9-8469-7c6758581c97-140565870143296","trial_id":2,"param_name":"wd","param_value_internal":1.0626652741527043e-05,"distribution":"{\"name\": \"FloatDistribution\", \"attributes\": {\"step\": null, \"low\": 1e-06, \"high\": 0.0001, \"log\": true}}"}
{"op_code":5,"worker_id":"ede21b6c-da05-45c9-8469-7c6758581c97-140565870143296","trial_id":2,"param_name":"groupnorm_num_groups","param_value_internal":1,"distribution":"{\"name\": \"CategoricalDistribution\", \"attributes\": {\"choices\": [4, 8]}}"}
{"op_code":5,"worker_id":"ede21b6c-da05-45c9-8469-7c6758581c97-140565870143296","trial_id":2,"param_name":"emg_width","param_value_internal":0,"distribution":"{\"name\": \"CategoricalDistribution\", \"attributes\": {\"choices\": [32, 64, 128, 256]}}"}
{"op_code":5,"worker_id":"ede21b6c-da05-45c9-8469-7c6758581c97-140565870143296","trial_id":2,"param_name":"imu_width","param_value_internal":2,"distribution":"{\"name\": \"CategoricalDistribution\", \"attributes\": {\"choices\": [32, 64, 128, 256]}}"}
{"op_code":5,"worker_id":"ede21b6c-da05-45c9-8469-7c6758581c97-140565870143296","trial_id":2,"param_name":"emg_depth","param_value_internal":3.0,"distribution":"{\"name\": \"IntDistribution\", \"attributes\": {\"log\": false, \"step\": 1, \"low\": 2, \"high\": 4}}"}
{"op_code":5,"worker_id":"ede21b6c-da05-45c9-8469-7c6758581c97-140565870143296","trial_id":2,"param_name":"imu_depth","param_value_internal":4.0,"distribution":"{\"name\": \"IntDistribution\", \"attributes\": {\"log\": false, \"step\": 1, \"low\": 2, \"high\": 4}}"}
{"op_code":5,"worker_id":"ede21b6c-da05-45c9-8469-7c6758581c97-140565870143296","trial_id":2,"param_name":"cnn_kernel","param_value_internal":1,"distribution":"{\"name\": \"CategoricalDistribution\", \"attributes\": {\"choices\": [3, 5]}}"}
{"op_code":5,"worker_id":"ede21b6c-da05-45c9-8469-7c6758581c97-140565870143296","trial_id":2,"param_name":"lstm_hidden","param_value_internal":1,"distribution":"{\"name\": \"CategoricalDistribution\", \"attributes\": {\"choices\": [64, 128, 256]}}"}
{"op_code":5,"worker_id":"ede21b6c-da05-45c9-8469-7c6758581c97-140565870143296","trial_id":2,"param_name":"lstm_layers","param_value_internal":2.0,"distribution":"{\"name\": \"IntDistribution\", \"attributes\": {\"log\": false, \"step\": 1, \"low\": 1, \"high\": 3}}"}
{"op_code":5,"worker_id":"ede21b6c-da05-45c9-8469-7c6758581c97-140565870143296","trial_id":2,"param_name":"use_GlobalAvgPooling","param_value_internal":0,"distribution":"{\"name\": \"CategoricalDistribution\", \"attributes\": {\"choices\": [true, false]}}"}
{"op_code":5,"worker_id":"ede21b6c-da05-45c9-8469-7c6758581c97-140565870143296","trial_id":2,"param_name":"finetuning_approach","param_value_internal":0,"distribution":"{\"name\": \"CategoricalDistribution\", \"attributes\": {\"choices\": [\"full\"]}}"}
{"op_code":5,"worker_id":"ede21b6c-da05-45c9-8469-7c6758581c97-140565870143296","trial_id":2,"param_name":"use_film_x_demo","param_value_internal":1,"distribution":"{\"name\": \"CategoricalDistribution\", \"attributes\": {\"choices\": [true, false]}}"}
{"op_code":5,"worker_id":"ede21b6c-da05-45c9-8469-7c6758581c97-140565870143296","trial_id":2,"param_name":"context_emb_dim","param_value_internal":3,"distribution":"{\"name\": \"CategoricalDistribution\", \"attributes\": {\"choices\": [8, 16, 32, 64]}}"}
{"op_code":5,"worker_id":"ede21b6c-da05-45c9-8469-7c6758581c97-140565870143296","trial_id":2,"param_name":"demo_emb_dim","param_value_internal":2,"distribution":"{\"name\": \"CategoricalDistribution\", \"attributes\": {\"choices\": [8, 16, 32, 64]}}"}
{"op_code":5,"worker_id":"ede21b6c-da05-45c9-8469-7c6758581c97-140565870143296","trial_id":2,"param_name":"context_pool_type","param_value_internal":1,"distribution":"{\"name\": \"CategoricalDistribution\", \"attributes\": {\"choices\": [\"mean\", \"attn\"]}}"}
{"op_code":5,"worker_id":"ede21b6c-da05-45c9-8469-7c6758581c97-140565870143296","trial_id":2,"param_name":"episodes_per_epoch_train","param_value_internal":1,"distribution":"{\"name\": \"CategoricalDistribution\", \"attributes\": {\"choices\": [250, 500]}}"}
{"op_code":5,"worker_id":"ede21b6c-da05-45c9-8469-7c6758581c97-140565870143296","trial_id":2,"param_name":"optimizer","param_value_internal":0,"distribution":"{\"name\": \"CategoricalDistribution\", \"attributes\": {\"choices\": [\"adamw\", \"adam\", \"sgd\"]}}"}
{"op_code":5,"worker_id":"ede21b6c-da05-45c9-8469-7c6758581c97-140565870143296","trial_id":2,"param_name":"use_maml_msl","param_value_internal":1,"distribution":"{\"name\": \"CategoricalDistribution\", \"attributes\": {\"choices\": [true, false, \"hybrid\"]}}"}
{"op_code":5,"worker_id":"ede21b6c-da05-45c9-8469-7c6758581c97-140565870143296","trial_id":2,"param_name":"maml_opt_order","param_value_internal":2,"distribution":"{\"name\": \"CategoricalDistribution\", \"attributes\": {\"choices\": [\"first\", \"second\", \"hybrid\"]}}"}
{"op_code":5,"worker_id":"ede21b6c-da05-45c9-8469-7c6758581c97-140565870143296","trial_id":2,"param_name":"maml_first_order_to_second_order_epoch","param_value_internal":13.0,"distribution":"{\"name\": \"IntDistribution\", \"attributes\": {\"log\": false, \"step\": 1, \"low\": 1, \"high\": 40}}"}
{"op_code":0,"worker_id":"4d7a2a67-cb52-4c4a-a216-0445a12efa30-139657209718592","study_name":"mamlpp_pretr_DeepCNNLSTM_2fcv_hpo","directions":[2]}
{"op_code":4,"worker_id":"4d7a2a67-cb52-4c4a-a216-0445a12efa30-139657209718592","study_id":0,"datetime_start":"2026-03-23T23:22:32.362985"}
{"op_code":5,"worker_id":"4d7a2a67-cb52-4c4a-a216-0445a12efa30-139657209718592","trial_id":3,"param_name":"meta_batchsize","param_value_internal":1,"distribution":"{\"name\": \"CategoricalDistribution\", \"attributes\": {\"choices\": [16, 32, 64]}}"}
{"op_code":5,"worker_id":"4d7a2a67-cb52-4c4a-a216-0445a12efa30-139657209718592","trial_id":3,"param_name":"maml_inner_steps","param_value_internal":2,"distribution":"{\"name\": \"CategoricalDistribution\", \"attributes\": {\"choices\": [2, 3, 5, 7]}}"}
{"op_code":5,"worker_id":"4d7a2a67-cb52-4c4a-a216-0445a12efa30-139657209718592","trial_id":3,"param_name":"maml_inner_steps_eval","param_value_internal":3,"distribution":"{\"name\": \"CategoricalDistribution\", \"attributes\": {\"choices\": [10, 15, 20, 30]}}"}
{"op_code":5,"worker_id":"4d7a2a67-cb52-4c4a-a216-0445a12efa30-139657209718592","trial_id":3,"param_name":"maml_alpha_init","param_value_internal":0.0001948717377420197,"distribution":"{\"name\": \"FloatDistribution\", \"attributes\": {\"step\": null, \"low\": 0.0001, \"high\": 0.1, \"log\": true}}"}
{"op_code":5,"worker_id":"4d7a2a67-cb52-4c4a-a216-0445a12efa30-139657209718592","trial_id":3,"param_name":"maml_alpha_init_eval","param_value_internal":0.006916262515712206,"distribution":"{\"name\": \"FloatDistribution\", \"attributes\": {\"step\": null, \"low\": 0.0001, \"high\": 0.01, \"log\": true}}"}
{"op_code":5,"worker_id":"4d7a2a67-cb52-4c4a-a216-0445a12efa30-139657209718592","trial_id":3,"param_name":"outer_lr","param_value_internal":0.001426798772965159,"distribution":"{\"name\": \"FloatDistribution\", \"attributes\": {\"step\": null, \"low\": 1e-05, \"high\": 0.01, \"log\": true}}"}
{"op_code":5,"worker_id":"4d7a2a67-cb52-4c4a-a216-0445a12efa30-139657209718592","trial_id":3,"param_name":"wd","param_value_internal":2.1262004564904275e-06,"distribution":"{\"name\": \"FloatDistribution\", \"attributes\": {\"step\": null, \"low\": 1e-06, \"high\": 0.0001, \"log\": true}}"}
{"op_code":5,"worker_id":"4d7a2a67-cb52-4c4a-a216-0445a12efa30-139657209718592","trial_id":3,"param_name":"groupnorm_num_groups","param_value_internal":1,"distribution":"{\"name\": \"CategoricalDistribution\", \"attributes\": {\"choices\": [4, 8]}}"}
{"op_code":5,"worker_id":"4d7a2a67-cb52-4c4a-a216-0445a12efa30-139657209718592","trial_id":3,"param_name":"emg_width","param_value_internal":3,"distribution":"{\"name\": \"CategoricalDistribution\", \"attributes\": {\"choices\": [32, 64, 128, 256]}}"}
{"op_code":5,"worker_id":"4d7a2a67-cb52-4c4a-a216-0445a12efa30-139657209718592","trial_id":3,"param_name":"imu_width","param_value_internal":3,"distribution":"{\"name\": \"CategoricalDistribution\", \"attributes\": {\"choices\": [32, 64, 128, 256]}}"}
{"op_code":5,"worker_id":"4d7a2a67-cb52-4c4a-a216-0445a12efa30-139657209718592","trial_id":3,"param_name":"emg_depth","param_value_internal":4.0,"distribution":"{\"name\": \"IntDistribution\", \"attributes\": {\"log\": false, \"step\": 1, \"low\": 2, \"high\": 4}}"}
{"op_code":5,"worker_id":"4d7a2a67-cb52-4c4a-a216-0445a12efa30-139657209718592","trial_id":3,"param_name":"imu_depth","param_value_internal":4.0,"distribution":"{\"name\": \"IntDistribution\", \"attributes\": {\"log\": false, \"step\": 1, \"low\": 2, \"high\": 4}}"}
{"op_code":5,"worker_id":"4d7a2a67-cb52-4c4a-a216-0445a12efa30-139657209718592","trial_id":3,"param_name":"cnn_kernel","param_value_internal":0,"distribution":"{\"name\": \"CategoricalDistribution\", \"attributes\": {\"choices\": [3, 5]}}"}
{"op_code":5,"worker_id":"4d7a2a67-cb52-4c4a-a216-0445a12efa30-139657209718592","trial_id":3,"param_name":"lstm_hidden","param_value_internal":1,"distribution":"{\"name\": \"CategoricalDistribution\", \"attributes\": {\"choices\": [64, 128, 256]}}"}
{"op_code":5,"worker_id":"4d7a2a67-cb52-4c4a-a216-0445a12efa30-139657209718592","trial_id":3,"param_name":"lstm_layers","param_value_internal":2.0,"distribution":"{\"name\": \"IntDistribution\", \"attributes\": {\"log\": false, \"step\": 1, \"low\": 1, \"high\": 3}}"}
{"op_code":5,"worker_id":"4d7a2a67-cb52-4c4a-a216-0445a12efa30-139657209718592","trial_id":3,"param_name":"use_GlobalAvgPooling","param_value_internal":0,"distribution":"{\"name\": \"CategoricalDistribution\", \"attributes\": {\"choices\": [true, false]}}"}
{"op_code":5,"worker_id":"4d7a2a67-cb52-4c4a-a216-0445a12efa30-139657209718592","trial_id":3,"param_name":"finetuning_approach","param_value_internal":0,"distribution":"{\"name\": \"CategoricalDistribution\", \"attributes\": {\"choices\": [\"full\"]}}"}
{"op_code":5,"worker_id":"4d7a2a67-cb52-4c4a-a216-0445a12efa30-139657209718592","trial_id":3,"param_name":"use_film_x_demo","param_value_internal":0,"distribution":"{\"name\": \"CategoricalDistribution\", \"attributes\": {\"choices\": [true, false]}}"}
{"op_code":5,"worker_id":"4d7a2a67-cb52-4c4a-a216-0445a12efa30-139657209718592","trial_id":3,"param_name":"context_emb_dim","param_value_internal":3,"distribution":"{\"name\": \"CategoricalDistribution\", \"attributes\": {\"choices\": [8, 16, 32, 64]}}"}
{"op_code":5,"worker_id":"4d7a2a67-cb52-4c4a-a216-0445a12efa30-139657209718592","trial_id":3,"param_name":"demo_emb_dim","param_value_internal":1,"distribution":"{\"name\": \"CategoricalDistribution\", \"attributes\": {\"choices\": [8, 16, 32, 64]}}"}
{"op_code":5,"worker_id":"4d7a2a67-cb52-4c4a-a216-0445a12efa30-139657209718592","trial_id":3,"param_name":"context_pool_type","param_value_internal":0,"distribution":"{\"name\": \"CategoricalDistribution\", \"attributes\": {\"choices\": [\"mean\", \"attn\"]}}"}
{"op_code":5,"worker_id":"4d7a2a67-cb52-4c4a-a216-0445a12efa30-139657209718592","trial_id":3,"param_name":"episodes_per_epoch_train","param_value_internal":1,"distribution":"{\"name\": \"CategoricalDistribution\", \"attributes\": {\"choices\": [250, 500]}}"}
{"op_code":5,"worker_id":"4d7a2a67-cb52-4c4a-a216-0445a12efa30-139657209718592","trial_id":3,"param_name":"optimizer","param_value_internal":1,"distribution":"{\"name\": \"CategoricalDistribution\", \"attributes\": {\"choices\": [\"adamw\", \"adam\", \"sgd\"]}}"}
{"op_code":5,"worker_id":"4d7a2a67-cb52-4c4a-a216-0445a12efa30-139657209718592","trial_id":3,"param_name":"use_maml_msl","param_value_internal":1,"distribution":"{\"name\": \"CategoricalDistribution\", \"attributes\": {\"choices\": [true, false, \"hybrid\"]}}"}
{"op_code":5,"worker_id":"4d7a2a67-cb52-4c4a-a216-0445a12efa30-139657209718592","trial_id":3,"param_name":"maml_opt_order","param_value_internal":2,"distribution":"{\"name\": \"CategoricalDistribution\", \"attributes\": {\"choices\": [\"first\", \"second\", \"hybrid\"]}}"}
{"op_code":5,"worker_id":"4d7a2a67-cb52-4c4a-a216-0445a12efa30-139657209718592","trial_id":3,"param_name":"maml_first_order_to_second_order_epoch","param_value_internal":35.0,"distribution":"{\"name\": \"IntDistribution\", \"attributes\": {\"log\": false, \"step\": 1, \"low\": 1, \"high\": 40}}"}
{"op_code":0,"worker_id":"51fdcfb5-49c7-418a-9e1b-8ce59989c593-140055261185856","study_name":"mamlpp_pretr_DeepCNNLSTM_2fcv_hpo","directions":[2]}
{"op_code":4,"worker_id":"51fdcfb5-49c7-418a-9e1b-8ce59989c593-140055261185856","study_id":0,"datetime_start":"2026-03-23T23:24:04.386834"}
{"op_code":5,"worker_id":"51fdcfb5-49c7-418a-9e1b-8ce59989c593-140055261185856","trial_id":4,"param_name":"meta_batchsize","param_value_internal":1,"distribution":"{\"name\": \"CategoricalDistribution\", \"attributes\": {\"choices\": [16, 32, 64]}}"}
{"op_code":5,"worker_id":"51fdcfb5-49c7-418a-9e1b-8ce59989c593-140055261185856","trial_id":4,"param_name":"maml_inner_steps","param_value_internal":0,"distribution":"{\"name\": \"CategoricalDistribution\", \"attributes\": {\"choices\": [2, 3, 5, 7]}}"}
{"op_code":5,"worker_id":"51fdcfb5-49c7-418a-9e1b-8ce59989c593-140055261185856","trial_id":4,"param_name":"maml_inner_steps_eval","param_value_internal":0,"distribution":"{\"name\": \"CategoricalDistribution\", \"attributes\": {\"choices\": [10, 15, 20, 30]}}"}
{"op_code":5,"worker_id":"51fdcfb5-49c7-418a-9e1b-8ce59989c593-140055261185856","trial_id":4,"param_name":"maml_alpha_init","param_value_internal":0.000330501570157296,"distribution":"{\"name\": \"FloatDistribution\", \"attributes\": {\"step\": null, \"low\": 0.0001, \"high\": 0.1, \"log\": true}}"}
{"op_code":5,"worker_id":"51fdcfb5-49c7-418a-9e1b-8ce59989c593-140055261185856","trial_id":4,"param_name":"maml_alpha_init_eval","param_value_internal":0.005936152388327914,"distribution":"{\"name\": \"FloatDistribution\", \"attributes\": {\"step\": null, \"low\": 0.0001, \"high\": 0.01, \"log\": true}}"}
{"op_code":5,"worker_id":"51fdcfb5-49c7-418a-9e1b-8ce59989c593-140055261185856","trial_id":4,"param_name":"outer_lr","param_value_internal":0.0002443809617745984,"distribution":"{\"name\": \"FloatDistribution\", \"attributes\": {\"step\": null, \"low\": 1e-05, \"high\": 0.01, \"log\": true}}"}
{"op_code":5,"worker_id":"51fdcfb5-49c7-418a-9e1b-8ce59989c593-140055261185856","trial_id":4,"param_name":"wd","param_value_internal":4.594978364831516e-05,"distribution":"{\"name\": \"FloatDistribution\", \"attributes\": {\"step\": null, \"low\": 1e-06, \"high\": 0.0001, \"log\": true}}"}
{"op_code":5,"worker_id":"51fdcfb5-49c7-418a-9e1b-8ce59989c593-140055261185856","trial_id":4,"param_name":"groupnorm_num_groups","param_value_internal":1,"distribution":"{\"name\": \"CategoricalDistribution\", \"attributes\": {\"choices\": [4, 8]}}"}
{"op_code":5,"worker_id":"51fdcfb5-49c7-418a-9e1b-8ce59989c593-140055261185856","trial_id":4,"param_name":"emg_width","param_value_internal":0,"distribution":"{\"name\": \"CategoricalDistribution\", \"attributes\": {\"choices\": [32, 64, 128, 256]}}"}
{"op_code":5,"worker_id":"51fdcfb5-49c7-418a-9e1b-8ce59989c593-140055261185856","trial_id":4,"param_name":"imu_width","param_value_internal":0,"distribution":"{\"name\": \"CategoricalDistribution\", \"attributes\": {\"choices\": [32, 64, 128, 256]}}"}
{"op_code":5,"worker_id":"51fdcfb5-49c7-418a-9e1b-8ce59989c593-140055261185856","trial_id":4,"param_name":"emg_depth","param_value_internal":2.0,"distribution":"{\"name\": \"IntDistribution\", \"attributes\": {\"log\": false, \"step\": 1, \"low\": 2, \"high\": 4}}"}
{"op_code":5,"worker_id":"51fdcfb5-49c7-418a-9e1b-8ce59989c593-140055261185856","trial_id":4,"param_name":"imu_depth","param_value_internal":2.0,"distribution":"{\"name\": \"IntDistribution\", \"attributes\": {\"log\": false, \"step\": 1, \"low\": 2, \"high\": 4}}"}
{"op_code":5,"worker_id":"51fdcfb5-49c7-418a-9e1b-8ce59989c593-140055261185856","trial_id":4,"param_name":"cnn_kernel","param_value_internal":0,"distribution":"{\"name\": \"CategoricalDistribution\", \"attributes\": {\"choices\": [3, 5]}}"}
{"op_code":5,"worker_id":"51fdcfb5-49c7-418a-9e1b-8ce59989c593-140055261185856","trial_id":4,"param_name":"lstm_hidden","param_value_internal":0,"distribution":"{\"name\": \"CategoricalDistribution\", \"attributes\": {\"choices\": [64, 128, 256]}}"}
{"op_code":5,"worker_id":"51fdcfb5-49c7-418a-9e1b-8ce59989c593-140055261185856","trial_id":4,"param_name":"lstm_layers","param_value_internal":1.0,"distribution":"{\"name\": \"IntDistribution\", \"attributes\": {\"log\": false, \"step\": 1, \"low\": 1, \"high\": 3}}"}
{"op_code":5,"worker_id":"51fdcfb5-49c7-418a-9e1b-8ce59989c593-140055261185856","trial_id":4,"param_name":"use_GlobalAvgPooling","param_value_internal":0,"distribution":"{\"name\": \"CategoricalDistribution\", \"attributes\": {\"choices\": [true, false]}}"}
{"op_code":5,"worker_id":"51fdcfb5-49c7-418a-9e1b-8ce59989c593-140055261185856","trial_id":4,"param_name":"finetuning_approach","param_value_internal":0,"distribution":"{\"name\": \"CategoricalDistribution\", \"attributes\": {\"choices\": [\"full\"]}}"}
{"op_code":5,"worker_id":"51fdcfb5-49c7-418a-9e1b-8ce59989c593-140055261185856","trial_id":4,"param_name":"use_film_x_demo","param_value_internal":1,"distribution":"{\"name\": \"CategoricalDistribution\", \"attributes\": {\"choices\": [true, false]}}"}
{"op_code":5,"worker_id":"51fdcfb5-49c7-418a-9e1b-8ce59989c593-140055261185856","trial_id":4,"param_name":"context_emb_dim","param_value_internal":3,"distribution":"{\"name\": \"CategoricalDistribution\", \"attributes\": {\"choices\": [8, 16, 32, 64]}}"}
{"op_code":5,"worker_id":"51fdcfb5-49c7-418a-9e1b-8ce59989c593-140055261185856","trial_id":4,"param_name":"demo_emb_dim","param_value_internal":2,"distribution":"{\"name\": \"CategoricalDistribution\", \"attributes\": {\"choices\": [8, 16, 32, 64]}}"}
{"op_code":5,"worker_id":"51fdcfb5-49c7-418a-9e1b-8ce59989c593-140055261185856","trial_id":4,"param_name":"context_pool_type","param_value_internal":1,"distribution":"{\"name\": \"CategoricalDistribution\", \"attributes\": {\"choices\": [\"mean\", \"attn\"]}}"}
{"op_code":5,"worker_id":"51fdcfb5-49c7-418a-9e1b-8ce59989c593-140055261185856","trial_id":4,"param_name":"episodes_per_epoch_train","param_value_internal":1,"distribution":"{\"name\": \"CategoricalDistribution\", \"attributes\": {\"choices\": [250, 500]}}"}
{"op_code":5,"worker_id":"51fdcfb5-49c7-418a-9e1b-8ce59989c593-140055261185856","trial_id":4,"param_name":"optimizer","param_value_internal":2,"distribution":"{\"name\": \"CategoricalDistribution\", \"attributes\": {\"choices\": [\"adamw\", \"adam\", \"sgd\"]}}"}
{"op_code":5,"worker_id":"51fdcfb5-49c7-418a-9e1b-8ce59989c593-140055261185856","trial_id":4,"param_name":"use_maml_msl","param_value_internal":1,"distribution":"{\"name\": \"CategoricalDistribution\", \"attributes\": {\"choices\": [true, false, \"hybrid\"]}}"}
{"op_code":5,"worker_id":"51fdcfb5-49c7-418a-9e1b-8ce59989c593-140055261185856","trial_id":4,"param_name":"maml_opt_order","param_value_internal":1,"distribution":"{\"name\": \"CategoricalDistribution\", \"attributes\": {\"choices\": [\"first\", \"second\", \"hybrid\"]}}"}
{"op_code":0,"worker_id":"0eae32fe-46dc-46ae-9299-9bf9fc933eb2-140267694892864","study_name":"mamlpp_pretr_DeepCNNLSTM_2fcv_hpo","directions":[2]}
{"op_code":4,"worker_id":"0eae32fe-46dc-46ae-9299-9bf9fc933eb2-140267694892864","study_id":0,"datetime_start":"2026-03-23T23:25:02.478977"}
{"op_code":5,"worker_id":"0eae32fe-46dc-46ae-9299-9bf9fc933eb2-140267694892864","trial_id":5,"param_name":"meta_batchsize","param_value_internal":1,"distribution":"{\"name\": \"CategoricalDistribution\", \"attributes\": {\"choices\": [16, 32, 64]}}"}
{"op_code":5,"worker_id":"0eae32fe-46dc-46ae-9299-9bf9fc933eb2-140267694892864","trial_id":5,"param_name":"maml_inner_steps","param_value_internal":1,"distribution":"{\"name\": \"CategoricalDistribution\", \"attributes\": {\"choices\": [2, 3, 5, 7]}}"}
{"op_code":5,"worker_id":"0eae32fe-46dc-46ae-9299-9bf9fc933eb2-140267694892864","trial_id":5,"param_name":"maml_inner_steps_eval","param_value_internal":1,"distribution":"{\"name\": \"CategoricalDistribution\", \"attributes\": {\"choices\": [10, 15, 20, 30]}}"}
{"op_code":5,"worker_id":"0eae32fe-46dc-46ae-9299-9bf9fc933eb2-140267694892864","trial_id":5,"param_name":"maml_alpha_init","param_value_internal":0.07278611029179953,"distribution":"{\"name\": \"FloatDistribution\", \"attributes\": {\"step\": null, \"low\": 0.0001, \"high\": 0.1, \"log\": true}}"}
{"op_code":5,"worker_id":"0eae32fe-46dc-46ae-9299-9bf9fc933eb2-140267694892864","trial_id":5,"param_name":"maml_alpha_init_eval","param_value_internal":0.008462855397339548,"distribution":"{\"name\": \"FloatDistribution\", \"attributes\": {\"step\": null, \"low\": 0.0001, \"high\": 0.01, \"log\": true}}"}
{"op_code":5,"worker_id":"0eae32fe-46dc-46ae-9299-9bf9fc933eb2-140267694892864","trial_id":5,"param_name":"outer_lr","param_value_internal":0.0004148708940503523,"distribution":"{\"name\": \"FloatDistribution\", \"attributes\": {\"step\": null, \"low\": 1e-05, \"high\": 0.01, \"log\": true}}"}
{"op_code":5,"worker_id":"0eae32fe-46dc-46ae-9299-9bf9fc933eb2-140267694892864","trial_id":5,"param_name":"wd","param_value_internal":2.883941813275841e-05,"distribution":"{\"name\": \"FloatDistribution\", \"attributes\": {\"step\": null, \"low\": 1e-06, \"high\": 0.0001, \"log\": true}}"}
{"op_code":5,"worker_id":"0eae32fe-46dc-46ae-9299-9bf9fc933eb2-140267694892864","trial_id":5,"param_name":"groupnorm_num_groups","param_value_internal":1,"distribution":"{\"name\": \"CategoricalDistribution\", \"attributes\": {\"choices\": [4, 8]}}"}
{"op_code":5,"worker_id":"0eae32fe-46dc-46ae-9299-9bf9fc933eb2-140267694892864","trial_id":5,"param_name":"emg_width","param_value_internal":2,"distribution":"{\"name\": \"CategoricalDistribution\", \"attributes\": {\"choices\": [32, 64, 128, 256]}}"}
{"op_code":5,"worker_id":"0eae32fe-46dc-46ae-9299-9bf9fc933eb2-140267694892864","trial_id":5,"param_name":"imu_width","param_value_internal":0,"distribution":"{\"name\": \"CategoricalDistribution\", \"attributes\": {\"choices\": [32, 64, 128, 256]}}"}
{"op_code":5,"worker_id":"0eae32fe-46dc-46ae-9299-9bf9fc933eb2-140267694892864","trial_id":5,"param_name":"emg_depth","param_value_internal":2.0,"distribution":"{\"name\": \"IntDistribution\", \"attributes\": {\"log\": false, \"step\": 1, \"low\": 2, \"high\": 4}}"}
{"op_code":5,"worker_id":"0eae32fe-46dc-46ae-9299-9bf9fc933eb2-140267694892864","trial_id":5,"param_name":"imu_depth","param_value_internal":4.0,"distribution":"{\"name\": \"IntDistribution\", \"attributes\": {\"log\": false, \"step\": 1, \"low\": 2, \"high\": 4}}"}
{"op_code":5,"worker_id":"0eae32fe-46dc-46ae-9299-9bf9fc933eb2-140267694892864","trial_id":5,"param_name":"cnn_kernel","param_value_internal":0,"distribution":"{\"name\": \"CategoricalDistribution\", \"attributes\": {\"choices\": [3, 5]}}"}
{"op_code":5,"worker_id":"0eae32fe-46dc-46ae-9299-9bf9fc933eb2-140267694892864","trial_id":5,"param_name":"lstm_hidden","param_value_internal":2,"distribution":"{\"name\": \"CategoricalDistribution\", \"attributes\": {\"choices\": [64, 128, 256]}}"}
{"op_code":5,"worker_id":"0eae32fe-46dc-46ae-9299-9bf9fc933eb2-140267694892864","trial_id":5,"param_name":"lstm_layers","param_value_internal":3.0,"distribution":"{\"name\": \"IntDistribution\", \"attributes\": {\"log\": false, \"step\": 1, \"low\": 1, \"high\": 3}}"}
{"op_code":5,"worker_id":"0eae32fe-46dc-46ae-9299-9bf9fc933eb2-140267694892864","trial_id":5,"param_name":"use_GlobalAvgPooling","param_value_internal":0,"distribution":"{\"name\": \"CategoricalDistribution\", \"attributes\": {\"choices\": [true, false]}}"}
{"op_code":5,"worker_id":"0eae32fe-46dc-46ae-9299-9bf9fc933eb2-140267694892864","trial_id":5,"param_name":"finetuning_approach","param_value_internal":0,"distribution":"{\"name\": \"CategoricalDistribution\", \"attributes\": {\"choices\": [\"full\"]}}"}
{"op_code":5,"worker_id":"0eae32fe-46dc-46ae-9299-9bf9fc933eb2-140267694892864","trial_id":5,"param_name":"use_film_x_demo","param_value_internal":0,"distribution":"{\"name\": \"CategoricalDistribution\", \"attributes\": {\"choices\": [true, false]}}"}
{"op_code":5,"worker_id":"0eae32fe-46dc-46ae-9299-9bf9fc933eb2-140267694892864","trial_id":5,"param_name":"context_emb_dim","param_value_internal":1,"distribution":"{\"name\": \"CategoricalDistribution\", \"attributes\": {\"choices\": [8, 16, 32, 64]}}"}
{"op_code":5,"worker_id":"0eae32fe-46dc-46ae-9299-9bf9fc933eb2-140267694892864","trial_id":5,"param_name":"demo_emb_dim","param_value_internal":2,"distribution":"{\"name\": \"CategoricalDistribution\", \"attributes\": {\"choices\": [8, 16, 32, 64]}}"}
{"op_code":5,"worker_id":"0eae32fe-46dc-46ae-9299-9bf9fc933eb2-140267694892864","trial_id":5,"param_name":"context_pool_type","param_value_internal":0,"distribution":"{\"name\": \"CategoricalDistribution\", \"attributes\": {\"choices\": [\"mean\", \"attn\"]}}"}
{"op_code":5,"worker_id":"0eae32fe-46dc-46ae-9299-9bf9fc933eb2-140267694892864","trial_id":5,"param_name":"episodes_per_epoch_train","param_value_internal":1,"distribution":"{\"name\": \"CategoricalDistribution\", \"attributes\": {\"choices\": [250, 500]}}"}
{"op_code":5,"worker_id":"0eae32fe-46dc-46ae-9299-9bf9fc933eb2-140267694892864","trial_id":5,"param_name":"optimizer","param_value_internal":2,"distribution":"{\"name\": \"CategoricalDistribution\", \"attributes\": {\"choices\": [\"adamw\", \"adam\", \"sgd\"]}}"}
{"op_code":5,"worker_id":"0eae32fe-46dc-46ae-9299-9bf9fc933eb2-140267694892864","trial_id":5,"param_name":"use_maml_msl","param_value_internal":2,"distribution":"{\"name\": \"CategoricalDistribution\", \"attributes\": {\"choices\": [true, false, \"hybrid\"]}}"}
{"op_code":5,"worker_id":"0eae32fe-46dc-46ae-9299-9bf9fc933eb2-140267694892864","trial_id":5,"param_name":"maml_msl_num_epochs","param_value_internal":14.0,"distribution":"{\"name\": \"IntDistribution\", \"attributes\": {\"log\": false, \"step\": 1, \"low\": 1, \"high\": 40}}"}
{"op_code":5,"worker_id":"0eae32fe-46dc-46ae-9299-9bf9fc933eb2-140267694892864","trial_id":5,"param_name":"maml_opt_order","param_value_internal":1,"distribution":"{\"name\": \"CategoricalDistribution\", \"attributes\": {\"choices\": [\"first\", \"second\", \"hybrid\"]}}"}
{"op_code":0,"worker_id":"c253af1e-9124-43c9-bbb8-3861311199c5-139925890471744","study_name":"mamlpp_pretr_DeepCNNLSTM_2fcv_hpo","directions":[2]}
{"op_code":4,"worker_id":"c253af1e-9124-43c9-bbb8-3861311199c5-139925890471744","study_id":0,"datetime_start":"2026-03-23T23:43:09.660648"}
{"op_code":5,"worker_id":"c253af1e-9124-43c9-bbb8-3861311199c5-139925890471744","trial_id":6,"param_name":"meta_batchsize","param_value_internal":2,"distribution":"{\"name\": \"CategoricalDistribution\", \"attributes\": {\"choices\": [16, 32, 64]}}"}
{"op_code":5,"worker_id":"c253af1e-9124-43c9-bbb8-3861311199c5-139925890471744","trial_id":6,"param_name":"maml_inner_steps","param_value_internal":3,"distribution":"{\"name\": \"CategoricalDistribution\", \"attributes\": {\"choices\": [2, 3, 5, 7]}}"}
{"op_code":5,"worker_id":"c253af1e-9124-43c9-bbb8-3861311199c5-139925890471744","trial_id":6,"param_name":"maml_inner_steps_eval","param_value_internal":3,"distribution":"{\"name\": \"CategoricalDistribution\", \"attributes\": {\"choices\": [10, 15, 20, 30]}}"}
{"op_code":5,"worker_id":"c253af1e-9124-43c9-bbb8-3861311199c5-139925890471744","trial_id":6,"param_name":"maml_alpha_init","param_value_internal":0.0010280042151789063,"distribution":"{\"name\": \"FloatDistribution\", \"attributes\": {\"step\": null, \"low\": 0.0001, \"high\": 0.1, \"log\": true}}"}
{"op_code":5,"worker_id":"c253af1e-9124-43c9-bbb8-3861311199c5-139925890471744","trial_id":6,"param_name":"maml_alpha_init_eval","param_value_internal":0.0014970810926517042,"distribution":"{\"name\": \"FloatDistribution\", \"attributes\": {\"step\": null, \"low\": 0.0001, \"high\": 0.01, \"log\": true}}"}
{"op_code":5,"worker_id":"c253af1e-9124-43c9-bbb8-3861311199c5-139925890471744","trial_id":6,"param_name":"outer_lr","param_value_internal":0.005796265576779836,"distribution":"{\"name\": \"FloatDistribution\", \"attributes\": {\"step\": null, \"low\": 1e-05, \"high\": 0.01, \"log\": true}}"}
{"op_code":5,"worker_id":"c253af1e-9124-43c9-bbb8-3861311199c5-139925890471744","trial_id":6,"param_name":"wd","param_value_internal":1.5066381301474012e-06,"distribution":"{\"name\": \"FloatDistribution\", \"attributes\": {\"step\": null, \"low\": 1e-06, \"high\": 0.0001, \"log\": true}}"}
{"op_code":5,"worker_id":"c253af1e-9124-43c9-bbb8-3861311199c5-139925890471744","trial_id":6,"param_name":"groupnorm_num_groups","param_value_internal":0,"distribution":"{\"name\": \"CategoricalDistribution\", \"attributes\": {\"choices\": [4, 8]}}"}
{"op_code":5,"worker_id":"c253af1e-9124-43c9-bbb8-3861311199c5-139925890471744","trial_id":6,"param_name":"emg_width","param_value_internal":3,"distribution":"{\"name\": \"CategoricalDistribution\", \"attributes\": {\"choices\": [32, 64, 128, 256]}}"}
{"op_code":5,"worker_id":"c253af1e-9124-43c9-bbb8-3861311199c5-139925890471744","trial_id":6,"param_name":"imu_width","param_value_internal":3,"distribution":"{\"name\": \"CategoricalDistribution\", \"attributes\": {\"choices\": [32, 64, 128, 256]}}"}
{"op_code":5,"worker_id":"c253af1e-9124-43c9-bbb8-3861311199c5-139925890471744","trial_id":6,"param_name":"emg_depth","param_value_internal":2.0,"distribution":"{\"name\": \"IntDistribution\", \"attributes\": {\"log\": false, \"step\": 1, \"low\": 2, \"high\": 4}}"}
{"op_code":5,"worker_id":"c253af1e-9124-43c9-bbb8-3861311199c5-139925890471744","trial_id":6,"param_name":"imu_depth","param_value_internal":3.0,"distribution":"{\"name\": \"IntDistribution\", \"attributes\": {\"log\": false, \"step\": 1, \"low\": 2, \"high\": 4}}"}
{"op_code":5,"worker_id":"c253af1e-9124-43c9-bbb8-3861311199c5-139925890471744","trial_id":6,"param_name":"cnn_kernel","param_value_internal":1,"distribution":"{\"name\": \"CategoricalDistribution\", \"attributes\": {\"choices\": [3, 5]}}"}
{"op_code":5,"worker_id":"c253af1e-9124-43c9-bbb8-3861311199c5-139925890471744","trial_id":6,"param_name":"lstm_hidden","param_value_internal":0,"distribution":"{\"name\": \"CategoricalDistribution\", \"attributes\": {\"choices\": [64, 128, 256]}}"}
{"op_code":5,"worker_id":"c253af1e-9124-43c9-bbb8-3861311199c5-139925890471744","trial_id":6,"param_name":"lstm_layers","param_value_internal":1.0,"distribution":"{\"name\": \"IntDistribution\", \"attributes\": {\"log\": false, \"step\": 1, \"low\": 1, \"high\": 3}}"}
{"op_code":5,"worker_id":"c253af1e-9124-43c9-bbb8-3861311199c5-139925890471744","trial_id":6,"param_name":"use_GlobalAvgPooling","param_value_internal":0,"distribution":"{\"name\": \"CategoricalDistribution\", \"attributes\": {\"choices\": [true, false]}}"}
{"op_code":5,"worker_id":"c253af1e-9124-43c9-bbb8-3861311199c5-139925890471744","trial_id":6,"param_name":"finetuning_approach","param_value_internal":0,"distribution":"{\"name\": \"CategoricalDistribution\", \"attributes\": {\"choices\": [\"full\"]}}"}
{"op_code":5,"worker_id":"c253af1e-9124-43c9-bbb8-3861311199c5-139925890471744","trial_id":6,"param_name":"use_film_x_demo","param_value_internal":0,"distribution":"{\"name\": \"CategoricalDistribution\", \"attributes\": {\"choices\": [true, false]}}"}
{"op_code":5,"worker_id":"c253af1e-9124-43c9-bbb8-3861311199c5-139925890471744","trial_id":6,"param_name":"context_emb_dim","param_value_internal":1,"distribution":"{\"name\": \"CategoricalDistribution\", \"attributes\": {\"choices\": [8, 16, 32, 64]}}"}
{"op_code":5,"worker_id":"c253af1e-9124-43c9-bbb8-3861311199c5-139925890471744","trial_id":6,"param_name":"demo_emb_dim","param_value_internal":2,"distribution":"{\"name\": \"CategoricalDistribution\", \"attributes\": {\"choices\": [8, 16, 32, 64]}}"}
{"op_code":5,"worker_id":"c253af1e-9124-43c9-bbb8-3861311199c5-139925890471744","trial_id":6,"param_name":"context_pool_type","param_value_internal":0,"distribution":"{\"name\": \"CategoricalDistribution\", \"attributes\": {\"choices\": [\"mean\", \"attn\"]}}"}
{"op_code":5,"worker_id":"c253af1e-9124-43c9-bbb8-3861311199c5-139925890471744","trial_id":6,"param_name":"episodes_per_epoch_train","param_value_internal":1,"distribution":"{\"name\": \"CategoricalDistribution\", \"attributes\": {\"choices\": [250, 500]}}"}
{"op_code":5,"worker_id":"c253af1e-9124-43c9-bbb8-3861311199c5-139925890471744","trial_id":6,"param_name":"optimizer","param_value_internal":2,"distribution":"{\"name\": \"CategoricalDistribution\", \"attributes\": {\"choices\": [\"adamw\", \"adam\", \"sgd\"]}}"}
{"op_code":5,"worker_id":"c253af1e-9124-43c9-bbb8-3861311199c5-139925890471744","trial_id":6,"param_name":"use_maml_msl","param_value_internal":1,"distribution":"{\"name\": \"CategoricalDistribution\", \"attributes\": {\"choices\": [true, false, \"hybrid\"]}}"}
{"op_code":5,"worker_id":"c253af1e-9124-43c9-bbb8-3861311199c5-139925890471744","trial_id":6,"param_name":"maml_opt_order","param_value_internal":2,"distribution":"{\"name\": \"CategoricalDistribution\", \"attributes\": {\"choices\": [\"first\", \"second\", \"hybrid\"]}}"}
{"op_code":5,"worker_id":"c253af1e-9124-43c9-bbb8-3861311199c5-139925890471744","trial_id":6,"param_name":"maml_first_order_to_second_order_epoch","param_value_internal":2.0,"distribution":"{\"name\": \"IntDistribution\", \"attributes\": {\"log\": false, \"step\": 1, \"low\": 1, \"high\": 40}}"}
{"op_code":0,"worker_id":"93293f9c-8695-46b3-911c-878698ac5461-139879957256000","study_name":"mamlpp_pretr_DeepCNNLSTM_2fcv_hpo","directions":[2]}
{"op_code":4,"worker_id":"93293f9c-8695-46b3-911c-878698ac5461-139879957256000","study_id":0,"datetime_start":"2026-03-24T00:03:15.552795"}
{"op_code":5,"worker_id":"93293f9c-8695-46b3-911c-878698ac5461-139879957256000","trial_id":7,"param_name":"meta_batchsize","param_value_internal":0,"distribution":"{\"name\": \"CategoricalDistribution\", \"attributes\": {\"choices\": [16, 32, 64]}}"}
{"op_code":5,"worker_id":"93293f9c-8695-46b3-911c-878698ac5461-139879957256000","trial_id":7,"param_name":"maml_inner_steps","param_value_internal":2,"distribution":"{\"name\": \"CategoricalDistribution\", \"attributes\": {\"choices\": [2, 3, 5, 7]}}"}
{"op_code":5,"worker_id":"93293f9c-8695-46b3-911c-878698ac5461-139879957256000","trial_id":7,"param_name":"maml_inner_steps_eval","param_value_internal":0,"distribution":"{\"name\": \"CategoricalDistribution\", \"attributes\": {\"choices\": [10, 15, 20, 30]}}"}
{"op_code":5,"worker_id":"93293f9c-8695-46b3-911c-878698ac5461-139879957256000","trial_id":7,"param_name":"maml_alpha_init","param_value_internal":0.001714098230253749,"distribution":"{\"name\": \"FloatDistribution\", \"attributes\": {\"step\": null, \"low\": 0.0001, \"high\": 0.1, \"log\": true}}"}
{"op_code":5,"worker_id":"93293f9c-8695-46b3-911c-878698ac5461-139879957256000","trial_id":7,"param_name":"maml_alpha_init_eval","param_value_internal":0.005498738606021945,"distribution":"{\"name\": \"FloatDistribution\", \"attributes\": {\"step\": null, \"low\": 0.0001, \"high\": 0.01, \"log\": true}}"}
{"op_code":5,"worker_id":"93293f9c-8695-46b3-911c-878698ac5461-139879957256000","trial_id":7,"param_name":"outer_lr","param_value_internal":0.0015548260545003936,"distribution":"{\"name\": \"FloatDistribution\", \"attributes\": {\"step\": null, \"low\": 1e-05, \"high\": 0.01, \"log\": true}}"}
{"op_code":5,"worker_id":"93293f9c-8695-46b3-911c-878698ac5461-139879957256000","trial_id":7,"param_name":"wd","param_value_internal":1.455104302180196e-06,"distribution":"{\"name\": \"FloatDistribution\", \"attributes\": {\"step\": null, \"low\": 1e-06, \"high\": 0.0001, \"log\": true}}"}
{"op_code":5,"worker_id":"93293f9c-8695-46b3-911c-878698ac5461-139879957256000","trial_id":7,"param_name":"groupnorm_num_groups","param_value_internal":1,"distribution":"{\"name\": \"CategoricalDistribution\", \"attributes\": {\"choices\": [4, 8]}}"}
{"op_code":5,"worker_id":"93293f9c-8695-46b3-911c-878698ac5461-139879957256000","trial_id":7,"param_name":"emg_width","param_value_internal":2,"distribution":"{\"name\": \"CategoricalDistribution\", \"attributes\": {\"choices\": [32, 64, 128, 256]}}"}
{"op_code":5,"worker_id":"93293f9c-8695-46b3-911c-878698ac5461-139879957256000","trial_id":7,"param_name":"imu_width","param_value_internal":3,"distribution":"{\"name\": \"CategoricalDistribution\", \"attributes\": {\"choices\": [32, 64, 128, 256]}}"}
{"op_code":5,"worker_id":"93293f9c-8695-46b3-911c-878698ac5461-139879957256000","trial_id":7,"param_name":"emg_depth","param_value_internal":4.0,"distribution":"{\"name\": \"IntDistribution\", \"attributes\": {\"log\": false, \"step\": 1, \"low\": 2, \"high\": 4}}"}
{"op_code":5,"worker_id":"93293f9c-8695-46b3-911c-878698ac5461-139879957256000","trial_id":7,"param_name":"imu_depth","param_value_internal":4.0,"distribution":"{\"name\": \"IntDistribution\", \"attributes\": {\"log\": false, \"step\": 1, \"low\": 2, \"high\": 4}}"}
{"op_code":5,"worker_id":"93293f9c-8695-46b3-911c-878698ac5461-139879957256000","trial_id":7,"param_name":"cnn_kernel","param_value_internal":0,"distribution":"{\"name\": \"CategoricalDistribution\", \"attributes\": {\"choices\": [3, 5]}}"}
{"op_code":5,"worker_id":"93293f9c-8695-46b3-911c-878698ac5461-139879957256000","trial_id":7,"param_name":"lstm_hidden","param_value_internal":1,"distribution":"{\"name\": \"CategoricalDistribution\", \"attributes\": {\"choices\": [64, 128, 256]}}"}
{"op_code":5,"worker_id":"93293f9c-8695-46b3-911c-878698ac5461-139879957256000","trial_id":7,"param_name":"lstm_layers","param_value_internal":3.0,"distribution":"{\"name\": \"IntDistribution\", \"attributes\": {\"log\": false, \"step\": 1, \"low\": 1, \"high\": 3}}"}
{"op_code":5,"worker_id":"93293f9c-8695-46b3-911c-878698ac5461-139879957256000","trial_id":7,"param_name":"use_GlobalAvgPooling","param_value_internal":1,"distribution":"{\"name\": \"CategoricalDistribution\", \"attributes\": {\"choices\": [true, false]}}"}
{"op_code":5,"worker_id":"93293f9c-8695-46b3-911c-878698ac5461-139879957256000","trial_id":7,"param_name":"finetuning_approach","param_value_internal":0,"distribution":"{\"name\": \"CategoricalDistribution\", \"attributes\": {\"choices\": [\"full\"]}}"}
{"op_code":5,"worker_id":"93293f9c-8695-46b3-911c-878698ac5461-139879957256000","trial_id":7,"param_name":"use_film_x_demo","param_value_internal":0,"distribution":"{\"name\": \"CategoricalDistribution\", \"attributes\": {\"choices\": [true, false]}}"}
{"op_code":5,"worker_id":"93293f9c-8695-46b3-911c-878698ac5461-139879957256000","trial_id":7,"param_name":"context_emb_dim","param_value_internal":2,"distribution":"{\"name\": \"CategoricalDistribution\", \"attributes\": {\"choices\": [8, 16, 32, 64]}}"}
{"op_code":5,"worker_id":"93293f9c-8695-46b3-911c-878698ac5461-139879957256000","trial_id":7,"param_name":"demo_emb_dim","param_value_internal":0,"distribution":"{\"name\": \"CategoricalDistribution\", \"attributes\": {\"choices\": [8, 16, 32, 64]}}"}
{"op_code":5,"worker_id":"93293f9c-8695-46b3-911c-878698ac5461-139879957256000","trial_id":7,"param_name":"context_pool_type","param_value_internal":0,"distribution":"{\"name\": \"CategoricalDistribution\", \"attributes\": {\"choices\": [\"mean\", \"attn\"]}}"}
{"op_code":5,"worker_id":"93293f9c-8695-46b3-911c-878698ac5461-139879957256000","trial_id":7,"param_name":"episodes_per_epoch_train","param_value_internal":0,"distribution":"{\"name\": \"CategoricalDistribution\", \"attributes\": {\"choices\": [250, 500]}}"}
{"op_code":5,"worker_id":"93293f9c-8695-46b3-911c-878698ac5461-139879957256000","trial_id":7,"param_name":"optimizer","param_value_internal":0,"distribution":"{\"name\": \"CategoricalDistribution\", \"attributes\": {\"choices\": [\"adamw\", \"adam\", \"sgd\"]}}"}
{"op_code":5,"worker_id":"93293f9c-8695-46b3-911c-878698ac5461-139879957256000","trial_id":7,"param_name":"use_maml_msl","param_value_internal":0,"distribution":"{\"name\": \"CategoricalDistribution\", \"attributes\": {\"choices\": [true, false, \"hybrid\"]}}"}
{"op_code":5,"worker_id":"93293f9c-8695-46b3-911c-878698ac5461-139879957256000","trial_id":7,"param_name":"maml_opt_order","param_value_internal":1,"distribution":"{\"name\": \"CategoricalDistribution\", \"attributes\": {\"choices\": [\"first\", \"second\", \"hybrid\"]}}"}
{"op_code":0,"worker_id":"2caceec1-6d5f-4ab2-83ec-df8937036177-139686377682752","study_name":"mamlpp_pretr_DeepCNNLSTM_2fcv_hpo","directions":[2]}
{"op_code":4,"worker_id":"2caceec1-6d5f-4ab2-83ec-df8937036177-139686377682752","study_id":0,"datetime_start":"2026-03-24T00:04:15.822497"}
{"op_code":5,"worker_id":"2caceec1-6d5f-4ab2-83ec-df8937036177-139686377682752","trial_id":8,"param_name":"meta_batchsize","param_value_internal":0,"distribution":"{\"name\": \"CategoricalDistribution\", \"attributes\": {\"choices\": [16, 32, 64]}}"}
{"op_code":5,"worker_id":"2caceec1-6d5f-4ab2-83ec-df8937036177-139686377682752","trial_id":8,"param_name":"maml_inner_steps","param_value_internal":0,"distribution":"{\"name\": \"CategoricalDistribution\", \"attributes\": {\"choices\": [2, 3, 5, 7]}}"}
{"op_code":5,"worker_id":"2caceec1-6d5f-4ab2-83ec-df8937036177-139686377682752","trial_id":8,"param_name":"maml_inner_steps_eval","param_value_internal":1,"distribution":"{\"name\": \"CategoricalDistribution\", \"attributes\": {\"choices\": [10, 15, 20, 30]}}"}
{"op_code":5,"worker_id":"2caceec1-6d5f-4ab2-83ec-df8937036177-139686377682752","trial_id":8,"param_name":"maml_alpha_init","param_value_internal":0.009807270155871227,"distribution":"{\"name\": \"FloatDistribution\", \"attributes\": {\"step\": null, \"low\": 0.0001, \"high\": 0.1, \"log\": true}}"}
{"op_code":5,"worker_id":"2caceec1-6d5f-4ab2-83ec-df8937036177-139686377682752","trial_id":8,"param_name":"maml_alpha_init_eval","param_value_internal":0.006612138422179353,"distribution":"{\"name\": \"FloatDistribution\", \"attributes\": {\"step\": null, \"low\": 0.0001, \"high\": 0.01, \"log\": true}}"}
{"op_code":5,"worker_id":"2caceec1-6d5f-4ab2-83ec-df8937036177-139686377682752","trial_id":8,"param_name":"outer_lr","param_value_internal":0.0020972921234440767,"distribution":"{\"name\": \"FloatDistribution\", \"attributes\": {\"step\": null, \"low\": 1e-05, \"high\": 0.01, \"log\": true}}"}
{"op_code":5,"worker_id":"2caceec1-6d5f-4ab2-83ec-df8937036177-139686377682752","trial_id":8,"param_name":"wd","param_value_internal":3.4816542392429394e-06,"distribution":"{\"name\": \"FloatDistribution\", \"attributes\": {\"step\": null, \"low\": 1e-06, \"high\": 0.0001, \"log\": true}}"}
{"op_code":5,"worker_id":"2caceec1-6d5f-4ab2-83ec-df8937036177-139686377682752","trial_id":8,"param_name":"groupnorm_num_groups","param_value_internal":1,"distribution":"{\"name\": \"CategoricalDistribution\", \"attributes\": {\"choices\": [4, 8]}}"}
{"op_code":5,"worker_id":"2caceec1-6d5f-4ab2-83ec-df8937036177-139686377682752","trial_id":8,"param_name":"emg_width","param_value_internal":0,"distribution":"{\"name\": \"CategoricalDistribution\", \"attributes\": {\"choices\": [32, 64, 128, 256]}}"}
{"op_code":5,"worker_id":"2caceec1-6d5f-4ab2-83ec-df8937036177-139686377682752","trial_id":8,"param_name":"imu_width","param_value_internal":2,"distribution":"{\"name\": \"CategoricalDistribution\", \"attributes\": {\"choices\": [32, 64, 128, 256]}}"}
{"op_code":5,"worker_id":"2caceec1-6d5f-4ab2-83ec-df8937036177-139686377682752","trial_id":8,"param_name":"emg_depth","param_value_internal":4.0,"distribution":"{\"name\": \"IntDistribution\", \"attributes\": {\"log\": false, \"step\": 1, \"low\": 2, \"high\": 4}}"}
{"op_code":5,"worker_id":"2caceec1-6d5f-4ab2-83ec-df8937036177-139686377682752","trial_id":8,"param_name":"imu_depth","param_value_internal":3.0,"distribution":"{\"name\": \"IntDistribution\", \"attributes\": {\"log\": false, \"step\": 1, \"low\": 2, \"high\": 4}}"}
{"op_code":5,"worker_id":"2caceec1-6d5f-4ab2-83ec-df8937036177-139686377682752","trial_id":8,"param_name":"cnn_kernel","param_value_internal":0,"distribution":"{\"name\": \"CategoricalDistribution\", \"attributes\": {\"choices\": [3, 5]}}"}
{"op_code":5,"worker_id":"2caceec1-6d5f-4ab2-83ec-df8937036177-139686377682752","trial_id":8,"param_name":"lstm_hidden","param_value_internal":0,"distribution":"{\"name\": \"CategoricalDistribution\", \"attributes\": {\"choices\": [64, 128, 256]}}"}
{"op_code":5,"worker_id":"2caceec1-6d5f-4ab2-83ec-df8937036177-139686377682752","trial_id":8,"param_name":"lstm_layers","param_value_internal":2.0,"distribution":"{\"name\": \"IntDistribution\", \"attributes\": {\"log\": false, \"step\": 1, \"low\": 1, \"high\": 3}}"}
{"op_code":5,"worker_id":"2caceec1-6d5f-4ab2-83ec-df8937036177-139686377682752","trial_id":8,"param_name":"use_GlobalAvgPooling","param_value_internal":1,"distribution":"{\"name\": \"CategoricalDistribution\", \"attributes\": {\"choices\": [true, false]}}"}
{"op_code":5,"worker_id":"2caceec1-6d5f-4ab2-83ec-df8937036177-139686377682752","trial_id":8,"param_name":"finetuning_approach","param_value_internal":0,"distribution":"{\"name\": \"CategoricalDistribution\", \"attributes\": {\"choices\": [\"full\"]}}"}
{"op_code":5,"worker_id":"2caceec1-6d5f-4ab2-83ec-df8937036177-139686377682752","trial_id":8,"param_name":"use_film_x_demo","param_value_internal":1,"distribution":"{\"name\": \"CategoricalDistribution\", \"attributes\": {\"choices\": [true, false]}}"}
{"op_code":5,"worker_id":"2caceec1-6d5f-4ab2-83ec-df8937036177-139686377682752","trial_id":8,"param_name":"context_emb_dim","param_value_internal":2,"distribution":"{\"name\": \"CategoricalDistribution\", \"attributes\": {\"choices\": [8, 16, 32, 64]}}"}
{"op_code":5,"worker_id":"2caceec1-6d5f-4ab2-83ec-df8937036177-139686377682752","trial_id":8,"param_name":"demo_emb_dim","param_value_internal":1,"distribution":"{\"name\": \"CategoricalDistribution\", \"attributes\": {\"choices\": [8, 16, 32, 64]}}"}
{"op_code":5,"worker_id":"2caceec1-6d5f-4ab2-83ec-df8937036177-139686377682752","trial_id":8,"param_name":"context_pool_type","param_value_internal":0,"distribution":"{\"name\": \"CategoricalDistribution\", \"attributes\": {\"choices\": [\"mean\", \"attn\"]}}"}
{"op_code":5,"worker_id":"2caceec1-6d5f-4ab2-83ec-df8937036177-139686377682752","trial_id":8,"param_name":"episodes_per_epoch_train","param_value_internal":0,"distribution":"{\"name\": \"CategoricalDistribution\", \"attributes\": {\"choices\": [250, 500]}}"}
{"op_code":5,"worker_id":"2caceec1-6d5f-4ab2-83ec-df8937036177-139686377682752","trial_id":8,"param_name":"optimizer","param_value_internal":1,"distribution":"{\"name\": \"CategoricalDistribution\", \"attributes\": {\"choices\": [\"adamw\", \"adam\", \"sgd\"]}}"}
{"op_code":5,"worker_id":"2caceec1-6d5f-4ab2-83ec-df8937036177-139686377682752","trial_id":8,"param_name":"use_maml_msl","param_value_internal":0,"distribution":"{\"name\": \"CategoricalDistribution\", \"attributes\": {\"choices\": [true, false, \"hybrid\"]}}"}
{"op_code":5,"worker_id":"2caceec1-6d5f-4ab2-83ec-df8937036177-139686377682752","trial_id":8,"param_name":"maml_opt_order","param_value_internal":0,"distribution":"{\"name\": \"CategoricalDistribution\", \"attributes\": {\"choices\": [\"first\", \"second\", \"hybrid\"]}}"}
{"op_code":0,"worker_id":"e242c391-ce59-4f8a-89d1-39bc7d897b1c-140314548950848","study_name":"mamlpp_pretr_DeepCNNLSTM_2fcv_hpo","directions":[2]}
{"op_code":4,"worker_id":"e242c391-ce59-4f8a-89d1-39bc7d897b1c-140314548950848","study_id":0,"datetime_start":"2026-03-24T00:04:16.492964"}
{"op_code":5,"worker_id":"e242c391-ce59-4f8a-89d1-39bc7d897b1c-140314548950848","trial_id":9,"param_name":"meta_batchsize","param_value_internal":2,"distribution":"{\"name\": \"CategoricalDistribution\", \"attributes\": {\"choices\": [16, 32, 64]}}"}
{"op_code":5,"worker_id":"e242c391-ce59-4f8a-89d1-39bc7d897b1c-140314548950848","trial_id":9,"param_name":"maml_inner_steps","param_value_internal":2,"distribution":"{\"name\": \"CategoricalDistribution\", \"attributes\": {\"choices\": [2, 3, 5, 7]}}"}
{"op_code":5,"worker_id":"e242c391-ce59-4f8a-89d1-39bc7d897b1c-140314548950848","trial_id":9,"param_name":"maml_inner_steps_eval","param_value_internal":1,"distribution":"{\"name\": \"CategoricalDistribution\", \"attributes\": {\"choices\": [10, 15, 20, 30]}}"}
{"op_code":5,"worker_id":"e242c391-ce59-4f8a-89d1-39bc7d897b1c-140314548950848","trial_id":9,"param_name":"maml_alpha_init","param_value_internal":0.04403214973179513,"distribution":"{\"name\": \"FloatDistribution\", \"attributes\": {\"step\": null, \"low\": 0.0001, \"high\": 0.1, \"log\": true}}"}
{"op_code":5,"worker_id":"e242c391-ce59-4f8a-89d1-39bc7d897b1c-140314548950848","trial_id":9,"param_name":"maml_alpha_init_eval","param_value_internal":0.0019294882264811542,"distribution":"{\"name\": \"FloatDistribution\", \"attributes\": {\"step\": null, \"low\": 0.0001, \"high\": 0.01, \"log\": true}}"}
{"op_code":5,"worker_id":"e242c391-ce59-4f8a-89d1-39bc7d897b1c-140314548950848","trial_id":9,"param_name":"outer_lr","param_value_internal":0.002267037508402025,"distribution":"{\"name\": \"FloatDistribution\", \"attributes\": {\"step\": null, \"low\": 1e-05, \"high\": 0.01, \"log\": true}}"}
{"op_code":5,"worker_id":"e242c391-ce59-4f8a-89d1-39bc7d897b1c-140314548950848","trial_id":9,"param_name":"wd","param_value_internal":3.385191941234397e-06,"distribution":"{\"name\": \"FloatDistribution\", \"attributes\": {\"step\": null, \"low\": 1e-06, \"high\": 0.0001, \"log\": true}}"}
{"op_code":5,"worker_id":"e242c391-ce59-4f8a-89d1-39bc7d897b1c-140314548950848","trial_id":9,"param_name":"groupnorm_num_groups","param_value_internal":0,"distribution":"{\"name\": \"CategoricalDistribution\", \"attributes\": {\"choices\": [4, 8]}}"}
{"op_code":5,"worker_id":"e242c391-ce59-4f8a-89d1-39bc7d897b1c-140314548950848","trial_id":9,"param_name":"emg_width","param_value_internal":1,"distribution":"{\"name\": \"CategoricalDistribution\", \"attributes\": {\"choices\": [32, 64, 128, 256]}}"}
{"op_code":5,"worker_id":"e242c391-ce59-4f8a-89d1-39bc7d897b1c-140314548950848","trial_id":9,"param_name":"imu_width","param_value_internal":0,"distribution":"{\"name\": \"CategoricalDistribution\", \"attributes\": {\"choices\": [32, 64, 128, 256]}}"}
{"op_code":5,"worker_id":"e242c391-ce59-4f8a-89d1-39bc7d897b1c-140314548950848","trial_id":9,"param_name":"emg_depth","param_value_internal":3.0,"distribution":"{\"name\": \"IntDistribution\", \"attributes\": {\"log\": false, \"step\": 1, \"low\": 2, \"high\": 4}}"}
{"op_code":5,"worker_id":"e242c391-ce59-4f8a-89d1-39bc7d897b1c-140314548950848","trial_id":9,"param_name":"imu_depth","param_value_internal":3.0,"distribution":"{\"name\": \"IntDistribution\", \"attributes\": {\"log\": false, \"step\": 1, \"low\": 2, \"high\": 4}}"}
{"op_code":5,"worker_id":"e242c391-ce59-4f8a-89d1-39bc7d897b1c-140314548950848","trial_id":9,"param_name":"cnn_kernel","param_value_internal":1,"distribution":"{\"name\": \"CategoricalDistribution\", \"attributes\": {\"choices\": [3, 5]}}"}
{"op_code":5,"worker_id":"e242c391-ce59-4f8a-89d1-39bc7d897b1c-140314548950848","trial_id":9,"param_name":"lstm_hidden","param_value_internal":1,"distribution":"{\"name\": \"CategoricalDistribution\", \"attributes\": {\"choices\": [64, 128, 256]}}"}
{"op_code":5,"worker_id":"e242c391-ce59-4f8a-89d1-39bc7d897b1c-140314548950848","trial_id":9,"param_name":"lstm_layers","param_value_internal":1.0,"distribution":"{\"name\": \"IntDistribution\", \"attributes\": {\"log\": false, \"step\": 1, \"low\": 1, \"high\": 3}}"}
{"op_code":5,"worker_id":"e242c391-ce59-4f8a-89d1-39bc7d897b1c-140314548950848","trial_id":9,"param_name":"use_GlobalAvgPooling","param_value_internal":0,"distribution":"{\"name\": \"CategoricalDistribution\", \"attributes\": {\"choices\": [true, false]}}"}
{"op_code":5,"worker_id":"e242c391-ce59-4f8a-89d1-39bc7d897b1c-140314548950848","trial_id":9,"param_name":"finetuning_approach","param_value_internal":0,"distribution":"{\"name\": \"CategoricalDistribution\", \"attributes\": {\"choices\": [\"full\"]}}"}
{"op_code":5,"worker_id":"e242c391-ce59-4f8a-89d1-39bc7d897b1c-140314548950848","trial_id":9,"param_name":"use_film_x_demo","param_value_internal":0,"distribution":"{\"name\": \"CategoricalDistribution\", \"attributes\": {\"choices\": [true, false]}}"}
{"op_code":5,"worker_id":"e242c391-ce59-4f8a-89d1-39bc7d897b1c-140314548950848","trial_id":9,"param_name":"context_emb_dim","param_value_internal":3,"distribution":"{\"name\": \"CategoricalDistribution\", \"attributes\": {\"choices\": [8, 16, 32, 64]}}"}
{"op_code":5,"worker_id":"e242c391-ce59-4f8a-89d1-39bc7d897b1c-140314548950848","trial_id":9,"param_name":"demo_emb_dim","param_value_internal":0,"distribution":"{\"name\": \"CategoricalDistribution\", \"attributes\": {\"choices\": [8, 16, 32, 64]}}"}
{"op_code":5,"worker_id":"e242c391-ce59-4f8a-89d1-39bc7d897b1c-140314548950848","trial_id":9,"param_name":"context_pool_type","param_value_internal":1,"distribution":"{\"name\": \"CategoricalDistribution\", \"attributes\": {\"choices\": [\"mean\", \"attn\"]}}"}
{"op_code":5,"worker_id":"e242c391-ce59-4f8a-89d1-39bc7d897b1c-140314548950848","trial_id":9,"param_name":"episodes_per_epoch_train","param_value_internal":0,"distribution":"{\"name\": \"CategoricalDistribution\", \"attributes\": {\"choices\": [250, 500]}}"}
{"op_code":5,"worker_id":"e242c391-ce59-4f8a-89d1-39bc7d897b1c-140314548950848","trial_id":9,"param_name":"optimizer","param_value_internal":2,"distribution":"{\"name\": \"CategoricalDistribution\", \"attributes\": {\"choices\": [\"adamw\", \"adam\", \"sgd\"]}}"}
{"op_code":5,"worker_id":"e242c391-ce59-4f8a-89d1-39bc7d897b1c-140314548950848","trial_id":9,"param_name":"use_maml_msl","param_value_internal":1,"distribution":"{\"name\": \"CategoricalDistribution\", \"attributes\": {\"choices\": [true, false, \"hybrid\"]}}"}
{"op_code":5,"worker_id":"e242c391-ce59-4f8a-89d1-39bc7d897b1c-140314548950848","trial_id":9,"param_name":"maml_opt_order","param_value_internal":2,"distribution":"{\"name\": \"CategoricalDistribution\", \"attributes\": {\"choices\": [\"first\", \"second\", \"hybrid\"]}}"}
{"op_code":5,"worker_id":"e242c391-ce59-4f8a-89d1-39bc7d897b1c-140314548950848","trial_id":9,"param_name":"maml_first_order_to_second_order_epoch","param_value_internal":14.0,"distribution":"{\"name\": \"IntDistribution\", \"attributes\": {\"log\": false, \"step\": 1, \"low\": 1, \"high\": 40}}"}
{"op_code":0,"worker_id":"baa2ece3-a607-4ce9-8cb4-cc91a3d481f3-139772472006464","study_name":"mamlpp_pretr_DeepCNNLSTM_2fcv_hpo","directions":[2]}
{"op_code":4,"worker_id":"baa2ece3-a607-4ce9-8cb4-cc91a3d481f3-139772472006464","study_id":0,"datetime_start":"2026-03-24T00:16:22.776296"}
{"op_code":5,"worker_id":"baa2ece3-a607-4ce9-8cb4-cc91a3d481f3-139772472006464","trial_id":10,"param_name":"meta_batchsize","param_value_internal":0,"distribution":"{\"name\": \"CategoricalDistribution\", \"attributes\": {\"choices\": [16, 32, 64]}}"}
{"op_code":5,"worker_id":"baa2ece3-a607-4ce9-8cb4-cc91a3d481f3-139772472006464","trial_id":10,"param_name":"maml_inner_steps","param_value_internal":2,"distribution":"{\"name\": \"CategoricalDistribution\", \"attributes\": {\"choices\": [2, 3, 5, 7]}}"}
{"op_code":5,"worker_id":"baa2ece3-a607-4ce9-8cb4-cc91a3d481f3-139772472006464","trial_id":10,"param_name":"maml_inner_steps_eval","param_value_internal":3,"distribution":"{\"name\": \"CategoricalDistribution\", \"attributes\": {\"choices\": [10, 15, 20, 30]}}"}
{"op_code":5,"worker_id":"baa2ece3-a607-4ce9-8cb4-cc91a3d481f3-139772472006464","trial_id":10,"param_name":"maml_alpha_init","param_value_internal":0.004295499661760937,"distribution":"{\"name\": \"FloatDistribution\", \"attributes\": {\"step\": null, \"low\": 0.0001, \"high\": 0.1, \"log\": true}}"}
{"op_code":5,"worker_id":"baa2ece3-a607-4ce9-8cb4-cc91a3d481f3-139772472006464","trial_id":10,"param_name":"maml_alpha_init_eval","param_value_internal":0.003051019165128811,"distribution":"{\"name\": \"FloatDistribution\", \"attributes\": {\"step\": null, \"low\": 0.0001, \"high\": 0.01, \"log\": true}}"}
{"op_code":5,"worker_id":"baa2ece3-a607-4ce9-8cb4-cc91a3d481f3-139772472006464","trial_id":10,"param_name":"outer_lr","param_value_internal":2.508977435863366e-05,"distribution":"{\"name\": \"FloatDistribution\", \"attributes\": {\"step\": null, \"low\": 1e-05, \"high\": 0.01, \"log\": true}}"}
{"op_code":5,"worker_id":"baa2ece3-a607-4ce9-8cb4-cc91a3d481f3-139772472006464","trial_id":10,"param_name":"wd","param_value_internal":3.2532203189479625e-05,"distribution":"{\"name\": \"FloatDistribution\", \"attributes\": {\"step\": null, \"low\": 1e-06, \"high\": 0.0001, \"log\": true}}"}
{"op_code":5,"worker_id":"baa2ece3-a607-4ce9-8cb4-cc91a3d481f3-139772472006464","trial_id":10,"param_name":"groupnorm_num_groups","param_value_internal":1,"distribution":"{\"name\": \"CategoricalDistribution\", \"attributes\": {\"choices\": [4, 8]}}"}
{"op_code":5,"worker_id":"baa2ece3-a607-4ce9-8cb4-cc91a3d481f3-139772472006464","trial_id":10,"param_name":"emg_width","param_value_internal":2,"distribution":"{\"name\": \"CategoricalDistribution\", \"attributes\": {\"choices\": [32, 64, 128, 256]}}"}
{"op_code":5,"worker_id":"baa2ece3-a607-4ce9-8cb4-cc91a3d481f3-139772472006464","trial_id":10,"param_name":"imu_width","param_value_internal":1,"distribution":"{\"name\": \"CategoricalDistribution\", \"attributes\": {\"choices\": [32, 64, 128, 256]}}"}
{"op_code":5,"worker_id":"baa2ece3-a607-4ce9-8cb4-cc91a3d481f3-139772472006464","trial_id":10,"param_name":"emg_depth","param_value_internal":3.0,"distribution":"{\"name\": \"IntDistribution\", \"attributes\": {\"log\": false, \"step\": 1, \"low\": 2, \"high\": 4}}"}
{"op_code":5,"worker_id":"baa2ece3-a607-4ce9-8cb4-cc91a3d481f3-139772472006464","trial_id":10,"param_name":"imu_depth","param_value_internal":2.0,"distribution":"{\"name\": \"IntDistribution\", \"attributes\": {\"log\": false, \"step\": 1, \"low\": 2, \"high\": 4}}"}
{"op_code":5,"worker_id":"baa2ece3-a607-4ce9-8cb4-cc91a3d481f3-139772472006464","trial_id":10,"param_name":"cnn_kernel","param_value_internal":0,"distribution":"{\"name\": \"CategoricalDistribution\", \"attributes\": {\"choices\": [3, 5]}}"}
{"op_code":5,"worker_id":"baa2ece3-a607-4ce9-8cb4-cc91a3d481f3-139772472006464","trial_id":10,"param_name":"lstm_hidden","param_value_internal":0,"distribution":"{\"name\": \"CategoricalDistribution\", \"attributes\": {\"choices\": [64, 128, 256]}}"}
{"op_code":5,"worker_id":"baa2ece3-a607-4ce9-8cb4-cc91a3d481f3-139772472006464","trial_id":10,"param_name":"lstm_layers","param_value_internal":1.0,"distribution":"{\"name\": \"IntDistribution\", \"attributes\": {\"log\": false, \"step\": 1, \"low\": 1, \"high\": 3}}"}
{"op_code":5,"worker_id":"baa2ece3-a607-4ce9-8cb4-cc91a3d481f3-139772472006464","trial_id":10,"param_name":"use_GlobalAvgPooling","param_value_internal":1,"distribution":"{\"name\": \"CategoricalDistribution\", \"attributes\": {\"choices\": [true, false]}}"}
{"op_code":5,"worker_id":"baa2ece3-a607-4ce9-8cb4-cc91a3d481f3-139772472006464","trial_id":10,"param_name":"finetuning_approach","param_value_internal":0,"distribution":"{\"name\": \"CategoricalDistribution\", \"attributes\": {\"choices\": [\"full\"]}}"}
{"op_code":5,"worker_id":"baa2ece3-a607-4ce9-8cb4-cc91a3d481f3-139772472006464","trial_id":10,"param_name":"use_film_x_demo","param_value_internal":0,"distribution":"{\"name\": \"CategoricalDistribution\", \"attributes\": {\"choices\": [true, false]}}"}
{"op_code":5,"worker_id":"baa2ece3-a607-4ce9-8cb4-cc91a3d481f3-139772472006464","trial_id":10,"param_name":"context_emb_dim","param_value_internal":3,"distribution":"{\"name\": \"CategoricalDistribution\", \"attributes\": {\"choices\": [8, 16, 32, 64]}}"}
{"op_code":5,"worker_id":"baa2ece3-a607-4ce9-8cb4-cc91a3d481f3-139772472006464","trial_id":10,"param_name":"demo_emb_dim","param_value_internal":1,"distribution":"{\"name\": \"CategoricalDistribution\", \"attributes\": {\"choices\": [8, 16, 32, 64]}}"}
{"op_code":5,"worker_id":"baa2ece3-a607-4ce9-8cb4-cc91a3d481f3-139772472006464","trial_id":10,"param_name":"context_pool_type","param_value_internal":1,"distribution":"{\"name\": \"CategoricalDistribution\", \"attributes\": {\"choices\": [\"mean\", \"attn\"]}}"}
{"op_code":5,"worker_id":"baa2ece3-a607-4ce9-8cb4-cc91a3d481f3-139772472006464","trial_id":10,"param_name":"episodes_per_epoch_train","param_value_internal":0,"distribution":"{\"name\": \"CategoricalDistribution\", \"attributes\": {\"choices\": [250, 500]}}"}
{"op_code":5,"worker_id":"baa2ece3-a607-4ce9-8cb4-cc91a3d481f3-139772472006464","trial_id":10,"param_name":"optimizer","param_value_internal":0,"distribution":"{\"name\": \"CategoricalDistribution\", \"attributes\": {\"choices\": [\"adamw\", \"adam\", \"sgd\"]}}"}
{"op_code":5,"worker_id":"baa2ece3-a607-4ce9-8cb4-cc91a3d481f3-139772472006464","trial_id":10,"param_name":"use_maml_msl","param_value_internal":1,"distribution":"{\"name\": \"CategoricalDistribution\", \"attributes\": {\"choices\": [true, false, \"hybrid\"]}}"}
{"op_code":5,"worker_id":"baa2ece3-a607-4ce9-8cb4-cc91a3d481f3-139772472006464","trial_id":10,"param_name":"maml_opt_order","param_value_internal":2,"distribution":"{\"name\": \"CategoricalDistribution\", \"attributes\": {\"choices\": [\"first\", \"second\", \"hybrid\"]}}"}
{"op_code":5,"worker_id":"baa2ece3-a607-4ce9-8cb4-cc91a3d481f3-139772472006464","trial_id":10,"param_name":"maml_first_order_to_second_order_epoch","param_value_internal":5.0,"distribution":"{\"name\": \"IntDistribution\", \"attributes\": {\"log\": false, \"step\": 1, \"low\": 1, \"high\": 40}}"}
{"op_code":0,"worker_id":"ec66d5bf-7502-47df-96ce-37fd6ccba43f-139661607593792","study_name":"mamlpp_pretr_DeepCNNLSTM_2fcv_hpo","directions":[2]}
{"op_code":4,"worker_id":"ec66d5bf-7502-47df-96ce-37fd6ccba43f-139661607593792","study_id":0,"datetime_start":"2026-03-24T00:20:21.719756"}
{"op_code":5,"worker_id":"ec66d5bf-7502-47df-96ce-37fd6ccba43f-139661607593792","trial_id":11,"param_name":"meta_batchsize","param_value_internal":1,"distribution":"{\"name\": \"CategoricalDistribution\", \"attributes\": {\"choices\": [16, 32, 64]}}"}
{"op_code":5,"worker_id":"ec66d5bf-7502-47df-96ce-37fd6ccba43f-139661607593792","trial_id":11,"param_name":"maml_inner_steps","param_value_internal":2,"distribution":"{\"name\": \"CategoricalDistribution\", \"attributes\": {\"choices\": [2, 3, 5, 7]}}"}
{"op_code":5,"worker_id":"ec66d5bf-7502-47df-96ce-37fd6ccba43f-139661607593792","trial_id":11,"param_name":"maml_inner_steps_eval","param_value_internal":3,"distribution":"{\"name\": \"CategoricalDistribution\", \"attributes\": {\"choices\": [10, 15, 20, 30]}}"}
{"op_code":5,"worker_id":"ec66d5bf-7502-47df-96ce-37fd6ccba43f-139661607593792","trial_id":11,"param_name":"maml_alpha_init","param_value_internal":0.00010920592747538476,"distribution":"{\"name\": \"FloatDistribution\", \"attributes\": {\"step\": null, \"low\": 0.0001, \"high\": 0.1, \"log\": true}}"}
{"op_code":5,"worker_id":"ec66d5bf-7502-47df-96ce-37fd6ccba43f-139661607593792","trial_id":11,"param_name":"maml_alpha_init_eval","param_value_internal":0.000846198678873359,"distribution":"{\"name\": \"FloatDistribution\", \"attributes\": {\"step\": null, \"low\": 0.0001, \"high\": 0.01, \"log\": true}}"}
{"op_code":5,"worker_id":"ec66d5bf-7502-47df-96ce-37fd6ccba43f-139661607593792","trial_id":11,"param_name":"outer_lr","param_value_internal":0.00248283009982019,"distribution":"{\"name\": \"FloatDistribution\", \"attributes\": {\"step\": null, \"low\": 1e-05, \"high\": 0.01, \"log\": true}}"}
{"op_code":5,"worker_id":"ec66d5bf-7502-47df-96ce-37fd6ccba43f-139661607593792","trial_id":11,"param_name":"wd","param_value_internal":1.5633916903220011e-06,"distribution":"{\"name\": \"FloatDistribution\", \"attributes\": {\"step\": null, \"low\": 1e-06, \"high\": 0.0001, \"log\": true}}"}
{"op_code":5,"worker_id":"ec66d5bf-7502-47df-96ce-37fd6ccba43f-139661607593792","trial_id":11,"param_name":"groupnorm_num_groups","param_value_internal":1,"distribution":"{\"name\": \"CategoricalDistribution\", \"attributes\": {\"choices\": [4, 8]}}"}
{"op_code":5,"worker_id":"ec66d5bf-7502-47df-96ce-37fd6ccba43f-139661607593792","trial_id":11,"param_name":"emg_width","param_value_internal":1,"distribution":"{\"name\": \"CategoricalDistribution\", \"attributes\": {\"choices\": [32, 64, 128, 256]}}"}
{"op_code":5,"worker_id":"ec66d5bf-7502-47df-96ce-37fd6ccba43f-139661607593792","trial_id":11,"param_name":"imu_width","param_value_internal":1,"distribution":"{\"name\": \"CategoricalDistribution\", \"attributes\": {\"choices\": [32, 64, 128, 256]}}"}
{"op_code":5,"worker_id":"ec66d5bf-7502-47df-96ce-37fd6ccba43f-139661607593792","trial_id":11,"param_name":"emg_depth","param_value_internal":2.0,"distribution":"{\"name\": \"IntDistribution\", \"attributes\": {\"log\": false, \"step\": 1, \"low\": 2, \"high\": 4}}"}
{"op_code":5,"worker_id":"ec66d5bf-7502-47df-96ce-37fd6ccba43f-139661607593792","trial_id":11,"param_name":"imu_depth","param_value_internal":3.0,"distribution":"{\"name\": \"IntDistribution\", \"attributes\": {\"log\": false, \"step\": 1, \"low\": 2, \"high\": 4}}"}
{"op_code":5,"worker_id":"ec66d5bf-7502-47df-96ce-37fd6ccba43f-139661607593792","trial_id":11,"param_name":"cnn_kernel","param_value_internal":1,"distribution":"{\"name\": \"CategoricalDistribution\", \"attributes\": {\"choices\": [3, 5]}}"}
{"op_code":5,"worker_id":"ec66d5bf-7502-47df-96ce-37fd6ccba43f-139661607593792","trial_id":11,"param_name":"lstm_hidden","param_value_internal":2,"distribution":"{\"name\": \"CategoricalDistribution\", \"attributes\": {\"choices\": [64, 128, 256]}}"}
{"op_code":5,"worker_id":"ec66d5bf-7502-47df-96ce-37fd6ccba43f-139661607593792","trial_id":11,"param_name":"lstm_layers","param_value_internal":3.0,"distribution":"{\"name\": \"IntDistribution\", \"attributes\": {\"log\": false, \"step\": 1, \"low\": 1, \"high\": 3}}"}
{"op_code":5,"worker_id":"ec66d5bf-7502-47df-96ce-37fd6ccba43f-139661607593792","trial_id":11,"param_name":"use_GlobalAvgPooling","param_value_internal":1,"distribution":"{\"name\": \"CategoricalDistribution\", \"attributes\": {\"choices\": [true, false]}}"}
{"op_code":5,"worker_id":"ec66d5bf-7502-47df-96ce-37fd6ccba43f-139661607593792","trial_id":11,"param_name":"finetuning_approach","param_value_internal":0,"distribution":"{\"name\": \"CategoricalDistribution\", \"attributes\": {\"choices\": [\"full\"]}}"}
{"op_code":5,"worker_id":"ec66d5bf-7502-47df-96ce-37fd6ccba43f-139661607593792","trial_id":11,"param_name":"use_film_x_demo","param_value_internal":1,"distribution":"{\"name\": \"CategoricalDistribution\", \"attributes\": {\"choices\": [true, false]}}"}
{"op_code":5,"worker_id":"ec66d5bf-7502-47df-96ce-37fd6ccba43f-139661607593792","trial_id":11,"param_name":"context_emb_dim","param_value_internal":3,"distribution":"{\"name\": \"CategoricalDistribution\", \"attributes\": {\"choices\": [8, 16, 32, 64]}}"}
{"op_code":5,"worker_id":"ec66d5bf-7502-47df-96ce-37fd6ccba43f-139661607593792","trial_id":11,"param_name":"demo_emb_dim","param_value_internal":3,"distribution":"{\"name\": \"CategoricalDistribution\", \"attributes\": {\"choices\": [8, 16, 32, 64]}}"}
{"op_code":5,"worker_id":"ec66d5bf-7502-47df-96ce-37fd6ccba43f-139661607593792","trial_id":11,"param_name":"context_pool_type","param_value_internal":0,"distribution":"{\"name\": \"CategoricalDistribution\", \"attributes\": {\"choices\": [\"mean\", \"attn\"]}}"}
{"op_code":5,"worker_id":"ec66d5bf-7502-47df-96ce-37fd6ccba43f-139661607593792","trial_id":11,"param_name":"episodes_per_epoch_train","param_value_internal":0,"distribution":"{\"name\": \"CategoricalDistribution\", \"attributes\": {\"choices\": [250, 500]}}"}
{"op_code":5,"worker_id":"ec66d5bf-7502-47df-96ce-37fd6ccba43f-139661607593792","trial_id":11,"param_name":"optimizer","param_value_internal":2,"distribution":"{\"name\": \"CategoricalDistribution\", \"attributes\": {\"choices\": [\"adamw\", \"adam\", \"sgd\"]}}"}
{"op_code":5,"worker_id":"ec66d5bf-7502-47df-96ce-37fd6ccba43f-139661607593792","trial_id":11,"param_name":"use_maml_msl","param_value_internal":1,"distribution":"{\"name\": \"CategoricalDistribution\", \"attributes\": {\"choices\": [true, false, \"hybrid\"]}}"}
{"op_code":5,"worker_id":"ec66d5bf-7502-47df-96ce-37fd6ccba43f-139661607593792","trial_id":11,"param_name":"maml_opt_order","param_value_internal":0,"distribution":"{\"name\": \"CategoricalDistribution\", \"attributes\": {\"choices\": [\"first\", \"second\", \"hybrid\"]}}"}
{"op_code":8,"worker_id":"e242c391-ce59-4f8a-89d1-39bc7d897b1c-140314548950848","trial_id":9,"user_attr":{"fold_mean_accs":[0.33958333333333335,0.33333333333333337]}}
{"op_code":8,"worker_id":"e242c391-ce59-4f8a-89d1-39bc7d897b1c-140314548950848","trial_id":9,"user_attr":{"fold_user_accs":[[0.33333333333333337,0.3416666666666667,0.35,0.33333333333333337],[0.33333333333333337,0.33333333333333337,0.33333333333333337,0.33333333333333337]]}}
{"op_code":8,"worker_id":"e242c391-ce59-4f8a-89d1-39bc7d897b1c-140314548950848","trial_id":9,"user_attr":{"mean_pretrain_val_acc":0.3364583333333333}}
{"op_code":6,"worker_id":"e242c391-ce59-4f8a-89d1-39bc7d897b1c-140314548950848","trial_id":9,"state":1,"values":[0.33645833333333336],"datetime_complete":"2026-03-24T00:39:33.819546"}
{"op_code":8,"worker_id":"51fdcfb5-49c7-418a-9e1b-8ce59989c593-140055261185856","trial_id":4,"user_attr":{"fold_mean_accs":[0.33333333333333337,0.33333333333333337]}}
{"op_code":8,"worker_id":"51fdcfb5-49c7-418a-9e1b-8ce59989c593-140055261185856","trial_id":4,"user_attr":{"fold_user_accs":[[0.33333333333333337,0.33333333333333337,0.33333333333333337,0.33333333333333337],[0.33333333333333337,0.33333333333333337,0.33333333333333337,0.33333333333333337]]}}
{"op_code":8,"worker_id":"51fdcfb5-49c7-418a-9e1b-8ce59989c593-140055261185856","trial_id":4,"user_attr":{"mean_pretrain_val_acc":0.3333333333333333}}
{"op_code":6,"worker_id":"51fdcfb5-49c7-418a-9e1b-8ce59989c593-140055261185856","trial_id":4,"state":1,"values":[0.33333333333333337],"datetime_complete":"2026-03-24T01:05:38.798480"}
{"op_code":8,"worker_id":"2caceec1-6d5f-4ab2-83ec-df8937036177-139686377682752","trial_id":8,"user_attr":{"fold_mean_accs":[0.7708333333333334,0.6875]}}
{"op_code":8,"worker_id":"2caceec1-6d5f-4ab2-83ec-df8937036177-139686377682752","trial_id":8,"user_attr":{"fold_user_accs":[[0.7666666666666667,0.8833333333333334,0.7083333333333333,0.725],[0.8583333333333334,0.5416666666666666,0.5583333333333333,0.7916666666666667]]}}
{"op_code":8,"worker_id":"2caceec1-6d5f-4ab2-83ec-df8937036177-139686377682752","trial_id":8,"user_attr":{"mean_pretrain_val_acc":0.746875}}
{"op_code":6,"worker_id":"2caceec1-6d5f-4ab2-83ec-df8937036177-139686377682752","trial_id":8,"state":1,"values":[0.7291666666666667],"datetime_complete":"2026-03-24T02:07:55.485314"}
{"op_code":8,"worker_id":"ec66d5bf-7502-47df-96ce-37fd6ccba43f-139661607593792","trial_id":11,"user_attr":{"fold_mean_accs":[0.33333333333333337,0.33333333333333337]}}
{"op_code":8,"worker_id":"ec66d5bf-7502-47df-96ce-37fd6ccba43f-139661607593792","trial_id":11,"user_attr":{"fold_user_accs":[[0.33333333333333337,0.33333333333333337,0.33333333333333337,0.33333333333333337],[0.33333333333333337,0.33333333333333337,0.33333333333333337,0.33333333333333337]]}}
{"op_code":8,"worker_id":"ec66d5bf-7502-47df-96ce-37fd6ccba43f-139661607593792","trial_id":11,"user_attr":{"mean_pretrain_val_acc":0.3333333333333333}}
{"op_code":6,"worker_id":"ec66d5bf-7502-47df-96ce-37fd6ccba43f-139661607593792","trial_id":11,"state":1,"values":[0.33333333333333337],"datetime_complete":"2026-03-24T02:29:43.967811"}
