{"op_code":0,"worker_id":"22c25441-b7cc-4484-9f32-0124df39cd29-140289139472192","study_name":"mamlpp_pretrained_DeepCNNLSTM_20260406_1835","directions":[2]}
{"op_code":4,"worker_id":"22c25441-b7cc-4484-9f32-0124df39cd29-140289139472192","study_id":0,"datetime_start":"2026-04-06T18:36:35.184448"}
{"op_code":5,"worker_id":"22c25441-b7cc-4484-9f32-0124df39cd29-140289139472192","trial_id":0,"param_name":"outer_lr","param_value_internal":3,"distribution":"{\"name\": \"CategoricalDistribution\", \"attributes\": {\"choices\": [0.0001, 0.0002, 0.0003, 0.0005, 0.001]}}"}
{"op_code":5,"worker_id":"22c25441-b7cc-4484-9f32-0124df39cd29-140289139472192","trial_id":0,"param_name":"maml_inner_steps","param_value_internal":2,"distribution":"{\"name\": \"CategoricalDistribution\", \"attributes\": {\"choices\": [10, 15, 20]}}"}
{"op_code":8,"worker_id":"22c25441-b7cc-4484-9f32-0124df39cd29-140289139472192","trial_id":0,"user_attr":{"final_max_expert_load":0.1302083283662796}}
{"op_code":8,"worker_id":"22c25441-b7cc-4484-9f32-0124df39cd29-140289139472192","trial_id":0,"user_attr":{"fold_mean_accs":[0.8416666666666667]}}
{"op_code":8,"worker_id":"22c25441-b7cc-4484-9f32-0124df39cd29-140289139472192","trial_id":0,"user_attr":{"fold_user_accs":[[0.775,0.8833333333333334,0.8583333333333334,0.85]]}}
{"op_code":8,"worker_id":"22c25441-b7cc-4484-9f32-0124df39cd29-140289139472192","trial_id":0,"user_attr":{"mean_maml_val_acc":0.8927083333333333}}
{"op_code":6,"worker_id":"22c25441-b7cc-4484-9f32-0124df39cd29-140289139472192","trial_id":0,"state":1,"values":[0.8416666666666667],"datetime_complete":"2026-04-06T20:37:45.780721"}
{"op_code":4,"worker_id":"22c25441-b7cc-4484-9f32-0124df39cd29-140289139472192","study_id":0,"datetime_start":"2026-04-06T20:37:45.915922"}
{"op_code":5,"worker_id":"22c25441-b7cc-4484-9f32-0124df39cd29-140289139472192","trial_id":1,"param_name":"outer_lr","param_value_internal":3,"distribution":"{\"name\": \"CategoricalDistribution\", \"attributes\": {\"choices\": [0.0001, 0.0002, 0.0003, 0.0005, 0.001]}}"}
{"op_code":5,"worker_id":"22c25441-b7cc-4484-9f32-0124df39cd29-140289139472192","trial_id":1,"param_name":"maml_inner_steps","param_value_internal":2,"distribution":"{\"name\": \"CategoricalDistribution\", \"attributes\": {\"choices\": [10, 15, 20]}}"}
{"op_code":8,"worker_id":"22c25441-b7cc-4484-9f32-0124df39cd29-140289139472192","trial_id":1,"user_attr":{"final_max_expert_load":0.18541666865348816}}
{"op_code":8,"worker_id":"22c25441-b7cc-4484-9f32-0124df39cd29-140289139472192","trial_id":1,"user_attr":{"fold_mean_accs":[0.8729166666666668]}}
{"op_code":8,"worker_id":"22c25441-b7cc-4484-9f32-0124df39cd29-140289139472192","trial_id":1,"user_attr":{"fold_user_accs":[[0.8333333333333334,0.8666666666666668,0.9041666666666668,0.8875]]}}
{"op_code":8,"worker_id":"22c25441-b7cc-4484-9f32-0124df39cd29-140289139472192","trial_id":1,"user_attr":{"mean_maml_val_acc":0.909375}}
{"op_code":6,"worker_id":"22c25441-b7cc-4484-9f32-0124df39cd29-140289139472192","trial_id":1,"state":1,"values":[0.8729166666666668],"datetime_complete":"2026-04-06T22:52:09.714300"}
{"op_code":4,"worker_id":"22c25441-b7cc-4484-9f32-0124df39cd29-140289139472192","study_id":0,"datetime_start":"2026-04-06T22:52:09.858300"}
{"op_code":5,"worker_id":"22c25441-b7cc-4484-9f32-0124df39cd29-140289139472192","trial_id":2,"param_name":"outer_lr","param_value_internal":0,"distribution":"{\"name\": \"CategoricalDistribution\", \"attributes\": {\"choices\": [0.0001, 0.0002, 0.0003, 0.0005, 0.001]}}"}
{"op_code":5,"worker_id":"22c25441-b7cc-4484-9f32-0124df39cd29-140289139472192","trial_id":2,"param_name":"maml_inner_steps","param_value_internal":1,"distribution":"{\"name\": \"CategoricalDistribution\", \"attributes\": {\"choices\": [10, 15, 20]}}"}
{"op_code":8,"worker_id":"22c25441-b7cc-4484-9f32-0124df39cd29-140289139472192","trial_id":2,"user_attr":{"final_max_expert_load":0.17499999701976776}}
{"op_code":8,"worker_id":"22c25441-b7cc-4484-9f32-0124df39cd29-140289139472192","trial_id":2,"user_attr":{"fold_mean_accs":[0.8802083333333333]}}
{"op_code":8,"worker_id":"22c25441-b7cc-4484-9f32-0124df39cd29-140289139472192","trial_id":2,"user_attr":{"fold_user_accs":[[0.8208333333333332,0.8916666666666668,0.8875,0.9208333333333332]]}}
{"op_code":8,"worker_id":"22c25441-b7cc-4484-9f32-0124df39cd29-140289139472192","trial_id":2,"user_attr":{"mean_maml_val_acc":0.9270833333333334}}
{"op_code":6,"worker_id":"22c25441-b7cc-4484-9f32-0124df39cd29-140289139472192","trial_id":2,"state":1,"values":[0.8802083333333333],"datetime_complete":"2026-04-07T00:38:06.903047"}
{"op_code":4,"worker_id":"22c25441-b7cc-4484-9f32-0124df39cd29-140289139472192","study_id":0,"datetime_start":"2026-04-07T00:38:07.035765"}
{"op_code":5,"worker_id":"22c25441-b7cc-4484-9f32-0124df39cd29-140289139472192","trial_id":3,"param_name":"outer_lr","param_value_internal":0,"distribution":"{\"name\": \"CategoricalDistribution\", \"attributes\": {\"choices\": [0.0001, 0.0002, 0.0003, 0.0005, 0.001]}}"}
{"op_code":5,"worker_id":"22c25441-b7cc-4484-9f32-0124df39cd29-140289139472192","trial_id":3,"param_name":"maml_inner_steps","param_value_internal":2,"distribution":"{\"name\": \"CategoricalDistribution\", \"attributes\": {\"choices\": [10, 15, 20]}}"}
{"op_code":8,"worker_id":"22c25441-b7cc-4484-9f32-0124df39cd29-140289139472192","trial_id":3,"user_attr":{"final_max_expert_load":0.2447916716337204}}
{"op_code":8,"worker_id":"22c25441-b7cc-4484-9f32-0124df39cd29-140289139472192","trial_id":3,"user_attr":{"fold_mean_accs":[0.8645833333333333]}}
{"op_code":8,"worker_id":"22c25441-b7cc-4484-9f32-0124df39cd29-140289139472192","trial_id":3,"user_attr":{"fold_user_accs":[[0.8708333333333332,0.9,0.8125,0.875]]}}
{"op_code":8,"worker_id":"22c25441-b7cc-4484-9f32-0124df39cd29-140289139472192","trial_id":3,"user_attr":{"mean_maml_val_acc":0.93125}}
{"op_code":6,"worker_id":"22c25441-b7cc-4484-9f32-0124df39cd29-140289139472192","trial_id":3,"state":1,"values":[0.8645833333333333],"datetime_complete":"2026-04-07T02:44:44.830229"}
{"op_code":4,"worker_id":"22c25441-b7cc-4484-9f32-0124df39cd29-140289139472192","study_id":0,"datetime_start":"2026-04-07T02:44:44.997991"}
{"op_code":5,"worker_id":"22c25441-b7cc-4484-9f32-0124df39cd29-140289139472192","trial_id":4,"param_name":"outer_lr","param_value_internal":2,"distribution":"{\"name\": \"CategoricalDistribution\", \"attributes\": {\"choices\": [0.0001, 0.0002, 0.0003, 0.0005, 0.001]}}"}
{"op_code":5,"worker_id":"22c25441-b7cc-4484-9f32-0124df39cd29-140289139472192","trial_id":4,"param_name":"maml_inner_steps","param_value_internal":1,"distribution":"{\"name\": \"CategoricalDistribution\", \"attributes\": {\"choices\": [10, 15, 20]}}"}
{"op_code":8,"worker_id":"22c25441-b7cc-4484-9f32-0124df39cd29-140289139472192","trial_id":4,"user_attr":{"final_max_expert_load":0.3552083373069763}}
{"op_code":8,"worker_id":"22c25441-b7cc-4484-9f32-0124df39cd29-140289139472192","trial_id":4,"user_attr":{"fold_mean_accs":[0.8875]}}
{"op_code":8,"worker_id":"22c25441-b7cc-4484-9f32-0124df39cd29-140289139472192","trial_id":4,"user_attr":{"fold_user_accs":[[0.7958333333333333,0.9791666666666667,0.9375,0.8375]]}}
{"op_code":8,"worker_id":"22c25441-b7cc-4484-9f32-0124df39cd29-140289139472192","trial_id":4,"user_attr":{"mean_maml_val_acc":0.9125}}
{"op_code":6,"worker_id":"22c25441-b7cc-4484-9f32-0124df39cd29-140289139472192","trial_id":4,"state":1,"values":[0.8875],"datetime_complete":"2026-04-07T04:35:04.840222"}
{"op_code":4,"worker_id":"22c25441-b7cc-4484-9f32-0124df39cd29-140289139472192","study_id":0,"datetime_start":"2026-04-07T04:35:05.041612"}
{"op_code":5,"worker_id":"22c25441-b7cc-4484-9f32-0124df39cd29-140289139472192","trial_id":5,"param_name":"outer_lr","param_value_internal":2,"distribution":"{\"name\": \"CategoricalDistribution\", \"attributes\": {\"choices\": [0.0001, 0.0002, 0.0003, 0.0005, 0.001]}}"}
{"op_code":5,"worker_id":"22c25441-b7cc-4484-9f32-0124df39cd29-140289139472192","trial_id":5,"param_name":"maml_inner_steps","param_value_internal":1,"distribution":"{\"name\": \"CategoricalDistribution\", \"attributes\": {\"choices\": [10, 15, 20]}}"}
{"op_code":8,"worker_id":"22c25441-b7cc-4484-9f32-0124df39cd29-140289139472192","trial_id":5,"user_attr":{"final_max_expert_load":0.33020833134651184}}
{"op_code":8,"worker_id":"22c25441-b7cc-4484-9f32-0124df39cd29-140289139472192","trial_id":5,"user_attr":{"fold_mean_accs":[0.8906249999999999]}}
{"op_code":8,"worker_id":"22c25441-b7cc-4484-9f32-0124df39cd29-140289139472192","trial_id":5,"user_attr":{"fold_user_accs":[[0.8083333333333333,0.9583333333333334,0.8958333333333333,0.9]]}}
{"op_code":8,"worker_id":"22c25441-b7cc-4484-9f32-0124df39cd29-140289139472192","trial_id":5,"user_attr":{"mean_maml_val_acc":0.9072916666666667}}
{"op_code":6,"worker_id":"22c25441-b7cc-4484-9f32-0124df39cd29-140289139472192","trial_id":5,"state":1,"values":[0.8906249999999999],"datetime_complete":"2026-04-07T06:28:44.471977"}
{"op_code":4,"worker_id":"22c25441-b7cc-4484-9f32-0124df39cd29-140289139472192","study_id":0,"datetime_start":"2026-04-07T06:28:44.676491"}
{"op_code":5,"worker_id":"22c25441-b7cc-4484-9f32-0124df39cd29-140289139472192","trial_id":6,"param_name":"outer_lr","param_value_internal":4,"distribution":"{\"name\": \"CategoricalDistribution\", \"attributes\": {\"choices\": [0.0001, 0.0002, 0.0003, 0.0005, 0.001]}}"}
{"op_code":5,"worker_id":"22c25441-b7cc-4484-9f32-0124df39cd29-140289139472192","trial_id":6,"param_name":"maml_inner_steps","param_value_internal":0,"distribution":"{\"name\": \"CategoricalDistribution\", \"attributes\": {\"choices\": [10, 15, 20]}}"}
